[1.010s] [34mcolcon[0m [1;30mDEBUG[0m [32mCommand line arguments: ['c:\\opt\\ros\\foxy\\x64\\Scripts\\colcon', 'build', '--event-handlers', 'console_direct+'][0m
[1.010s] [34mcolcon[0m [1;30mDEBUG[0m [32mParsed command line arguments: Namespace(ament_cmake_args=None, base_paths=['.'], build_base='build', catkin_cmake_args=None, catkin_skip_building_tests=False, cmake_args=None, cmake_clean_cache=False, cmake_clean_first=False, cmake_force_configure=False, cmake_target=None, cmake_target_skip_unavailable=False, continue_on_error=False, event_handlers=['console_direct+'], executor='parallel', ignore_user_meta=False, install_base='install', log_base=None, log_level=None, main=<bound method BuildVerb.main of <colcon_core.verb.build.BuildVerb object at 0x000002D80A6DED90>>, merge_install=False, metas=['./colcon.meta'], packages_above=None, packages_above_and_dependencies=None, packages_above_depth=None, packages_end=None, packages_ignore=None, packages_ignore_regex=None, packages_select=None, packages_select_build_failed=False, packages_select_by_dep=None, packages_select_regex=None, packages_select_test_failures=False, packages_skip=None, packages_skip_build_finished=False, packages_skip_by_dep=None, packages_skip_regex=None, packages_skip_test_passed=False, packages_skip_up_to=None, packages_start=None, packages_up_to=None, packages_up_to_regex=None, parallel_workers=8, paths=None, symlink_install=False, test_result_base=None, verb_extension=<colcon_core.verb.build.BuildVerb object at 0x000002D80A6DED90>, verb_name='build', verb_parser=<colcon_defaults.argument_parser.defaults.DefaultArgumentsDecorator object at 0x000002D80A6EA2B0>)[0m
[1.094s] [34mcolcon.colcon_core.package_discovery[0m [1;30mLevel 1[0m discover_packages(colcon_meta) check parameters
[1.096s] [34mcolcon.colcon_core.package_discovery[0m [1;30mLevel 1[0m discover_packages(recursive) check parameters
[1.096s] [34mcolcon.colcon_core.package_discovery[0m [1;30mLevel 1[0m discover_packages(ignore) check parameters
[1.096s] [34mcolcon.colcon_core.package_discovery[0m [1;30mLevel 1[0m discover_packages(path) check parameters
[1.096s] [34mcolcon.colcon_core.package_discovery[0m [1;30mLevel 1[0m discover_packages(colcon_meta) discover
[1.096s] [34mcolcon.colcon_core.package_discovery[0m [1;30mLevel 1[0m discover_packages(recursive) discover
[1.096s] [34mcolcon.colcon_core.package_discovery[0m [1;30mINFO[0m Crawling recursively for packages in 'C:\Users\Jorge\Documents\GitHub\Artekmed_ROS2\Python\node_manager_trial'
[1.096s] [34mcolcon.colcon_core.package_identification[0m [1;30mLevel 1[0m _identify(.) by extensions ['ignore', 'ignore_ament_install']
[1.097s] [34mcolcon.colcon_core.package_identification[0m [1;30mLevel 1[0m _identify(.) by extension 'ignore'
[1.097s] [34mcolcon.colcon_core.package_identification[0m [1;30mLevel 1[0m _identify(.) by extension 'ignore_ament_install'
[1.097s] [34mcolcon.colcon_core.package_identification[0m [1;30mLevel 1[0m _identify(.) by extensions ['colcon_pkg']
[1.097s] [34mcolcon.colcon_core.package_identification[0m [1;30mLevel 1[0m _identify(.) by extension 'colcon_pkg'
[1.097s] [34mcolcon.colcon_core.package_identification[0m [1;30mLevel 1[0m _identify(.) by extensions ['colcon_meta']
[1.097s] [34mcolcon.colcon_core.package_identification[0m [1;30mLevel 1[0m _identify(.) by extension 'colcon_meta'
[1.097s] [34mcolcon.colcon_core.package_identification[0m [1;30mLevel 1[0m _identify(.) by extensions ['ros']
[1.097s] [34mcolcon.colcon_core.package_identification[0m [1;30mLevel 1[0m _identify(.) by extension 'ros'
[1.122s] [34mcolcon.colcon_core.package_identification[0m [1;30mDEBUG[0m [32mPackage '.' with type 'ros.ament_python' and name 'node_manager_trial'[0m
[1.122s] [34mcolcon.colcon_core.package_discovery[0m [1;30mLevel 1[0m discover_packages(recursive) using defaults
[1.122s] [34mcolcon.colcon_core.package_discovery[0m [1;30mLevel 1[0m discover_packages(ignore) discover
[1.122s] [34mcolcon.colcon_core.package_discovery[0m [1;30mLevel 1[0m discover_packages(ignore) using defaults
[1.122s] [34mcolcon.colcon_core.package_discovery[0m [1;30mLevel 1[0m discover_packages(path) discover
[1.122s] [34mcolcon.colcon_core.package_discovery[0m [1;30mLevel 1[0m discover_packages(path) using defaults
[1.173s] [34mcolcon.colcon_core.verb[0m [1;30mLevel 5[0m set package 'node_manager_trial' build argument 'cmake_args' from command line to 'None'
[1.173s] [34mcolcon.colcon_core.verb[0m [1;30mLevel 5[0m set package 'node_manager_trial' build argument 'cmake_target' from command line to 'None'
[1.173s] [34mcolcon.colcon_core.verb[0m [1;30mLevel 5[0m set package 'node_manager_trial' build argument 'cmake_target_skip_unavailable' from command line to 'False'
[1.173s] [34mcolcon.colcon_core.verb[0m [1;30mLevel 5[0m set package 'node_manager_trial' build argument 'cmake_clean_cache' from command line to 'False'
[1.173s] [34mcolcon.colcon_core.verb[0m [1;30mLevel 5[0m set package 'node_manager_trial' build argument 'cmake_clean_first' from command line to 'False'
[1.173s] [34mcolcon.colcon_core.verb[0m [1;30mLevel 5[0m set package 'node_manager_trial' build argument 'cmake_force_configure' from command line to 'False'
[1.173s] [34mcolcon.colcon_core.verb[0m [1;30mLevel 5[0m set package 'node_manager_trial' build argument 'ament_cmake_args' from command line to 'None'
[1.173s] [34mcolcon.colcon_core.verb[0m [1;30mLevel 5[0m set package 'node_manager_trial' build argument 'catkin_cmake_args' from command line to 'None'
[1.173s] [34mcolcon.colcon_core.verb[0m [1;30mLevel 5[0m set package 'node_manager_trial' build argument 'catkin_skip_building_tests' from command line to 'False'
[1.173s] [34mcolcon.colcon_core.verb[0m [1;30mDEBUG[0m [32mBuilding package 'node_manager_trial' with the following arguments: {'ament_cmake_args': None, 'build_base': 'C:\\Users\\Jorge\\Documents\\GitHub\\Artekmed_ROS2\\Python\\node_manager_trial\\build\\node_manager_trial', 'catkin_cmake_args': None, 'catkin_skip_building_tests': False, 'cmake_args': None, 'cmake_clean_cache': False, 'cmake_clean_first': False, 'cmake_force_configure': False, 'cmake_target': None, 'cmake_target_skip_unavailable': False, 'install_base': 'C:\\Users\\Jorge\\Documents\\GitHub\\Artekmed_ROS2\\Python\\node_manager_trial\\install\\node_manager_trial', 'merge_install': False, 'path': 'C:\\Users\\Jorge\\Documents\\GitHub\\Artekmed_ROS2\\Python\\node_manager_trial', 'symlink_install': False, 'test_result_base': None}[0m
[1.177s] [34mcolcon.colcon_core.executor[0m [1;30mINFO[0m Executing jobs using 'parallel' executor
[1.207s] [34mcolcon.colcon_parallel_executor.executor.parallel[0m [1;30mDEBUG[0m [32mrun_until_complete[0m
[1.208s] [34mcolcon.colcon_ros.task.ament_python.build[0m [1;30mINFO[0m Building ROS package in 'C:\Users\Jorge\Documents\GitHub\Artekmed_ROS2\Python\node_manager_trial' with build type 'ament_python'
[1.208s] [34mcolcon.colcon_core.shell[0m [1;30mLevel 1[0m create_environment_hook('node_manager_trial', 'ament_prefix_path')
[1.217s] [34mcolcon.colcon_core.plugin_system[0m [1;30mINFO[0m Skipping extension 'colcon_core.shell.sh': Not used on Windows systems
[1.217s] [34mcolcon.colcon_core.shell[0m [1;30mINFO[0m Creating environment hook 'C:\Users\Jorge\Documents\GitHub\Artekmed_ROS2\Python\node_manager_trial\install\node_manager_trial\share\node_manager_trial\hook\ament_prefix_path.ps1'
[1.218s] [34mcolcon.colcon_core.shell[0m [1;30mINFO[0m Creating environment hook 'C:\Users\Jorge\Documents\GitHub\Artekmed_ROS2\Python\node_manager_trial\install\node_manager_trial\share\node_manager_trial\hook\ament_prefix_path.bat'
[1.219s] [34mcolcon.colcon_core.shell[0m [1;30mINFO[0m Creating environment descriptor 'C:\Users\Jorge\Documents\GitHub\Artekmed_ROS2\Python\node_manager_trial\install\node_manager_trial\share\node_manager_trial\hook\ament_prefix_path.dsv'
[1.227s] [34mcolcon.colcon_core.shell[0m [1;30mINFO[0m Skip shell extension 'powershell' for command environment: Not usable outside of PowerShell
[1.248s] [34mcolcon.colcon_ros.prefix_path.catkin[0m [1;30mWARNING[0m [33mThe path 'C:\opt\ros\foxy\x64\tools\vcpkg\installed\x64-windows' in the environment variable CMAKE_PREFIX_PATH doesn't exist[0m
[1.973s] [34mcolcon.colcon_core.task.python.build[0m [1;30mINFO[0m Building Python package in 'C:\Users\Jorge\Documents\GitHub\Artekmed_ROS2\Python\node_manager_trial'
[1.983s] [34mcolcon.colcon_core.shell[0m [1;30mINFO[0m Skip shell extension 'powershell' for command environment: Not usable outside of PowerShell
[2.088s] [34mcolcon.colcon_core.event_handler.log_command[0m [1;30mDEBUG[0m [32mInvoking command in 'C:\Users\Jorge\Documents\GitHub\Artekmed_ROS2\Python\node_manager_trial': PYTHONPATH=C:\Users\Jorge\Documents\GitHub\Artekmed_ROS2\Python\node_manager_trial\install\node_manager_trial\Lib\site-packages;%PYTHONPATH% c:\opt\ros\foxy\x64\python.exe setup.py egg_info --egg-base C:\Users\Jorge\Documents\GitHub\Artekmed_ROS2\Python\node_manager_trial\build\node_manager_trial build --build-base C:\Users\Jorge\Documents\GitHub\Artekmed_ROS2\Python\node_manager_trial\build\node_manager_trial\build install --prefix C:\Users\Jorge\Documents\GitHub\Artekmed_ROS2\Python\node_manager_trial\install\node_manager_trial --record C:\Users\Jorge\Documents\GitHub\Artekmed_ROS2\Python\node_manager_trial\build\node_manager_trial\install.log --single-version-externally-managed[0m
[2.950s] [34mcolcon.colcon_core.event_handler.log_command[0m [1;30mDEBUG[0m [32mInvoked command in 'C:\Users\Jorge\Documents\GitHub\Artekmed_ROS2\Python\node_manager_trial' returned '0': PYTHONPATH=C:\Users\Jorge\Documents\GitHub\Artekmed_ROS2\Python\node_manager_trial\install\node_manager_trial\Lib\site-packages;%PYTHONPATH% c:\opt\ros\foxy\x64\python.exe setup.py egg_info --egg-base C:\Users\Jorge\Documents\GitHub\Artekmed_ROS2\Python\node_manager_trial\build\node_manager_trial build --build-base C:\Users\Jorge\Documents\GitHub\Artekmed_ROS2\Python\node_manager_trial\build\node_manager_trial\build install --prefix C:\Users\Jorge\Documents\GitHub\Artekmed_ROS2\Python\node_manager_trial\install\node_manager_trial --record C:\Users\Jorge\Documents\GitHub\Artekmed_ROS2\Python\node_manager_trial\build\node_manager_trial\install.log --single-version-externally-managed[0m
[2.971s] [34mcolcon.colcon_core.environment[0m [1;30mLevel 1[0m checking 'C:\Users\Jorge\Documents\GitHub\Artekmed_ROS2\Python\node_manager_trial\install\node_manager_trial' for CMake module files
[2.972s] [34mcolcon.colcon_core.environment[0m [1;30mLevel 1[0m checking 'C:\Users\Jorge\Documents\GitHub\Artekmed_ROS2\Python\node_manager_trial\install\node_manager_trial' for CMake config files
[2.975s] [34mcolcon.colcon_core.environment[0m [1;30mLevel 1[0m checking 'C:\Users\Jorge\Documents\GitHub\Artekmed_ROS2\Python\node_manager_trial\install\node_manager_trial\bin'
[2.975s] [34mcolcon.colcon_core.environment[0m [1;30mLevel 1[0m checking 'C:\Users\Jorge\Documents\GitHub\Artekmed_ROS2\Python\node_manager_trial\install\node_manager_trial\bin'
[2.975s] [34mcolcon.colcon_core.environment[0m [1;30mLevel 1[0m checking 'C:\Users\Jorge\Documents\GitHub\Artekmed_ROS2\Python\node_manager_trial\install\node_manager_trial\Scripts'
[2.975s] [34mcolcon.colcon_core.environment[0m [1;30mLevel 1[0m checking 'C:\Users\Jorge\Documents\GitHub\Artekmed_ROS2\Python\node_manager_trial\install\node_manager_trial\lib\pkgconfig\node_manager_trial.pc'
[2.976s] [34mcolcon.colcon_core.environment[0m [1;30mLevel 1[0m checking 'C:\Users\Jorge\Documents\GitHub\Artekmed_ROS2\Python\node_manager_trial\install\node_manager_trial\Lib\site-packages'
[2.976s] [34mcolcon.colcon_core.shell[0m [1;30mLevel 1[0m create_environment_hook('node_manager_trial', 'pythonpath')
[2.984s] [34mcolcon.colcon_core.shell[0m [1;30mINFO[0m Creating environment hook 'C:\Users\Jorge\Documents\GitHub\Artekmed_ROS2\Python\node_manager_trial\install\node_manager_trial\share\node_manager_trial\hook\pythonpath.ps1'
[2.986s] [34mcolcon.colcon_core.shell[0m [1;30mINFO[0m Creating environment hook 'C:\Users\Jorge\Documents\GitHub\Artekmed_ROS2\Python\node_manager_trial\install\node_manager_trial\share\node_manager_trial\hook\pythonpath.bat'
[2.986s] [34mcolcon.colcon_core.shell[0m [1;30mINFO[0m Creating environment descriptor 'C:\Users\Jorge\Documents\GitHub\Artekmed_ROS2\Python\node_manager_trial\install\node_manager_trial\share\node_manager_trial\hook\pythonpath.dsv'
[2.987s] [34mcolcon.colcon_core.environment[0m [1;30mLevel 1[0m create_environment_scripts_only(node_manager_trial)
[2.995s] [34mcolcon.colcon_core.shell[0m [1;30mINFO[0m Creating package script 'C:\Users\Jorge\Documents\GitHub\Artekmed_ROS2\Python\node_manager_trial\install\node_manager_trial\share\node_manager_trial\package.ps1'
[2.997s] [34mcolcon.colcon_core.shell[0m [1;30mINFO[0m Creating package script 'C:\Users\Jorge\Documents\GitHub\Artekmed_ROS2\Python\node_manager_trial\install\node_manager_trial\share\node_manager_trial\package.bat'
[2.998s] [34mcolcon.colcon_core.shell[0m [1;30mINFO[0m Creating package descriptor 'C:\Users\Jorge\Documents\GitHub\Artekmed_ROS2\Python\node_manager_trial\install\node_manager_trial\share\node_manager_trial\package.dsv'
[3.000s] [34mcolcon.colcon_core.environment[0m [1;30mLevel 1[0m create_file_with_runtime_dependencies(C:\Users\Jorge\Documents\GitHub\Artekmed_ROS2\Python\node_manager_trial\install\node_manager_trial\share\colcon-core\packages\node_manager_trial)
[3.000s] [34mcolcon.colcon_parallel_executor.executor.parallel[0m [1;30mDEBUG[0m [32mrun_until_complete finished with '0'[0m
[3.000s] [34mcolcon.colcon_core.event_reactor[0m [1;30mDEBUG[0m [32mjoining thread[0m
[3.016s] [34mcolcon.colcon_core.plugin_system[0m [1;30mINFO[0m Skipping extension 'colcon_notification.desktop_notification.notify2': 'notify2' not found
[3.016s] [34mcolcon.colcon_core.plugin_system[0m [1;30mINFO[0m Skipping extension 'colcon_notification.desktop_notification.notify_send': Not used on non-Linux systems
[3.016s] [34mcolcon.colcon_core.plugin_system[0m [1;30mINFO[0m Skipping extension 'colcon_notification.desktop_notification.terminal_notifier': Not used on non-Darwin systems
[3.016s] [34mcolcon.colcon_notification.desktop_notification[0m [1;30mINFO[0m Sending desktop notification using 'win32'
[3.020s] [34mcolcon.colcon_notification.desktop_notification.win32[0m [1;30mDEBUG[0m [32mFailed to import win32gui: DLL load failed while importing win32gui: The specified procedure could not be found.[0m
[3.020s] [34mcolcon.colcon_core.event_reactor[0m [1;30mDEBUG[0m [32mjoined thread[0m
[3.030s] [34mcolcon.colcon_core.shell[0m [1;30mINFO[0m Creating prefix script 'C:\Users\Jorge\Documents\GitHub\Artekmed_ROS2\Python\node_manager_trial\install\local_setup.ps1'
[3.032s] [34mcolcon.colcon_core.shell[0m [1;30mINFO[0m Creating prefix util module 'C:\Users\Jorge\Documents\GitHub\Artekmed_ROS2\Python\node_manager_trial\install\_local_setup_util_ps1.py'
[3.035s] [34mcolcon.colcon_core.shell[0m [1;30mINFO[0m Creating prefix chain script 'C:\Users\Jorge\Documents\GitHub\Artekmed_ROS2\Python\node_manager_trial\install\setup.ps1'
[3.058s] [34mcolcon.colcon_core.shell[0m [1;30mINFO[0m Creating prefix script 'C:\Users\Jorge\Documents\GitHub\Artekmed_ROS2\Python\node_manager_trial\install\local_setup.bat'
[3.059s] [34mcolcon.colcon_core.shell[0m [1;30mINFO[0m Creating prefix util module 'C:\Users\Jorge\Documents\GitHub\Artekmed_ROS2\Python\node_manager_trial\install\_local_setup_util_bat.py'
[3.061s] [34mcolcon.colcon_core.shell[0m [1;30mINFO[0m Creating prefix chain script 'C:\Users\Jorge\Documents\GitHub\Artekmed_ROS2\Python\node_manager_trial\install\setup.bat'
