[0.886s] [34mcolcon[0m [1;30mDEBUG[0m [32mCommand line arguments: ['c:\\opt\\ros\\foxy\\x64\\Scripts\\colcon', 'build'][0m
[0.886s] [34mcolcon[0m [1;30mDEBUG[0m [32mParsed command line arguments: Namespace(ament_cmake_args=None, base_paths=['.'], build_base='build', catkin_cmake_args=None, catkin_skip_building_tests=False, cmake_args=None, cmake_clean_cache=False, cmake_clean_first=False, cmake_force_configure=False, cmake_target=None, cmake_target_skip_unavailable=False, continue_on_error=False, event_handlers=None, executor='parallel', ignore_user_meta=False, install_base='install', log_base=None, log_level=None, main=<bound method BuildVerb.main of <colcon_core.verb.build.BuildVerb object at 0x0000023B329ED8E0>>, merge_install=False, metas=['./colcon.meta'], packages_above=None, packages_above_and_dependencies=None, packages_above_depth=None, packages_end=None, packages_ignore=None, packages_ignore_regex=None, packages_select=None, packages_select_build_failed=False, packages_select_by_dep=None, packages_select_regex=None, packages_select_test_failures=False, packages_skip=None, packages_skip_build_finished=False, packages_skip_by_dep=None, packages_skip_regex=None, packages_skip_test_passed=False, packages_skip_up_to=None, packages_start=None, packages_up_to=None, packages_up_to_regex=None, parallel_workers=8, paths=None, symlink_install=False, test_result_base=None, verb_extension=<colcon_core.verb.build.BuildVerb object at 0x0000023B329ED8E0>, verb_name='build', verb_parser=<colcon_defaults.argument_parser.defaults.DefaultArgumentsDecorator object at 0x0000023B329EDDC0>)[0m
[0.949s] [34mcolcon.colcon_core.package_discovery[0m [1;30mLevel 1[0m discover_packages(colcon_meta) check parameters
[0.950s] [34mcolcon.colcon_core.package_discovery[0m [1;30mLevel 1[0m discover_packages(recursive) check parameters
[0.950s] [34mcolcon.colcon_core.package_discovery[0m [1;30mLevel 1[0m discover_packages(ignore) check parameters
[0.950s] [34mcolcon.colcon_core.package_discovery[0m [1;30mLevel 1[0m discover_packages(path) check parameters
[0.950s] [34mcolcon.colcon_core.package_discovery[0m [1;30mLevel 1[0m discover_packages(colcon_meta) discover
[0.950s] [34mcolcon.colcon_core.package_discovery[0m [1;30mLevel 1[0m discover_packages(recursive) discover
[0.950s] [34mcolcon.colcon_core.package_discovery[0m [1;30mINFO[0m Crawling recursively for packages in 'c:\Users\Jorge\Documents\GitHub\ArtekmedRos2\ShellScripts\string_msgs_hololens_dll'
[0.950s] [34mcolcon.colcon_core.package_identification[0m [1;30mLevel 1[0m _identify(.) by extensions ['ignore', 'ignore_ament_install']
[0.950s] [34mcolcon.colcon_core.package_identification[0m [1;30mLevel 1[0m _identify(.) by extension 'ignore'
[0.951s] [34mcolcon.colcon_core.package_identification[0m [1;30mLevel 1[0m _identify(.) by extension 'ignore_ament_install'
[0.951s] [34mcolcon.colcon_core.package_identification[0m [1;30mLevel 1[0m _identify(.) by extensions ['colcon_pkg']
[0.951s] [34mcolcon.colcon_core.package_identification[0m [1;30mLevel 1[0m _identify(.) by extension 'colcon_pkg'
[0.951s] [34mcolcon.colcon_core.package_identification[0m [1;30mLevel 1[0m _identify(.) by extensions ['colcon_meta']
[0.951s] [34mcolcon.colcon_core.package_identification[0m [1;30mLevel 1[0m _identify(.) by extension 'colcon_meta'
[0.951s] [34mcolcon.colcon_core.package_identification[0m [1;30mLevel 1[0m _identify(.) by extensions ['ros']
[0.951s] [34mcolcon.colcon_core.package_identification[0m [1;30mLevel 1[0m _identify(.) by extension 'ros'
[0.976s] [34mcolcon.colcon_core.package_identification[0m [1;30mDEBUG[0m [32mPackage '.' with type 'ros.ament_cmake' and name 'string_msgs_hololens_dll'[0m
[0.976s] [34mcolcon.colcon_core.package_discovery[0m [1;30mLevel 1[0m discover_packages(recursive) using defaults
[0.976s] [34mcolcon.colcon_core.package_discovery[0m [1;30mLevel 1[0m discover_packages(ignore) discover
[0.976s] [34mcolcon.colcon_core.package_discovery[0m [1;30mLevel 1[0m discover_packages(ignore) using defaults
[0.976s] [34mcolcon.colcon_core.package_discovery[0m [1;30mLevel 1[0m discover_packages(path) discover
[0.976s] [34mcolcon.colcon_core.package_discovery[0m [1;30mLevel 1[0m discover_packages(path) using defaults
[1.011s] [34mcolcon.colcon_core.verb[0m [1;30mLevel 5[0m set package 'string_msgs_hololens_dll' build argument 'cmake_args' from command line to 'None'
[1.011s] [34mcolcon.colcon_core.verb[0m [1;30mLevel 5[0m set package 'string_msgs_hololens_dll' build argument 'cmake_target' from command line to 'None'
[1.011s] [34mcolcon.colcon_core.verb[0m [1;30mLevel 5[0m set package 'string_msgs_hololens_dll' build argument 'cmake_target_skip_unavailable' from command line to 'False'
[1.011s] [34mcolcon.colcon_core.verb[0m [1;30mLevel 5[0m set package 'string_msgs_hololens_dll' build argument 'cmake_clean_cache' from command line to 'False'
[1.011s] [34mcolcon.colcon_core.verb[0m [1;30mLevel 5[0m set package 'string_msgs_hololens_dll' build argument 'cmake_clean_first' from command line to 'False'
[1.011s] [34mcolcon.colcon_core.verb[0m [1;30mLevel 5[0m set package 'string_msgs_hololens_dll' build argument 'cmake_force_configure' from command line to 'False'
[1.011s] [34mcolcon.colcon_core.verb[0m [1;30mLevel 5[0m set package 'string_msgs_hololens_dll' build argument 'ament_cmake_args' from command line to 'None'
[1.011s] [34mcolcon.colcon_core.verb[0m [1;30mLevel 5[0m set package 'string_msgs_hololens_dll' build argument 'catkin_cmake_args' from command line to 'None'
[1.011s] [34mcolcon.colcon_core.verb[0m [1;30mLevel 5[0m set package 'string_msgs_hololens_dll' build argument 'catkin_skip_building_tests' from command line to 'False'
[1.011s] [34mcolcon.colcon_core.verb[0m [1;30mDEBUG[0m [32mBuilding package 'string_msgs_hololens_dll' with the following arguments: {'ament_cmake_args': None, 'build_base': 'c:\\Users\\Jorge\\Documents\\GitHub\\ArtekmedRos2\\ShellScripts\\string_msgs_hololens_dll\\build\\string_msgs_hololens_dll', 'catkin_cmake_args': None, 'catkin_skip_building_tests': False, 'cmake_args': None, 'cmake_clean_cache': False, 'cmake_clean_first': False, 'cmake_force_configure': False, 'cmake_target': None, 'cmake_target_skip_unavailable': False, 'install_base': 'c:\\Users\\Jorge\\Documents\\GitHub\\ArtekmedRos2\\ShellScripts\\string_msgs_hololens_dll\\install\\string_msgs_hololens_dll', 'merge_install': False, 'path': 'c:\\Users\\Jorge\\Documents\\GitHub\\ArtekmedRos2\\ShellScripts\\string_msgs_hololens_dll', 'symlink_install': False, 'test_result_base': None}[0m
[1.014s] [34mcolcon.colcon_core.executor[0m [1;30mINFO[0m Executing jobs using 'parallel' executor
[1.038s] [34mcolcon.colcon_parallel_executor.executor.parallel[0m [1;30mDEBUG[0m [32mrun_until_complete[0m
[1.038s] [34mcolcon.colcon_ros.task.ament_cmake.build[0m [1;30mINFO[0m Building ROS package in 'c:\Users\Jorge\Documents\GitHub\ArtekmedRos2\ShellScripts\string_msgs_hololens_dll' with build type 'ament_cmake'
[1.039s] [34mcolcon.colcon_cmake.task.cmake.build[0m [1;30mINFO[0m Building CMake package in 'c:\Users\Jorge\Documents\GitHub\ArtekmedRos2\ShellScripts\string_msgs_hololens_dll'
[1.047s] [34mcolcon.colcon_core.plugin_system[0m [1;30mINFO[0m Skipping extension 'colcon_core.shell.sh': Not used on Windows systems
[1.047s] [34mcolcon.colcon_core.shell[0m [1;30mINFO[0m Skip shell extension 'powershell' for command environment: Not usable outside of PowerShell
[1.072s] [34mcolcon.colcon_ros.prefix_path.catkin[0m [1;30mWARNING[0m [33mThe path 'C:\opt\ros\foxy\x64\tools\vcpkg\installed\x64-windows' in the environment variable CMAKE_PREFIX_PATH doesn't exist[0m
[1.186s] [34mcolcon.colcon_core.event_handler.log_command[0m [1;30mDEBUG[0m [32mInvoking command in 'c:\Users\Jorge\Documents\GitHub\ArtekmedRos2\ShellScripts\string_msgs_hololens_dll\build\string_msgs_hololens_dll': CMAKE_PREFIX_PATH=%CMAKE_PREFIX_PATH%;c:\opt\ros2_dotnet_ws\install\sensor_msgs_py c:\opt\ros\foxy\x64\Scripts\cmake.EXE c:\Users\Jorge\Documents\GitHub\ArtekmedRos2\ShellScripts\string_msgs_hololens_dll -DCMAKE_INSTALL_PREFIX=c:\Users\Jorge\Documents\GitHub\ArtekmedRos2\ShellScripts\string_msgs_hololens_dll\install\string_msgs_hololens_dll -G Visual Studio 16 2019[0m
[11.072s] [34mcolcon.colcon_core.event_handler.log_command[0m [1;30mDEBUG[0m [32mInvoked command in 'c:\Users\Jorge\Documents\GitHub\ArtekmedRos2\ShellScripts\string_msgs_hololens_dll\build\string_msgs_hololens_dll' returned '0': CMAKE_PREFIX_PATH=%CMAKE_PREFIX_PATH%;c:\opt\ros2_dotnet_ws\install\sensor_msgs_py c:\opt\ros\foxy\x64\Scripts\cmake.EXE c:\Users\Jorge\Documents\GitHub\ArtekmedRos2\ShellScripts\string_msgs_hololens_dll -DCMAKE_INSTALL_PREFIX=c:\Users\Jorge\Documents\GitHub\ArtekmedRos2\ShellScripts\string_msgs_hololens_dll\install\string_msgs_hololens_dll -G Visual Studio 16 2019[0m
[11.074s] [34mcolcon.colcon_core.event_handler.log_command[0m [1;30mDEBUG[0m [32mInvoking command in 'c:\Users\Jorge\Documents\GitHub\ArtekmedRos2\ShellScripts\string_msgs_hololens_dll\build\string_msgs_hololens_dll': CL=/MP CMAKE_PREFIX_PATH=%CMAKE_PREFIX_PATH%;c:\opt\ros2_dotnet_ws\install\sensor_msgs_py c:\opt\ros\foxy\x64\Scripts\cmake.EXE --build c:\Users\Jorge\Documents\GitHub\ArtekmedRos2\ShellScripts\string_msgs_hololens_dll\build\string_msgs_hololens_dll --config Release[0m
[16.962s] [34mcolcon.colcon_core.event_handler.log_command[0m [1;30mDEBUG[0m [32mInvoked command in 'c:\Users\Jorge\Documents\GitHub\ArtekmedRos2\ShellScripts\string_msgs_hololens_dll\build\string_msgs_hololens_dll' returned '1': CL=/MP CMAKE_PREFIX_PATH=%CMAKE_PREFIX_PATH%;c:\opt\ros2_dotnet_ws\install\sensor_msgs_py c:\opt\ros\foxy\x64\Scripts\cmake.EXE --build c:\Users\Jorge\Documents\GitHub\ArtekmedRos2\ShellScripts\string_msgs_hololens_dll\build\string_msgs_hololens_dll --config Release[0m
[16.970s] [34mcolcon.colcon_core.environment[0m [1;30mLevel 1[0m create_environment_scripts_only(string_msgs_hololens_dll)
[16.996s] [34mcolcon.colcon_core.environment[0m [1;30mLevel 1[0m checking 'c:\Users\Jorge\Documents\GitHub\ArtekmedRos2\ShellScripts\string_msgs_hololens_dll\install\string_msgs_hololens_dll' for CMake module files
[16.997s] [34mcolcon.colcon_core.environment[0m [1;30mLevel 1[0m checking 'c:\Users\Jorge\Documents\GitHub\ArtekmedRos2\ShellScripts\string_msgs_hololens_dll\install\string_msgs_hololens_dll' for CMake config files
[16.998s] [34mcolcon.colcon_core.environment[0m [1;30mLevel 1[0m checking 'c:\Users\Jorge\Documents\GitHub\ArtekmedRos2\ShellScripts\string_msgs_hololens_dll\install\string_msgs_hololens_dll\bin'
[16.998s] [34mcolcon.colcon_core.environment[0m [1;30mLevel 1[0m checking 'c:\Users\Jorge\Documents\GitHub\ArtekmedRos2\ShellScripts\string_msgs_hololens_dll\install\string_msgs_hololens_dll\bin'
[16.998s] [34mcolcon.colcon_core.environment[0m [1;30mLevel 1[0m checking 'c:\Users\Jorge\Documents\GitHub\ArtekmedRos2\ShellScripts\string_msgs_hololens_dll\install\string_msgs_hololens_dll\Scripts'
[16.998s] [34mcolcon.colcon_core.environment[0m [1;30mLevel 1[0m checking 'c:\Users\Jorge\Documents\GitHub\ArtekmedRos2\ShellScripts\string_msgs_hololens_dll\install\string_msgs_hololens_dll\lib\pkgconfig\string_msgs_hololens_dll.pc'
[16.998s] [34mcolcon.colcon_core.environment[0m [1;30mLevel 1[0m checking 'c:\Users\Jorge\Documents\GitHub\ArtekmedRos2\ShellScripts\string_msgs_hololens_dll\install\string_msgs_hololens_dll\Lib\site-packages'
[17.006s] [34mcolcon.colcon_core.shell[0m [1;30mINFO[0m Creating package script 'c:\Users\Jorge\Documents\GitHub\ArtekmedRos2\ShellScripts\string_msgs_hololens_dll\install\string_msgs_hololens_dll\share\string_msgs_hololens_dll\package.ps1'
[17.009s] [34mcolcon.colcon_core.shell[0m [1;30mINFO[0m Creating package script 'c:\Users\Jorge\Documents\GitHub\ArtekmedRos2\ShellScripts\string_msgs_hololens_dll\install\string_msgs_hololens_dll\share\string_msgs_hololens_dll\package.bat'
[17.012s] [34mcolcon.colcon_core.shell[0m [1;30mINFO[0m Creating package descriptor 'c:\Users\Jorge\Documents\GitHub\ArtekmedRos2\ShellScripts\string_msgs_hololens_dll\install\string_msgs_hololens_dll\share\string_msgs_hololens_dll\package.dsv'
[17.014s] [34mcolcon.colcon_core.environment[0m [1;30mLevel 1[0m create_file_with_runtime_dependencies(c:\Users\Jorge\Documents\GitHub\ArtekmedRos2\ShellScripts\string_msgs_hololens_dll\install\string_msgs_hololens_dll\share\colcon-core\packages\string_msgs_hololens_dll)
[17.037s] [34mcolcon.colcon_parallel_executor.executor.parallel[0m [1;30mDEBUG[0m [32mrun_until_complete finished with '1'[0m
[17.037s] [34mcolcon.colcon_core.event_reactor[0m [1;30mDEBUG[0m [32mjoining thread[0m
[17.054s] [34mcolcon.colcon_core.plugin_system[0m [1;30mINFO[0m Skipping extension 'colcon_notification.desktop_notification.notify2': 'notify2' not found
[17.055s] [34mcolcon.colcon_core.plugin_system[0m [1;30mINFO[0m Skipping extension 'colcon_notification.desktop_notification.notify_send': Not used on non-Linux systems
[17.055s] [34mcolcon.colcon_core.plugin_system[0m [1;30mINFO[0m Skipping extension 'colcon_notification.desktop_notification.terminal_notifier': Not used on non-Darwin systems
[17.055s] [34mcolcon.colcon_notification.desktop_notification[0m [1;30mINFO[0m Sending desktop notification using 'win32'
[17.088s] [34mcolcon.colcon_notification.desktop_notification.win32[0m [1;30mDEBUG[0m [32mFailed to import win32gui: DLL load failed while importing win32gui: The specified procedure could not be found.[0m
[17.088s] [34mcolcon.colcon_core.event_reactor[0m [1;30mDEBUG[0m [32mjoined thread[0m
[17.096s] [34mcolcon.colcon_core.shell[0m [1;30mINFO[0m Creating prefix script 'c:\Users\Jorge\Documents\GitHub\ArtekmedRos2\ShellScripts\string_msgs_hololens_dll\install\local_setup.ps1'
[17.098s] [34mcolcon.colcon_core.shell[0m [1;30mINFO[0m Creating prefix util module 'c:\Users\Jorge\Documents\GitHub\ArtekmedRos2\ShellScripts\string_msgs_hololens_dll\install\_local_setup_util_ps1.py'
[17.102s] [34mcolcon.colcon_core.shell[0m [1;30mINFO[0m Creating prefix chain script 'c:\Users\Jorge\Documents\GitHub\ArtekmedRos2\ShellScripts\string_msgs_hololens_dll\install\setup.ps1'
[17.124s] [34mcolcon.colcon_core.shell[0m [1;30mINFO[0m Creating prefix script 'c:\Users\Jorge\Documents\GitHub\ArtekmedRos2\ShellScripts\string_msgs_hololens_dll\install\local_setup.bat'
[17.126s] [34mcolcon.colcon_core.shell[0m [1;30mINFO[0m Creating prefix util module 'c:\Users\Jorge\Documents\GitHub\ArtekmedRos2\ShellScripts\string_msgs_hololens_dll\install\_local_setup_util_bat.py'
[17.128s] [34mcolcon.colcon_core.shell[0m [1;30mINFO[0m Creating prefix chain script 'c:\Users\Jorge\Documents\GitHub\ArtekmedRos2\ShellScripts\string_msgs_hololens_dll\install\setup.bat'
