-- Selecting Windows SDK version 10.0.22000.0 to target Windows 10.0.22621.
-- The C compiler identification is MSVC 19.29.30138.0
-- The CXX compiler identification is MSVC 19.29.30138.0
-- Detecting C compiler ABI info
-- Detecting C compiler ABI info - done
-- Check for working C compiler: C:/Program Files (x86)/Microsoft Visual Studio/2019/Community/VC/Tools/MSVC/14.29.30133/bin/Hostx64/x64/cl.exe - skipped
-- Detecting C compile features
-- Detecting C compile features - done
-- Detecting CXX compiler ABI info
-- Detecting CXX compiler ABI info - done
-- Check for working CXX compiler: C:/Program Files (x86)/Microsoft Visual Studio/2019/Community/VC/Tools/MSVC/14.29.30133/bin/Hostx64/x64/cl.exe - skipped
-- Detecting CXX compile features
-- Detecting CXX compile features - done
-- Found ament_cmake: 0.9.9 (C:/opt/ros/foxy/x64/share/ament_cmake/cmake)
-- Found PythonInterp: C:/opt/ros/foxy/x64/python.exe (found suitable version "3.8.3", minimum required is "3") 
-- Using PYTHON_EXECUTABLE: C:/opt/ros/foxy/x64/python.exe
-- Found rcldotnet: 0.0.0 (C:/opt/ros2_dotnet_ws/install/rcldotnet/share/rcldotnet/cmake)
-- Found rosidl_adapter: 1.3.0 (C:/opt/ros2_dotnet_ws/install/rosidl_adapter/share/rosidl_adapter/cmake)
-- Using all available rosidl_typesupport_c: rosidl_typesupport_introspection_c;rosidl_typesupport_fastrtps_c
-- Found OpenSSL: optimized;C:/opt/ros/foxy/x64/Lib/libcrypto.lib;debug;C:/Program Files/OpenSSL-Win64/lib/VC/libcrypto64MDd.lib (found version "1.1.1g")  
-- Found FastRTPS: C:/opt/ros/foxy/x64/include  
-- Using all available rosidl_typesupport_cpp: rosidl_typesupport_introspection_cpp;rosidl_typesupport_fastrtps_cpp
-- Found rmw_implementation_cmake: 1.0.3 (C:/opt/ros/foxy/x64/share/rmw_implementation_cmake/cmake)
-- Using RMW implementation 'rmw_fastrtps_cpp' as default
-- Looking for pthread.h
-- Looking for pthread.h - not found
-- Found Threads: TRUE  
-- Found rcldotnet_common: 0.0.0 (C:/opt/ros2_dotnet_ws/install/rcldotnet_common/share/rcldotnet_common/cmake)
-- Found dotnet_cmake_module: 0.0.0 (C:/opt/ros2_dotnet_ws/install/dotnet_cmake_module/share/dotnet_cmake_module/cmake)
CMake Warning (dev) at C:/opt/ros/foxy/x64/Lib/site-packages/cmake/data/share/cmake-3.18/Modules/FindPackageHandleStandardArgs.cmake:273 (message):
  The package name passed to `find_package_handle_standard_args`
  (DOTNET_CORE) does not match the name of the calling package (DotNetCore).
  This can lead to problems in calling code that expects `find_package`
  result variables (e.g., `_FOUND`) to follow a certain pattern.
Call Stack (most recent call first):
  C:/opt/ros2_dotnet_ws/install/dotnet_cmake_module/share/dotnet_cmake_module/cmake/Modules/dotnet/FindDotNetCore.cmake:37 (find_package_handle_standard_args)
  C:/opt/ros2_dotnet_ws/install/dotnet_cmake_module/share/dotnet_cmake_module/cmake/Modules/FindCSBuild.cmake:20 (find_package)
  C:/opt/ros2_dotnet_ws/install/dotnet_cmake_module/share/dotnet_cmake_module/cmake/Modules/FindDotNETExtra.cmake:15 (find_package)
  CMakeLists.txt:24 (find_package)
This warning is for project developers.  Use -Wno-dev to suppress it.

-- Found DOTNET_CORE: C:/Program Files/dotnet/dotnet.exe  
-- Found .NET Core: 7.0.101
-- Using Framework: netcoreapp2.0
-- Using Framework: netcoreapp2.0
-- Using Runtime: win-x64
-- Found std_msgs: 2.0.5 (C:/opt/ros2_dotnet_ws/install/std_msgs/share/std_msgs/cmake)
-- Configuring done
-- Generating done
-- Build files have been written to: C:/Users/Jorge/Documents/GitHub/ArtekmedRos2/ShellScripts/string_msgs_multiple_functions_ddl/build/string_msgs_multiple_functions_ddl
Microsoft (R) Build Engine version 16.11.2+f32259642 for .NET Framework
Copyright (C) Microsoft Corporation. All rights reserved.

  Checking Build System
  C:/opt/ros/foxy/x64/Lib/site-packages/cmake/data/bin/cmake.exe;-version;C:/Program Files/dotnet/dotnet.exe restore;-r;win-x64 string_msgs_multiple_functions_ddl_dotnetcore.csproj; C:/Program Files/dotnet/dotnet.exe publish;-r;win-x64 string_msgs_multiple_functions_ddl_dotnetcore.csproj -> C:/Users/Jorge/Documents/GitHub/ArtekmedRos2/ShellScripts/string_msgs_multiple_functions_ddl/build/string_msgs_multiple_functions_ddl/string_msgs_multiple_functions_ddl
  cmake version 3.18.2
  
  CMake suite maintained and supported by Kitware (kitware.com/cmake).
    Determining projects to restore...
C:\Program Files\dotnet\sdk\7.0.101\Sdks\Microsoft.NET.Sdk\targets\Microsoft.NET.EolTargetFrameworks.targets(28,5): warning NETSDK1138: The target framework 'netcoreapp2.0' is out of support and will not receive security updates in the future. Please refer to https://aka.ms/dotnet-core-support for more information about the support policy. [C:\Users\Jorge\Documents\GitHub\ArtekmedRos2\ShellScripts\string_msgs_multiple_functions_ddl\build\string_msgs_multiple_functions_ddl\string_msgs_multiple_functions_ddl\string_msgs_multiple_functions_ddl_dotnetcore.csproj] [C:\Users\Jorge\Documents\GitHub\ArtekmedRos2\ShellScripts\string_msgs_multiple_functions_ddl\build\string_msgs_multiple_functions_ddl\string_msgs_multiple_functions_ddl.vcxproj]
C:\Program Files\dotnet\sdk\7.0.101\Sdks\Microsoft.NET.Sdk\targets\Microsoft.NET.EolTargetFrameworks.targets(28,5): warning NETSDK1138: The target framework 'netcoreapp2.0' is out of support and will not receive security updates in the future. Please refer to https://aka.ms/dotnet-core-support for more information about the support policy. [C:\Users\Jorge\Documents\GitHub\ArtekmedRos2\ShellScripts\string_msgs_multiple_functions_ddl\build\string_msgs_multiple_functions_ddl\string_msgs_multiple_functions_ddl\string_msgs_multiple_functions_ddl_dotnetcore.csproj] [C:\Users\Jorge\Documents\GitHub\ArtekmedRos2\ShellScripts\string_msgs_multiple_functions_ddl\build\string_msgs_multiple_functions_ddl\string_msgs_multiple_functions_ddl.vcxproj]
    Restored C:\Users\Jorge\Documents\GitHub\ArtekmedRos2\ShellScripts\string_msgs_multiple_functions_ddl\build\string_msgs_multiple_functions_ddl\string_msgs_multiple_functions_ddl\string_msgs_multiple_functions_ddl_dotnetcore.csproj (in 398 ms).
  MSBuild version 17.4.0+18d5aef85 for .NET
    Determining projects to restore...
C:\Program Files\dotnet\sdk\7.0.101\Sdks\Microsoft.NET.Sdk\targets\Microsoft.NET.EolTargetFrameworks.targets(28,5): warning NETSDK1138: The target framework 'netcoreapp2.0' is out of support and will not receive security updates in the future. Please refer to https://aka.ms/dotnet-core-support for more information about the support policy. [C:\Users\Jorge\Documents\GitHub\ArtekmedRos2\ShellScripts\string_msgs_multiple_functions_ddl\build\string_msgs_multiple_functions_ddl\string_msgs_multiple_functions_ddl\string_msgs_multiple_functions_ddl_dotnetcore.csproj] [C:\Users\Jorge\Documents\GitHub\ArtekmedRos2\ShellScripts\string_msgs_multiple_functions_ddl\build\string_msgs_multiple_functions_ddl\string_msgs_multiple_functions_ddl.vcxproj]
C:\Program Files\dotnet\sdk\7.0.101\Sdks\Microsoft.NET.Sdk\targets\Microsoft.NET.EolTargetFrameworks.targets(28,5): warning NETSDK1138: The target framework 'netcoreapp2.0' is out of support and will not receive security updates in the future. Please refer to https://aka.ms/dotnet-core-support for more information about the support policy. [C:\Users\Jorge\Documents\GitHub\ArtekmedRos2\ShellScripts\string_msgs_multiple_functions_ddl\build\string_msgs_multiple_functions_ddl\string_msgs_multiple_functions_ddl\string_msgs_multiple_functions_ddl_dotnetcore.csproj] [C:\Users\Jorge\Documents\GitHub\ArtekmedRos2\ShellScripts\string_msgs_multiple_functions_ddl\build\string_msgs_multiple_functions_ddl\string_msgs_multiple_functions_ddl.vcxproj]
    Restored C:\Users\Jorge\Documents\GitHub\ArtekmedRos2\ShellScripts\string_msgs_multiple_functions_ddl\build\string_msgs_multiple_functions_ddl\string_msgs_multiple_functions_ddl\string_msgs_multiple_functions_ddl_dotnetcore.csproj (in 497 ms).
C:\Program Files\dotnet\sdk\7.0.101\Sdks\Microsoft.NET.Sdk\targets\Microsoft.NET.EolTargetFrameworks.targets(28,5): warning NETSDK1138: The target framework 'netcoreapp2.0' is out of support and will not receive security updates in the future. Please refer to https://aka.ms/dotnet-core-support for more information about the support policy. [C:\Users\Jorge\Documents\GitHub\ArtekmedRos2\ShellScripts\string_msgs_multiple_functions_ddl\build\string_msgs_multiple_functions_ddl\string_msgs_multiple_functions_ddl\string_msgs_multiple_functions_ddl_dotnetcore.csproj] [C:\Users\Jorge\Documents\GitHub\ArtekmedRos2\ShellScripts\string_msgs_multiple_functions_ddl\build\string_msgs_multiple_functions_ddl\string_msgs_multiple_functions_ddl.vcxproj]
CSC : warning CS1668: Invalid search path 'C:\Program Files (x86)\Microsoft Visual Studio\2019\Community\VC\Tools\MSVC\14.29.30133\atlmfc\lib\x64' specified in 'LIB environment variable' -- 'directory does not exist' [C:\Users\Jorge\Documents\GitHub\ArtekmedRos2\ShellScripts\string_msgs_multiple_functions_ddl\build\string_msgs_multiple_functions_ddl\string_msgs_multiple_functions_ddl\string_msgs_multiple_functions_ddl_dotnetcore.csproj] [C:\Users\Jorge\Documents\GitHub\ArtekmedRos2\ShellScripts\string_msgs_multiple_functions_ddl\build\string_msgs_multiple_functions_ddl\string_msgs_multiple_functions_ddl.vcxproj]
C:\Users\Jorge\Documents\GitHub\ArtekmedRos2\ShellScripts\string_msgs_multiple_functions_ddl\src\string_msgs_multiple_functions_ddl.cs(60,13): error CS0246: The type or namespace name 'string_node_manager_function_linux' could not be found (are you missing a using directive or an assembly reference?) [C:\Users\Jorge\Documents\GitHub\ArtekmedRos2\ShellScripts\string_msgs_multiple_functions_ddl\build\string_msgs_multiple_functions_ddl\string_msgs_multiple_functions_ddl\string_msgs_multiple_functions_ddl_dotnetcore.csproj] [C:\Users\Jorge\Documents\GitHub\ArtekmedRos2\ShellScripts\string_msgs_multiple_functions_ddl\build\string_msgs_multiple_functions_ddl\string_msgs_multiple_functions_ddl.vcxproj]
C:\Users\Jorge\Documents\GitHub\ArtekmedRos2\ShellScripts\string_msgs_multiple_functions_ddl\src\string_msgs_multiple_functions_ddl.cs(60,62): error CS0246: The type or namespace name 'string_node_manager_function_linux' could not be found (are you missing a using directive or an assembly reference?) [C:\Users\Jorge\Documents\GitHub\ArtekmedRos2\ShellScripts\string_msgs_multiple_functions_ddl\build\string_msgs_multiple_functions_ddl\string_msgs_multiple_functions_ddl\string_msgs_multiple_functions_ddl_dotnetcore.csproj] [C:\Users\Jorge\Documents\GitHub\ArtekmedRos2\ShellScripts\string_msgs_multiple_functions_ddl\build\string_msgs_multiple_functions_ddl\string_msgs_multiple_functions_ddl.vcxproj]
C:\Users\Jorge\Documents\GitHub\ArtekmedRos2\ShellScripts\string_msgs_multiple_functions_ddl\src\string_msgs_multiple_functions_ddl.cs(101,41): error CS1061: 'receivedMessage' does not contain a definition for 'object_id' and no accessible extension method 'object_id' accepting a first argument of type 'receivedMessage' could be found (are you missing a using directive or an assembly reference?) [C:\Users\Jorge\Documents\GitHub\ArtekmedRos2\ShellScripts\string_msgs_multiple_functions_ddl\build\string_msgs_multiple_functions_ddl\string_msgs_multiple_functions_ddl\string_msgs_multiple_functions_ddl_dotnetcore.csproj] [C:\Users\Jorge\Documents\GitHub\ArtekmedRos2\ShellScripts\string_msgs_multiple_functions_ddl\build\string_msgs_multiple_functions_ddl\string_msgs_multiple_functions_ddl.vcxproj]
C:\Users\Jorge\Documents\GitHub\ArtekmedRos2\ShellScripts\string_msgs_multiple_functions_ddl\src\string_msgs_multiple_functions_ddl.cs(116,17): error CS0246: The type or namespace name 'string_node_manager_function_linux' could not be found (are you missing a using directive or an assembly reference?) [C:\Users\Jorge\Documents\GitHub\ArtekmedRos2\ShellScripts\string_msgs_multiple_functions_ddl\build\string_msgs_multiple_functions_ddl\string_msgs_multiple_functions_ddl\string_msgs_multiple_functions_ddl_dotnetcore.csproj] [C:\Users\Jorge\Documents\GitHub\ArtekmedRos2\ShellScripts\string_msgs_multiple_functions_ddl\build\string_msgs_multiple_functions_ddl\string_msgs_multiple_functions_ddl.vcxproj]
C:\Users\Jorge\Documents\GitHub\ArtekmedRos2\ShellScripts\string_msgs_multiple_functions_ddl\src\string_msgs_multiple_functions_ddl.cs(116,66): error CS0246: The type or namespace name 'string_node_manager_function_linux' could not be found (are you missing a using directive or an assembly reference?) [C:\Users\Jorge\Documents\GitHub\ArtekmedRos2\ShellScripts\string_msgs_multiple_functions_ddl\build\string_msgs_multiple_functions_ddl\string_msgs_multiple_functions_ddl\string_msgs_multiple_functions_ddl_dotnetcore.csproj] [C:\Users\Jorge\Documents\GitHub\ArtekmedRos2\ShellScripts\string_msgs_multiple_functions_ddl\build\string_msgs_multiple_functions_ddl\string_msgs_multiple_functions_ddl.vcxproj]
C:\Users\Jorge\Documents\GitHub\ArtekmedRos2\ShellScripts\string_msgs_multiple_functions_ddl\src\string_msgs_multiple_functions_ddl.cs(126,48): error CS0103: The name 'Obj_id' does not exist in the current context [C:\Users\Jorge\Documents\GitHub\ArtekmedRos2\ShellScripts\string_msgs_multiple_functions_ddl\build\string_msgs_multiple_functions_ddl\string_msgs_multiple_functions_ddl\string_msgs_multiple_functions_ddl_dotnetcore.csproj] [C:\Users\Jorge\Documents\GitHub\ArtekmedRos2\ShellScripts\string_msgs_multiple_functions_ddl\build\string_msgs_multiple_functions_ddl\string_msgs_multiple_functions_ddl.vcxproj]
C:\Users\Jorge\Documents\GitHub\ArtekmedRos2\ShellScripts\string_msgs_multiple_functions_ddl\src\string_msgs_multiple_functions_ddl.cs(126,76): error CS0103: The name 'Obj_id' does not exist in the current context [C:\Users\Jorge\Documents\GitHub\ArtekmedRos2\ShellScripts\string_msgs_multiple_functions_ddl\build\string_msgs_multiple_functions_ddl\string_msgs_multiple_functions_ddl\string_msgs_multiple_functions_ddl_dotnetcore.csproj] [C:\Users\Jorge\Documents\GitHub\ArtekmedRos2\ShellScripts\string_msgs_multiple_functions_ddl\build\string_msgs_multiple_functions_ddl\string_msgs_multiple_functions_ddl.vcxproj]
C:\Users\Jorge\Documents\GitHub\ArtekmedRos2\ShellScripts\string_msgs_multiple_functions_ddl\src\string_msgs_multiple_functions_ddl.cs(126,104): error CS0103: The name 'Obj_id' does not exist in the current context [C:\Users\Jorge\Documents\GitHub\ArtekmedRos2\ShellScripts\string_msgs_multiple_functions_ddl\build\string_msgs_multiple_functions_ddl\string_msgs_multiple_functions_ddl\string_msgs_multiple_functions_ddl_dotnetcore.csproj] [C:\Users\Jorge\Documents\GitHub\ArtekmedRos2\ShellScripts\string_msgs_multiple_functions_ddl\build\string_msgs_multiple_functions_ddl\string_msgs_multiple_functions_ddl.vcxproj]
C:\Users\Jorge\Documents\GitHub\ArtekmedRos2\ShellScripts\string_msgs_multiple_functions_ddl\src\string_msgs_multiple_functions_ddl.cs(130,27): error CS0029: Cannot implicitly convert type 'ConsoleApplication.sentMessage' to 'string' [C:\Users\Jorge\Documents\GitHub\ArtekmedRos2\ShellScripts\string_msgs_multiple_functions_ddl\build\string_msgs_multiple_functions_ddl\string_msgs_multiple_functions_ddl\string_msgs_multiple_functions_ddl_dotnetcore.csproj] [C:\Users\Jorge\Documents\GitHub\ArtekmedRos2\ShellScripts\string_msgs_multiple_functions_ddl\build\string_msgs_multiple_functions_ddl\string_msgs_multiple_functions_ddl.vcxproj]
C:\Program Files (x86)\Microsoft Visual Studio\2019\Community\MSBuild\Microsoft\VC\v160\Microsoft.CppCommon.targets(241,5): error MSB8066: Custom build for 'C:\Users\Jorge\Documents\GitHub\ArtekmedRos2\ShellScripts\string_msgs_multiple_functions_ddl\build\string_msgs_multiple_functions_ddl\CMakeFiles\09ea34ae1fb2615c0bf17f3570cb44a7\string_msgs_multiple_functions_ddl.rule' exited with code 1. [C:\Users\Jorge\Documents\GitHub\ArtekmedRos2\ShellScripts\string_msgs_multiple_functions_ddl\build\string_msgs_multiple_functions_ddl\string_msgs_multiple_functions_ddl.vcxproj]
