[0.297s] Invoking command in 'c:\Users\Jorge\Documents\GitHub\ArtekmedRos2\ShellScripts\string_msgs_multiple_functions_ddl\build\string_msgs_multiple_functions_ddl': CMAKE_PREFIX_PATH=%CMAKE_PREFIX_PATH%;c:\opt\ros2_dotnet_ws\install\sensor_msgs_py c:\opt\ros\foxy\x64\Scripts\cmake.EXE c:\Users\Jorge\Documents\GitHub\ArtekmedRos2\ShellScripts\string_msgs_multiple_functions_ddl -DCMAKE_INSTALL_PREFIX=c:\Users\Jorge\Documents\GitHub\ArtekmedRos2\ShellScripts\string_msgs_multiple_functions_ddl\install\string_msgs_multiple_functions_ddl
[0.766s] -- Selecting Windows SDK version 10.0.22000.0 to target Windows 10.0.22621.
[0.875s] -- Found ament_cmake: 0.9.9 (C:/opt/ros/foxy/x64/share/ament_cmake/cmake)
[1.125s] -- Using PYTHON_EXECUTABLE: C:/opt/ros/foxy/x64/python.exe
[2.766s] -- Found rcldotnet: 0.0.0 (C:/opt/ros2_dotnet_ws/install/rcldotnet/share/rcldotnet/cmake)
[3.219s] -- Found rosidl_adapter: 1.3.0 (C:/opt/ros2_dotnet_ws/install/rosidl_adapter/share/rosidl_adapter/cmake)
[3.438s] -- Using all available rosidl_typesupport_c: rosidl_typesupport_introspection_c;rosidl_typesupport_fastrtps_c
[4.063s] -- Using all available rosidl_typesupport_cpp: rosidl_typesupport_introspection_cpp;rosidl_typesupport_fastrtps_cpp
[4.391s] -- Found rmw_implementation_cmake: 1.0.3 (C:/opt/ros/foxy/x64/share/rmw_implementation_cmake/cmake)
[4.422s] -- Using RMW implementation 'rmw_fastrtps_cpp' as default
[4.563s] -- Found rcldotnet_common: 0.0.0 (C:/opt/ros2_dotnet_ws/install/rcldotnet_common/share/rcldotnet_common/cmake)
[4.563s] -- Found dotnet_cmake_module: 0.0.0 (C:/opt/ros2_dotnet_ws/install/dotnet_cmake_module/share/dotnet_cmake_module/cmake)
[4.953s] CMake Warning (dev) at C:/opt/ros/foxy/x64/Lib/site-packages/cmake/data/share/cmake-3.18/Modules/FindPackageHandleStandardArgs.cmake:273 (message):
[4.953s]   The package name passed to `find_package_handle_standard_args`
[4.953s]   (DOTNET_CORE) does not match the name of the calling package (DotNetCore).
[4.953s]   This can lead to problems in calling code that expects `find_package`
[4.969s]   result variables (e.g., `_FOUND`) to follow a certain pattern.
[4.969s] Call Stack (most recent call first):
[4.969s]   C:/opt/ros2_dotnet_ws/install/dotnet_cmake_module/share/dotnet_cmake_module/cmake/Modules/dotnet/FindDotNetCore.cmake:37 (find_package_handle_standard_args)
[4.969s]   C:/opt/ros2_dotnet_ws/install/dotnet_cmake_module/share/dotnet_cmake_module/cmake/Modules/FindCSBuild.cmake:20 (find_package)
[4.969s]   C:/opt/ros2_dotnet_ws/install/dotnet_cmake_module/share/dotnet_cmake_module/cmake/Modules/FindDotNETExtra.cmake:15 (find_package)
[4.984s]   CMakeLists.txt:24 (find_package)
[4.984s] This warning is for project developers.  Use -Wno-dev to suppress it.
[4.984s] 
[4.984s] -- Found .NET Core: 7.0.101
[5.000s] -- Using Framework: netcoreapp2.0
[5.000s] -- Using Framework: netcoreapp2.0
[5.000s] -- Using Runtime: win-x64
[5.000s] -- Found std_msgs: 2.0.5 (C:/opt/ros2_dotnet_ws/install/std_msgs/share/std_msgs/cmake)
[5.547s] -- Configuring done
[6.969s] -- Generating done
[7.031s] -- Build files have been written to: C:/Users/Jorge/Documents/GitHub/ArtekmedRos2/ShellScripts/string_msgs_multiple_functions_ddl/build/string_msgs_multiple_functions_ddl
[7.125s] Invoked command in 'c:\Users\Jorge\Documents\GitHub\ArtekmedRos2\ShellScripts\string_msgs_multiple_functions_ddl\build\string_msgs_multiple_functions_ddl' returned '0': CMAKE_PREFIX_PATH=%CMAKE_PREFIX_PATH%;c:\opt\ros2_dotnet_ws\install\sensor_msgs_py c:\opt\ros\foxy\x64\Scripts\cmake.EXE c:\Users\Jorge\Documents\GitHub\ArtekmedRos2\ShellScripts\string_msgs_multiple_functions_ddl -DCMAKE_INSTALL_PREFIX=c:\Users\Jorge\Documents\GitHub\ArtekmedRos2\ShellScripts\string_msgs_multiple_functions_ddl\install\string_msgs_multiple_functions_ddl
[7.125s] Invoking command in 'c:\Users\Jorge\Documents\GitHub\ArtekmedRos2\ShellScripts\string_msgs_multiple_functions_ddl\build\string_msgs_multiple_functions_ddl': CL=/MP CMAKE_PREFIX_PATH=%CMAKE_PREFIX_PATH%;c:\opt\ros2_dotnet_ws\install\sensor_msgs_py c:\opt\ros\foxy\x64\Scripts\cmake.EXE --build c:\Users\Jorge\Documents\GitHub\ArtekmedRos2\ShellScripts\string_msgs_multiple_functions_ddl\build\string_msgs_multiple_functions_ddl --config Release
[7.891s] Microsoft (R) Build Engine version 16.11.2+f32259642 for .NET Framework
[7.891s] Copyright (C) Microsoft Corporation. All rights reserved.
[7.891s] 
[9.484s]   C:/opt/ros/foxy/x64/Lib/site-packages/cmake/data/bin/cmake.exe;-version;C:/Program Files/dotnet/dotnet.exe restore;-r;win-x64 string_msgs_multiple_functions_ddl_dotnetcore.csproj; C:/Program Files/dotnet/dotnet.exe publish;-r;win-x64 string_msgs_multiple_functions_ddl_dotnetcore.csproj -> C:/Users/Jorge/Documents/GitHub/ArtekmedRos2/ShellScripts/string_msgs_multiple_functions_ddl/build/string_msgs_multiple_functions_ddl/string_msgs_multiple_functions_ddl
[9.766s]   cmake version 3.18.2
[9.766s]   
[9.766s]   CMake suite maintained and supported by Kitware (kitware.com/cmake).
[12.516s]     Determining projects to restore...
[12.594s] C:\Program Files\dotnet\sdk\7.0.101\Sdks\Microsoft.NET.Sdk\targets\Microsoft.NET.EolTargetFrameworks.targets(28,5): warning NETSDK1138: The target framework 'netcoreapp2.0' is out of support and will not receive security updates in the future. Please refer to https://aka.ms/dotnet-core-support for more information about the support policy. [C:\Users\Jorge\Documents\GitHub\ArtekmedRos2\ShellScripts\string_msgs_multiple_functions_ddl\build\string_msgs_multiple_functions_ddl\string_msgs_multiple_functions_ddl\string_msgs_multiple_functions_ddl_dotnetcore.csproj] [C:\Users\Jorge\Documents\GitHub\ArtekmedRos2\ShellScripts\string_msgs_multiple_functions_ddl\build\string_msgs_multiple_functions_ddl\string_msgs_multiple_functions_ddl.vcxproj]
[12.797s] C:\Program Files\dotnet\sdk\7.0.101\Sdks\Microsoft.NET.Sdk\targets\Microsoft.NET.EolTargetFrameworks.targets(28,5): warning NETSDK1138: The target framework 'netcoreapp2.0' is out of support and will not receive security updates in the future. Please refer to https://aka.ms/dotnet-core-support for more information about the support policy. [C:\Users\Jorge\Documents\GitHub\ArtekmedRos2\ShellScripts\string_msgs_multiple_functions_ddl\build\string_msgs_multiple_functions_ddl\string_msgs_multiple_functions_ddl\string_msgs_multiple_functions_ddl_dotnetcore.csproj] [C:\Users\Jorge\Documents\GitHub\ArtekmedRos2\ShellScripts\string_msgs_multiple_functions_ddl\build\string_msgs_multiple_functions_ddl\string_msgs_multiple_functions_ddl.vcxproj]
[14.063s]     Restored C:\Users\Jorge\Documents\GitHub\ArtekmedRos2\ShellScripts\string_msgs_multiple_functions_ddl\build\string_msgs_multiple_functions_ddl\string_msgs_multiple_functions_ddl\string_msgs_multiple_functions_ddl_dotnetcore.csproj (in 803 ms).
[17.016s]   MSBuild version 17.4.0+18d5aef85 for .NET
[18.156s]     Determining projects to restore...
[18.219s] C:\Program Files\dotnet\sdk\7.0.101\Sdks\Microsoft.NET.Sdk\targets\Microsoft.NET.EolTargetFrameworks.targets(28,5): warning NETSDK1138: The target framework 'netcoreapp2.0' is out of support and will not receive security updates in the future. Please refer to https://aka.ms/dotnet-core-support for more information about the support policy. [C:\Users\Jorge\Documents\GitHub\ArtekmedRos2\ShellScripts\string_msgs_multiple_functions_ddl\build\string_msgs_multiple_functions_ddl\string_msgs_multiple_functions_ddl\string_msgs_multiple_functions_ddl_dotnetcore.csproj] [C:\Users\Jorge\Documents\GitHub\ArtekmedRos2\ShellScripts\string_msgs_multiple_functions_ddl\build\string_msgs_multiple_functions_ddl\string_msgs_multiple_functions_ddl.vcxproj]
[18.484s] C:\Program Files\dotnet\sdk\7.0.101\Sdks\Microsoft.NET.Sdk\targets\Microsoft.NET.EolTargetFrameworks.targets(28,5): warning NETSDK1138: The target framework 'netcoreapp2.0' is out of support and will not receive security updates in the future. Please refer to https://aka.ms/dotnet-core-support for more information about the support policy. [C:\Users\Jorge\Documents\GitHub\ArtekmedRos2\ShellScripts\string_msgs_multiple_functions_ddl\build\string_msgs_multiple_functions_ddl\string_msgs_multiple_functions_ddl\string_msgs_multiple_functions_ddl_dotnetcore.csproj] [C:\Users\Jorge\Documents\GitHub\ArtekmedRos2\ShellScripts\string_msgs_multiple_functions_ddl\build\string_msgs_multiple_functions_ddl\string_msgs_multiple_functions_ddl.vcxproj]
[19.719s]     Restored C:\Users\Jorge\Documents\GitHub\ArtekmedRos2\ShellScripts\string_msgs_multiple_functions_ddl\build\string_msgs_multiple_functions_ddl\string_msgs_multiple_functions_ddl\string_msgs_multiple_functions_ddl_dotnetcore.csproj (in 780 ms).
[20.234s] C:\Program Files\dotnet\sdk\7.0.101\Sdks\Microsoft.NET.Sdk\targets\Microsoft.NET.EolTargetFrameworks.targets(28,5): warning NETSDK1138: The target framework 'netcoreapp2.0' is out of support and will not receive security updates in the future. Please refer to https://aka.ms/dotnet-core-support for more information about the support policy. [C:\Users\Jorge\Documents\GitHub\ArtekmedRos2\ShellScripts\string_msgs_multiple_functions_ddl\build\string_msgs_multiple_functions_ddl\string_msgs_multiple_functions_ddl\string_msgs_multiple_functions_ddl_dotnetcore.csproj] [C:\Users\Jorge\Documents\GitHub\ArtekmedRos2\ShellScripts\string_msgs_multiple_functions_ddl\build\string_msgs_multiple_functions_ddl\string_msgs_multiple_functions_ddl.vcxproj]
[21.438s] CSC : warning CS1668: Invalid search path 'C:\Program Files (x86)\Microsoft Visual Studio\2019\Community\VC\Tools\MSVC\14.29.30133\atlmfc\lib\x64' specified in 'LIB environment variable' -- 'directory does not exist' [C:\Users\Jorge\Documents\GitHub\ArtekmedRos2\ShellScripts\string_msgs_multiple_functions_ddl\build\string_msgs_multiple_functions_ddl\string_msgs_multiple_functions_ddl\string_msgs_multiple_functions_ddl_dotnetcore.csproj] [C:\Users\Jorge\Documents\GitHub\ArtekmedRos2\ShellScripts\string_msgs_multiple_functions_ddl\build\string_msgs_multiple_functions_ddl\string_msgs_multiple_functions_ddl.vcxproj]
[22.719s]     string_msgs_multiple_functions_ddl_dotnetcore -> C:\Users\Jorge\Documents\GitHub\ArtekmedRos2\ShellScripts\string_msgs_multiple_functions_ddl\build\string_msgs_multiple_functions_ddl\Release\netcoreapp2.0\win-x64\string_msgs_multiple_functions_ddl.dll
[23.016s]     string_msgs_multiple_functions_ddl_dotnetcore -> C:\Users\Jorge\Documents\GitHub\ArtekmedRos2\ShellScripts\string_msgs_multiple_functions_ddl\build\string_msgs_multiple_functions_ddl\Release\netcoreapp2.0\win-x64\publish\
[23.391s] Invoked command in 'c:\Users\Jorge\Documents\GitHub\ArtekmedRos2\ShellScripts\string_msgs_multiple_functions_ddl\build\string_msgs_multiple_functions_ddl' returned '0': CL=/MP CMAKE_PREFIX_PATH=%CMAKE_PREFIX_PATH%;c:\opt\ros2_dotnet_ws\install\sensor_msgs_py c:\opt\ros\foxy\x64\Scripts\cmake.EXE --build c:\Users\Jorge\Documents\GitHub\ArtekmedRos2\ShellScripts\string_msgs_multiple_functions_ddl\build\string_msgs_multiple_functions_ddl --config Release
[23.797s] Invoking command in 'c:\Users\Jorge\Documents\GitHub\ArtekmedRos2\ShellScripts\string_msgs_multiple_functions_ddl\build\string_msgs_multiple_functions_ddl': CMAKE_PREFIX_PATH=%CMAKE_PREFIX_PATH%;c:\opt\ros2_dotnet_ws\install\sensor_msgs_py c:\opt\ros\foxy\x64\Scripts\cmake.EXE --install c:\Users\Jorge\Documents\GitHub\ArtekmedRos2\ShellScripts\string_msgs_multiple_functions_ddl\build\string_msgs_multiple_functions_ddl --config Release
[24.125s] -- Up-to-date: C:/Users/Jorge/Documents/GitHub/ArtekmedRos2/ShellScripts/string_msgs_multiple_functions_ddl/install/string_msgs_multiple_functions_ddl/lib/string_msgs_multiple_functions_ddl/dotnet
[24.125s] -- Up-to-date: C:/Users/Jorge/Documents/GitHub/ArtekmedRos2/ShellScripts/string_msgs_multiple_functions_ddl/install/string_msgs_multiple_functions_ddl/lib/string_msgs_multiple_functions_ddl/dotnet/api-ms-win-core-console-l1-1-0.dll
[24.125s] -- Up-to-date: C:/Users/Jorge/Documents/GitHub/ArtekmedRos2/ShellScripts/string_msgs_multiple_functions_ddl/install/string_msgs_multiple_functions_ddl/lib/string_msgs_multiple_functions_ddl/dotnet/api-ms-win-core-datetime-l1-1-0.dll
[24.125s] -- Up-to-date: C:/Users/Jorge/Documents/GitHub/ArtekmedRos2/ShellScripts/string_msgs_multiple_functions_ddl/install/string_msgs_multiple_functions_ddl/lib/string_msgs_multiple_functions_ddl/dotnet/api-ms-win-core-debug-l1-1-0.dll
[24.141s] -- Up-to-date: C:/Users/Jorge/Documents/GitHub/ArtekmedRos2/ShellScripts/string_msgs_multiple_functions_ddl/install/string_msgs_multiple_functions_ddl/lib/string_msgs_multiple_functions_ddl/dotnet/api-ms-win-core-errorhandling-l1-1-0.dll
[24.141s] -- Up-to-date: C:/Users/Jorge/Documents/GitHub/ArtekmedRos2/ShellScripts/string_msgs_multiple_functions_ddl/install/string_msgs_multiple_functions_ddl/lib/string_msgs_multiple_functions_ddl/dotnet/api-ms-win-core-file-l1-1-0.dll
[24.141s] -- Up-to-date: C:/Users/Jorge/Documents/GitHub/ArtekmedRos2/ShellScripts/string_msgs_multiple_functions_ddl/install/string_msgs_multiple_functions_ddl/lib/string_msgs_multiple_functions_ddl/dotnet/api-ms-win-core-file-l1-2-0.dll
[24.141s] -- Up-to-date: C:/Users/Jorge/Documents/GitHub/ArtekmedRos2/ShellScripts/string_msgs_multiple_functions_ddl/install/string_msgs_multiple_functions_ddl/lib/string_msgs_multiple_functions_ddl/dotnet/api-ms-win-core-file-l2-1-0.dll
[24.156s] -- Up-to-date: C:/Users/Jorge/Documents/GitHub/ArtekmedRos2/ShellScripts/string_msgs_multiple_functions_ddl/install/string_msgs_multiple_functions_ddl/lib/string_msgs_multiple_functions_ddl/dotnet/api-ms-win-core-handle-l1-1-0.dll
[24.156s] -- Up-to-date: C:/Users/Jorge/Documents/GitHub/ArtekmedRos2/ShellScripts/string_msgs_multiple_functions_ddl/install/string_msgs_multiple_functions_ddl/lib/string_msgs_multiple_functions_ddl/dotnet/api-ms-win-core-heap-l1-1-0.dll
[24.156s] -- Up-to-date: C:/Users/Jorge/Documents/GitHub/ArtekmedRos2/ShellScripts/string_msgs_multiple_functions_ddl/install/string_msgs_multiple_functions_ddl/lib/string_msgs_multiple_functions_ddl/dotnet/api-ms-win-core-interlocked-l1-1-0.dll
[24.172s] -- Up-to-date: C:/Users/Jorge/Documents/GitHub/ArtekmedRos2/ShellScripts/string_msgs_multiple_functions_ddl/install/string_msgs_multiple_functions_ddl/lib/string_msgs_multiple_functions_ddl/dotnet/api-ms-win-core-libraryloader-l1-1-0.dll
[24.172s] -- Up-to-date: C:/Users/Jorge/Documents/GitHub/ArtekmedRos2/ShellScripts/string_msgs_multiple_functions_ddl/install/string_msgs_multiple_functions_ddl/lib/string_msgs_multiple_functions_ddl/dotnet/api-ms-win-core-localization-l1-2-0.dll
[24.172s] -- Up-to-date: C:/Users/Jorge/Documents/GitHub/ArtekmedRos2/ShellScripts/string_msgs_multiple_functions_ddl/install/string_msgs_multiple_functions_ddl/lib/string_msgs_multiple_functions_ddl/dotnet/api-ms-win-core-memory-l1-1-0.dll
[24.172s] -- Up-to-date: C:/Users/Jorge/Documents/GitHub/ArtekmedRos2/ShellScripts/string_msgs_multiple_functions_ddl/install/string_msgs_multiple_functions_ddl/lib/string_msgs_multiple_functions_ddl/dotnet/api-ms-win-core-namedpipe-l1-1-0.dll
[24.188s] -- Up-to-date: C:/Users/Jorge/Documents/GitHub/ArtekmedRos2/ShellScripts/string_msgs_multiple_functions_ddl/install/string_msgs_multiple_functions_ddl/lib/string_msgs_multiple_functions_ddl/dotnet/api-ms-win-core-processenvironment-l1-1-0.dll
[24.203s] -- Up-to-date: C:/Users/Jorge/Documents/GitHub/ArtekmedRos2/ShellScripts/string_msgs_multiple_functions_ddl/install/string_msgs_multiple_functions_ddl/lib/string_msgs_multiple_functions_ddl/dotnet/api-ms-win-core-processthreads-l1-1-0.dll
[24.203s] -- Up-to-date: C:/Users/Jorge/Documents/GitHub/ArtekmedRos2/ShellScripts/string_msgs_multiple_functions_ddl/install/string_msgs_multiple_functions_ddl/lib/string_msgs_multiple_functions_ddl/dotnet/api-ms-win-core-processthreads-l1-1-1.dll
[24.234s] -- Up-to-date: C:/Users/Jorge/Documents/GitHub/ArtekmedRos2/ShellScripts/string_msgs_multiple_functions_ddl/install/string_msgs_multiple_functions_ddl/lib/string_msgs_multiple_functions_ddl/dotnet/api-ms-win-core-profile-l1-1-0.dll
[24.234s] -- Up-to-date: C:/Users/Jorge/Documents/GitHub/ArtekmedRos2/ShellScripts/string_msgs_multiple_functions_ddl/install/string_msgs_multiple_functions_ddl/lib/string_msgs_multiple_functions_ddl/dotnet/api-ms-win-core-rtlsupport-l1-1-0.dll
[24.234s] -- Up-to-date: C:/Users/Jorge/Documents/GitHub/ArtekmedRos2/ShellScripts/string_msgs_multiple_functions_ddl/install/string_msgs_multiple_functions_ddl/lib/string_msgs_multiple_functions_ddl/dotnet/api-ms-win-core-string-l1-1-0.dll
[24.250s] -- Up-to-date: C:/Users/Jorge/Documents/GitHub/ArtekmedRos2/ShellScripts/string_msgs_multiple_functions_ddl/install/string_msgs_multiple_functions_ddl/lib/string_msgs_multiple_functions_ddl/dotnet/api-ms-win-core-synch-l1-1-0.dll
[24.250s] -- Up-to-date: C:/Users/Jorge/Documents/GitHub/ArtekmedRos2/ShellScripts/string_msgs_multiple_functions_ddl/install/string_msgs_multiple_functions_ddl/lib/string_msgs_multiple_functions_ddl/dotnet/api-ms-win-core-synch-l1-2-0.dll
[24.250s] -- Up-to-date: C:/Users/Jorge/Documents/GitHub/ArtekmedRos2/ShellScripts/string_msgs_multiple_functions_ddl/install/string_msgs_multiple_functions_ddl/lib/string_msgs_multiple_functions_ddl/dotnet/api-ms-win-core-sysinfo-l1-1-0.dll
[24.266s] -- Up-to-date: C:/Users/Jorge/Documents/GitHub/ArtekmedRos2/ShellScripts/string_msgs_multiple_functions_ddl/install/string_msgs_multiple_functions_ddl/lib/string_msgs_multiple_functions_ddl/dotnet/api-ms-win-core-timezone-l1-1-0.dll
[24.266s] -- Up-to-date: C:/Users/Jorge/Documents/GitHub/ArtekmedRos2/ShellScripts/string_msgs_multiple_functions_ddl/install/string_msgs_multiple_functions_ddl/lib/string_msgs_multiple_functions_ddl/dotnet/api-ms-win-core-util-l1-1-0.dll
[24.281s] -- Up-to-date: C:/Users/Jorge/Documents/GitHub/ArtekmedRos2/ShellScripts/string_msgs_multiple_functions_ddl/install/string_msgs_multiple_functions_ddl/lib/string_msgs_multiple_functions_ddl/dotnet/api-ms-win-crt-conio-l1-1-0.dll
[24.281s] -- Up-to-date: C:/Users/Jorge/Documents/GitHub/ArtekmedRos2/ShellScripts/string_msgs_multiple_functions_ddl/install/string_msgs_multiple_functions_ddl/lib/string_msgs_multiple_functions_ddl/dotnet/api-ms-win-crt-convert-l1-1-0.dll
[24.297s] -- Up-to-date: C:/Users/Jorge/Documents/GitHub/ArtekmedRos2/ShellScripts/string_msgs_multiple_functions_ddl/install/string_msgs_multiple_functions_ddl/lib/string_msgs_multiple_functions_ddl/dotnet/api-ms-win-crt-environment-l1-1-0.dll
[24.297s] -- Up-to-date: C:/Users/Jorge/Documents/GitHub/ArtekmedRos2/ShellScripts/string_msgs_multiple_functions_ddl/install/string_msgs_multiple_functions_ddl/lib/string_msgs_multiple_functions_ddl/dotnet/api-ms-win-crt-filesystem-l1-1-0.dll
[24.297s] -- Up-to-date: C:/Users/Jorge/Documents/GitHub/ArtekmedRos2/ShellScripts/string_msgs_multiple_functions_ddl/install/string_msgs_multiple_functions_ddl/lib/string_msgs_multiple_functions_ddl/dotnet/api-ms-win-crt-heap-l1-1-0.dll
[24.297s] -- Up-to-date: C:/Users/Jorge/Documents/GitHub/ArtekmedRos2/ShellScripts/string_msgs_multiple_functions_ddl/install/string_msgs_multiple_functions_ddl/lib/string_msgs_multiple_functions_ddl/dotnet/api-ms-win-crt-locale-l1-1-0.dll
[24.313s] -- Up-to-date: C:/Users/Jorge/Documents/GitHub/ArtekmedRos2/ShellScripts/string_msgs_multiple_functions_ddl/install/string_msgs_multiple_functions_ddl/lib/string_msgs_multiple_functions_ddl/dotnet/api-ms-win-crt-math-l1-1-0.dll
[24.313s] -- Up-to-date: C:/Users/Jorge/Documents/GitHub/ArtekmedRos2/ShellScripts/string_msgs_multiple_functions_ddl/install/string_msgs_multiple_functions_ddl/lib/string_msgs_multiple_functions_ddl/dotnet/api-ms-win-crt-multibyte-l1-1-0.dll
[24.313s] -- Up-to-date: C:/Users/Jorge/Documents/GitHub/ArtekmedRos2/ShellScripts/string_msgs_multiple_functions_ddl/install/string_msgs_multiple_functions_ddl/lib/string_msgs_multiple_functions_ddl/dotnet/api-ms-win-crt-private-l1-1-0.dll
[24.328s] -- Up-to-date: C:/Users/Jorge/Documents/GitHub/ArtekmedRos2/ShellScripts/string_msgs_multiple_functions_ddl/install/string_msgs_multiple_functions_ddl/lib/string_msgs_multiple_functions_ddl/dotnet/api-ms-win-crt-process-l1-1-0.dll
[24.328s] -- Up-to-date: C:/Users/Jorge/Documents/GitHub/ArtekmedRos2/ShellScripts/string_msgs_multiple_functions_ddl/install/string_msgs_multiple_functions_ddl/lib/string_msgs_multiple_functions_ddl/dotnet/api-ms-win-crt-runtime-l1-1-0.dll
[24.328s] -- Up-to-date: C:/Users/Jorge/Documents/GitHub/ArtekmedRos2/ShellScripts/string_msgs_multiple_functions_ddl/install/string_msgs_multiple_functions_ddl/lib/string_msgs_multiple_functions_ddl/dotnet/api-ms-win-crt-stdio-l1-1-0.dll
[24.328s] -- Up-to-date: C:/Users/Jorge/Documents/GitHub/ArtekmedRos2/ShellScripts/string_msgs_multiple_functions_ddl/install/string_msgs_multiple_functions_ddl/lib/string_msgs_multiple_functions_ddl/dotnet/api-ms-win-crt-string-l1-1-0.dll
[24.344s] -- Up-to-date: C:/Users/Jorge/Documents/GitHub/ArtekmedRos2/ShellScripts/string_msgs_multiple_functions_ddl/install/string_msgs_multiple_functions_ddl/lib/string_msgs_multiple_functions_ddl/dotnet/api-ms-win-crt-time-l1-1-0.dll
[24.375s] -- Up-to-date: C:/Users/Jorge/Documents/GitHub/ArtekmedRos2/ShellScripts/string_msgs_multiple_functions_ddl/install/string_msgs_multiple_functions_ddl/lib/string_msgs_multiple_functions_ddl/dotnet/api-ms-win-crt-utility-l1-1-0.dll
[24.375s] -- Up-to-date: C:/Users/Jorge/Documents/GitHub/ArtekmedRos2/ShellScripts/string_msgs_multiple_functions_ddl/install/string_msgs_multiple_functions_ddl/lib/string_msgs_multiple_functions_ddl/dotnet/builtin_interfaces_assemblies.dll
[24.375s] -- Up-to-date: C:/Users/Jorge/Documents/GitHub/ArtekmedRos2/ShellScripts/string_msgs_multiple_functions_ddl/install/string_msgs_multiple_functions_ddl/lib/string_msgs_multiple_functions_ddl/dotnet/builtin_interfaces_assemblies.pdb
[24.391s] -- Up-to-date: C:/Users/Jorge/Documents/GitHub/ArtekmedRos2/ShellScripts/string_msgs_multiple_functions_ddl/install/string_msgs_multiple_functions_ddl/lib/string_msgs_multiple_functions_ddl/dotnet/clrcompression.dll
[24.391s] -- Up-to-date: C:/Users/Jorge/Documents/GitHub/ArtekmedRos2/ShellScripts/string_msgs_multiple_functions_ddl/install/string_msgs_multiple_functions_ddl/lib/string_msgs_multiple_functions_ddl/dotnet/clretwrc.dll
[24.391s] -- Up-to-date: C:/Users/Jorge/Documents/GitHub/ArtekmedRos2/ShellScripts/string_msgs_multiple_functions_ddl/install/string_msgs_multiple_functions_ddl/lib/string_msgs_multiple_functions_ddl/dotnet/clrjit.dll
[24.391s] -- Up-to-date: C:/Users/Jorge/Documents/GitHub/ArtekmedRos2/ShellScripts/string_msgs_multiple_functions_ddl/install/string_msgs_multiple_functions_ddl/lib/string_msgs_multiple_functions_ddl/dotnet/coreclr.dll
[24.406s] -- Up-to-date: C:/Users/Jorge/Documents/GitHub/ArtekmedRos2/ShellScripts/string_msgs_multiple_functions_ddl/install/string_msgs_multiple_functions_ddl/lib/string_msgs_multiple_functions_ddl/dotnet/dbgshim.dll
[24.406s] -- Up-to-date: C:/Users/Jorge/Documents/GitHub/ArtekmedRos2/ShellScripts/string_msgs_multiple_functions_ddl/install/string_msgs_multiple_functions_ddl/lib/string_msgs_multiple_functions_ddl/dotnet/hostfxr.dll
[24.406s] -- Up-to-date: C:/Users/Jorge/Documents/GitHub/ArtekmedRos2/ShellScripts/string_msgs_multiple_functions_ddl/install/string_msgs_multiple_functions_ddl/lib/string_msgs_multiple_functions_ddl/dotnet/hostpolicy.dll
[24.422s] -- Up-to-date: C:/Users/Jorge/Documents/GitHub/ArtekmedRos2/ShellScripts/string_msgs_multiple_functions_ddl/install/string_msgs_multiple_functions_ddl/lib/string_msgs_multiple_functions_ddl/dotnet/Microsoft.CSharp.dll
[24.422s] -- Up-to-date: C:/Users/Jorge/Documents/GitHub/ArtekmedRos2/ShellScripts/string_msgs_multiple_functions_ddl/install/string_msgs_multiple_functions_ddl/lib/string_msgs_multiple_functions_ddl/dotnet/Microsoft.DiaSymReader.Native.amd64.dll
[24.422s] -- Up-to-date: C:/Users/Jorge/Documents/GitHub/ArtekmedRos2/ShellScripts/string_msgs_multiple_functions_ddl/install/string_msgs_multiple_functions_ddl/lib/string_msgs_multiple_functions_ddl/dotnet/Microsoft.VisualBasic.dll
[24.422s] -- Up-to-date: C:/Users/Jorge/Documents/GitHub/ArtekmedRos2/ShellScripts/string_msgs_multiple_functions_ddl/install/string_msgs_multiple_functions_ddl/lib/string_msgs_multiple_functions_ddl/dotnet/Microsoft.Win32.Primitives.dll
[24.422s] -- Up-to-date: C:/Users/Jorge/Documents/GitHub/ArtekmedRos2/ShellScripts/string_msgs_multiple_functions_ddl/install/string_msgs_multiple_functions_ddl/lib/string_msgs_multiple_functions_ddl/dotnet/Microsoft.Win32.Registry.dll
[24.422s] -- Up-to-date: C:/Users/Jorge/Documents/GitHub/ArtekmedRos2/ShellScripts/string_msgs_multiple_functions_ddl/install/string_msgs_multiple_functions_ddl/lib/string_msgs_multiple_functions_ddl/dotnet/mscordaccore.dll
[24.438s] -- Up-to-date: C:/Users/Jorge/Documents/GitHub/ArtekmedRos2/ShellScripts/string_msgs_multiple_functions_ddl/install/string_msgs_multiple_functions_ddl/lib/string_msgs_multiple_functions_ddl/dotnet/mscordaccore_amd64_amd64_4.6.26614.01.dll
[24.438s] -- Up-to-date: C:/Users/Jorge/Documents/GitHub/ArtekmedRos2/ShellScripts/string_msgs_multiple_functions_ddl/install/string_msgs_multiple_functions_ddl/lib/string_msgs_multiple_functions_ddl/dotnet/mscordbi.dll
[24.438s] -- Up-to-date: C:/Users/Jorge/Documents/GitHub/ArtekmedRos2/ShellScripts/string_msgs_multiple_functions_ddl/install/string_msgs_multiple_functions_ddl/lib/string_msgs_multiple_functions_ddl/dotnet/mscorlib.dll
[24.453s] -- Up-to-date: C:/Users/Jorge/Documents/GitHub/ArtekmedRos2/ShellScripts/string_msgs_multiple_functions_ddl/install/string_msgs_multiple_functions_ddl/lib/string_msgs_multiple_functions_ddl/dotnet/mscorrc.debug.dll
[24.453s] -- Up-to-date: C:/Users/Jorge/Documents/GitHub/ArtekmedRos2/ShellScripts/string_msgs_multiple_functions_ddl/install/string_msgs_multiple_functions_ddl/lib/string_msgs_multiple_functions_ddl/dotnet/mscorrc.dll
[24.453s] -- Up-to-date: C:/Users/Jorge/Documents/GitHub/ArtekmedRos2/ShellScripts/string_msgs_multiple_functions_ddl/install/string_msgs_multiple_functions_ddl/lib/string_msgs_multiple_functions_ddl/dotnet/netstandard.dll
[24.453s] -- Up-to-date: C:/Users/Jorge/Documents/GitHub/ArtekmedRos2/ShellScripts/string_msgs_multiple_functions_ddl/install/string_msgs_multiple_functions_ddl/lib/string_msgs_multiple_functions_ddl/dotnet/newtonsoft.json.dll
[24.453s] -- Up-to-date: C:/Users/Jorge/Documents/GitHub/ArtekmedRos2/ShellScripts/string_msgs_multiple_functions_ddl/install/string_msgs_multiple_functions_ddl/lib/string_msgs_multiple_functions_ddl/dotnet/newtonsoft.json.pdb
[24.469s] -- Up-to-date: C:/Users/Jorge/Documents/GitHub/ArtekmedRos2/ShellScripts/string_msgs_multiple_functions_ddl/install/string_msgs_multiple_functions_ddl/lib/string_msgs_multiple_functions_ddl/dotnet/newtonsoft.json.xml
[24.469s] -- Up-to-date: C:/Users/Jorge/Documents/GitHub/ArtekmedRos2/ShellScripts/string_msgs_multiple_functions_ddl/install/string_msgs_multiple_functions_ddl/lib/string_msgs_multiple_functions_ddl/dotnet/rcldotnet_assemblies.dll
[24.469s] -- Up-to-date: C:/Users/Jorge/Documents/GitHub/ArtekmedRos2/ShellScripts/string_msgs_multiple_functions_ddl/install/string_msgs_multiple_functions_ddl/lib/string_msgs_multiple_functions_ddl/dotnet/rcldotnet_assemblies.pdb
[24.469s] -- Up-to-date: C:/Users/Jorge/Documents/GitHub/ArtekmedRos2/ShellScripts/string_msgs_multiple_functions_ddl/install/string_msgs_multiple_functions_ddl/lib/string_msgs_multiple_functions_ddl/dotnet/rcldotnet_common.dll
[24.484s] -- Up-to-date: C:/Users/Jorge/Documents/GitHub/ArtekmedRos2/ShellScripts/string_msgs_multiple_functions_ddl/install/string_msgs_multiple_functions_ddl/lib/string_msgs_multiple_functions_ddl/dotnet/rcldotnet_common.pdb
[24.484s] -- Up-to-date: C:/Users/Jorge/Documents/GitHub/ArtekmedRos2/ShellScripts/string_msgs_multiple_functions_ddl/install/string_msgs_multiple_functions_ddl/lib/string_msgs_multiple_functions_ddl/dotnet/sos.dll
[24.484s] -- Up-to-date: C:/Users/Jorge/Documents/GitHub/ArtekmedRos2/ShellScripts/string_msgs_multiple_functions_ddl/install/string_msgs_multiple_functions_ddl/lib/string_msgs_multiple_functions_ddl/dotnet/SOS.NETCore.dll
[24.484s] -- Up-to-date: C:/Users/Jorge/Documents/GitHub/ArtekmedRos2/ShellScripts/string_msgs_multiple_functions_ddl/install/string_msgs_multiple_functions_ddl/lib/string_msgs_multiple_functions_ddl/dotnet/sos_amd64_amd64_4.6.26614.01.dll
[24.500s] -- Up-to-date: C:/Users/Jorge/Documents/GitHub/ArtekmedRos2/ShellScripts/string_msgs_multiple_functions_ddl/install/string_msgs_multiple_functions_ddl/lib/string_msgs_multiple_functions_ddl/dotnet/std_msgs_assemblies.dll
[24.500s] -- Up-to-date: C:/Users/Jorge/Documents/GitHub/ArtekmedRos2/ShellScripts/string_msgs_multiple_functions_ddl/install/string_msgs_multiple_functions_ddl/lib/string_msgs_multiple_functions_ddl/dotnet/std_msgs_assemblies.pdb
[24.516s] -- Installing: C:/Users/Jorge/Documents/GitHub/ArtekmedRos2/ShellScripts/string_msgs_multiple_functions_ddl/install/string_msgs_multiple_functions_ddl/lib/string_msgs_multiple_functions_ddl/dotnet/string_msgs_multiple_functions_ddl.deps.json
[24.594s] -- Installing: C:/Users/Jorge/Documents/GitHub/ArtekmedRos2/ShellScripts/string_msgs_multiple_functions_ddl/install/string_msgs_multiple_functions_ddl/lib/string_msgs_multiple_functions_ddl/dotnet/string_msgs_multiple_functions_ddl.dll
[24.672s] -- Installing: C:/Users/Jorge/Documents/GitHub/ArtekmedRos2/ShellScripts/string_msgs_multiple_functions_ddl/install/string_msgs_multiple_functions_ddl/lib/string_msgs_multiple_functions_ddl/dotnet/string_msgs_multiple_functions_ddl.exe
[24.734s] -- Installing: C:/Users/Jorge/Documents/GitHub/ArtekmedRos2/ShellScripts/string_msgs_multiple_functions_ddl/install/string_msgs_multiple_functions_ddl/lib/string_msgs_multiple_functions_ddl/dotnet/string_msgs_multiple_functions_ddl.pdb
[24.734s] -- Installing: C:/Users/Jorge/Documents/GitHub/ArtekmedRos2/ShellScripts/string_msgs_multiple_functions_ddl/install/string_msgs_multiple_functions_ddl/lib/string_msgs_multiple_functions_ddl/dotnet/string_msgs_multiple_functions_ddl.runtimeconfig.json
[24.750s] -- Up-to-date: C:/Users/Jorge/Documents/GitHub/ArtekmedRos2/ShellScripts/string_msgs_multiple_functions_ddl/install/string_msgs_multiple_functions_ddl/lib/string_msgs_multiple_functions_ddl/dotnet/System.AppContext.dll
[24.750s] -- Up-to-date: C:/Users/Jorge/Documents/GitHub/ArtekmedRos2/ShellScripts/string_msgs_multiple_functions_ddl/install/string_msgs_multiple_functions_ddl/lib/string_msgs_multiple_functions_ddl/dotnet/System.Buffers.dll
[24.750s] -- Up-to-date: C:/Users/Jorge/Documents/GitHub/ArtekmedRos2/ShellScripts/string_msgs_multiple_functions_ddl/install/string_msgs_multiple_functions_ddl/lib/string_msgs_multiple_functions_ddl/dotnet/System.Collections.Concurrent.dll
[24.750s] -- Up-to-date: C:/Users/Jorge/Documents/GitHub/ArtekmedRos2/ShellScripts/string_msgs_multiple_functions_ddl/install/string_msgs_multiple_functions_ddl/lib/string_msgs_multiple_functions_ddl/dotnet/System.Collections.dll
[24.750s] -- Up-to-date: C:/Users/Jorge/Documents/GitHub/ArtekmedRos2/ShellScripts/string_msgs_multiple_functions_ddl/install/string_msgs_multiple_functions_ddl/lib/string_msgs_multiple_functions_ddl/dotnet/System.Collections.Immutable.dll
[24.766s] -- Up-to-date: C:/Users/Jorge/Documents/GitHub/ArtekmedRos2/ShellScripts/string_msgs_multiple_functions_ddl/install/string_msgs_multiple_functions_ddl/lib/string_msgs_multiple_functions_ddl/dotnet/System.Collections.NonGeneric.dll
[24.766s] -- Up-to-date: C:/Users/Jorge/Documents/GitHub/ArtekmedRos2/ShellScripts/string_msgs_multiple_functions_ddl/install/string_msgs_multiple_functions_ddl/lib/string_msgs_multiple_functions_ddl/dotnet/System.Collections.Specialized.dll
[24.766s] -- Up-to-date: C:/Users/Jorge/Documents/GitHub/ArtekmedRos2/ShellScripts/string_msgs_multiple_functions_ddl/install/string_msgs_multiple_functions_ddl/lib/string_msgs_multiple_functions_ddl/dotnet/System.ComponentModel.Annotations.dll
[24.781s] -- Up-to-date: C:/Users/Jorge/Documents/GitHub/ArtekmedRos2/ShellScripts/string_msgs_multiple_functions_ddl/install/string_msgs_multiple_functions_ddl/lib/string_msgs_multiple_functions_ddl/dotnet/System.ComponentModel.Composition.dll
[24.781s] -- Up-to-date: C:/Users/Jorge/Documents/GitHub/ArtekmedRos2/ShellScripts/string_msgs_multiple_functions_ddl/install/string_msgs_multiple_functions_ddl/lib/string_msgs_multiple_functions_ddl/dotnet/System.ComponentModel.DataAnnotations.dll
[24.781s] -- Up-to-date: C:/Users/Jorge/Documents/GitHub/ArtekmedRos2/ShellScripts/string_msgs_multiple_functions_ddl/install/string_msgs_multiple_functions_ddl/lib/string_msgs_multiple_functions_ddl/dotnet/System.ComponentModel.dll
[24.797s] -- Up-to-date: C:/Users/Jorge/Documents/GitHub/ArtekmedRos2/ShellScripts/string_msgs_multiple_functions_ddl/install/string_msgs_multiple_functions_ddl/lib/string_msgs_multiple_functions_ddl/dotnet/System.ComponentModel.EventBasedAsync.dll
[24.813s] -- Up-to-date: C:/Users/Jorge/Documents/GitHub/ArtekmedRos2/ShellScripts/string_msgs_multiple_functions_ddl/install/string_msgs_multiple_functions_ddl/lib/string_msgs_multiple_functions_ddl/dotnet/System.ComponentModel.Primitives.dll
[24.813s] -- Up-to-date: C:/Users/Jorge/Documents/GitHub/ArtekmedRos2/ShellScripts/string_msgs_multiple_functions_ddl/install/string_msgs_multiple_functions_ddl/lib/string_msgs_multiple_functions_ddl/dotnet/System.ComponentModel.TypeConverter.dll
[24.813s] -- Up-to-date: C:/Users/Jorge/Documents/GitHub/ArtekmedRos2/ShellScripts/string_msgs_multiple_functions_ddl/install/string_msgs_multiple_functions_ddl/lib/string_msgs_multiple_functions_ddl/dotnet/System.Configuration.dll
[24.813s] -- Up-to-date: C:/Users/Jorge/Documents/GitHub/ArtekmedRos2/ShellScripts/string_msgs_multiple_functions_ddl/install/string_msgs_multiple_functions_ddl/lib/string_msgs_multiple_functions_ddl/dotnet/System.Console.dll
[24.828s] -- Up-to-date: C:/Users/Jorge/Documents/GitHub/ArtekmedRos2/ShellScripts/string_msgs_multiple_functions_ddl/install/string_msgs_multiple_functions_ddl/lib/string_msgs_multiple_functions_ddl/dotnet/System.Core.dll
[24.844s] -- Up-to-date: C:/Users/Jorge/Documents/GitHub/ArtekmedRos2/ShellScripts/string_msgs_multiple_functions_ddl/install/string_msgs_multiple_functions_ddl/lib/string_msgs_multiple_functions_ddl/dotnet/System.Data.Common.dll
[24.844s] -- Up-to-date: C:/Users/Jorge/Documents/GitHub/ArtekmedRos2/ShellScripts/string_msgs_multiple_functions_ddl/install/string_msgs_multiple_functions_ddl/lib/string_msgs_multiple_functions_ddl/dotnet/System.Data.dll
[24.844s] -- Up-to-date: C:/Users/Jorge/Documents/GitHub/ArtekmedRos2/ShellScripts/string_msgs_multiple_functions_ddl/install/string_msgs_multiple_functions_ddl/lib/string_msgs_multiple_functions_ddl/dotnet/System.Diagnostics.Contracts.dll
[24.844s] -- Up-to-date: C:/Users/Jorge/Documents/GitHub/ArtekmedRos2/ShellScripts/string_msgs_multiple_functions_ddl/install/string_msgs_multiple_functions_ddl/lib/string_msgs_multiple_functions_ddl/dotnet/System.Diagnostics.Debug.dll
[24.859s] -- Up-to-date: C:/Users/Jorge/Documents/GitHub/ArtekmedRos2/ShellScripts/string_msgs_multiple_functions_ddl/install/string_msgs_multiple_functions_ddl/lib/string_msgs_multiple_functions_ddl/dotnet/System.Diagnostics.DiagnosticSource.dll
[24.859s] -- Up-to-date: C:/Users/Jorge/Documents/GitHub/ArtekmedRos2/ShellScripts/string_msgs_multiple_functions_ddl/install/string_msgs_multiple_functions_ddl/lib/string_msgs_multiple_functions_ddl/dotnet/System.Diagnostics.FileVersionInfo.dll
[24.875s] -- Up-to-date: C:/Users/Jorge/Documents/GitHub/ArtekmedRos2/ShellScripts/string_msgs_multiple_functions_ddl/install/string_msgs_multiple_functions_ddl/lib/string_msgs_multiple_functions_ddl/dotnet/System.Diagnostics.Process.dll
[24.891s] -- Up-to-date: C:/Users/Jorge/Documents/GitHub/ArtekmedRos2/ShellScripts/string_msgs_multiple_functions_ddl/install/string_msgs_multiple_functions_ddl/lib/string_msgs_multiple_functions_ddl/dotnet/System.Diagnostics.StackTrace.dll
[24.891s] -- Up-to-date: C:/Users/Jorge/Documents/GitHub/ArtekmedRos2/ShellScripts/string_msgs_multiple_functions_ddl/install/string_msgs_multiple_functions_ddl/lib/string_msgs_multiple_functions_ddl/dotnet/System.Diagnostics.TextWriterTraceListener.dll
[24.891s] -- Up-to-date: C:/Users/Jorge/Documents/GitHub/ArtekmedRos2/ShellScripts/string_msgs_multiple_functions_ddl/install/string_msgs_multiple_functions_ddl/lib/string_msgs_multiple_functions_ddl/dotnet/System.Diagnostics.Tools.dll
[24.891s] -- Up-to-date: C:/Users/Jorge/Documents/GitHub/ArtekmedRos2/ShellScripts/string_msgs_multiple_functions_ddl/install/string_msgs_multiple_functions_ddl/lib/string_msgs_multiple_functions_ddl/dotnet/System.Diagnostics.TraceSource.dll
[24.906s] -- Up-to-date: C:/Users/Jorge/Documents/GitHub/ArtekmedRos2/ShellScripts/string_msgs_multiple_functions_ddl/install/string_msgs_multiple_functions_ddl/lib/string_msgs_multiple_functions_ddl/dotnet/System.Diagnostics.Tracing.dll
[24.906s] -- Up-to-date: C:/Users/Jorge/Documents/GitHub/ArtekmedRos2/ShellScripts/string_msgs_multiple_functions_ddl/install/string_msgs_multiple_functions_ddl/lib/string_msgs_multiple_functions_ddl/dotnet/System.dll
[24.906s] -- Up-to-date: C:/Users/Jorge/Documents/GitHub/ArtekmedRos2/ShellScripts/string_msgs_multiple_functions_ddl/install/string_msgs_multiple_functions_ddl/lib/string_msgs_multiple_functions_ddl/dotnet/System.Drawing.dll
[24.922s] -- Up-to-date: C:/Users/Jorge/Documents/GitHub/ArtekmedRos2/ShellScripts/string_msgs_multiple_functions_ddl/install/string_msgs_multiple_functions_ddl/lib/string_msgs_multiple_functions_ddl/dotnet/System.Drawing.Primitives.dll
[24.922s] -- Up-to-date: C:/Users/Jorge/Documents/GitHub/ArtekmedRos2/ShellScripts/string_msgs_multiple_functions_ddl/install/string_msgs_multiple_functions_ddl/lib/string_msgs_multiple_functions_ddl/dotnet/System.Dynamic.Runtime.dll
[24.922s] -- Up-to-date: C:/Users/Jorge/Documents/GitHub/ArtekmedRos2/ShellScripts/string_msgs_multiple_functions_ddl/install/string_msgs_multiple_functions_ddl/lib/string_msgs_multiple_functions_ddl/dotnet/System.Globalization.Calendars.dll
[24.922s] -- Up-to-date: C:/Users/Jorge/Documents/GitHub/ArtekmedRos2/ShellScripts/string_msgs_multiple_functions_ddl/install/string_msgs_multiple_functions_ddl/lib/string_msgs_multiple_functions_ddl/dotnet/System.Globalization.dll
[24.938s] -- Up-to-date: C:/Users/Jorge/Documents/GitHub/ArtekmedRos2/ShellScripts/string_msgs_multiple_functions_ddl/install/string_msgs_multiple_functions_ddl/lib/string_msgs_multiple_functions_ddl/dotnet/System.Globalization.Extensions.dll
[24.938s] -- Up-to-date: C:/Users/Jorge/Documents/GitHub/ArtekmedRos2/ShellScripts/string_msgs_multiple_functions_ddl/install/string_msgs_multiple_functions_ddl/lib/string_msgs_multiple_functions_ddl/dotnet/System.IO.Compression.dll
[24.938s] -- Up-to-date: C:/Users/Jorge/Documents/GitHub/ArtekmedRos2/ShellScripts/string_msgs_multiple_functions_ddl/install/string_msgs_multiple_functions_ddl/lib/string_msgs_multiple_functions_ddl/dotnet/System.IO.Compression.FileSystem.dll
[24.938s] -- Up-to-date: C:/Users/Jorge/Documents/GitHub/ArtekmedRos2/ShellScripts/string_msgs_multiple_functions_ddl/install/string_msgs_multiple_functions_ddl/lib/string_msgs_multiple_functions_ddl/dotnet/System.IO.Compression.ZipFile.dll
[24.938s] -- Up-to-date: C:/Users/Jorge/Documents/GitHub/ArtekmedRos2/ShellScripts/string_msgs_multiple_functions_ddl/install/string_msgs_multiple_functions_ddl/lib/string_msgs_multiple_functions_ddl/dotnet/System.IO.dll
[24.953s] -- Up-to-date: C:/Users/Jorge/Documents/GitHub/ArtekmedRos2/ShellScripts/string_msgs_multiple_functions_ddl/install/string_msgs_multiple_functions_ddl/lib/string_msgs_multiple_functions_ddl/dotnet/System.IO.FileSystem.AccessControl.dll
[24.953s] -- Up-to-date: C:/Users/Jorge/Documents/GitHub/ArtekmedRos2/ShellScripts/string_msgs_multiple_functions_ddl/install/string_msgs_multiple_functions_ddl/lib/string_msgs_multiple_functions_ddl/dotnet/System.IO.FileSystem.dll
[24.953s] -- Up-to-date: C:/Users/Jorge/Documents/GitHub/ArtekmedRos2/ShellScripts/string_msgs_multiple_functions_ddl/install/string_msgs_multiple_functions_ddl/lib/string_msgs_multiple_functions_ddl/dotnet/System.IO.FileSystem.DriveInfo.dll
[24.969s] -- Up-to-date: C:/Users/Jorge/Documents/GitHub/ArtekmedRos2/ShellScripts/string_msgs_multiple_functions_ddl/install/string_msgs_multiple_functions_ddl/lib/string_msgs_multiple_functions_ddl/dotnet/System.IO.FileSystem.Primitives.dll
[24.969s] -- Up-to-date: C:/Users/Jorge/Documents/GitHub/ArtekmedRos2/ShellScripts/string_msgs_multiple_functions_ddl/install/string_msgs_multiple_functions_ddl/lib/string_msgs_multiple_functions_ddl/dotnet/System.IO.FileSystem.Watcher.dll
[24.969s] -- Up-to-date: C:/Users/Jorge/Documents/GitHub/ArtekmedRos2/ShellScripts/string_msgs_multiple_functions_ddl/install/string_msgs_multiple_functions_ddl/lib/string_msgs_multiple_functions_ddl/dotnet/System.IO.IsolatedStorage.dll
[24.969s] -- Up-to-date: C:/Users/Jorge/Documents/GitHub/ArtekmedRos2/ShellScripts/string_msgs_multiple_functions_ddl/install/string_msgs_multiple_functions_ddl/lib/string_msgs_multiple_functions_ddl/dotnet/System.IO.MemoryMappedFiles.dll
[24.969s] -- Up-to-date: C:/Users/Jorge/Documents/GitHub/ArtekmedRos2/ShellScripts/string_msgs_multiple_functions_ddl/install/string_msgs_multiple_functions_ddl/lib/string_msgs_multiple_functions_ddl/dotnet/System.IO.Pipes.dll
[24.984s] -- Up-to-date: C:/Users/Jorge/Documents/GitHub/ArtekmedRos2/ShellScripts/string_msgs_multiple_functions_ddl/install/string_msgs_multiple_functions_ddl/lib/string_msgs_multiple_functions_ddl/dotnet/System.IO.UnmanagedMemoryStream.dll
[25.000s] -- Up-to-date: C:/Users/Jorge/Documents/GitHub/ArtekmedRos2/ShellScripts/string_msgs_multiple_functions_ddl/install/string_msgs_multiple_functions_ddl/lib/string_msgs_multiple_functions_ddl/dotnet/System.Linq.dll
[25.000s] -- Up-to-date: C:/Users/Jorge/Documents/GitHub/ArtekmedRos2/ShellScripts/string_msgs_multiple_functions_ddl/install/string_msgs_multiple_functions_ddl/lib/string_msgs_multiple_functions_ddl/dotnet/System.Linq.Expressions.dll
[25.000s] -- Up-to-date: C:/Users/Jorge/Documents/GitHub/ArtekmedRos2/ShellScripts/string_msgs_multiple_functions_ddl/install/string_msgs_multiple_functions_ddl/lib/string_msgs_multiple_functions_ddl/dotnet/System.Linq.Parallel.dll
[25.016s] -- Up-to-date: C:/Users/Jorge/Documents/GitHub/ArtekmedRos2/ShellScripts/string_msgs_multiple_functions_ddl/install/string_msgs_multiple_functions_ddl/lib/string_msgs_multiple_functions_ddl/dotnet/System.Linq.Queryable.dll
[25.016s] -- Up-to-date: C:/Users/Jorge/Documents/GitHub/ArtekmedRos2/ShellScripts/string_msgs_multiple_functions_ddl/install/string_msgs_multiple_functions_ddl/lib/string_msgs_multiple_functions_ddl/dotnet/System.Net.dll
[25.016s] -- Up-to-date: C:/Users/Jorge/Documents/GitHub/ArtekmedRos2/ShellScripts/string_msgs_multiple_functions_ddl/install/string_msgs_multiple_functions_ddl/lib/string_msgs_multiple_functions_ddl/dotnet/System.Net.Http.dll
[25.016s] -- Up-to-date: C:/Users/Jorge/Documents/GitHub/ArtekmedRos2/ShellScripts/string_msgs_multiple_functions_ddl/install/string_msgs_multiple_functions_ddl/lib/string_msgs_multiple_functions_ddl/dotnet/System.Net.HttpListener.dll
[25.031s] -- Up-to-date: C:/Users/Jorge/Documents/GitHub/ArtekmedRos2/ShellScripts/string_msgs_multiple_functions_ddl/install/string_msgs_multiple_functions_ddl/lib/string_msgs_multiple_functions_ddl/dotnet/System.Net.Mail.dll
[25.031s] -- Up-to-date: C:/Users/Jorge/Documents/GitHub/ArtekmedRos2/ShellScripts/string_msgs_multiple_functions_ddl/install/string_msgs_multiple_functions_ddl/lib/string_msgs_multiple_functions_ddl/dotnet/System.Net.NameResolution.dll
[25.031s] -- Up-to-date: C:/Users/Jorge/Documents/GitHub/ArtekmedRos2/ShellScripts/string_msgs_multiple_functions_ddl/install/string_msgs_multiple_functions_ddl/lib/string_msgs_multiple_functions_ddl/dotnet/System.Net.NetworkInformation.dll
[25.047s] -- Up-to-date: C:/Users/Jorge/Documents/GitHub/ArtekmedRos2/ShellScripts/string_msgs_multiple_functions_ddl/install/string_msgs_multiple_functions_ddl/lib/string_msgs_multiple_functions_ddl/dotnet/System.Net.Ping.dll
[25.047s] -- Up-to-date: C:/Users/Jorge/Documents/GitHub/ArtekmedRos2/ShellScripts/string_msgs_multiple_functions_ddl/install/string_msgs_multiple_functions_ddl/lib/string_msgs_multiple_functions_ddl/dotnet/System.Net.Primitives.dll
[25.047s] -- Up-to-date: C:/Users/Jorge/Documents/GitHub/ArtekmedRos2/ShellScripts/string_msgs_multiple_functions_ddl/install/string_msgs_multiple_functions_ddl/lib/string_msgs_multiple_functions_ddl/dotnet/System.Net.Requests.dll
[25.047s] -- Up-to-date: C:/Users/Jorge/Documents/GitHub/ArtekmedRos2/ShellScripts/string_msgs_multiple_functions_ddl/install/string_msgs_multiple_functions_ddl/lib/string_msgs_multiple_functions_ddl/dotnet/System.Net.Security.dll
[25.063s] -- Up-to-date: C:/Users/Jorge/Documents/GitHub/ArtekmedRos2/ShellScripts/string_msgs_multiple_functions_ddl/install/string_msgs_multiple_functions_ddl/lib/string_msgs_multiple_functions_ddl/dotnet/System.Net.ServicePoint.dll
[25.063s] -- Up-to-date: C:/Users/Jorge/Documents/GitHub/ArtekmedRos2/ShellScripts/string_msgs_multiple_functions_ddl/install/string_msgs_multiple_functions_ddl/lib/string_msgs_multiple_functions_ddl/dotnet/System.Net.Sockets.dll
[25.063s] -- Up-to-date: C:/Users/Jorge/Documents/GitHub/ArtekmedRos2/ShellScripts/string_msgs_multiple_functions_ddl/install/string_msgs_multiple_functions_ddl/lib/string_msgs_multiple_functions_ddl/dotnet/System.Net.WebClient.dll
[25.063s] -- Up-to-date: C:/Users/Jorge/Documents/GitHub/ArtekmedRos2/ShellScripts/string_msgs_multiple_functions_ddl/install/string_msgs_multiple_functions_ddl/lib/string_msgs_multiple_functions_ddl/dotnet/System.Net.WebHeaderCollection.dll
[25.063s] -- Up-to-date: C:/Users/Jorge/Documents/GitHub/ArtekmedRos2/ShellScripts/string_msgs_multiple_functions_ddl/install/string_msgs_multiple_functions_ddl/lib/string_msgs_multiple_functions_ddl/dotnet/System.Net.WebProxy.dll
[25.078s] -- Up-to-date: C:/Users/Jorge/Documents/GitHub/ArtekmedRos2/ShellScripts/string_msgs_multiple_functions_ddl/install/string_msgs_multiple_functions_ddl/lib/string_msgs_multiple_functions_ddl/dotnet/System.Net.WebSockets.Client.dll
[25.078s] -- Up-to-date: C:/Users/Jorge/Documents/GitHub/ArtekmedRos2/ShellScripts/string_msgs_multiple_functions_ddl/install/string_msgs_multiple_functions_ddl/lib/string_msgs_multiple_functions_ddl/dotnet/System.Net.WebSockets.dll
[25.078s] -- Up-to-date: C:/Users/Jorge/Documents/GitHub/ArtekmedRos2/ShellScripts/string_msgs_multiple_functions_ddl/install/string_msgs_multiple_functions_ddl/lib/string_msgs_multiple_functions_ddl/dotnet/System.Numerics.dll
[25.078s] -- Up-to-date: C:/Users/Jorge/Documents/GitHub/ArtekmedRos2/ShellScripts/string_msgs_multiple_functions_ddl/install/string_msgs_multiple_functions_ddl/lib/string_msgs_multiple_functions_ddl/dotnet/System.Numerics.Vectors.dll
[25.094s] -- Up-to-date: C:/Users/Jorge/Documents/GitHub/ArtekmedRos2/ShellScripts/string_msgs_multiple_functions_ddl/install/string_msgs_multiple_functions_ddl/lib/string_msgs_multiple_functions_ddl/dotnet/System.ObjectModel.dll
[25.094s] -- Up-to-date: C:/Users/Jorge/Documents/GitHub/ArtekmedRos2/ShellScripts/string_msgs_multiple_functions_ddl/install/string_msgs_multiple_functions_ddl/lib/string_msgs_multiple_functions_ddl/dotnet/System.Private.CoreLib.dll
[25.094s] -- Up-to-date: C:/Users/Jorge/Documents/GitHub/ArtekmedRos2/ShellScripts/string_msgs_multiple_functions_ddl/install/string_msgs_multiple_functions_ddl/lib/string_msgs_multiple_functions_ddl/dotnet/System.Private.DataContractSerialization.dll
[25.094s] -- Up-to-date: C:/Users/Jorge/Documents/GitHub/ArtekmedRos2/ShellScripts/string_msgs_multiple_functions_ddl/install/string_msgs_multiple_functions_ddl/lib/string_msgs_multiple_functions_ddl/dotnet/System.Private.Uri.dll
[25.109s] -- Up-to-date: C:/Users/Jorge/Documents/GitHub/ArtekmedRos2/ShellScripts/string_msgs_multiple_functions_ddl/install/string_msgs_multiple_functions_ddl/lib/string_msgs_multiple_functions_ddl/dotnet/System.Private.Xml.dll
[25.109s] -- Up-to-date: C:/Users/Jorge/Documents/GitHub/ArtekmedRos2/ShellScripts/string_msgs_multiple_functions_ddl/install/string_msgs_multiple_functions_ddl/lib/string_msgs_multiple_functions_ddl/dotnet/System.Private.Xml.Linq.dll
[25.125s] -- Up-to-date: C:/Users/Jorge/Documents/GitHub/ArtekmedRos2/ShellScripts/string_msgs_multiple_functions_ddl/install/string_msgs_multiple_functions_ddl/lib/string_msgs_multiple_functions_ddl/dotnet/System.Reflection.DispatchProxy.dll
[25.125s] -- Up-to-date: C:/Users/Jorge/Documents/GitHub/ArtekmedRos2/ShellScripts/string_msgs_multiple_functions_ddl/install/string_msgs_multiple_functions_ddl/lib/string_msgs_multiple_functions_ddl/dotnet/System.Reflection.dll
[25.125s] -- Up-to-date: C:/Users/Jorge/Documents/GitHub/ArtekmedRos2/ShellScripts/string_msgs_multiple_functions_ddl/install/string_msgs_multiple_functions_ddl/lib/string_msgs_multiple_functions_ddl/dotnet/System.Reflection.Emit.dll
[25.125s] -- Up-to-date: C:/Users/Jorge/Documents/GitHub/ArtekmedRos2/ShellScripts/string_msgs_multiple_functions_ddl/install/string_msgs_multiple_functions_ddl/lib/string_msgs_multiple_functions_ddl/dotnet/System.Reflection.Emit.ILGeneration.dll
[25.141s] -- Up-to-date: C:/Users/Jorge/Documents/GitHub/ArtekmedRos2/ShellScripts/string_msgs_multiple_functions_ddl/install/string_msgs_multiple_functions_ddl/lib/string_msgs_multiple_functions_ddl/dotnet/System.Reflection.Emit.Lightweight.dll
[25.141s] -- Up-to-date: C:/Users/Jorge/Documents/GitHub/ArtekmedRos2/ShellScripts/string_msgs_multiple_functions_ddl/install/string_msgs_multiple_functions_ddl/lib/string_msgs_multiple_functions_ddl/dotnet/System.Reflection.Extensions.dll
[25.141s] -- Up-to-date: C:/Users/Jorge/Documents/GitHub/ArtekmedRos2/ShellScripts/string_msgs_multiple_functions_ddl/install/string_msgs_multiple_functions_ddl/lib/string_msgs_multiple_functions_ddl/dotnet/System.Reflection.Metadata.dll
[25.141s] -- Up-to-date: C:/Users/Jorge/Documents/GitHub/ArtekmedRos2/ShellScripts/string_msgs_multiple_functions_ddl/install/string_msgs_multiple_functions_ddl/lib/string_msgs_multiple_functions_ddl/dotnet/System.Reflection.Primitives.dll
[25.156s] -- Up-to-date: C:/Users/Jorge/Documents/GitHub/ArtekmedRos2/ShellScripts/string_msgs_multiple_functions_ddl/install/string_msgs_multiple_functions_ddl/lib/string_msgs_multiple_functions_ddl/dotnet/System.Reflection.TypeExtensions.dll
[25.156s] -- Up-to-date: C:/Users/Jorge/Documents/GitHub/ArtekmedRos2/ShellScripts/string_msgs_multiple_functions_ddl/install/string_msgs_multiple_functions_ddl/lib/string_msgs_multiple_functions_ddl/dotnet/System.Resources.Reader.dll
[25.156s] -- Up-to-date: C:/Users/Jorge/Documents/GitHub/ArtekmedRos2/ShellScripts/string_msgs_multiple_functions_ddl/install/string_msgs_multiple_functions_ddl/lib/string_msgs_multiple_functions_ddl/dotnet/System.Resources.ResourceManager.dll
[25.172s] -- Up-to-date: C:/Users/Jorge/Documents/GitHub/ArtekmedRos2/ShellScripts/string_msgs_multiple_functions_ddl/install/string_msgs_multiple_functions_ddl/lib/string_msgs_multiple_functions_ddl/dotnet/System.Resources.Writer.dll
[25.172s] -- Up-to-date: C:/Users/Jorge/Documents/GitHub/ArtekmedRos2/ShellScripts/string_msgs_multiple_functions_ddl/install/string_msgs_multiple_functions_ddl/lib/string_msgs_multiple_functions_ddl/dotnet/System.Runtime.CompilerServices.VisualC.dll
[25.172s] -- Up-to-date: C:/Users/Jorge/Documents/GitHub/ArtekmedRos2/ShellScripts/string_msgs_multiple_functions_ddl/install/string_msgs_multiple_functions_ddl/lib/string_msgs_multiple_functions_ddl/dotnet/System.Runtime.dll
[25.172s] -- Up-to-date: C:/Users/Jorge/Documents/GitHub/ArtekmedRos2/ShellScripts/string_msgs_multiple_functions_ddl/install/string_msgs_multiple_functions_ddl/lib/string_msgs_multiple_functions_ddl/dotnet/System.Runtime.Extensions.dll
[25.188s] -- Up-to-date: C:/Users/Jorge/Documents/GitHub/ArtekmedRos2/ShellScripts/string_msgs_multiple_functions_ddl/install/string_msgs_multiple_functions_ddl/lib/string_msgs_multiple_functions_ddl/dotnet/System.Runtime.Handles.dll
[25.188s] -- Up-to-date: C:/Users/Jorge/Documents/GitHub/ArtekmedRos2/ShellScripts/string_msgs_multiple_functions_ddl/install/string_msgs_multiple_functions_ddl/lib/string_msgs_multiple_functions_ddl/dotnet/System.Runtime.InteropServices.dll
[25.188s] -- Up-to-date: C:/Users/Jorge/Documents/GitHub/ArtekmedRos2/ShellScripts/string_msgs_multiple_functions_ddl/install/string_msgs_multiple_functions_ddl/lib/string_msgs_multiple_functions_ddl/dotnet/System.Runtime.InteropServices.RuntimeInformation.dll
[25.188s] -- Up-to-date: C:/Users/Jorge/Documents/GitHub/ArtekmedRos2/ShellScripts/string_msgs_multiple_functions_ddl/install/string_msgs_multiple_functions_ddl/lib/string_msgs_multiple_functions_ddl/dotnet/System.Runtime.InteropServices.WindowsRuntime.dll
[25.203s] -- Up-to-date: C:/Users/Jorge/Documents/GitHub/ArtekmedRos2/ShellScripts/string_msgs_multiple_functions_ddl/install/string_msgs_multiple_functions_ddl/lib/string_msgs_multiple_functions_ddl/dotnet/System.Runtime.Loader.dll
[25.203s] -- Up-to-date: C:/Users/Jorge/Documents/GitHub/ArtekmedRos2/ShellScripts/string_msgs_multiple_functions_ddl/install/string_msgs_multiple_functions_ddl/lib/string_msgs_multiple_functions_ddl/dotnet/System.Runtime.Numerics.dll
[25.203s] -- Up-to-date: C:/Users/Jorge/Documents/GitHub/ArtekmedRos2/ShellScripts/string_msgs_multiple_functions_ddl/install/string_msgs_multiple_functions_ddl/lib/string_msgs_multiple_functions_ddl/dotnet/System.Runtime.Serialization.dll
[25.203s] -- Up-to-date: C:/Users/Jorge/Documents/GitHub/ArtekmedRos2/ShellScripts/string_msgs_multiple_functions_ddl/install/string_msgs_multiple_functions_ddl/lib/string_msgs_multiple_functions_ddl/dotnet/System.Runtime.Serialization.Formatters.dll
[25.219s] -- Up-to-date: C:/Users/Jorge/Documents/GitHub/ArtekmedRos2/ShellScripts/string_msgs_multiple_functions_ddl/install/string_msgs_multiple_functions_ddl/lib/string_msgs_multiple_functions_ddl/dotnet/System.Runtime.Serialization.Json.dll
[25.234s] -- Up-to-date: C:/Users/Jorge/Documents/GitHub/ArtekmedRos2/ShellScripts/string_msgs_multiple_functions_ddl/install/string_msgs_multiple_functions_ddl/lib/string_msgs_multiple_functions_ddl/dotnet/System.Runtime.Serialization.Primitives.dll
[25.234s] -- Up-to-date: C:/Users/Jorge/Documents/GitHub/ArtekmedRos2/ShellScripts/string_msgs_multiple_functions_ddl/install/string_msgs_multiple_functions_ddl/lib/string_msgs_multiple_functions_ddl/dotnet/System.Runtime.Serialization.Xml.dll
[25.234s] -- Up-to-date: C:/Users/Jorge/Documents/GitHub/ArtekmedRos2/ShellScripts/string_msgs_multiple_functions_ddl/install/string_msgs_multiple_functions_ddl/lib/string_msgs_multiple_functions_ddl/dotnet/System.Security.AccessControl.dll
[25.250s] -- Up-to-date: C:/Users/Jorge/Documents/GitHub/ArtekmedRos2/ShellScripts/string_msgs_multiple_functions_ddl/install/string_msgs_multiple_functions_ddl/lib/string_msgs_multiple_functions_ddl/dotnet/System.Security.Claims.dll
[25.250s] -- Up-to-date: C:/Users/Jorge/Documents/GitHub/ArtekmedRos2/ShellScripts/string_msgs_multiple_functions_ddl/install/string_msgs_multiple_functions_ddl/lib/string_msgs_multiple_functions_ddl/dotnet/System.Security.Cryptography.Algorithms.dll
[25.250s] -- Up-to-date: C:/Users/Jorge/Documents/GitHub/ArtekmedRos2/ShellScripts/string_msgs_multiple_functions_ddl/install/string_msgs_multiple_functions_ddl/lib/string_msgs_multiple_functions_ddl/dotnet/System.Security.Cryptography.Cng.dll
[25.250s] -- Up-to-date: C:/Users/Jorge/Documents/GitHub/ArtekmedRos2/ShellScripts/string_msgs_multiple_functions_ddl/install/string_msgs_multiple_functions_ddl/lib/string_msgs_multiple_functions_ddl/dotnet/System.Security.Cryptography.Csp.dll
[25.266s] -- Up-to-date: C:/Users/Jorge/Documents/GitHub/ArtekmedRos2/ShellScripts/string_msgs_multiple_functions_ddl/install/string_msgs_multiple_functions_ddl/lib/string_msgs_multiple_functions_ddl/dotnet/System.Security.Cryptography.Encoding.dll
[25.266s] -- Up-to-date: C:/Users/Jorge/Documents/GitHub/ArtekmedRos2/ShellScripts/string_msgs_multiple_functions_ddl/install/string_msgs_multiple_functions_ddl/lib/string_msgs_multiple_functions_ddl/dotnet/System.Security.Cryptography.OpenSsl.dll
[25.281s] -- Up-to-date: C:/Users/Jorge/Documents/GitHub/ArtekmedRos2/ShellScripts/string_msgs_multiple_functions_ddl/install/string_msgs_multiple_functions_ddl/lib/string_msgs_multiple_functions_ddl/dotnet/System.Security.Cryptography.Primitives.dll
[25.281s] -- Up-to-date: C:/Users/Jorge/Documents/GitHub/ArtekmedRos2/ShellScripts/string_msgs_multiple_functions_ddl/install/string_msgs_multiple_functions_ddl/lib/string_msgs_multiple_functions_ddl/dotnet/System.Security.Cryptography.X509Certificates.dll
[25.281s] -- Up-to-date: C:/Users/Jorge/Documents/GitHub/ArtekmedRos2/ShellScripts/string_msgs_multiple_functions_ddl/install/string_msgs_multiple_functions_ddl/lib/string_msgs_multiple_functions_ddl/dotnet/System.Security.dll
[25.281s] -- Up-to-date: C:/Users/Jorge/Documents/GitHub/ArtekmedRos2/ShellScripts/string_msgs_multiple_functions_ddl/install/string_msgs_multiple_functions_ddl/lib/string_msgs_multiple_functions_ddl/dotnet/System.Security.Principal.dll
[25.297s] -- Up-to-date: C:/Users/Jorge/Documents/GitHub/ArtekmedRos2/ShellScripts/string_msgs_multiple_functions_ddl/install/string_msgs_multiple_functions_ddl/lib/string_msgs_multiple_functions_ddl/dotnet/System.Security.Principal.Windows.dll
[25.297s] -- Up-to-date: C:/Users/Jorge/Documents/GitHub/ArtekmedRos2/ShellScripts/string_msgs_multiple_functions_ddl/install/string_msgs_multiple_functions_ddl/lib/string_msgs_multiple_functions_ddl/dotnet/System.Security.SecureString.dll
[25.297s] -- Up-to-date: C:/Users/Jorge/Documents/GitHub/ArtekmedRos2/ShellScripts/string_msgs_multiple_functions_ddl/install/string_msgs_multiple_functions_ddl/lib/string_msgs_multiple_functions_ddl/dotnet/System.ServiceModel.Web.dll
[25.297s] -- Up-to-date: C:/Users/Jorge/Documents/GitHub/ArtekmedRos2/ShellScripts/string_msgs_multiple_functions_ddl/install/string_msgs_multiple_functions_ddl/lib/string_msgs_multiple_functions_ddl/dotnet/System.ServiceProcess.dll
[25.297s] -- Up-to-date: C:/Users/Jorge/Documents/GitHub/ArtekmedRos2/ShellScripts/string_msgs_multiple_functions_ddl/install/string_msgs_multiple_functions_ddl/lib/string_msgs_multiple_functions_ddl/dotnet/System.Text.Encoding.dll
[25.313s] -- Up-to-date: C:/Users/Jorge/Documents/GitHub/ArtekmedRos2/ShellScripts/string_msgs_multiple_functions_ddl/install/string_msgs_multiple_functions_ddl/lib/string_msgs_multiple_functions_ddl/dotnet/System.Text.Encoding.Extensions.dll
[25.313s] -- Up-to-date: C:/Users/Jorge/Documents/GitHub/ArtekmedRos2/ShellScripts/string_msgs_multiple_functions_ddl/install/string_msgs_multiple_functions_ddl/lib/string_msgs_multiple_functions_ddl/dotnet/System.Text.RegularExpressions.dll
[25.313s] -- Up-to-date: C:/Users/Jorge/Documents/GitHub/ArtekmedRos2/ShellScripts/string_msgs_multiple_functions_ddl/install/string_msgs_multiple_functions_ddl/lib/string_msgs_multiple_functions_ddl/dotnet/System.Threading.dll
[25.328s] -- Up-to-date: C:/Users/Jorge/Documents/GitHub/ArtekmedRos2/ShellScripts/string_msgs_multiple_functions_ddl/install/string_msgs_multiple_functions_ddl/lib/string_msgs_multiple_functions_ddl/dotnet/System.Threading.Overlapped.dll
[25.328s] -- Up-to-date: C:/Users/Jorge/Documents/GitHub/ArtekmedRos2/ShellScripts/string_msgs_multiple_functions_ddl/install/string_msgs_multiple_functions_ddl/lib/string_msgs_multiple_functions_ddl/dotnet/System.Threading.Tasks.Dataflow.dll
[25.328s] -- Up-to-date: C:/Users/Jorge/Documents/GitHub/ArtekmedRos2/ShellScripts/string_msgs_multiple_functions_ddl/install/string_msgs_multiple_functions_ddl/lib/string_msgs_multiple_functions_ddl/dotnet/System.Threading.Tasks.dll
[25.328s] -- Up-to-date: C:/Users/Jorge/Documents/GitHub/ArtekmedRos2/ShellScripts/string_msgs_multiple_functions_ddl/install/string_msgs_multiple_functions_ddl/lib/string_msgs_multiple_functions_ddl/dotnet/System.Threading.Tasks.Extensions.dll
[25.344s] -- Up-to-date: C:/Users/Jorge/Documents/GitHub/ArtekmedRos2/ShellScripts/string_msgs_multiple_functions_ddl/install/string_msgs_multiple_functions_ddl/lib/string_msgs_multiple_functions_ddl/dotnet/System.Threading.Tasks.Parallel.dll
[25.344s] -- Up-to-date: C:/Users/Jorge/Documents/GitHub/ArtekmedRos2/ShellScripts/string_msgs_multiple_functions_ddl/install/string_msgs_multiple_functions_ddl/lib/string_msgs_multiple_functions_ddl/dotnet/System.Threading.Thread.dll
[25.344s] -- Up-to-date: C:/Users/Jorge/Documents/GitHub/ArtekmedRos2/ShellScripts/string_msgs_multiple_functions_ddl/install/string_msgs_multiple_functions_ddl/lib/string_msgs_multiple_functions_ddl/dotnet/System.Threading.ThreadPool.dll
[25.344s] -- Up-to-date: C:/Users/Jorge/Documents/GitHub/ArtekmedRos2/ShellScripts/string_msgs_multiple_functions_ddl/install/string_msgs_multiple_functions_ddl/lib/string_msgs_multiple_functions_ddl/dotnet/System.Threading.Timer.dll
[25.359s] -- Up-to-date: C:/Users/Jorge/Documents/GitHub/ArtekmedRos2/ShellScripts/string_msgs_multiple_functions_ddl/install/string_msgs_multiple_functions_ddl/lib/string_msgs_multiple_functions_ddl/dotnet/System.Transactions.dll
[25.359s] -- Up-to-date: C:/Users/Jorge/Documents/GitHub/ArtekmedRos2/ShellScripts/string_msgs_multiple_functions_ddl/install/string_msgs_multiple_functions_ddl/lib/string_msgs_multiple_functions_ddl/dotnet/System.Transactions.Local.dll
[25.359s] -- Up-to-date: C:/Users/Jorge/Documents/GitHub/ArtekmedRos2/ShellScripts/string_msgs_multiple_functions_ddl/install/string_msgs_multiple_functions_ddl/lib/string_msgs_multiple_functions_ddl/dotnet/System.ValueTuple.dll
[25.359s] -- Up-to-date: C:/Users/Jorge/Documents/GitHub/ArtekmedRos2/ShellScripts/string_msgs_multiple_functions_ddl/install/string_msgs_multiple_functions_ddl/lib/string_msgs_multiple_functions_ddl/dotnet/System.Web.dll
[25.391s] -- Up-to-date: C:/Users/Jorge/Documents/GitHub/ArtekmedRos2/ShellScripts/string_msgs_multiple_functions_ddl/install/string_msgs_multiple_functions_ddl/lib/string_msgs_multiple_functions_ddl/dotnet/System.Web.HttpUtility.dll
[25.391s] -- Up-to-date: C:/Users/Jorge/Documents/GitHub/ArtekmedRos2/ShellScripts/string_msgs_multiple_functions_ddl/install/string_msgs_multiple_functions_ddl/lib/string_msgs_multiple_functions_ddl/dotnet/System.Windows.dll
[25.406s] -- Up-to-date: C:/Users/Jorge/Documents/GitHub/ArtekmedRos2/ShellScripts/string_msgs_multiple_functions_ddl/install/string_msgs_multiple_functions_ddl/lib/string_msgs_multiple_functions_ddl/dotnet/System.Xml.dll
[25.406s] -- Up-to-date: C:/Users/Jorge/Documents/GitHub/ArtekmedRos2/ShellScripts/string_msgs_multiple_functions_ddl/install/string_msgs_multiple_functions_ddl/lib/string_msgs_multiple_functions_ddl/dotnet/System.Xml.Linq.dll
[25.422s] -- Up-to-date: C:/Users/Jorge/Documents/GitHub/ArtekmedRos2/ShellScripts/string_msgs_multiple_functions_ddl/install/string_msgs_multiple_functions_ddl/lib/string_msgs_multiple_functions_ddl/dotnet/System.Xml.ReaderWriter.dll
[25.422s] -- Up-to-date: C:/Users/Jorge/Documents/GitHub/ArtekmedRos2/ShellScripts/string_msgs_multiple_functions_ddl/install/string_msgs_multiple_functions_ddl/lib/string_msgs_multiple_functions_ddl/dotnet/System.Xml.Serialization.dll
[25.438s] -- Up-to-date: C:/Users/Jorge/Documents/GitHub/ArtekmedRos2/ShellScripts/string_msgs_multiple_functions_ddl/install/string_msgs_multiple_functions_ddl/lib/string_msgs_multiple_functions_ddl/dotnet/System.Xml.XDocument.dll
[25.453s] -- Up-to-date: C:/Users/Jorge/Documents/GitHub/ArtekmedRos2/ShellScripts/string_msgs_multiple_functions_ddl/install/string_msgs_multiple_functions_ddl/lib/string_msgs_multiple_functions_ddl/dotnet/System.Xml.XmlDocument.dll
[25.453s] -- Up-to-date: C:/Users/Jorge/Documents/GitHub/ArtekmedRos2/ShellScripts/string_msgs_multiple_functions_ddl/install/string_msgs_multiple_functions_ddl/lib/string_msgs_multiple_functions_ddl/dotnet/System.Xml.XmlSerializer.dll
[25.453s] -- Up-to-date: C:/Users/Jorge/Documents/GitHub/ArtekmedRos2/ShellScripts/string_msgs_multiple_functions_ddl/install/string_msgs_multiple_functions_ddl/lib/string_msgs_multiple_functions_ddl/dotnet/System.Xml.XPath.dll
[25.469s] -- Up-to-date: C:/Users/Jorge/Documents/GitHub/ArtekmedRos2/ShellScripts/string_msgs_multiple_functions_ddl/install/string_msgs_multiple_functions_ddl/lib/string_msgs_multiple_functions_ddl/dotnet/System.Xml.XPath.XDocument.dll
[25.469s] -- Up-to-date: C:/Users/Jorge/Documents/GitHub/ArtekmedRos2/ShellScripts/string_msgs_multiple_functions_ddl/install/string_msgs_multiple_functions_ddl/lib/string_msgs_multiple_functions_ddl/dotnet/ucrtbase.dll
[25.469s] -- Up-to-date: C:/Users/Jorge/Documents/GitHub/ArtekmedRos2/ShellScripts/string_msgs_multiple_functions_ddl/install/string_msgs_multiple_functions_ddl/lib/string_msgs_multiple_functions_ddl/dotnet/WindowsBase.dll
[25.484s] -- Up-to-date: C:/Users/Jorge/Documents/GitHub/ArtekmedRos2/ShellScripts/string_msgs_multiple_functions_ddl/install/string_msgs_multiple_functions_ddl/lib/string_msgs_multiple_functions_ddl/string_msgs_multiple_functions_ddl.bat
[25.484s] -- Up-to-date: C:/Users/Jorge/Documents/GitHub/ArtekmedRos2/ShellScripts/string_msgs_multiple_functions_ddl/install/string_msgs_multiple_functions_ddl/share/ament_index/resource_index/package_run_dependencies/string_msgs_multiple_functions_ddl
[25.484s] -- Up-to-date: C:/Users/Jorge/Documents/GitHub/ArtekmedRos2/ShellScripts/string_msgs_multiple_functions_ddl/install/string_msgs_multiple_functions_ddl/share/ament_index/resource_index/parent_prefix_path/string_msgs_multiple_functions_ddl
[25.500s] -- Up-to-date: C:/Users/Jorge/Documents/GitHub/ArtekmedRos2/ShellScripts/string_msgs_multiple_functions_ddl/install/string_msgs_multiple_functions_ddl/share/string_msgs_multiple_functions_ddl/environment/ament_prefix_path.bat
[25.500s] -- Installing: C:/Users/Jorge/Documents/GitHub/ArtekmedRos2/ShellScripts/string_msgs_multiple_functions_ddl/install/string_msgs_multiple_functions_ddl/share/string_msgs_multiple_functions_ddl/environment/ament_prefix_path.dsv
[25.500s] -- Up-to-date: C:/Users/Jorge/Documents/GitHub/ArtekmedRos2/ShellScripts/string_msgs_multiple_functions_ddl/install/string_msgs_multiple_functions_ddl/share/string_msgs_multiple_functions_ddl/environment/path.bat
[25.516s] -- Installing: C:/Users/Jorge/Documents/GitHub/ArtekmedRos2/ShellScripts/string_msgs_multiple_functions_ddl/install/string_msgs_multiple_functions_ddl/share/string_msgs_multiple_functions_ddl/environment/path.dsv
[25.516s] -- Up-to-date: C:/Users/Jorge/Documents/GitHub/ArtekmedRos2/ShellScripts/string_msgs_multiple_functions_ddl/install/string_msgs_multiple_functions_ddl/share/string_msgs_multiple_functions_ddl/local_setup.bat
[25.531s] -- Installing: C:/Users/Jorge/Documents/GitHub/ArtekmedRos2/ShellScripts/string_msgs_multiple_functions_ddl/install/string_msgs_multiple_functions_ddl/share/string_msgs_multiple_functions_ddl/local_setup.dsv
[25.563s] -- Installing: C:/Users/Jorge/Documents/GitHub/ArtekmedRos2/ShellScripts/string_msgs_multiple_functions_ddl/install/string_msgs_multiple_functions_ddl/share/string_msgs_multiple_functions_ddl/package.dsv
[25.563s] -- Up-to-date: C:/Users/Jorge/Documents/GitHub/ArtekmedRos2/ShellScripts/string_msgs_multiple_functions_ddl/install/string_msgs_multiple_functions_ddl/share/ament_index/resource_index/packages/string_msgs_multiple_functions_ddl
[25.563s] -- Up-to-date: C:/Users/Jorge/Documents/GitHub/ArtekmedRos2/ShellScripts/string_msgs_multiple_functions_ddl/install/string_msgs_multiple_functions_ddl/share/string_msgs_multiple_functions_ddl/cmake/string_msgs_multiple_functions_ddlConfig.cmake
[25.578s] -- Up-to-date: C:/Users/Jorge/Documents/GitHub/ArtekmedRos2/ShellScripts/string_msgs_multiple_functions_ddl/install/string_msgs_multiple_functions_ddl/share/string_msgs_multiple_functions_ddl/cmake/string_msgs_multiple_functions_ddlConfig-version.cmake
[25.578s] -- Up-to-date: C:/Users/Jorge/Documents/GitHub/ArtekmedRos2/ShellScripts/string_msgs_multiple_functions_ddl/install/string_msgs_multiple_functions_ddl/share/string_msgs_multiple_functions_ddl/package.xml
[25.625s] Invoked command in 'c:\Users\Jorge\Documents\GitHub\ArtekmedRos2\ShellScripts\string_msgs_multiple_functions_ddl\build\string_msgs_multiple_functions_ddl' returned '0': CMAKE_PREFIX_PATH=%CMAKE_PREFIX_PATH%;c:\opt\ros2_dotnet_ws\install\sensor_msgs_py c:\opt\ros\foxy\x64\Scripts\cmake.EXE --install c:\Users\Jorge\Documents\GitHub\ArtekmedRos2\ShellScripts\string_msgs_multiple_functions_ddl\build\string_msgs_multiple_functions_ddl --config Release
