[0.437s] Invoking command in 'c:\Users\Jorge\Documents\GitHub\ArtekmedRos2\ShellScripts\string_msgs_multiple_functions_ddl\build\string_msgs_multiple_functions_ddl': CMAKE_PREFIX_PATH=%CMAKE_PREFIX_PATH%;c:\opt\ros2_dotnet_ws\install\sensor_msgs_py c:\opt\ros\foxy\x64\Scripts\cmake.EXE c:\Users\Jorge\Documents\GitHub\ArtekmedRos2\ShellScripts\string_msgs_multiple_functions_ddl -DCMAKE_INSTALL_PREFIX=c:\Users\Jorge\Documents\GitHub\ArtekmedRos2\ShellScripts\string_msgs_multiple_functions_ddl\install\string_msgs_multiple_functions_ddl
[0.968s] -- Selecting Windows SDK version 10.0.22000.0 to target Windows 10.0.22621.
[1.093s] -- Found ament_cmake: 0.9.9 (C:/opt/ros/foxy/x64/share/ament_cmake/cmake)
[1.375s] -- Using PYTHON_EXECUTABLE: C:/opt/ros/foxy/x64/python.exe
[3.546s] -- Found rcldotnet: 0.0.0 (C:/opt/ros2_dotnet_ws/install/rcldotnet/share/rcldotnet/cmake)
[3.953s] -- Found rosidl_adapter: 1.3.0 (C:/opt/ros2_dotnet_ws/install/rosidl_adapter/share/rosidl_adapter/cmake)
[4.125s] -- Using all available rosidl_typesupport_c: rosidl_typesupport_introspection_c;rosidl_typesupport_fastrtps_c
[4.921s] -- Using all available rosidl_typesupport_cpp: rosidl_typesupport_introspection_cpp;rosidl_typesupport_fastrtps_cpp
[5.312s] -- Found rmw_implementation_cmake: 1.0.3 (C:/opt/ros/foxy/x64/share/rmw_implementation_cmake/cmake)
[5.343s] -- Using RMW implementation 'rmw_fastrtps_cpp' as default
[5.484s] -- Found rcldotnet_common: 0.0.0 (C:/opt/ros2_dotnet_ws/install/rcldotnet_common/share/rcldotnet_common/cmake)
[5.500s] -- Found dotnet_cmake_module: 0.0.0 (C:/opt/ros2_dotnet_ws/install/dotnet_cmake_module/share/dotnet_cmake_module/cmake)
[5.937s] CMake Warning (dev) at C:/opt/ros/foxy/x64/Lib/site-packages/cmake/data/share/cmake-3.18/Modules/FindPackageHandleStandardArgs.cmake:273 (message):
[5.937s]   The package name passed to `find_package_handle_standard_args`
[5.953s]   (DOTNET_CORE) does not match the name of the calling package (DotNetCore).
[5.953s]   This can lead to problems in calling code that expects `find_package`
[5.953s]   result variables (e.g., `_FOUND`) to follow a certain pattern.
[5.953s] Call Stack (most recent call first):
[5.953s]   C:/opt/ros2_dotnet_ws/install/dotnet_cmake_module/share/dotnet_cmake_module/cmake/Modules/dotnet/FindDotNetCore.cmake:37 (find_package_handle_standard_args)
[5.968s]   C:/opt/ros2_dotnet_ws/install/dotnet_cmake_module/share/dotnet_cmake_module/cmake/Modules/FindCSBuild.cmake:20 (find_package)
[5.968s]   C:/opt/ros2_dotnet_ws/install/dotnet_cmake_module/share/dotnet_cmake_module/cmake/Modules/FindDotNETExtra.cmake:15 (find_package)
[5.968s]   CMakeLists.txt:24 (find_package)
[5.968s] This warning is for project developers.  Use -Wno-dev to suppress it.
[5.968s] 
[5.984s] -- Found .NET Core: 7.0.101
[5.984s] -- Using Framework: netcoreapp2.0
[6.000s] -- Using Framework: netcoreapp2.0
[6.000s] -- Using Runtime: win-x64
[6.000s] -- Found std_msgs: 2.0.5 (C:/opt/ros2_dotnet_ws/install/std_msgs/share/std_msgs/cmake)
[6.625s] -- Configuring done
[7.687s] -- Generating done
[7.734s] -- Build files have been written to: C:/Users/Jorge/Documents/GitHub/ArtekmedRos2/ShellScripts/string_msgs_multiple_functions_ddl/build/string_msgs_multiple_functions_ddl
[7.781s] Invoked command in 'c:\Users\Jorge\Documents\GitHub\ArtekmedRos2\ShellScripts\string_msgs_multiple_functions_ddl\build\string_msgs_multiple_functions_ddl' returned '0': CMAKE_PREFIX_PATH=%CMAKE_PREFIX_PATH%;c:\opt\ros2_dotnet_ws\install\sensor_msgs_py c:\opt\ros\foxy\x64\Scripts\cmake.EXE c:\Users\Jorge\Documents\GitHub\ArtekmedRos2\ShellScripts\string_msgs_multiple_functions_ddl -DCMAKE_INSTALL_PREFIX=c:\Users\Jorge\Documents\GitHub\ArtekmedRos2\ShellScripts\string_msgs_multiple_functions_ddl\install\string_msgs_multiple_functions_ddl
[7.796s] Invoking command in 'c:\Users\Jorge\Documents\GitHub\ArtekmedRos2\ShellScripts\string_msgs_multiple_functions_ddl\build\string_msgs_multiple_functions_ddl': CL=/MP CMAKE_PREFIX_PATH=%CMAKE_PREFIX_PATH%;c:\opt\ros2_dotnet_ws\install\sensor_msgs_py c:\opt\ros\foxy\x64\Scripts\cmake.EXE --build c:\Users\Jorge\Documents\GitHub\ArtekmedRos2\ShellScripts\string_msgs_multiple_functions_ddl\build\string_msgs_multiple_functions_ddl --config Release
[8.531s] Microsoft (R) Build Engine version 16.11.2+f32259642 for .NET Framework
[8.531s] Copyright (C) Microsoft Corporation. All rights reserved.
[8.531s] 
[10.125s]   C:/opt/ros/foxy/x64/Lib/site-packages/cmake/data/bin/cmake.exe;-version;C:/Program Files/dotnet/dotnet.exe restore;-r;win-x64 string_msgs_multiple_functions_ddl_dotnetcore.csproj; C:/Program Files/dotnet/dotnet.exe publish;-r;win-x64 string_msgs_multiple_functions_ddl_dotnetcore.csproj -> C:/Users/Jorge/Documents/GitHub/ArtekmedRos2/ShellScripts/string_msgs_multiple_functions_ddl/build/string_msgs_multiple_functions_ddl/string_msgs_multiple_functions_ddl
[10.421s]   cmake version 3.18.2
[10.421s]   
[10.421s]   CMake suite maintained and supported by Kitware (kitware.com/cmake).
[13.031s]     Determining projects to restore...
[13.125s] C:\Program Files\dotnet\sdk\7.0.101\Sdks\Microsoft.NET.Sdk\targets\Microsoft.NET.EolTargetFrameworks.targets(28,5): warning NETSDK1138: The target framework 'netcoreapp2.0' is out of support and will not receive security updates in the future. Please refer to https://aka.ms/dotnet-core-support for more information about the support policy. [C:\Users\Jorge\Documents\GitHub\ArtekmedRos2\ShellScripts\string_msgs_multiple_functions_ddl\build\string_msgs_multiple_functions_ddl\string_msgs_multiple_functions_ddl\string_msgs_multiple_functions_ddl_dotnetcore.csproj] [C:\Users\Jorge\Documents\GitHub\ArtekmedRos2\ShellScripts\string_msgs_multiple_functions_ddl\build\string_msgs_multiple_functions_ddl\string_msgs_multiple_functions_ddl.vcxproj]
[13.671s] C:\Program Files\dotnet\sdk\7.0.101\Sdks\Microsoft.NET.Sdk\targets\Microsoft.NET.EolTargetFrameworks.targets(28,5): warning NETSDK1138: The target framework 'netcoreapp2.0' is out of support and will not receive security updates in the future. Please refer to https://aka.ms/dotnet-core-support for more information about the support policy. [C:\Users\Jorge\Documents\GitHub\ArtekmedRos2\ShellScripts\string_msgs_multiple_functions_ddl\build\string_msgs_multiple_functions_ddl\string_msgs_multiple_functions_ddl\string_msgs_multiple_functions_ddl_dotnetcore.csproj] [C:\Users\Jorge\Documents\GitHub\ArtekmedRos2\ShellScripts\string_msgs_multiple_functions_ddl\build\string_msgs_multiple_functions_ddl\string_msgs_multiple_functions_ddl.vcxproj]
[15.265s]     Restored C:\Users\Jorge\Documents\GitHub\ArtekmedRos2\ShellScripts\string_msgs_multiple_functions_ddl\build\string_msgs_multiple_functions_ddl\string_msgs_multiple_functions_ddl\string_msgs_multiple_functions_ddl_dotnetcore.csproj (in 1.03 sec).
[17.703s]   MSBuild version 17.4.0+18d5aef85 for .NET
[18.843s]     Determining projects to restore...
[18.890s] C:\Program Files\dotnet\sdk\7.0.101\Sdks\Microsoft.NET.Sdk\targets\Microsoft.NET.EolTargetFrameworks.targets(28,5): warning NETSDK1138: The target framework 'netcoreapp2.0' is out of support and will not receive security updates in the future. Please refer to https://aka.ms/dotnet-core-support for more information about the support policy. [C:\Users\Jorge\Documents\GitHub\ArtekmedRos2\ShellScripts\string_msgs_multiple_functions_ddl\build\string_msgs_multiple_functions_ddl\string_msgs_multiple_functions_ddl\string_msgs_multiple_functions_ddl_dotnetcore.csproj] [C:\Users\Jorge\Documents\GitHub\ArtekmedRos2\ShellScripts\string_msgs_multiple_functions_ddl\build\string_msgs_multiple_functions_ddl\string_msgs_multiple_functions_ddl.vcxproj]
[19.171s] C:\Program Files\dotnet\sdk\7.0.101\Sdks\Microsoft.NET.Sdk\targets\Microsoft.NET.EolTargetFrameworks.targets(28,5): warning NETSDK1138: The target framework 'netcoreapp2.0' is out of support and will not receive security updates in the future. Please refer to https://aka.ms/dotnet-core-support for more information about the support policy. [C:\Users\Jorge\Documents\GitHub\ArtekmedRos2\ShellScripts\string_msgs_multiple_functions_ddl\build\string_msgs_multiple_functions_ddl\string_msgs_multiple_functions_ddl\string_msgs_multiple_functions_ddl_dotnetcore.csproj] [C:\Users\Jorge\Documents\GitHub\ArtekmedRos2\ShellScripts\string_msgs_multiple_functions_ddl\build\string_msgs_multiple_functions_ddl\string_msgs_multiple_functions_ddl.vcxproj]
[20.640s]     Restored C:\Users\Jorge\Documents\GitHub\ArtekmedRos2\ShellScripts\string_msgs_multiple_functions_ddl\build\string_msgs_multiple_functions_ddl\string_msgs_multiple_functions_ddl\string_msgs_multiple_functions_ddl_dotnetcore.csproj (in 956 ms).
[21.296s] C:\Program Files\dotnet\sdk\7.0.101\Sdks\Microsoft.NET.Sdk\targets\Microsoft.NET.EolTargetFrameworks.targets(28,5): warning NETSDK1138: The target framework 'netcoreapp2.0' is out of support and will not receive security updates in the future. Please refer to https://aka.ms/dotnet-core-support for more information about the support policy. [C:\Users\Jorge\Documents\GitHub\ArtekmedRos2\ShellScripts\string_msgs_multiple_functions_ddl\build\string_msgs_multiple_functions_ddl\string_msgs_multiple_functions_ddl\string_msgs_multiple_functions_ddl_dotnetcore.csproj] [C:\Users\Jorge\Documents\GitHub\ArtekmedRos2\ShellScripts\string_msgs_multiple_functions_ddl\build\string_msgs_multiple_functions_ddl\string_msgs_multiple_functions_ddl.vcxproj]
[22.765s] CSC : warning CS1668: Invalid search path 'C:\Program Files (x86)\Microsoft Visual Studio\2019\Community\VC\Tools\MSVC\14.29.30133\atlmfc\lib\x64' specified in 'LIB environment variable' -- 'directory does not exist' [C:\Users\Jorge\Documents\GitHub\ArtekmedRos2\ShellScripts\string_msgs_multiple_functions_ddl\build\string_msgs_multiple_functions_ddl\string_msgs_multiple_functions_ddl\string_msgs_multiple_functions_ddl_dotnetcore.csproj] [C:\Users\Jorge\Documents\GitHub\ArtekmedRos2\ShellScripts\string_msgs_multiple_functions_ddl\build\string_msgs_multiple_functions_ddl\string_msgs_multiple_functions_ddl.vcxproj]
[22.812s] C:\Users\Jorge\Documents\GitHub\ArtekmedRos2\ShellScripts\string_msgs_multiple_functions_ddl\src\string_msgs_multiple_functions_ddl.cs(46,51): error CS0501: 'sentMessage.Active.set' must declare a body because it is not marked abstract, extern, or partial [C:\Users\Jorge\Documents\GitHub\ArtekmedRos2\ShellScripts\string_msgs_multiple_functions_ddl\build\string_msgs_multiple_functions_ddl\string_msgs_multiple_functions_ddl\string_msgs_multiple_functions_ddl_dotnetcore.csproj] [C:\Users\Jorge\Documents\GitHub\ArtekmedRos2\ShellScripts\string_msgs_multiple_functions_ddl\build\string_msgs_multiple_functions_ddl\string_msgs_multiple_functions_ddl.vcxproj]
[23.062s] C:\Program Files (x86)\Microsoft Visual Studio\2019\Community\MSBuild\Microsoft\VC\v160\Microsoft.CppCommon.targets(241,5): error MSB8066: Custom build for 'C:\Users\Jorge\Documents\GitHub\ArtekmedRos2\ShellScripts\string_msgs_multiple_functions_ddl\build\string_msgs_multiple_functions_ddl\CMakeFiles\09ea34ae1fb2615c0bf17f3570cb44a7\string_msgs_multiple_functions_ddl.rule' exited with code 1. [C:\Users\Jorge\Documents\GitHub\ArtekmedRos2\ShellScripts\string_msgs_multiple_functions_ddl\build\string_msgs_multiple_functions_ddl\string_msgs_multiple_functions_ddl.vcxproj]
[23.171s] Invoked command in 'c:\Users\Jorge\Documents\GitHub\ArtekmedRos2\ShellScripts\string_msgs_multiple_functions_ddl\build\string_msgs_multiple_functions_ddl' returned '1': CL=/MP CMAKE_PREFIX_PATH=%CMAKE_PREFIX_PATH%;c:\opt\ros2_dotnet_ws\install\sensor_msgs_py c:\opt\ros\foxy\x64\Scripts\cmake.EXE --build c:\Users\Jorge\Documents\GitHub\ArtekmedRos2\ShellScripts\string_msgs_multiple_functions_ddl\build\string_msgs_multiple_functions_ddl --config Release
