[0.078s] Invoking command in 'c:\Users\Jorge\Documents\GitHub\ArtekmedRos2\ShellScripts\string_msgs_hololens_dll\build\string_msgs_hololens_dll': CMAKE_PREFIX_PATH=%CMAKE_PREFIX_PATH%;c:\opt\ros2_dotnet_ws\install\sensor_msgs_py c:\opt\ros\foxy\x64\Scripts\cmake.EXE c:\Users\Jorge\Documents\GitHub\ArtekmedRos2\ShellScripts\string_msgs_hololens_dll -DCMAKE_INSTALL_PREFIX=c:\Users\Jorge\Documents\GitHub\ArtekmedRos2\ShellScripts\string_msgs_hololens_dll\install\string_msgs_hololens_dll
[0.188s] -- Selecting Windows SDK version 10.0.22000.0 to target Windows 10.0.22621.
[0.203s] -- Found ament_cmake: 0.9.9 (C:/opt/ros/foxy/x64/share/ament_cmake/cmake)
[0.266s] -- Using PYTHON_EXECUTABLE: C:/opt/ros/foxy/x64/python.exe
[0.703s] -- Found rcldotnet: 0.0.0 (C:/opt/ros2_dotnet_ws/install/rcldotnet/share/rcldotnet/cmake)
[0.813s] -- Found rosidl_adapter: 1.3.0 (C:/opt/ros2_dotnet_ws/install/rosidl_adapter/share/rosidl_adapter/cmake)
[0.875s] -- Using all available rosidl_typesupport_c: rosidl_typesupport_introspection_c;rosidl_typesupport_fastrtps_c
[1.063s] -- Using all available rosidl_typesupport_cpp: rosidl_typesupport_introspection_cpp;rosidl_typesupport_fastrtps_cpp
[1.156s] -- Found rmw_implementation_cmake: 1.0.3 (C:/opt/ros/foxy/x64/share/rmw_implementation_cmake/cmake)
[1.172s] -- Using RMW implementation 'rmw_fastrtps_cpp' as default
[1.203s] -- Found rcldotnet_common: 0.0.0 (C:/opt/ros2_dotnet_ws/install/rcldotnet_common/share/rcldotnet_common/cmake)
[1.203s] -- Found dotnet_cmake_module: 0.0.0 (C:/opt/ros2_dotnet_ws/install/dotnet_cmake_module/share/dotnet_cmake_module/cmake)
[1.344s] CMake Warning (dev) at C:/opt/ros/foxy/x64/Lib/site-packages/cmake/data/share/cmake-3.18/Modules/FindPackageHandleStandardArgs.cmake:273 (message):
[1.344s]   The package name passed to `find_package_handle_standard_args`
[1.344s]   (DOTNET_CORE) does not match the name of the calling package (DotNetCore).
[1.344s]   This can lead to problems in calling code that expects `find_package`
[1.344s]   result variables (e.g., `_FOUND`) to follow a certain pattern.
[1.344s] Call Stack (most recent call first):
[1.344s]   C:/opt/ros2_dotnet_ws/install/dotnet_cmake_module/share/dotnet_cmake_module/cmake/Modules/dotnet/FindDotNetCore.cmake:37 (find_package_handle_standard_args)
[1.344s]   C:/opt/ros2_dotnet_ws/install/dotnet_cmake_module/share/dotnet_cmake_module/cmake/Modules/FindCSBuild.cmake:20 (find_package)
[1.344s]   C:/opt/ros2_dotnet_ws/install/dotnet_cmake_module/share/dotnet_cmake_module/cmake/Modules/FindDotNETExtra.cmake:15 (find_package)
[1.344s]   CMakeLists.txt:24 (find_package)
[1.344s] This warning is for project developers.  Use -Wno-dev to suppress it.
[1.344s] 
[1.344s] -- Found .NET Core: 7.0.101
[1.344s] -- Using Framework: netcoreapp2.0
[1.344s] -- Using Framework: netcoreapp2.0
[1.344s] -- Using Runtime: win-x64
[1.344s] -- Found std_msgs: 2.0.5 (C:/opt/ros2_dotnet_ws/install/std_msgs/share/std_msgs/cmake)
[1.516s] -- Configuring done
[1.750s] -- Generating done
[1.766s] -- Build files have been written to: C:/Users/Jorge/Documents/GitHub/ArtekmedRos2/ShellScripts/string_msgs_hololens_dll/build/string_msgs_hololens_dll
[1.781s] Invoked command in 'c:\Users\Jorge\Documents\GitHub\ArtekmedRos2\ShellScripts\string_msgs_hololens_dll\build\string_msgs_hololens_dll' returned '0': CMAKE_PREFIX_PATH=%CMAKE_PREFIX_PATH%;c:\opt\ros2_dotnet_ws\install\sensor_msgs_py c:\opt\ros\foxy\x64\Scripts\cmake.EXE c:\Users\Jorge\Documents\GitHub\ArtekmedRos2\ShellScripts\string_msgs_hololens_dll -DCMAKE_INSTALL_PREFIX=c:\Users\Jorge\Documents\GitHub\ArtekmedRos2\ShellScripts\string_msgs_hololens_dll\install\string_msgs_hololens_dll
[1.781s] Invoking command in 'c:\Users\Jorge\Documents\GitHub\ArtekmedRos2\ShellScripts\string_msgs_hololens_dll\build\string_msgs_hololens_dll': CL=/MP CMAKE_PREFIX_PATH=%CMAKE_PREFIX_PATH%;c:\opt\ros2_dotnet_ws\install\sensor_msgs_py c:\opt\ros\foxy\x64\Scripts\cmake.EXE --build c:\Users\Jorge\Documents\GitHub\ArtekmedRos2\ShellScripts\string_msgs_hololens_dll\build\string_msgs_hololens_dll --config Release
[1.984s] Microsoft (R) Build Engine version 16.11.2+f32259642 for .NET Framework
[1.984s] Copyright (C) Microsoft Corporation. All rights reserved.
[1.984s] 
[2.438s]   C:/opt/ros/foxy/x64/Lib/site-packages/cmake/data/bin/cmake.exe;-version;C:/Program Files/dotnet/dotnet.exe restore;-r;win-x64 string_msgs_hololens_dll_dotnetcore.csproj; C:/Program Files/dotnet/dotnet.exe publish;-r;win-x64 string_msgs_hololens_dll_dotnetcore.csproj -> C:/Users/Jorge/Documents/GitHub/ArtekmedRos2/ShellScripts/string_msgs_hololens_dll/build/string_msgs_hololens_dll/string_msgs_hololens_dll
[2.547s]   cmake version 3.18.2
[2.547s]   
[2.547s]   CMake suite maintained and supported by Kitware (kitware.com/cmake).
[3.234s]     Determining projects to restore...
[3.266s] C:\Program Files\dotnet\sdk\7.0.101\Sdks\Microsoft.NET.Sdk\targets\Microsoft.NET.EolTargetFrameworks.targets(28,5): warning NETSDK1138: The target framework 'netcoreapp2.0' is out of support and will not receive security updates in the future. Please refer to https://aka.ms/dotnet-core-support for more information about the support policy. [C:\Users\Jorge\Documents\GitHub\ArtekmedRos2\ShellScripts\string_msgs_hololens_dll\build\string_msgs_hololens_dll\string_msgs_hololens_dll\string_msgs_hololens_dll_dotnetcore.csproj] [C:\Users\Jorge\Documents\GitHub\ArtekmedRos2\ShellScripts\string_msgs_hololens_dll\build\string_msgs_hololens_dll\string_msgs_hololens_dll.vcxproj]
[3.297s] C:\Program Files\dotnet\sdk\7.0.101\Sdks\Microsoft.NET.Sdk\targets\Microsoft.NET.EolTargetFrameworks.targets(28,5): warning NETSDK1138: The target framework 'netcoreapp2.0' is out of support and will not receive security updates in the future. Please refer to https://aka.ms/dotnet-core-support for more information about the support policy. [C:\Users\Jorge\Documents\GitHub\ArtekmedRos2\ShellScripts\string_msgs_hololens_dll\build\string_msgs_hololens_dll\string_msgs_hololens_dll\string_msgs_hololens_dll_dotnetcore.csproj] [C:\Users\Jorge\Documents\GitHub\ArtekmedRos2\ShellScripts\string_msgs_hololens_dll\build\string_msgs_hololens_dll\string_msgs_hololens_dll.vcxproj]
[3.625s]     Restored C:\Users\Jorge\Documents\GitHub\ArtekmedRos2\ShellScripts\string_msgs_hololens_dll\build\string_msgs_hololens_dll\string_msgs_hololens_dll\string_msgs_hololens_dll_dotnetcore.csproj (in 222 ms).
[4.297s]   MSBuild version 17.4.0+18d5aef85 for .NET
[4.609s]     Determining projects to restore...
[4.625s] C:\Program Files\dotnet\sdk\7.0.101\Sdks\Microsoft.NET.Sdk\targets\Microsoft.NET.EolTargetFrameworks.targets(28,5): warning NETSDK1138: The target framework 'netcoreapp2.0' is out of support and will not receive security updates in the future. Please refer to https://aka.ms/dotnet-core-support for more information about the support policy. [C:\Users\Jorge\Documents\GitHub\ArtekmedRos2\ShellScripts\string_msgs_hololens_dll\build\string_msgs_hololens_dll\string_msgs_hololens_dll\string_msgs_hololens_dll_dotnetcore.csproj] [C:\Users\Jorge\Documents\GitHub\ArtekmedRos2\ShellScripts\string_msgs_hololens_dll\build\string_msgs_hololens_dll\string_msgs_hololens_dll.vcxproj]
[4.688s] C:\Program Files\dotnet\sdk\7.0.101\Sdks\Microsoft.NET.Sdk\targets\Microsoft.NET.EolTargetFrameworks.targets(28,5): warning NETSDK1138: The target framework 'netcoreapp2.0' is out of support and will not receive security updates in the future. Please refer to https://aka.ms/dotnet-core-support for more information about the support policy. [C:\Users\Jorge\Documents\GitHub\ArtekmedRos2\ShellScripts\string_msgs_hololens_dll\build\string_msgs_hololens_dll\string_msgs_hololens_dll\string_msgs_hololens_dll_dotnetcore.csproj] [C:\Users\Jorge\Documents\GitHub\ArtekmedRos2\ShellScripts\string_msgs_hololens_dll\build\string_msgs_hololens_dll\string_msgs_hololens_dll.vcxproj]
[5.078s]     Restored C:\Users\Jorge\Documents\GitHub\ArtekmedRos2\ShellScripts\string_msgs_hololens_dll\build\string_msgs_hololens_dll\string_msgs_hololens_dll\string_msgs_hololens_dll_dotnetcore.csproj (in 250 ms).
[5.266s] C:\Program Files\dotnet\sdk\7.0.101\Sdks\Microsoft.NET.Sdk\targets\Microsoft.NET.EolTargetFrameworks.targets(28,5): warning NETSDK1138: The target framework 'netcoreapp2.0' is out of support and will not receive security updates in the future. Please refer to https://aka.ms/dotnet-core-support for more information about the support policy. [C:\Users\Jorge\Documents\GitHub\ArtekmedRos2\ShellScripts\string_msgs_hololens_dll\build\string_msgs_hololens_dll\string_msgs_hololens_dll\string_msgs_hololens_dll_dotnetcore.csproj] [C:\Users\Jorge\Documents\GitHub\ArtekmedRos2\ShellScripts\string_msgs_hololens_dll\build\string_msgs_hololens_dll\string_msgs_hololens_dll.vcxproj]
[5.734s] CSC : warning CS1668: Invalid search path 'C:\Program Files (x86)\Microsoft Visual Studio\2019\Community\VC\Tools\MSVC\14.29.30133\atlmfc\lib\x64' specified in 'LIB environment variable' -- 'directory does not exist' [C:\Users\Jorge\Documents\GitHub\ArtekmedRos2\ShellScripts\string_msgs_hololens_dll\build\string_msgs_hololens_dll\string_msgs_hololens_dll\string_msgs_hololens_dll_dotnetcore.csproj] [C:\Users\Jorge\Documents\GitHub\ArtekmedRos2\ShellScripts\string_msgs_hololens_dll\build\string_msgs_hololens_dll\string_msgs_hololens_dll.vcxproj]
[6.531s]     string_msgs_hololens_dll_dotnetcore -> C:\Users\Jorge\Documents\GitHub\ArtekmedRos2\ShellScripts\string_msgs_hololens_dll\build\string_msgs_hololens_dll\Release\netcoreapp2.0\win-x64\string_msgs_hololens_dll.dll
[6.734s]     string_msgs_hololens_dll_dotnetcore -> C:\Users\Jorge\Documents\GitHub\ArtekmedRos2\ShellScripts\string_msgs_hololens_dll\build\string_msgs_hololens_dll\Release\netcoreapp2.0\win-x64\publish\
[6.891s]   Building Custom Rule C:/Users/Jorge/Documents/GitHub/ArtekmedRos2/ShellScripts/string_msgs_hololens_dll/CMakeLists.txt
[7.000s] Invoked command in 'c:\Users\Jorge\Documents\GitHub\ArtekmedRos2\ShellScripts\string_msgs_hololens_dll\build\string_msgs_hololens_dll' returned '0': CL=/MP CMAKE_PREFIX_PATH=%CMAKE_PREFIX_PATH%;c:\opt\ros2_dotnet_ws\install\sensor_msgs_py c:\opt\ros\foxy\x64\Scripts\cmake.EXE --build c:\Users\Jorge\Documents\GitHub\ArtekmedRos2\ShellScripts\string_msgs_hololens_dll\build\string_msgs_hololens_dll --config Release
[7.141s] Invoking command in 'c:\Users\Jorge\Documents\GitHub\ArtekmedRos2\ShellScripts\string_msgs_hololens_dll\build\string_msgs_hololens_dll': CMAKE_PREFIX_PATH=%CMAKE_PREFIX_PATH%;c:\opt\ros2_dotnet_ws\install\sensor_msgs_py c:\opt\ros\foxy\x64\Scripts\cmake.EXE --install c:\Users\Jorge\Documents\GitHub\ArtekmedRos2\ShellScripts\string_msgs_hololens_dll\build\string_msgs_hololens_dll --config Release
[7.250s] -- Installing: C:/Users/Jorge/Documents/GitHub/ArtekmedRos2/ShellScripts/string_msgs_hololens_dll/install/string_msgs_hololens_dll/lib/string_msgs_hololens_dll/dotnet
[7.266s] -- Installing: C:/Users/Jorge/Documents/GitHub/ArtekmedRos2/ShellScripts/string_msgs_hololens_dll/install/string_msgs_hololens_dll/lib/string_msgs_hololens_dll/dotnet/api-ms-win-core-console-l1-1-0.dll
[7.281s] -- Installing: C:/Users/Jorge/Documents/GitHub/ArtekmedRos2/ShellScripts/string_msgs_hololens_dll/install/string_msgs_hololens_dll/lib/string_msgs_hololens_dll/dotnet/api-ms-win-core-datetime-l1-1-0.dll
[7.297s] -- Installing: C:/Users/Jorge/Documents/GitHub/ArtekmedRos2/ShellScripts/string_msgs_hololens_dll/install/string_msgs_hololens_dll/lib/string_msgs_hololens_dll/dotnet/api-ms-win-core-debug-l1-1-0.dll
[7.313s] -- Installing: C:/Users/Jorge/Documents/GitHub/ArtekmedRos2/ShellScripts/string_msgs_hololens_dll/install/string_msgs_hololens_dll/lib/string_msgs_hololens_dll/dotnet/api-ms-win-core-errorhandling-l1-1-0.dll
[7.328s] -- Installing: C:/Users/Jorge/Documents/GitHub/ArtekmedRos2/ShellScripts/string_msgs_hololens_dll/install/string_msgs_hololens_dll/lib/string_msgs_hololens_dll/dotnet/api-ms-win-core-file-l1-1-0.dll
[7.344s] -- Installing: C:/Users/Jorge/Documents/GitHub/ArtekmedRos2/ShellScripts/string_msgs_hololens_dll/install/string_msgs_hololens_dll/lib/string_msgs_hololens_dll/dotnet/api-ms-win-core-file-l1-2-0.dll
[7.359s] -- Installing: C:/Users/Jorge/Documents/GitHub/ArtekmedRos2/ShellScripts/string_msgs_hololens_dll/install/string_msgs_hololens_dll/lib/string_msgs_hololens_dll/dotnet/api-ms-win-core-file-l2-1-0.dll
[7.359s] -- Installing: C:/Users/Jorge/Documents/GitHub/ArtekmedRos2/ShellScripts/string_msgs_hololens_dll/install/string_msgs_hololens_dll/lib/string_msgs_hololens_dll/dotnet/api-ms-win-core-handle-l1-1-0.dll
[7.375s] -- Installing: C:/Users/Jorge/Documents/GitHub/ArtekmedRos2/ShellScripts/string_msgs_hololens_dll/install/string_msgs_hololens_dll/lib/string_msgs_hololens_dll/dotnet/api-ms-win-core-heap-l1-1-0.dll
[7.391s] -- Installing: C:/Users/Jorge/Documents/GitHub/ArtekmedRos2/ShellScripts/string_msgs_hololens_dll/install/string_msgs_hololens_dll/lib/string_msgs_hololens_dll/dotnet/api-ms-win-core-interlocked-l1-1-0.dll
[7.391s] -- Installing: C:/Users/Jorge/Documents/GitHub/ArtekmedRos2/ShellScripts/string_msgs_hololens_dll/install/string_msgs_hololens_dll/lib/string_msgs_hololens_dll/dotnet/api-ms-win-core-libraryloader-l1-1-0.dll
[7.406s] -- Installing: C:/Users/Jorge/Documents/GitHub/ArtekmedRos2/ShellScripts/string_msgs_hololens_dll/install/string_msgs_hololens_dll/lib/string_msgs_hololens_dll/dotnet/api-ms-win-core-localization-l1-2-0.dll
[7.422s] -- Installing: C:/Users/Jorge/Documents/GitHub/ArtekmedRos2/ShellScripts/string_msgs_hololens_dll/install/string_msgs_hololens_dll/lib/string_msgs_hololens_dll/dotnet/api-ms-win-core-memory-l1-1-0.dll
[7.438s] -- Installing: C:/Users/Jorge/Documents/GitHub/ArtekmedRos2/ShellScripts/string_msgs_hololens_dll/install/string_msgs_hololens_dll/lib/string_msgs_hololens_dll/dotnet/api-ms-win-core-namedpipe-l1-1-0.dll
[7.453s] -- Installing: C:/Users/Jorge/Documents/GitHub/ArtekmedRos2/ShellScripts/string_msgs_hololens_dll/install/string_msgs_hololens_dll/lib/string_msgs_hololens_dll/dotnet/api-ms-win-core-processenvironment-l1-1-0.dll
[7.453s] -- Installing: C:/Users/Jorge/Documents/GitHub/ArtekmedRos2/ShellScripts/string_msgs_hololens_dll/install/string_msgs_hololens_dll/lib/string_msgs_hololens_dll/dotnet/api-ms-win-core-processthreads-l1-1-0.dll
[7.469s] -- Installing: C:/Users/Jorge/Documents/GitHub/ArtekmedRos2/ShellScripts/string_msgs_hololens_dll/install/string_msgs_hololens_dll/lib/string_msgs_hololens_dll/dotnet/api-ms-win-core-processthreads-l1-1-1.dll
[7.484s] -- Installing: C:/Users/Jorge/Documents/GitHub/ArtekmedRos2/ShellScripts/string_msgs_hololens_dll/install/string_msgs_hololens_dll/lib/string_msgs_hololens_dll/dotnet/api-ms-win-core-profile-l1-1-0.dll
[7.500s] -- Installing: C:/Users/Jorge/Documents/GitHub/ArtekmedRos2/ShellScripts/string_msgs_hololens_dll/install/string_msgs_hololens_dll/lib/string_msgs_hololens_dll/dotnet/api-ms-win-core-rtlsupport-l1-1-0.dll
[7.516s] -- Installing: C:/Users/Jorge/Documents/GitHub/ArtekmedRos2/ShellScripts/string_msgs_hololens_dll/install/string_msgs_hololens_dll/lib/string_msgs_hololens_dll/dotnet/api-ms-win-core-string-l1-1-0.dll
[7.531s] -- Installing: C:/Users/Jorge/Documents/GitHub/ArtekmedRos2/ShellScripts/string_msgs_hololens_dll/install/string_msgs_hololens_dll/lib/string_msgs_hololens_dll/dotnet/api-ms-win-core-synch-l1-1-0.dll
[7.547s] -- Installing: C:/Users/Jorge/Documents/GitHub/ArtekmedRos2/ShellScripts/string_msgs_hololens_dll/install/string_msgs_hololens_dll/lib/string_msgs_hololens_dll/dotnet/api-ms-win-core-synch-l1-2-0.dll
[7.547s] -- Installing: C:/Users/Jorge/Documents/GitHub/ArtekmedRos2/ShellScripts/string_msgs_hololens_dll/install/string_msgs_hololens_dll/lib/string_msgs_hololens_dll/dotnet/api-ms-win-core-sysinfo-l1-1-0.dll
[7.563s] -- Installing: C:/Users/Jorge/Documents/GitHub/ArtekmedRos2/ShellScripts/string_msgs_hololens_dll/install/string_msgs_hololens_dll/lib/string_msgs_hololens_dll/dotnet/api-ms-win-core-timezone-l1-1-0.dll
[7.578s] -- Installing: C:/Users/Jorge/Documents/GitHub/ArtekmedRos2/ShellScripts/string_msgs_hololens_dll/install/string_msgs_hololens_dll/lib/string_msgs_hololens_dll/dotnet/api-ms-win-core-util-l1-1-0.dll
[7.594s] -- Installing: C:/Users/Jorge/Documents/GitHub/ArtekmedRos2/ShellScripts/string_msgs_hololens_dll/install/string_msgs_hololens_dll/lib/string_msgs_hololens_dll/dotnet/api-ms-win-crt-conio-l1-1-0.dll
[7.594s] -- Installing: C:/Users/Jorge/Documents/GitHub/ArtekmedRos2/ShellScripts/string_msgs_hololens_dll/install/string_msgs_hololens_dll/lib/string_msgs_hololens_dll/dotnet/api-ms-win-crt-convert-l1-1-0.dll
[7.609s] -- Installing: C:/Users/Jorge/Documents/GitHub/ArtekmedRos2/ShellScripts/string_msgs_hololens_dll/install/string_msgs_hololens_dll/lib/string_msgs_hololens_dll/dotnet/api-ms-win-crt-environment-l1-1-0.dll
[7.625s] -- Installing: C:/Users/Jorge/Documents/GitHub/ArtekmedRos2/ShellScripts/string_msgs_hololens_dll/install/string_msgs_hololens_dll/lib/string_msgs_hololens_dll/dotnet/api-ms-win-crt-filesystem-l1-1-0.dll
[7.625s] -- Installing: C:/Users/Jorge/Documents/GitHub/ArtekmedRos2/ShellScripts/string_msgs_hololens_dll/install/string_msgs_hololens_dll/lib/string_msgs_hololens_dll/dotnet/api-ms-win-crt-heap-l1-1-0.dll
[7.641s] -- Installing: C:/Users/Jorge/Documents/GitHub/ArtekmedRos2/ShellScripts/string_msgs_hololens_dll/install/string_msgs_hololens_dll/lib/string_msgs_hololens_dll/dotnet/api-ms-win-crt-locale-l1-1-0.dll
[7.656s] -- Installing: C:/Users/Jorge/Documents/GitHub/ArtekmedRos2/ShellScripts/string_msgs_hololens_dll/install/string_msgs_hololens_dll/lib/string_msgs_hololens_dll/dotnet/api-ms-win-crt-math-l1-1-0.dll
[7.672s] -- Installing: C:/Users/Jorge/Documents/GitHub/ArtekmedRos2/ShellScripts/string_msgs_hololens_dll/install/string_msgs_hololens_dll/lib/string_msgs_hololens_dll/dotnet/api-ms-win-crt-multibyte-l1-1-0.dll
[7.688s] -- Installing: C:/Users/Jorge/Documents/GitHub/ArtekmedRos2/ShellScripts/string_msgs_hololens_dll/install/string_msgs_hololens_dll/lib/string_msgs_hololens_dll/dotnet/api-ms-win-crt-private-l1-1-0.dll
[7.688s] -- Installing: C:/Users/Jorge/Documents/GitHub/ArtekmedRos2/ShellScripts/string_msgs_hololens_dll/install/string_msgs_hololens_dll/lib/string_msgs_hololens_dll/dotnet/api-ms-win-crt-process-l1-1-0.dll
[7.703s] -- Installing: C:/Users/Jorge/Documents/GitHub/ArtekmedRos2/ShellScripts/string_msgs_hololens_dll/install/string_msgs_hololens_dll/lib/string_msgs_hololens_dll/dotnet/api-ms-win-crt-runtime-l1-1-0.dll
[7.719s] -- Installing: C:/Users/Jorge/Documents/GitHub/ArtekmedRos2/ShellScripts/string_msgs_hololens_dll/install/string_msgs_hololens_dll/lib/string_msgs_hololens_dll/dotnet/api-ms-win-crt-stdio-l1-1-0.dll
[7.719s] -- Installing: C:/Users/Jorge/Documents/GitHub/ArtekmedRos2/ShellScripts/string_msgs_hololens_dll/install/string_msgs_hololens_dll/lib/string_msgs_hololens_dll/dotnet/api-ms-win-crt-string-l1-1-0.dll
[7.734s] -- Installing: C:/Users/Jorge/Documents/GitHub/ArtekmedRos2/ShellScripts/string_msgs_hololens_dll/install/string_msgs_hololens_dll/lib/string_msgs_hololens_dll/dotnet/api-ms-win-crt-time-l1-1-0.dll
[7.750s] -- Installing: C:/Users/Jorge/Documents/GitHub/ArtekmedRos2/ShellScripts/string_msgs_hololens_dll/install/string_msgs_hololens_dll/lib/string_msgs_hololens_dll/dotnet/api-ms-win-crt-utility-l1-1-0.dll
[7.781s] -- Installing: C:/Users/Jorge/Documents/GitHub/ArtekmedRos2/ShellScripts/string_msgs_hololens_dll/install/string_msgs_hololens_dll/lib/string_msgs_hololens_dll/dotnet/builtin_interfaces_assemblies.dll
[7.781s] -- Installing: C:/Users/Jorge/Documents/GitHub/ArtekmedRos2/ShellScripts/string_msgs_hololens_dll/install/string_msgs_hololens_dll/lib/string_msgs_hololens_dll/dotnet/builtin_interfaces_assemblies.pdb
[7.797s] -- Installing: C:/Users/Jorge/Documents/GitHub/ArtekmedRos2/ShellScripts/string_msgs_hololens_dll/install/string_msgs_hololens_dll/lib/string_msgs_hololens_dll/dotnet/clrcompression.dll
[7.813s] -- Installing: C:/Users/Jorge/Documents/GitHub/ArtekmedRos2/ShellScripts/string_msgs_hololens_dll/install/string_msgs_hololens_dll/lib/string_msgs_hololens_dll/dotnet/clretwrc.dll
[7.844s] -- Installing: C:/Users/Jorge/Documents/GitHub/ArtekmedRos2/ShellScripts/string_msgs_hololens_dll/install/string_msgs_hololens_dll/lib/string_msgs_hololens_dll/dotnet/clrjit.dll
[7.906s] -- Installing: C:/Users/Jorge/Documents/GitHub/ArtekmedRos2/ShellScripts/string_msgs_hololens_dll/install/string_msgs_hololens_dll/lib/string_msgs_hololens_dll/dotnet/coreclr.dll
[7.953s] -- Installing: C:/Users/Jorge/Documents/GitHub/ArtekmedRos2/ShellScripts/string_msgs_hololens_dll/install/string_msgs_hololens_dll/lib/string_msgs_hololens_dll/dotnet/dbgshim.dll
[7.984s] -- Installing: C:/Users/Jorge/Documents/GitHub/ArtekmedRos2/ShellScripts/string_msgs_hololens_dll/install/string_msgs_hololens_dll/lib/string_msgs_hololens_dll/dotnet/hostfxr.dll
[8.016s] -- Installing: C:/Users/Jorge/Documents/GitHub/ArtekmedRos2/ShellScripts/string_msgs_hololens_dll/install/string_msgs_hololens_dll/lib/string_msgs_hololens_dll/dotnet/hostpolicy.dll
[8.047s] -- Installing: C:/Users/Jorge/Documents/GitHub/ArtekmedRos2/ShellScripts/string_msgs_hololens_dll/install/string_msgs_hololens_dll/lib/string_msgs_hololens_dll/dotnet/Microsoft.CSharp.dll
[8.078s] -- Installing: C:/Users/Jorge/Documents/GitHub/ArtekmedRos2/ShellScripts/string_msgs_hololens_dll/install/string_msgs_hololens_dll/lib/string_msgs_hololens_dll/dotnet/Microsoft.DiaSymReader.Native.amd64.dll
[8.094s] -- Installing: C:/Users/Jorge/Documents/GitHub/ArtekmedRos2/ShellScripts/string_msgs_hololens_dll/install/string_msgs_hololens_dll/lib/string_msgs_hololens_dll/dotnet/Microsoft.VisualBasic.dll
[8.109s] -- Installing: C:/Users/Jorge/Documents/GitHub/ArtekmedRos2/ShellScripts/string_msgs_hololens_dll/install/string_msgs_hololens_dll/lib/string_msgs_hololens_dll/dotnet/Microsoft.Win32.Primitives.dll
[8.125s] -- Installing: C:/Users/Jorge/Documents/GitHub/ArtekmedRos2/ShellScripts/string_msgs_hololens_dll/install/string_msgs_hololens_dll/lib/string_msgs_hololens_dll/dotnet/Microsoft.Win32.Registry.dll
[8.156s] -- Installing: C:/Users/Jorge/Documents/GitHub/ArtekmedRos2/ShellScripts/string_msgs_hololens_dll/install/string_msgs_hololens_dll/lib/string_msgs_hololens_dll/dotnet/mscordaccore.dll
[8.188s] -- Installing: C:/Users/Jorge/Documents/GitHub/ArtekmedRos2/ShellScripts/string_msgs_hololens_dll/install/string_msgs_hololens_dll/lib/string_msgs_hololens_dll/dotnet/mscordaccore_amd64_amd64_4.6.26614.01.dll
[8.219s] -- Installing: C:/Users/Jorge/Documents/GitHub/ArtekmedRos2/ShellScripts/string_msgs_hololens_dll/install/string_msgs_hololens_dll/lib/string_msgs_hololens_dll/dotnet/mscordbi.dll
[8.250s] -- Installing: C:/Users/Jorge/Documents/GitHub/ArtekmedRos2/ShellScripts/string_msgs_hololens_dll/install/string_msgs_hololens_dll/lib/string_msgs_hololens_dll/dotnet/mscorlib.dll
[8.266s] -- Installing: C:/Users/Jorge/Documents/GitHub/ArtekmedRos2/ShellScripts/string_msgs_hololens_dll/install/string_msgs_hololens_dll/lib/string_msgs_hololens_dll/dotnet/mscorrc.debug.dll
[8.266s] -- Installing: C:/Users/Jorge/Documents/GitHub/ArtekmedRos2/ShellScripts/string_msgs_hololens_dll/install/string_msgs_hololens_dll/lib/string_msgs_hololens_dll/dotnet/mscorrc.dll
[8.281s] -- Installing: C:/Users/Jorge/Documents/GitHub/ArtekmedRos2/ShellScripts/string_msgs_hololens_dll/install/string_msgs_hololens_dll/lib/string_msgs_hololens_dll/dotnet/netstandard.dll
[8.359s] -- Installing: C:/Users/Jorge/Documents/GitHub/ArtekmedRos2/ShellScripts/string_msgs_hololens_dll/install/string_msgs_hololens_dll/lib/string_msgs_hololens_dll/dotnet/newtonsoft.json.dll
[8.375s] -- Installing: C:/Users/Jorge/Documents/GitHub/ArtekmedRos2/ShellScripts/string_msgs_hololens_dll/install/string_msgs_hololens_dll/lib/string_msgs_hololens_dll/dotnet/newtonsoft.json.pdb
[8.391s] -- Installing: C:/Users/Jorge/Documents/GitHub/ArtekmedRos2/ShellScripts/string_msgs_hololens_dll/install/string_msgs_hololens_dll/lib/string_msgs_hololens_dll/dotnet/newtonsoft.json.xml
[8.422s] -- Installing: C:/Users/Jorge/Documents/GitHub/ArtekmedRos2/ShellScripts/string_msgs_hololens_dll/install/string_msgs_hololens_dll/lib/string_msgs_hololens_dll/dotnet/rcldotnet_assemblies.dll
[8.422s] -- Installing: C:/Users/Jorge/Documents/GitHub/ArtekmedRos2/ShellScripts/string_msgs_hololens_dll/install/string_msgs_hololens_dll/lib/string_msgs_hololens_dll/dotnet/rcldotnet_assemblies.pdb
[8.453s] -- Installing: C:/Users/Jorge/Documents/GitHub/ArtekmedRos2/ShellScripts/string_msgs_hololens_dll/install/string_msgs_hololens_dll/lib/string_msgs_hololens_dll/dotnet/rcldotnet_common.dll
[8.453s] -- Installing: C:/Users/Jorge/Documents/GitHub/ArtekmedRos2/ShellScripts/string_msgs_hololens_dll/install/string_msgs_hololens_dll/lib/string_msgs_hololens_dll/dotnet/rcldotnet_common.pdb
[8.484s] -- Installing: C:/Users/Jorge/Documents/GitHub/ArtekmedRos2/ShellScripts/string_msgs_hololens_dll/install/string_msgs_hololens_dll/lib/string_msgs_hololens_dll/dotnet/sos.dll
[8.500s] -- Installing: C:/Users/Jorge/Documents/GitHub/ArtekmedRos2/ShellScripts/string_msgs_hololens_dll/install/string_msgs_hololens_dll/lib/string_msgs_hololens_dll/dotnet/SOS.NETCore.dll
[8.516s] -- Installing: C:/Users/Jorge/Documents/GitHub/ArtekmedRos2/ShellScripts/string_msgs_hololens_dll/install/string_msgs_hololens_dll/lib/string_msgs_hololens_dll/dotnet/sos_amd64_amd64_4.6.26614.01.dll
[8.625s] -- Installing: C:/Users/Jorge/Documents/GitHub/ArtekmedRos2/ShellScripts/string_msgs_hololens_dll/install/string_msgs_hololens_dll/lib/string_msgs_hololens_dll/dotnet/std_msgs_assemblies.dll
[8.625s] -- Installing: C:/Users/Jorge/Documents/GitHub/ArtekmedRos2/ShellScripts/string_msgs_hololens_dll/install/string_msgs_hololens_dll/lib/string_msgs_hololens_dll/dotnet/std_msgs_assemblies.pdb
[8.641s] -- Installing: C:/Users/Jorge/Documents/GitHub/ArtekmedRos2/ShellScripts/string_msgs_hololens_dll/install/string_msgs_hololens_dll/lib/string_msgs_hololens_dll/dotnet/string_msgs_hololens_dll.deps.json
[8.656s] -- Installing: C:/Users/Jorge/Documents/GitHub/ArtekmedRos2/ShellScripts/string_msgs_hololens_dll/install/string_msgs_hololens_dll/lib/string_msgs_hololens_dll/dotnet/string_msgs_hololens_dll.dll
[8.688s] -- Installing: C:/Users/Jorge/Documents/GitHub/ArtekmedRos2/ShellScripts/string_msgs_hololens_dll/install/string_msgs_hololens_dll/lib/string_msgs_hololens_dll/dotnet/string_msgs_hololens_dll.exe
[8.688s] -- Installing: C:/Users/Jorge/Documents/GitHub/ArtekmedRos2/ShellScripts/string_msgs_hololens_dll/install/string_msgs_hololens_dll/lib/string_msgs_hololens_dll/dotnet/string_msgs_hololens_dll.pdb
[8.703s] -- Installing: C:/Users/Jorge/Documents/GitHub/ArtekmedRos2/ShellScripts/string_msgs_hololens_dll/install/string_msgs_hololens_dll/lib/string_msgs_hololens_dll/dotnet/string_msgs_hololens_dll.runtimeconfig.json
[8.703s] -- Installing: C:/Users/Jorge/Documents/GitHub/ArtekmedRos2/ShellScripts/string_msgs_hololens_dll/install/string_msgs_hololens_dll/lib/string_msgs_hololens_dll/dotnet/System.AppContext.dll
[8.719s] -- Installing: C:/Users/Jorge/Documents/GitHub/ArtekmedRos2/ShellScripts/string_msgs_hololens_dll/install/string_msgs_hololens_dll/lib/string_msgs_hololens_dll/dotnet/System.Buffers.dll
[8.734s] -- Installing: C:/Users/Jorge/Documents/GitHub/ArtekmedRos2/ShellScripts/string_msgs_hololens_dll/install/string_msgs_hololens_dll/lib/string_msgs_hololens_dll/dotnet/System.Collections.Concurrent.dll
[8.750s] -- Installing: C:/Users/Jorge/Documents/GitHub/ArtekmedRos2/ShellScripts/string_msgs_hololens_dll/install/string_msgs_hololens_dll/lib/string_msgs_hololens_dll/dotnet/System.Collections.dll
[8.781s] -- Installing: C:/Users/Jorge/Documents/GitHub/ArtekmedRos2/ShellScripts/string_msgs_hololens_dll/install/string_msgs_hololens_dll/lib/string_msgs_hololens_dll/dotnet/System.Collections.Immutable.dll
[8.813s] -- Installing: C:/Users/Jorge/Documents/GitHub/ArtekmedRos2/ShellScripts/string_msgs_hololens_dll/install/string_msgs_hololens_dll/lib/string_msgs_hololens_dll/dotnet/System.Collections.NonGeneric.dll
[8.828s] -- Installing: C:/Users/Jorge/Documents/GitHub/ArtekmedRos2/ShellScripts/string_msgs_hololens_dll/install/string_msgs_hololens_dll/lib/string_msgs_hololens_dll/dotnet/System.Collections.Specialized.dll
[8.828s] -- Installing: C:/Users/Jorge/Documents/GitHub/ArtekmedRos2/ShellScripts/string_msgs_hololens_dll/install/string_msgs_hololens_dll/lib/string_msgs_hololens_dll/dotnet/System.ComponentModel.Annotations.dll
[8.844s] -- Installing: C:/Users/Jorge/Documents/GitHub/ArtekmedRos2/ShellScripts/string_msgs_hololens_dll/install/string_msgs_hololens_dll/lib/string_msgs_hololens_dll/dotnet/System.ComponentModel.Composition.dll
[8.859s] -- Installing: C:/Users/Jorge/Documents/GitHub/ArtekmedRos2/ShellScripts/string_msgs_hololens_dll/install/string_msgs_hololens_dll/lib/string_msgs_hololens_dll/dotnet/System.ComponentModel.DataAnnotations.dll
[8.875s] -- Installing: C:/Users/Jorge/Documents/GitHub/ArtekmedRos2/ShellScripts/string_msgs_hololens_dll/install/string_msgs_hololens_dll/lib/string_msgs_hololens_dll/dotnet/System.ComponentModel.dll
[8.891s] -- Installing: C:/Users/Jorge/Documents/GitHub/ArtekmedRos2/ShellScripts/string_msgs_hololens_dll/install/string_msgs_hololens_dll/lib/string_msgs_hololens_dll/dotnet/System.ComponentModel.EventBasedAsync.dll
[8.906s] -- Installing: C:/Users/Jorge/Documents/GitHub/ArtekmedRos2/ShellScripts/string_msgs_hololens_dll/install/string_msgs_hololens_dll/lib/string_msgs_hololens_dll/dotnet/System.ComponentModel.Primitives.dll
[8.938s] -- Installing: C:/Users/Jorge/Documents/GitHub/ArtekmedRos2/ShellScripts/string_msgs_hololens_dll/install/string_msgs_hololens_dll/lib/string_msgs_hololens_dll/dotnet/System.ComponentModel.TypeConverter.dll
[8.953s] -- Installing: C:/Users/Jorge/Documents/GitHub/ArtekmedRos2/ShellScripts/string_msgs_hololens_dll/install/string_msgs_hololens_dll/lib/string_msgs_hololens_dll/dotnet/System.Configuration.dll
[8.969s] -- Installing: C:/Users/Jorge/Documents/GitHub/ArtekmedRos2/ShellScripts/string_msgs_hololens_dll/install/string_msgs_hololens_dll/lib/string_msgs_hololens_dll/dotnet/System.Console.dll
[8.969s] -- Installing: C:/Users/Jorge/Documents/GitHub/ArtekmedRos2/ShellScripts/string_msgs_hololens_dll/install/string_msgs_hololens_dll/lib/string_msgs_hololens_dll/dotnet/System.Core.dll
[9.016s] -- Installing: C:/Users/Jorge/Documents/GitHub/ArtekmedRos2/ShellScripts/string_msgs_hololens_dll/install/string_msgs_hololens_dll/lib/string_msgs_hololens_dll/dotnet/System.Data.Common.dll
[9.031s] -- Installing: C:/Users/Jorge/Documents/GitHub/ArtekmedRos2/ShellScripts/string_msgs_hololens_dll/install/string_msgs_hololens_dll/lib/string_msgs_hololens_dll/dotnet/System.Data.dll
[9.047s] -- Installing: C:/Users/Jorge/Documents/GitHub/ArtekmedRos2/ShellScripts/string_msgs_hololens_dll/install/string_msgs_hololens_dll/lib/string_msgs_hololens_dll/dotnet/System.Diagnostics.Contracts.dll
[9.063s] -- Installing: C:/Users/Jorge/Documents/GitHub/ArtekmedRos2/ShellScripts/string_msgs_hololens_dll/install/string_msgs_hololens_dll/lib/string_msgs_hololens_dll/dotnet/System.Diagnostics.Debug.dll
[9.078s] -- Installing: C:/Users/Jorge/Documents/GitHub/ArtekmedRos2/ShellScripts/string_msgs_hololens_dll/install/string_msgs_hololens_dll/lib/string_msgs_hololens_dll/dotnet/System.Diagnostics.DiagnosticSource.dll
[9.094s] -- Installing: C:/Users/Jorge/Documents/GitHub/ArtekmedRos2/ShellScripts/string_msgs_hololens_dll/install/string_msgs_hololens_dll/lib/string_msgs_hololens_dll/dotnet/System.Diagnostics.FileVersionInfo.dll
[9.094s] -- Installing: C:/Users/Jorge/Documents/GitHub/ArtekmedRos2/ShellScripts/string_msgs_hololens_dll/install/string_msgs_hololens_dll/lib/string_msgs_hololens_dll/dotnet/System.Diagnostics.Process.dll
[9.109s] -- Installing: C:/Users/Jorge/Documents/GitHub/ArtekmedRos2/ShellScripts/string_msgs_hololens_dll/install/string_msgs_hololens_dll/lib/string_msgs_hololens_dll/dotnet/System.Diagnostics.StackTrace.dll
[9.125s] -- Installing: C:/Users/Jorge/Documents/GitHub/ArtekmedRos2/ShellScripts/string_msgs_hololens_dll/install/string_msgs_hololens_dll/lib/string_msgs_hololens_dll/dotnet/System.Diagnostics.TextWriterTraceListener.dll
[9.141s] -- Installing: C:/Users/Jorge/Documents/GitHub/ArtekmedRos2/ShellScripts/string_msgs_hololens_dll/install/string_msgs_hololens_dll/lib/string_msgs_hololens_dll/dotnet/System.Diagnostics.Tools.dll
[9.156s] -- Installing: C:/Users/Jorge/Documents/GitHub/ArtekmedRos2/ShellScripts/string_msgs_hololens_dll/install/string_msgs_hololens_dll/lib/string_msgs_hololens_dll/dotnet/System.Diagnostics.TraceSource.dll
[9.172s] -- Installing: C:/Users/Jorge/Documents/GitHub/ArtekmedRos2/ShellScripts/string_msgs_hololens_dll/install/string_msgs_hololens_dll/lib/string_msgs_hololens_dll/dotnet/System.Diagnostics.Tracing.dll
[9.188s] -- Installing: C:/Users/Jorge/Documents/GitHub/ArtekmedRos2/ShellScripts/string_msgs_hololens_dll/install/string_msgs_hololens_dll/lib/string_msgs_hololens_dll/dotnet/System.dll
[9.188s] -- Installing: C:/Users/Jorge/Documents/GitHub/ArtekmedRos2/ShellScripts/string_msgs_hololens_dll/install/string_msgs_hololens_dll/lib/string_msgs_hololens_dll/dotnet/System.Drawing.dll
[9.203s] -- Installing: C:/Users/Jorge/Documents/GitHub/ArtekmedRos2/ShellScripts/string_msgs_hololens_dll/install/string_msgs_hololens_dll/lib/string_msgs_hololens_dll/dotnet/System.Drawing.Primitives.dll
[9.219s] -- Installing: C:/Users/Jorge/Documents/GitHub/ArtekmedRos2/ShellScripts/string_msgs_hololens_dll/install/string_msgs_hololens_dll/lib/string_msgs_hololens_dll/dotnet/System.Dynamic.Runtime.dll
[9.234s] -- Installing: C:/Users/Jorge/Documents/GitHub/ArtekmedRos2/ShellScripts/string_msgs_hololens_dll/install/string_msgs_hololens_dll/lib/string_msgs_hololens_dll/dotnet/System.Globalization.Calendars.dll
[9.250s] -- Installing: C:/Users/Jorge/Documents/GitHub/ArtekmedRos2/ShellScripts/string_msgs_hololens_dll/install/string_msgs_hololens_dll/lib/string_msgs_hololens_dll/dotnet/System.Globalization.dll
[9.266s] -- Installing: C:/Users/Jorge/Documents/GitHub/ArtekmedRos2/ShellScripts/string_msgs_hololens_dll/install/string_msgs_hololens_dll/lib/string_msgs_hololens_dll/dotnet/System.Globalization.Extensions.dll
[9.281s] -- Installing: C:/Users/Jorge/Documents/GitHub/ArtekmedRos2/ShellScripts/string_msgs_hololens_dll/install/string_msgs_hololens_dll/lib/string_msgs_hololens_dll/dotnet/System.IO.Compression.dll
[9.281s] -- Installing: C:/Users/Jorge/Documents/GitHub/ArtekmedRos2/ShellScripts/string_msgs_hololens_dll/install/string_msgs_hololens_dll/lib/string_msgs_hololens_dll/dotnet/System.IO.Compression.FileSystem.dll
[9.297s] -- Installing: C:/Users/Jorge/Documents/GitHub/ArtekmedRos2/ShellScripts/string_msgs_hololens_dll/install/string_msgs_hololens_dll/lib/string_msgs_hololens_dll/dotnet/System.IO.Compression.ZipFile.dll
[9.313s] -- Installing: C:/Users/Jorge/Documents/GitHub/ArtekmedRos2/ShellScripts/string_msgs_hololens_dll/install/string_msgs_hololens_dll/lib/string_msgs_hololens_dll/dotnet/System.IO.dll
[9.328s] -- Installing: C:/Users/Jorge/Documents/GitHub/ArtekmedRos2/ShellScripts/string_msgs_hololens_dll/install/string_msgs_hololens_dll/lib/string_msgs_hololens_dll/dotnet/System.IO.FileSystem.AccessControl.dll
[9.344s] -- Installing: C:/Users/Jorge/Documents/GitHub/ArtekmedRos2/ShellScripts/string_msgs_hololens_dll/install/string_msgs_hololens_dll/lib/string_msgs_hololens_dll/dotnet/System.IO.FileSystem.dll
[9.359s] -- Installing: C:/Users/Jorge/Documents/GitHub/ArtekmedRos2/ShellScripts/string_msgs_hololens_dll/install/string_msgs_hololens_dll/lib/string_msgs_hololens_dll/dotnet/System.IO.FileSystem.DriveInfo.dll
[9.375s] -- Installing: C:/Users/Jorge/Documents/GitHub/ArtekmedRos2/ShellScripts/string_msgs_hololens_dll/install/string_msgs_hololens_dll/lib/string_msgs_hololens_dll/dotnet/System.IO.FileSystem.Primitives.dll
[9.391s] -- Installing: C:/Users/Jorge/Documents/GitHub/ArtekmedRos2/ShellScripts/string_msgs_hololens_dll/install/string_msgs_hololens_dll/lib/string_msgs_hololens_dll/dotnet/System.IO.FileSystem.Watcher.dll
[9.406s] -- Installing: C:/Users/Jorge/Documents/GitHub/ArtekmedRos2/ShellScripts/string_msgs_hololens_dll/install/string_msgs_hololens_dll/lib/string_msgs_hololens_dll/dotnet/System.IO.IsolatedStorage.dll
[9.422s] -- Installing: C:/Users/Jorge/Documents/GitHub/ArtekmedRos2/ShellScripts/string_msgs_hololens_dll/install/string_msgs_hololens_dll/lib/string_msgs_hololens_dll/dotnet/System.IO.MemoryMappedFiles.dll
[9.422s] -- Installing: C:/Users/Jorge/Documents/GitHub/ArtekmedRos2/ShellScripts/string_msgs_hololens_dll/install/string_msgs_hololens_dll/lib/string_msgs_hololens_dll/dotnet/System.IO.Pipes.dll
[9.438s] -- Installing: C:/Users/Jorge/Documents/GitHub/ArtekmedRos2/ShellScripts/string_msgs_hololens_dll/install/string_msgs_hololens_dll/lib/string_msgs_hololens_dll/dotnet/System.IO.UnmanagedMemoryStream.dll
[9.469s] -- Installing: C:/Users/Jorge/Documents/GitHub/ArtekmedRos2/ShellScripts/string_msgs_hololens_dll/install/string_msgs_hololens_dll/lib/string_msgs_hololens_dll/dotnet/System.Linq.dll
[9.484s] -- Installing: C:/Users/Jorge/Documents/GitHub/ArtekmedRos2/ShellScripts/string_msgs_hololens_dll/install/string_msgs_hololens_dll/lib/string_msgs_hololens_dll/dotnet/System.Linq.Expressions.dll
[9.516s] -- Installing: C:/Users/Jorge/Documents/GitHub/ArtekmedRos2/ShellScripts/string_msgs_hololens_dll/install/string_msgs_hololens_dll/lib/string_msgs_hololens_dll/dotnet/System.Linq.Parallel.dll
[9.531s] -- Installing: C:/Users/Jorge/Documents/GitHub/ArtekmedRos2/ShellScripts/string_msgs_hololens_dll/install/string_msgs_hololens_dll/lib/string_msgs_hololens_dll/dotnet/System.Linq.Queryable.dll
[9.547s] -- Installing: C:/Users/Jorge/Documents/GitHub/ArtekmedRos2/ShellScripts/string_msgs_hololens_dll/install/string_msgs_hololens_dll/lib/string_msgs_hololens_dll/dotnet/System.Net.dll
[9.563s] -- Installing: C:/Users/Jorge/Documents/GitHub/ArtekmedRos2/ShellScripts/string_msgs_hololens_dll/install/string_msgs_hololens_dll/lib/string_msgs_hololens_dll/dotnet/System.Net.Http.dll
[9.578s] -- Installing: C:/Users/Jorge/Documents/GitHub/ArtekmedRos2/ShellScripts/string_msgs_hololens_dll/install/string_msgs_hololens_dll/lib/string_msgs_hololens_dll/dotnet/System.Net.HttpListener.dll
[9.609s] -- Installing: C:/Users/Jorge/Documents/GitHub/ArtekmedRos2/ShellScripts/string_msgs_hololens_dll/install/string_msgs_hololens_dll/lib/string_msgs_hololens_dll/dotnet/System.Net.Mail.dll
[9.625s] -- Installing: C:/Users/Jorge/Documents/GitHub/ArtekmedRos2/ShellScripts/string_msgs_hololens_dll/install/string_msgs_hololens_dll/lib/string_msgs_hololens_dll/dotnet/System.Net.NameResolution.dll
[9.641s] -- Installing: C:/Users/Jorge/Documents/GitHub/ArtekmedRos2/ShellScripts/string_msgs_hololens_dll/install/string_msgs_hololens_dll/lib/string_msgs_hololens_dll/dotnet/System.Net.NetworkInformation.dll
[9.656s] -- Installing: C:/Users/Jorge/Documents/GitHub/ArtekmedRos2/ShellScripts/string_msgs_hololens_dll/install/string_msgs_hololens_dll/lib/string_msgs_hololens_dll/dotnet/System.Net.Ping.dll
[9.672s] -- Installing: C:/Users/Jorge/Documents/GitHub/ArtekmedRos2/ShellScripts/string_msgs_hololens_dll/install/string_msgs_hololens_dll/lib/string_msgs_hololens_dll/dotnet/System.Net.Primitives.dll
[9.688s] -- Installing: C:/Users/Jorge/Documents/GitHub/ArtekmedRos2/ShellScripts/string_msgs_hololens_dll/install/string_msgs_hololens_dll/lib/string_msgs_hololens_dll/dotnet/System.Net.Requests.dll
[9.703s] -- Installing: C:/Users/Jorge/Documents/GitHub/ArtekmedRos2/ShellScripts/string_msgs_hololens_dll/install/string_msgs_hololens_dll/lib/string_msgs_hololens_dll/dotnet/System.Net.Security.dll
[9.719s] -- Installing: C:/Users/Jorge/Documents/GitHub/ArtekmedRos2/ShellScripts/string_msgs_hololens_dll/install/string_msgs_hololens_dll/lib/string_msgs_hololens_dll/dotnet/System.Net.ServicePoint.dll
[9.734s] -- Installing: C:/Users/Jorge/Documents/GitHub/ArtekmedRos2/ShellScripts/string_msgs_hololens_dll/install/string_msgs_hololens_dll/lib/string_msgs_hololens_dll/dotnet/System.Net.Sockets.dll
[9.750s] -- Installing: C:/Users/Jorge/Documents/GitHub/ArtekmedRos2/ShellScripts/string_msgs_hololens_dll/install/string_msgs_hololens_dll/lib/string_msgs_hololens_dll/dotnet/System.Net.WebClient.dll
[9.766s] -- Installing: C:/Users/Jorge/Documents/GitHub/ArtekmedRos2/ShellScripts/string_msgs_hololens_dll/install/string_msgs_hololens_dll/lib/string_msgs_hololens_dll/dotnet/System.Net.WebHeaderCollection.dll
[9.781s] -- Installing: C:/Users/Jorge/Documents/GitHub/ArtekmedRos2/ShellScripts/string_msgs_hololens_dll/install/string_msgs_hololens_dll/lib/string_msgs_hololens_dll/dotnet/System.Net.WebProxy.dll
[9.797s] -- Installing: C:/Users/Jorge/Documents/GitHub/ArtekmedRos2/ShellScripts/string_msgs_hololens_dll/install/string_msgs_hololens_dll/lib/string_msgs_hololens_dll/dotnet/System.Net.WebSockets.Client.dll
[9.813s] -- Installing: C:/Users/Jorge/Documents/GitHub/ArtekmedRos2/ShellScripts/string_msgs_hololens_dll/install/string_msgs_hololens_dll/lib/string_msgs_hololens_dll/dotnet/System.Net.WebSockets.dll
[9.813s] -- Installing: C:/Users/Jorge/Documents/GitHub/ArtekmedRos2/ShellScripts/string_msgs_hololens_dll/install/string_msgs_hololens_dll/lib/string_msgs_hololens_dll/dotnet/System.Numerics.dll
[9.828s] -- Installing: C:/Users/Jorge/Documents/GitHub/ArtekmedRos2/ShellScripts/string_msgs_hololens_dll/install/string_msgs_hololens_dll/lib/string_msgs_hololens_dll/dotnet/System.Numerics.Vectors.dll
[9.844s] -- Installing: C:/Users/Jorge/Documents/GitHub/ArtekmedRos2/ShellScripts/string_msgs_hololens_dll/install/string_msgs_hololens_dll/lib/string_msgs_hololens_dll/dotnet/System.ObjectModel.dll
[9.938s] -- Installing: C:/Users/Jorge/Documents/GitHub/ArtekmedRos2/ShellScripts/string_msgs_hololens_dll/install/string_msgs_hololens_dll/lib/string_msgs_hololens_dll/dotnet/System.Private.CoreLib.dll
[10.000s] -- Installing: C:/Users/Jorge/Documents/GitHub/ArtekmedRos2/ShellScripts/string_msgs_hololens_dll/install/string_msgs_hololens_dll/lib/string_msgs_hololens_dll/dotnet/System.Private.DataContractSerialization.dll
[10.016s] -- Installing: C:/Users/Jorge/Documents/GitHub/ArtekmedRos2/ShellScripts/string_msgs_hololens_dll/install/string_msgs_hololens_dll/lib/string_msgs_hololens_dll/dotnet/System.Private.Uri.dll
[10.094s] -- Installing: C:/Users/Jorge/Documents/GitHub/ArtekmedRos2/ShellScripts/string_msgs_hololens_dll/install/string_msgs_hololens_dll/lib/string_msgs_hololens_dll/dotnet/System.Private.Xml.dll
[10.125s] -- Installing: C:/Users/Jorge/Documents/GitHub/ArtekmedRos2/ShellScripts/string_msgs_hololens_dll/install/string_msgs_hololens_dll/lib/string_msgs_hololens_dll/dotnet/System.Private.Xml.Linq.dll
[10.141s] -- Installing: C:/Users/Jorge/Documents/GitHub/ArtekmedRos2/ShellScripts/string_msgs_hololens_dll/install/string_msgs_hololens_dll/lib/string_msgs_hololens_dll/dotnet/System.Reflection.DispatchProxy.dll
[10.156s] -- Installing: C:/Users/Jorge/Documents/GitHub/ArtekmedRos2/ShellScripts/string_msgs_hololens_dll/install/string_msgs_hololens_dll/lib/string_msgs_hololens_dll/dotnet/System.Reflection.dll
[10.172s] -- Installing: C:/Users/Jorge/Documents/GitHub/ArtekmedRos2/ShellScripts/string_msgs_hololens_dll/install/string_msgs_hololens_dll/lib/string_msgs_hololens_dll/dotnet/System.Reflection.Emit.dll
[10.188s] -- Installing: C:/Users/Jorge/Documents/GitHub/ArtekmedRos2/ShellScripts/string_msgs_hololens_dll/install/string_msgs_hololens_dll/lib/string_msgs_hololens_dll/dotnet/System.Reflection.Emit.ILGeneration.dll
[10.188s] -- Installing: C:/Users/Jorge/Documents/GitHub/ArtekmedRos2/ShellScripts/string_msgs_hololens_dll/install/string_msgs_hololens_dll/lib/string_msgs_hololens_dll/dotnet/System.Reflection.Emit.Lightweight.dll
[10.203s] -- Installing: C:/Users/Jorge/Documents/GitHub/ArtekmedRos2/ShellScripts/string_msgs_hololens_dll/install/string_msgs_hololens_dll/lib/string_msgs_hololens_dll/dotnet/System.Reflection.Extensions.dll
[10.234s] -- Installing: C:/Users/Jorge/Documents/GitHub/ArtekmedRos2/ShellScripts/string_msgs_hololens_dll/install/string_msgs_hololens_dll/lib/string_msgs_hololens_dll/dotnet/System.Reflection.Metadata.dll
[10.250s] -- Installing: C:/Users/Jorge/Documents/GitHub/ArtekmedRos2/ShellScripts/string_msgs_hololens_dll/install/string_msgs_hololens_dll/lib/string_msgs_hololens_dll/dotnet/System.Reflection.Primitives.dll
[10.266s] -- Installing: C:/Users/Jorge/Documents/GitHub/ArtekmedRos2/ShellScripts/string_msgs_hololens_dll/install/string_msgs_hololens_dll/lib/string_msgs_hololens_dll/dotnet/System.Reflection.TypeExtensions.dll
[10.266s] -- Installing: C:/Users/Jorge/Documents/GitHub/ArtekmedRos2/ShellScripts/string_msgs_hololens_dll/install/string_msgs_hololens_dll/lib/string_msgs_hololens_dll/dotnet/System.Resources.Reader.dll
[10.281s] -- Installing: C:/Users/Jorge/Documents/GitHub/ArtekmedRos2/ShellScripts/string_msgs_hololens_dll/install/string_msgs_hololens_dll/lib/string_msgs_hololens_dll/dotnet/System.Resources.ResourceManager.dll
[10.297s] -- Installing: C:/Users/Jorge/Documents/GitHub/ArtekmedRos2/ShellScripts/string_msgs_hololens_dll/install/string_msgs_hololens_dll/lib/string_msgs_hololens_dll/dotnet/System.Resources.Writer.dll
[10.313s] -- Installing: C:/Users/Jorge/Documents/GitHub/ArtekmedRos2/ShellScripts/string_msgs_hololens_dll/install/string_msgs_hololens_dll/lib/string_msgs_hololens_dll/dotnet/System.Runtime.CompilerServices.VisualC.dll
[10.328s] -- Installing: C:/Users/Jorge/Documents/GitHub/ArtekmedRos2/ShellScripts/string_msgs_hololens_dll/install/string_msgs_hololens_dll/lib/string_msgs_hololens_dll/dotnet/System.Runtime.dll
[10.344s] -- Installing: C:/Users/Jorge/Documents/GitHub/ArtekmedRos2/ShellScripts/string_msgs_hololens_dll/install/string_msgs_hololens_dll/lib/string_msgs_hololens_dll/dotnet/System.Runtime.Extensions.dll
[10.359s] -- Installing: C:/Users/Jorge/Documents/GitHub/ArtekmedRos2/ShellScripts/string_msgs_hololens_dll/install/string_msgs_hololens_dll/lib/string_msgs_hololens_dll/dotnet/System.Runtime.Handles.dll
[10.375s] -- Installing: C:/Users/Jorge/Documents/GitHub/ArtekmedRos2/ShellScripts/string_msgs_hololens_dll/install/string_msgs_hololens_dll/lib/string_msgs_hololens_dll/dotnet/System.Runtime.InteropServices.dll
[10.391s] -- Installing: C:/Users/Jorge/Documents/GitHub/ArtekmedRos2/ShellScripts/string_msgs_hololens_dll/install/string_msgs_hololens_dll/lib/string_msgs_hololens_dll/dotnet/System.Runtime.InteropServices.RuntimeInformation.dll
[10.406s] -- Installing: C:/Users/Jorge/Documents/GitHub/ArtekmedRos2/ShellScripts/string_msgs_hololens_dll/install/string_msgs_hololens_dll/lib/string_msgs_hololens_dll/dotnet/System.Runtime.InteropServices.WindowsRuntime.dll
[10.422s] -- Installing: C:/Users/Jorge/Documents/GitHub/ArtekmedRos2/ShellScripts/string_msgs_hololens_dll/install/string_msgs_hololens_dll/lib/string_msgs_hololens_dll/dotnet/System.Runtime.Loader.dll
[10.438s] -- Installing: C:/Users/Jorge/Documents/GitHub/ArtekmedRos2/ShellScripts/string_msgs_hololens_dll/install/string_msgs_hololens_dll/lib/string_msgs_hololens_dll/dotnet/System.Runtime.Numerics.dll
[10.453s] -- Installing: C:/Users/Jorge/Documents/GitHub/ArtekmedRos2/ShellScripts/string_msgs_hololens_dll/install/string_msgs_hololens_dll/lib/string_msgs_hololens_dll/dotnet/System.Runtime.Serialization.dll
[10.469s] -- Installing: C:/Users/Jorge/Documents/GitHub/ArtekmedRos2/ShellScripts/string_msgs_hololens_dll/install/string_msgs_hololens_dll/lib/string_msgs_hololens_dll/dotnet/System.Runtime.Serialization.Formatters.dll
[10.484s] -- Installing: C:/Users/Jorge/Documents/GitHub/ArtekmedRos2/ShellScripts/string_msgs_hololens_dll/install/string_msgs_hololens_dll/lib/string_msgs_hololens_dll/dotnet/System.Runtime.Serialization.Json.dll
[10.500s] -- Installing: C:/Users/Jorge/Documents/GitHub/ArtekmedRos2/ShellScripts/string_msgs_hololens_dll/install/string_msgs_hololens_dll/lib/string_msgs_hololens_dll/dotnet/System.Runtime.Serialization.Primitives.dll
[10.516s] -- Installing: C:/Users/Jorge/Documents/GitHub/ArtekmedRos2/ShellScripts/string_msgs_hololens_dll/install/string_msgs_hololens_dll/lib/string_msgs_hololens_dll/dotnet/System.Runtime.Serialization.Xml.dll
[10.531s] -- Installing: C:/Users/Jorge/Documents/GitHub/ArtekmedRos2/ShellScripts/string_msgs_hololens_dll/install/string_msgs_hololens_dll/lib/string_msgs_hololens_dll/dotnet/System.Security.AccessControl.dll
[10.547s] -- Installing: C:/Users/Jorge/Documents/GitHub/ArtekmedRos2/ShellScripts/string_msgs_hololens_dll/install/string_msgs_hololens_dll/lib/string_msgs_hololens_dll/dotnet/System.Security.Claims.dll
[10.563s] -- Installing: C:/Users/Jorge/Documents/GitHub/ArtekmedRos2/ShellScripts/string_msgs_hololens_dll/install/string_msgs_hololens_dll/lib/string_msgs_hololens_dll/dotnet/System.Security.Cryptography.Algorithms.dll
[10.578s] -- Installing: C:/Users/Jorge/Documents/GitHub/ArtekmedRos2/ShellScripts/string_msgs_hololens_dll/install/string_msgs_hololens_dll/lib/string_msgs_hololens_dll/dotnet/System.Security.Cryptography.Cng.dll
[10.594s] -- Installing: C:/Users/Jorge/Documents/GitHub/ArtekmedRos2/ShellScripts/string_msgs_hololens_dll/install/string_msgs_hololens_dll/lib/string_msgs_hololens_dll/dotnet/System.Security.Cryptography.Csp.dll
[10.609s] -- Installing: C:/Users/Jorge/Documents/GitHub/ArtekmedRos2/ShellScripts/string_msgs_hololens_dll/install/string_msgs_hololens_dll/lib/string_msgs_hololens_dll/dotnet/System.Security.Cryptography.Encoding.dll
[10.625s] -- Installing: C:/Users/Jorge/Documents/GitHub/ArtekmedRos2/ShellScripts/string_msgs_hololens_dll/install/string_msgs_hololens_dll/lib/string_msgs_hololens_dll/dotnet/System.Security.Cryptography.OpenSsl.dll
[10.656s] -- Installing: C:/Users/Jorge/Documents/GitHub/ArtekmedRos2/ShellScripts/string_msgs_hololens_dll/install/string_msgs_hololens_dll/lib/string_msgs_hololens_dll/dotnet/System.Security.Cryptography.Primitives.dll
[10.672s] -- Installing: C:/Users/Jorge/Documents/GitHub/ArtekmedRos2/ShellScripts/string_msgs_hololens_dll/install/string_msgs_hololens_dll/lib/string_msgs_hololens_dll/dotnet/System.Security.Cryptography.X509Certificates.dll
[10.688s] -- Installing: C:/Users/Jorge/Documents/GitHub/ArtekmedRos2/ShellScripts/string_msgs_hololens_dll/install/string_msgs_hololens_dll/lib/string_msgs_hololens_dll/dotnet/System.Security.dll
[10.688s] -- Installing: C:/Users/Jorge/Documents/GitHub/ArtekmedRos2/ShellScripts/string_msgs_hololens_dll/install/string_msgs_hololens_dll/lib/string_msgs_hololens_dll/dotnet/System.Security.Principal.dll
[10.703s] -- Installing: C:/Users/Jorge/Documents/GitHub/ArtekmedRos2/ShellScripts/string_msgs_hololens_dll/install/string_msgs_hololens_dll/lib/string_msgs_hololens_dll/dotnet/System.Security.Principal.Windows.dll
[10.719s] -- Installing: C:/Users/Jorge/Documents/GitHub/ArtekmedRos2/ShellScripts/string_msgs_hololens_dll/install/string_msgs_hololens_dll/lib/string_msgs_hololens_dll/dotnet/System.Security.SecureString.dll
[10.734s] -- Installing: C:/Users/Jorge/Documents/GitHub/ArtekmedRos2/ShellScripts/string_msgs_hololens_dll/install/string_msgs_hololens_dll/lib/string_msgs_hololens_dll/dotnet/System.ServiceModel.Web.dll
[10.734s] -- Installing: C:/Users/Jorge/Documents/GitHub/ArtekmedRos2/ShellScripts/string_msgs_hololens_dll/install/string_msgs_hololens_dll/lib/string_msgs_hololens_dll/dotnet/System.ServiceProcess.dll
[10.750s] -- Installing: C:/Users/Jorge/Documents/GitHub/ArtekmedRos2/ShellScripts/string_msgs_hololens_dll/install/string_msgs_hololens_dll/lib/string_msgs_hololens_dll/dotnet/System.Text.Encoding.dll
[10.766s] -- Installing: C:/Users/Jorge/Documents/GitHub/ArtekmedRos2/ShellScripts/string_msgs_hololens_dll/install/string_msgs_hololens_dll/lib/string_msgs_hololens_dll/dotnet/System.Text.Encoding.Extensions.dll
[10.781s] -- Installing: C:/Users/Jorge/Documents/GitHub/ArtekmedRos2/ShellScripts/string_msgs_hololens_dll/install/string_msgs_hololens_dll/lib/string_msgs_hololens_dll/dotnet/System.Text.RegularExpressions.dll
[10.797s] -- Installing: C:/Users/Jorge/Documents/GitHub/ArtekmedRos2/ShellScripts/string_msgs_hololens_dll/install/string_msgs_hololens_dll/lib/string_msgs_hololens_dll/dotnet/System.Threading.dll
[10.813s] -- Installing: C:/Users/Jorge/Documents/GitHub/ArtekmedRos2/ShellScripts/string_msgs_hololens_dll/install/string_msgs_hololens_dll/lib/string_msgs_hololens_dll/dotnet/System.Threading.Overlapped.dll
[10.828s] -- Installing: C:/Users/Jorge/Documents/GitHub/ArtekmedRos2/ShellScripts/string_msgs_hololens_dll/install/string_msgs_hololens_dll/lib/string_msgs_hololens_dll/dotnet/System.Threading.Tasks.Dataflow.dll
[10.844s] -- Installing: C:/Users/Jorge/Documents/GitHub/ArtekmedRos2/ShellScripts/string_msgs_hololens_dll/install/string_msgs_hololens_dll/lib/string_msgs_hololens_dll/dotnet/System.Threading.Tasks.dll
[10.859s] -- Installing: C:/Users/Jorge/Documents/GitHub/ArtekmedRos2/ShellScripts/string_msgs_hololens_dll/install/string_msgs_hololens_dll/lib/string_msgs_hololens_dll/dotnet/System.Threading.Tasks.Extensions.dll
[10.875s] -- Installing: C:/Users/Jorge/Documents/GitHub/ArtekmedRos2/ShellScripts/string_msgs_hololens_dll/install/string_msgs_hololens_dll/lib/string_msgs_hololens_dll/dotnet/System.Threading.Tasks.Parallel.dll
[10.891s] -- Installing: C:/Users/Jorge/Documents/GitHub/ArtekmedRos2/ShellScripts/string_msgs_hololens_dll/install/string_msgs_hololens_dll/lib/string_msgs_hololens_dll/dotnet/System.Threading.Thread.dll
[10.906s] -- Installing: C:/Users/Jorge/Documents/GitHub/ArtekmedRos2/ShellScripts/string_msgs_hololens_dll/install/string_msgs_hololens_dll/lib/string_msgs_hololens_dll/dotnet/System.Threading.ThreadPool.dll
[10.922s] -- Installing: C:/Users/Jorge/Documents/GitHub/ArtekmedRos2/ShellScripts/string_msgs_hololens_dll/install/string_msgs_hololens_dll/lib/string_msgs_hololens_dll/dotnet/System.Threading.Timer.dll
[10.938s] -- Installing: C:/Users/Jorge/Documents/GitHub/ArtekmedRos2/ShellScripts/string_msgs_hololens_dll/install/string_msgs_hololens_dll/lib/string_msgs_hololens_dll/dotnet/System.Transactions.dll
[10.953s] -- Installing: C:/Users/Jorge/Documents/GitHub/ArtekmedRos2/ShellScripts/string_msgs_hololens_dll/install/string_msgs_hololens_dll/lib/string_msgs_hololens_dll/dotnet/System.Transactions.Local.dll
[10.969s] -- Installing: C:/Users/Jorge/Documents/GitHub/ArtekmedRos2/ShellScripts/string_msgs_hololens_dll/install/string_msgs_hololens_dll/lib/string_msgs_hololens_dll/dotnet/System.ValueTuple.dll
[10.984s] -- Installing: C:/Users/Jorge/Documents/GitHub/ArtekmedRos2/ShellScripts/string_msgs_hololens_dll/install/string_msgs_hololens_dll/lib/string_msgs_hololens_dll/dotnet/System.Web.dll
[11.000s] -- Installing: C:/Users/Jorge/Documents/GitHub/ArtekmedRos2/ShellScripts/string_msgs_hololens_dll/install/string_msgs_hololens_dll/lib/string_msgs_hololens_dll/dotnet/System.Web.HttpUtility.dll
[11.000s] -- Installing: C:/Users/Jorge/Documents/GitHub/ArtekmedRos2/ShellScripts/string_msgs_hololens_dll/install/string_msgs_hololens_dll/lib/string_msgs_hololens_dll/dotnet/System.Windows.dll
[11.016s] -- Installing: C:/Users/Jorge/Documents/GitHub/ArtekmedRos2/ShellScripts/string_msgs_hololens_dll/install/string_msgs_hololens_dll/lib/string_msgs_hololens_dll/dotnet/System.Xml.dll
[11.031s] -- Installing: C:/Users/Jorge/Documents/GitHub/ArtekmedRos2/ShellScripts/string_msgs_hololens_dll/install/string_msgs_hololens_dll/lib/string_msgs_hololens_dll/dotnet/System.Xml.Linq.dll
[11.047s] -- Installing: C:/Users/Jorge/Documents/GitHub/ArtekmedRos2/ShellScripts/string_msgs_hololens_dll/install/string_msgs_hololens_dll/lib/string_msgs_hololens_dll/dotnet/System.Xml.ReaderWriter.dll
[11.047s] -- Installing: C:/Users/Jorge/Documents/GitHub/ArtekmedRos2/ShellScripts/string_msgs_hololens_dll/install/string_msgs_hololens_dll/lib/string_msgs_hololens_dll/dotnet/System.Xml.Serialization.dll
[11.063s] -- Installing: C:/Users/Jorge/Documents/GitHub/ArtekmedRos2/ShellScripts/string_msgs_hololens_dll/install/string_msgs_hololens_dll/lib/string_msgs_hololens_dll/dotnet/System.Xml.XDocument.dll
[11.078s] -- Installing: C:/Users/Jorge/Documents/GitHub/ArtekmedRos2/ShellScripts/string_msgs_hololens_dll/install/string_msgs_hololens_dll/lib/string_msgs_hololens_dll/dotnet/System.Xml.XmlDocument.dll
[11.094s] -- Installing: C:/Users/Jorge/Documents/GitHub/ArtekmedRos2/ShellScripts/string_msgs_hololens_dll/install/string_msgs_hololens_dll/lib/string_msgs_hololens_dll/dotnet/System.Xml.XmlSerializer.dll
[11.109s] -- Installing: C:/Users/Jorge/Documents/GitHub/ArtekmedRos2/ShellScripts/string_msgs_hololens_dll/install/string_msgs_hololens_dll/lib/string_msgs_hololens_dll/dotnet/System.Xml.XPath.dll
[11.109s] -- Installing: C:/Users/Jorge/Documents/GitHub/ArtekmedRos2/ShellScripts/string_msgs_hololens_dll/install/string_msgs_hololens_dll/lib/string_msgs_hololens_dll/dotnet/System.Xml.XPath.XDocument.dll
[11.141s] -- Installing: C:/Users/Jorge/Documents/GitHub/ArtekmedRos2/ShellScripts/string_msgs_hololens_dll/install/string_msgs_hololens_dll/lib/string_msgs_hololens_dll/dotnet/ucrtbase.dll
[11.156s] -- Installing: C:/Users/Jorge/Documents/GitHub/ArtekmedRos2/ShellScripts/string_msgs_hololens_dll/install/string_msgs_hololens_dll/lib/string_msgs_hololens_dll/dotnet/WindowsBase.dll
[11.172s] -- Installing: C:/Users/Jorge/Documents/GitHub/ArtekmedRos2/ShellScripts/string_msgs_hololens_dll/install/string_msgs_hololens_dll/lib/string_msgs_hololens_dll/string_msgs_hololens_dll.bat
[11.172s] -- Installing: C:/Users/Jorge/Documents/GitHub/ArtekmedRos2/ShellScripts/string_msgs_hololens_dll/install/string_msgs_hololens_dll/share/ament_index/resource_index/package_run_dependencies/string_msgs_hololens_dll
[11.172s] -- Installing: C:/Users/Jorge/Documents/GitHub/ArtekmedRos2/ShellScripts/string_msgs_hololens_dll/install/string_msgs_hololens_dll/share/ament_index/resource_index/parent_prefix_path/string_msgs_hololens_dll
[11.172s] -- Installing: C:/Users/Jorge/Documents/GitHub/ArtekmedRos2/ShellScripts/string_msgs_hololens_dll/install/string_msgs_hololens_dll/share/string_msgs_hololens_dll/environment/ament_prefix_path.bat
[11.188s] -- Installing: C:/Users/Jorge/Documents/GitHub/ArtekmedRos2/ShellScripts/string_msgs_hololens_dll/install/string_msgs_hololens_dll/share/string_msgs_hololens_dll/environment/ament_prefix_path.dsv
[11.188s] -- Installing: C:/Users/Jorge/Documents/GitHub/ArtekmedRos2/ShellScripts/string_msgs_hololens_dll/install/string_msgs_hololens_dll/share/string_msgs_hololens_dll/environment/path.bat
[11.188s] -- Installing: C:/Users/Jorge/Documents/GitHub/ArtekmedRos2/ShellScripts/string_msgs_hololens_dll/install/string_msgs_hololens_dll/share/string_msgs_hololens_dll/environment/path.dsv
[11.188s] -- Installing: C:/Users/Jorge/Documents/GitHub/ArtekmedRos2/ShellScripts/string_msgs_hololens_dll/install/string_msgs_hololens_dll/share/string_msgs_hololens_dll/local_setup.bat
[11.203s] -- Installing: C:/Users/Jorge/Documents/GitHub/ArtekmedRos2/ShellScripts/string_msgs_hololens_dll/install/string_msgs_hololens_dll/share/string_msgs_hololens_dll/local_setup.dsv
[11.219s] -- Installing: C:/Users/Jorge/Documents/GitHub/ArtekmedRos2/ShellScripts/string_msgs_hololens_dll/install/string_msgs_hololens_dll/share/string_msgs_hololens_dll/package.dsv
[11.219s] -- Installing: C:/Users/Jorge/Documents/GitHub/ArtekmedRos2/ShellScripts/string_msgs_hololens_dll/install/string_msgs_hololens_dll/share/ament_index/resource_index/packages/string_msgs_hololens_dll
[11.219s] -- Installing: C:/Users/Jorge/Documents/GitHub/ArtekmedRos2/ShellScripts/string_msgs_hololens_dll/install/string_msgs_hololens_dll/share/string_msgs_hololens_dll/cmake/string_msgs_hololens_dllConfig.cmake
[11.219s] -- Installing: C:/Users/Jorge/Documents/GitHub/ArtekmedRos2/ShellScripts/string_msgs_hololens_dll/install/string_msgs_hololens_dll/share/string_msgs_hololens_dll/cmake/string_msgs_hololens_dllConfig-version.cmake
[11.219s] -- Installing: C:/Users/Jorge/Documents/GitHub/ArtekmedRos2/ShellScripts/string_msgs_hololens_dll/install/string_msgs_hololens_dll/share/string_msgs_hololens_dll/package.xml
[11.234s] Invoked command in 'c:\Users\Jorge\Documents\GitHub\ArtekmedRos2\ShellScripts\string_msgs_hololens_dll\build\string_msgs_hololens_dll' returned '0': CMAKE_PREFIX_PATH=%CMAKE_PREFIX_PATH%;c:\opt\ros2_dotnet_ws\install\sensor_msgs_py c:\opt\ros\foxy\x64\Scripts\cmake.EXE --install c:\Users\Jorge\Documents\GitHub\ArtekmedRos2\ShellScripts\string_msgs_hololens_dll\build\string_msgs_hololens_dll --config Release
