[1.797s] Invoking command in 'C:\Users\Jorge\Documents\GitHub\Artekmed_ROS2\Python\node_manager_trial': PYTHONPATH=C:\Users\Jorge\Documents\GitHub\Artekmed_ROS2\Python\node_manager_trial\install\node_manager_trial\Lib\site-packages;%PYTHONPATH% c:\opt\ros\foxy\x64\python.exe setup.py egg_info --egg-base C:\Users\Jorge\Documents\GitHub\Artekmed_ROS2\Python\node_manager_trial\build\node_manager_trial build --build-base C:\Users\Jorge\Documents\GitHub\Artekmed_ROS2\Python\node_manager_trial\build\node_manager_trial\build install --prefix C:\Users\Jorge\Documents\GitHub\Artekmed_ROS2\Python\node_manager_trial\install\node_manager_trial --record C:\Users\Jorge\Documents\GitHub\Artekmed_ROS2\Python\node_manager_trial\build\node_manager_trial\install.log --single-version-externally-managed
[3.109s] running egg_info
[3.125s] writing C:\Users\Jorge\Documents\GitHub\Artekmed_ROS2\Python\node_manager_trial\build\node_manager_trial\node_manager_trial.egg-info\PKG-INFO
[3.125s] writing dependency_links to C:\Users\Jorge\Documents\GitHub\Artekmed_ROS2\Python\node_manager_trial\build\node_manager_trial\node_manager_trial.egg-info\dependency_links.txt
[3.125s] writing entry points to C:\Users\Jorge\Documents\GitHub\Artekmed_ROS2\Python\node_manager_trial\build\node_manager_trial\node_manager_trial.egg-info\entry_points.txt
[3.125s] writing requirements to C:\Users\Jorge\Documents\GitHub\Artekmed_ROS2\Python\node_manager_trial\build\node_manager_trial\node_manager_trial.egg-info\requires.txt
[3.125s] writing top-level names to C:\Users\Jorge\Documents\GitHub\Artekmed_ROS2\Python\node_manager_trial\build\node_manager_trial\node_manager_trial.egg-info\top_level.txt
[3.187s] reading manifest file 'C:\Users\Jorge\Documents\GitHub\Artekmed_ROS2\Python\node_manager_trial\build\node_manager_trial\node_manager_trial.egg-info\SOURCES.txt'
[3.187s] writing manifest file 'C:\Users\Jorge\Documents\GitHub\Artekmed_ROS2\Python\node_manager_trial\build\node_manager_trial\node_manager_trial.egg-info\SOURCES.txt'
[3.187s] running build
[3.187s] running build_py
[3.187s] copying node_manager_trial\node_manager_trial.py -> C:\Users\Jorge\Documents\GitHub\Artekmed_ROS2\Python\node_manager_trial\build\node_manager_trial\build\lib\node_manager_trial
[3.218s] running install
[3.218s] running install_lib
[3.218s] copying C:\Users\Jorge\Documents\GitHub\Artekmed_ROS2\Python\node_manager_trial\build\node_manager_trial\build\lib\node_manager_trial\node_manager_trial.py -> C:\Users\Jorge\Documents\GitHub\Artekmed_ROS2\Python\node_manager_trial\install\node_manager_trial\Lib\site-packages\node_manager_trial
[3.218s] writing byte-compilation script 'C:\Users\Jorge\AppData\Local\Temp\tmpnhaosgqv.py'
[3.234s] c:\opt\ros\foxy\x64\python.exe C:\Users\Jorge\AppData\Local\Temp\tmpnhaosgqv.py
[3.422s] removing C:\Users\Jorge\AppData\Local\Temp\tmpnhaosgqv.py
[3.422s] running install_data
[3.437s] running install_egg_info
[3.437s] removing 'C:\Users\Jorge\Documents\GitHub\Artekmed_ROS2\Python\node_manager_trial\install\node_manager_trial\Lib\site-packages\node_manager_trial-0.0.0-py3.8.egg-info' (and everything under it)
[3.453s] Copying C:\Users\Jorge\Documents\GitHub\Artekmed_ROS2\Python\node_manager_trial\build\node_manager_trial\node_manager_trial.egg-info to C:\Users\Jorge\Documents\GitHub\Artekmed_ROS2\Python\node_manager_trial\install\node_manager_trial\Lib\site-packages\node_manager_trial-0.0.0-py3.8.egg-info
[3.484s] running install_scripts
[3.547s] Installing node_manager_trial-script.py script to C:\Users\Jorge\Documents\GitHub\Artekmed_ROS2\Python\node_manager_trial\install\node_manager_trial\lib\node_manager_trial
[3.547s] Installing node_manager_trial.exe script to C:\Users\Jorge\Documents\GitHub\Artekmed_ROS2\Python\node_manager_trial\install\node_manager_trial\lib\node_manager_trial
[3.547s] writing list of installed files to 'C:\Users\Jorge\Documents\GitHub\Artekmed_ROS2\Python\node_manager_trial\build\node_manager_trial\install.log'
[3.609s] Invoked command in 'C:\Users\Jorge\Documents\GitHub\Artekmed_ROS2\Python\node_manager_trial' returned '0': PYTHONPATH=C:\Users\Jorge\Documents\GitHub\Artekmed_ROS2\Python\node_manager_trial\install\node_manager_trial\Lib\site-packages;%PYTHONPATH% c:\opt\ros\foxy\x64\python.exe setup.py egg_info --egg-base C:\Users\Jorge\Documents\GitHub\Artekmed_ROS2\Python\node_manager_trial\build\node_manager_trial build --build-base C:\Users\Jorge\Documents\GitHub\Artekmed_ROS2\Python\node_manager_trial\build\node_manager_trial\build install --prefix C:\Users\Jorge\Documents\GitHub\Artekmed_ROS2\Python\node_manager_trial\install\node_manager_trial --record C:\Users\Jorge\Documents\GitHub\Artekmed_ROS2\Python\node_manager_trial\build\node_manager_trial\install.log --single-version-externally-managed
