[1.106s] [34mcolcon[0m [1;30mDEBUG[0m [32mCommand line arguments: ['c:\\opt\\ros\\foxy\\x64\\Scripts\\colcon', 'build', '--event-handlers', 'console_direct+'][0m
[1.106s] [34mcolcon[0m [1;30mDEBUG[0m [32mParsed command line arguments: Namespace(ament_cmake_args=None, base_paths=['.'], build_base='build', catkin_cmake_args=None, catkin_skip_building_tests=False, cmake_args=None, cmake_clean_cache=False, cmake_clean_first=False, cmake_force_configure=False, cmake_target=None, cmake_target_skip_unavailable=False, continue_on_error=False, event_handlers=['console_direct+'], executor='parallel', ignore_user_meta=False, install_base='install', log_base=None, log_level=None, main=<bound method BuildVerb.main of <colcon_core.verb.build.BuildVerb object at 0x000001CED011E7F0>>, merge_install=False, metas=['./colcon.meta'], packages_above=None, packages_above_and_dependencies=None, packages_above_depth=None, packages_end=None, packages_ignore=None, packages_ignore_regex=None, packages_select=None, packages_select_build_failed=False, packages_select_by_dep=None, packages_select_regex=None, packages_select_test_failures=False, packages_skip=None, packages_skip_build_finished=False, packages_skip_by_dep=None, packages_skip_regex=None, packages_skip_test_passed=False, packages_skip_up_to=None, packages_start=None, packages_up_to=None, packages_up_to_regex=None, parallel_workers=8, paths=None, symlink_install=False, test_result_base=None, verb_extension=<colcon_core.verb.build.BuildVerb object at 0x000001CED011E7F0>, verb_name='build', verb_parser=<colcon_defaults.argument_parser.defaults.DefaultArgumentsDecorator object at 0x000001CED011ECD0>)[0m
[1.197s] [34mcolcon.colcon_core.package_discovery[0m [1;30mLevel 1[0m discover_packages(colcon_meta) check parameters
[1.197s] [34mcolcon.colcon_core.package_discovery[0m [1;30mLevel 1[0m discover_packages(recursive) check parameters
[1.197s] [34mcolcon.colcon_core.package_discovery[0m [1;30mLevel 1[0m discover_packages(ignore) check parameters
[1.197s] [34mcolcon.colcon_core.package_discovery[0m [1;30mLevel 1[0m discover_packages(path) check parameters
[1.197s] [34mcolcon.colcon_core.package_discovery[0m [1;30mLevel 1[0m discover_packages(colcon_meta) discover
[1.198s] [34mcolcon.colcon_core.package_discovery[0m [1;30mLevel 1[0m discover_packages(recursive) discover
[1.198s] [34mcolcon.colcon_core.package_discovery[0m [1;30mINFO[0m Crawling recursively for packages in 'c:\Users\Jorge\Documents\GitHub\ArtekmedRos2\Python\node_manager_trial'
[1.198s] [34mcolcon.colcon_core.package_identification[0m [1;30mLevel 1[0m _identify(.) by extensions ['ignore', 'ignore_ament_install']
[1.198s] [34mcolcon.colcon_core.package_identification[0m [1;30mLevel 1[0m _identify(.) by extension 'ignore'
[1.198s] [34mcolcon.colcon_core.package_identification[0m [1;30mLevel 1[0m _identify(.) by extension 'ignore_ament_install'
[1.199s] [34mcolcon.colcon_core.package_identification[0m [1;30mLevel 1[0m _identify(.) by extensions ['colcon_pkg']
[1.199s] [34mcolcon.colcon_core.package_identification[0m [1;30mLevel 1[0m _identify(.) by extension 'colcon_pkg'
[1.199s] [34mcolcon.colcon_core.package_identification[0m [1;30mLevel 1[0m _identify(.) by extensions ['colcon_meta']
[1.199s] [34mcolcon.colcon_core.package_identification[0m [1;30mLevel 1[0m _identify(.) by extension 'colcon_meta'
[1.200s] [34mcolcon.colcon_core.package_identification[0m [1;30mLevel 1[0m _identify(.) by extensions ['ros']
[1.200s] [34mcolcon.colcon_core.package_identification[0m [1;30mLevel 1[0m _identify(.) by extension 'ros'
[1.232s] [34mcolcon.colcon_core.package_identification[0m [1;30mDEBUG[0m [32mPackage '.' with type 'ros.ament_python' and name 'node_manager_trial'[0m
[1.232s] [34mcolcon.colcon_core.package_discovery[0m [1;30mLevel 1[0m discover_packages(recursive) using defaults
[1.232s] [34mcolcon.colcon_core.package_discovery[0m [1;30mLevel 1[0m discover_packages(ignore) discover
[1.232s] [34mcolcon.colcon_core.package_discovery[0m [1;30mLevel 1[0m discover_packages(ignore) using defaults
[1.232s] [34mcolcon.colcon_core.package_discovery[0m [1;30mLevel 1[0m discover_packages(path) discover
[1.232s] [34mcolcon.colcon_core.package_discovery[0m [1;30mLevel 1[0m discover_packages(path) using defaults
[1.283s] [34mcolcon.colcon_core.verb[0m [1;30mLevel 5[0m set package 'node_manager_trial' build argument 'cmake_args' from command line to 'None'
[1.284s] [34mcolcon.colcon_core.verb[0m [1;30mLevel 5[0m set package 'node_manager_trial' build argument 'cmake_target' from command line to 'None'
[1.284s] [34mcolcon.colcon_core.verb[0m [1;30mLevel 5[0m set package 'node_manager_trial' build argument 'cmake_target_skip_unavailable' from command line to 'False'
[1.284s] [34mcolcon.colcon_core.verb[0m [1;30mLevel 5[0m set package 'node_manager_trial' build argument 'cmake_clean_cache' from command line to 'False'
[1.284s] [34mcolcon.colcon_core.verb[0m [1;30mLevel 5[0m set package 'node_manager_trial' build argument 'cmake_clean_first' from command line to 'False'
[1.284s] [34mcolcon.colcon_core.verb[0m [1;30mLevel 5[0m set package 'node_manager_trial' build argument 'cmake_force_configure' from command line to 'False'
[1.284s] [34mcolcon.colcon_core.verb[0m [1;30mLevel 5[0m set package 'node_manager_trial' build argument 'ament_cmake_args' from command line to 'None'
[1.284s] [34mcolcon.colcon_core.verb[0m [1;30mLevel 5[0m set package 'node_manager_trial' build argument 'catkin_cmake_args' from command line to 'None'
[1.284s] [34mcolcon.colcon_core.verb[0m [1;30mLevel 5[0m set package 'node_manager_trial' build argument 'catkin_skip_building_tests' from command line to 'False'
[1.284s] [34mcolcon.colcon_core.verb[0m [1;30mDEBUG[0m [32mBuilding package 'node_manager_trial' with the following arguments: {'ament_cmake_args': None, 'build_base': 'c:\\Users\\Jorge\\Documents\\GitHub\\ArtekmedRos2\\Python\\node_manager_trial\\build\\node_manager_trial', 'catkin_cmake_args': None, 'catkin_skip_building_tests': False, 'cmake_args': None, 'cmake_clean_cache': False, 'cmake_clean_first': False, 'cmake_force_configure': False, 'cmake_target': None, 'cmake_target_skip_unavailable': False, 'install_base': 'c:\\Users\\Jorge\\Documents\\GitHub\\ArtekmedRos2\\Python\\node_manager_trial\\install\\node_manager_trial', 'merge_install': False, 'path': 'c:\\Users\\Jorge\\Documents\\GitHub\\ArtekmedRos2\\Python\\node_manager_trial', 'symlink_install': False, 'test_result_base': None}[0m
[1.288s] [34mcolcon.colcon_core.executor[0m [1;30mINFO[0m Executing jobs using 'parallel' executor
[1.322s] [34mcolcon.colcon_parallel_executor.executor.parallel[0m [1;30mDEBUG[0m [32mrun_until_complete[0m
[1.323s] [34mcolcon.colcon_ros.task.ament_python.build[0m [1;30mINFO[0m Building ROS package in 'c:\Users\Jorge\Documents\GitHub\ArtekmedRos2\Python\node_manager_trial' with build type 'ament_python'
[1.324s] [34mcolcon.colcon_core.shell[0m [1;30mLevel 1[0m create_environment_hook('node_manager_trial', 'ament_prefix_path')
[1.336s] [34mcolcon.colcon_core.plugin_system[0m [1;30mINFO[0m Skipping extension 'colcon_core.shell.sh': Not used on Windows systems
[1.336s] [34mcolcon.colcon_core.shell[0m [1;30mINFO[0m Creating environment hook 'c:\Users\Jorge\Documents\GitHub\ArtekmedRos2\Python\node_manager_trial\install\node_manager_trial\share\node_manager_trial\hook\ament_prefix_path.ps1'
[1.338s] [34mcolcon.colcon_core.shell[0m [1;30mINFO[0m Creating environment hook 'c:\Users\Jorge\Documents\GitHub\ArtekmedRos2\Python\node_manager_trial\install\node_manager_trial\share\node_manager_trial\hook\ament_prefix_path.bat'
[1.340s] [34mcolcon.colcon_core.shell[0m [1;30mINFO[0m Creating environment descriptor 'c:\Users\Jorge\Documents\GitHub\ArtekmedRos2\Python\node_manager_trial\install\node_manager_trial\share\node_manager_trial\hook\ament_prefix_path.dsv'
[1.350s] [34mcolcon.colcon_core.shell[0m [1;30mINFO[0m Skip shell extension 'powershell' for command environment: Not usable outside of PowerShell
[1.377s] [34mcolcon.colcon_ros.prefix_path.catkin[0m [1;30mWARNING[0m [33mThe path 'C:\opt\ros\foxy\x64\tools\vcpkg\installed\x64-windows' in the environment variable CMAKE_PREFIX_PATH doesn't exist[0m
[2.226s] [34mcolcon.colcon_core.task.python.build[0m [1;30mINFO[0m Building Python package in 'c:\Users\Jorge\Documents\GitHub\ArtekmedRos2\Python\node_manager_trial'
[2.236s] [34mcolcon.colcon_core.shell[0m [1;30mINFO[0m Skip shell extension 'powershell' for command environment: Not usable outside of PowerShell
[2.344s] [34mcolcon.colcon_core.event_handler.log_command[0m [1;30mDEBUG[0m [32mInvoking command in 'c:\Users\Jorge\Documents\GitHub\ArtekmedRos2\Python\node_manager_trial': PYTHONPATH=c:\Users\Jorge\Documents\GitHub\ArtekmedRos2\Python\node_manager_trial\install\node_manager_trial\Lib\site-packages;%PYTHONPATH% c:\opt\ros\foxy\x64\python.exe setup.py egg_info --egg-base c:\Users\Jorge\Documents\GitHub\ArtekmedRos2\Python\node_manager_trial\build\node_manager_trial build --build-base c:\Users\Jorge\Documents\GitHub\ArtekmedRos2\Python\node_manager_trial\build\node_manager_trial\build install --prefix c:\Users\Jorge\Documents\GitHub\ArtekmedRos2\Python\node_manager_trial\install\node_manager_trial --record c:\Users\Jorge\Documents\GitHub\ArtekmedRos2\Python\node_manager_trial\build\node_manager_trial\install.log --single-version-externally-managed[0m
[3.487s] [34mcolcon.colcon_core.event_handler.log_command[0m [1;30mDEBUG[0m [32mInvoked command in 'c:\Users\Jorge\Documents\GitHub\ArtekmedRos2\Python\node_manager_trial' returned '0': PYTHONPATH=c:\Users\Jorge\Documents\GitHub\ArtekmedRos2\Python\node_manager_trial\install\node_manager_trial\Lib\site-packages;%PYTHONPATH% c:\opt\ros\foxy\x64\python.exe setup.py egg_info --egg-base c:\Users\Jorge\Documents\GitHub\ArtekmedRos2\Python\node_manager_trial\build\node_manager_trial build --build-base c:\Users\Jorge\Documents\GitHub\ArtekmedRos2\Python\node_manager_trial\build\node_manager_trial\build install --prefix c:\Users\Jorge\Documents\GitHub\ArtekmedRos2\Python\node_manager_trial\install\node_manager_trial --record c:\Users\Jorge\Documents\GitHub\ArtekmedRos2\Python\node_manager_trial\build\node_manager_trial\install.log --single-version-externally-managed[0m
[3.512s] [34mcolcon.colcon_core.environment[0m [1;30mLevel 1[0m checking 'c:\Users\Jorge\Documents\GitHub\ArtekmedRos2\Python\node_manager_trial\install\node_manager_trial' for CMake module files
[3.516s] [34mcolcon.colcon_core.environment[0m [1;30mLevel 1[0m checking 'c:\Users\Jorge\Documents\GitHub\ArtekmedRos2\Python\node_manager_trial\install\node_manager_trial' for CMake config files
[3.519s] [34mcolcon.colcon_core.environment[0m [1;30mLevel 1[0m checking 'c:\Users\Jorge\Documents\GitHub\ArtekmedRos2\Python\node_manager_trial\install\node_manager_trial\bin'
[3.520s] [34mcolcon.colcon_core.environment[0m [1;30mLevel 1[0m checking 'c:\Users\Jorge\Documents\GitHub\ArtekmedRos2\Python\node_manager_trial\install\node_manager_trial\bin'
[3.520s] [34mcolcon.colcon_core.environment[0m [1;30mLevel 1[0m checking 'c:\Users\Jorge\Documents\GitHub\ArtekmedRos2\Python\node_manager_trial\install\node_manager_trial\Scripts'
[3.520s] [34mcolcon.colcon_core.environment[0m [1;30mLevel 1[0m checking 'c:\Users\Jorge\Documents\GitHub\ArtekmedRos2\Python\node_manager_trial\install\node_manager_trial\lib\pkgconfig\node_manager_trial.pc'
[3.520s] [34mcolcon.colcon_core.environment[0m [1;30mLevel 1[0m checking 'c:\Users\Jorge\Documents\GitHub\ArtekmedRos2\Python\node_manager_trial\install\node_manager_trial\Lib\site-packages'
[3.520s] [34mcolcon.colcon_core.shell[0m [1;30mLevel 1[0m create_environment_hook('node_manager_trial', 'pythonpath')
[3.530s] [34mcolcon.colcon_core.shell[0m [1;30mINFO[0m Creating environment hook 'c:\Users\Jorge\Documents\GitHub\ArtekmedRos2\Python\node_manager_trial\install\node_manager_trial\share\node_manager_trial\hook\pythonpath.ps1'
[3.532s] [34mcolcon.colcon_core.shell[0m [1;30mINFO[0m Creating environment hook 'c:\Users\Jorge\Documents\GitHub\ArtekmedRos2\Python\node_manager_trial\install\node_manager_trial\share\node_manager_trial\hook\pythonpath.bat'
[3.533s] [34mcolcon.colcon_core.shell[0m [1;30mINFO[0m Creating environment descriptor 'c:\Users\Jorge\Documents\GitHub\ArtekmedRos2\Python\node_manager_trial\install\node_manager_trial\share\node_manager_trial\hook\pythonpath.dsv'
[3.534s] [34mcolcon.colcon_core.environment[0m [1;30mLevel 1[0m create_environment_scripts_only(node_manager_trial)
[3.545s] [34mcolcon.colcon_core.shell[0m [1;30mINFO[0m Creating package script 'c:\Users\Jorge\Documents\GitHub\ArtekmedRos2\Python\node_manager_trial\install\node_manager_trial\share\node_manager_trial\package.ps1'
[3.548s] [34mcolcon.colcon_core.shell[0m [1;30mINFO[0m Creating package script 'c:\Users\Jorge\Documents\GitHub\ArtekmedRos2\Python\node_manager_trial\install\node_manager_trial\share\node_manager_trial\package.bat'
[3.551s] [34mcolcon.colcon_core.shell[0m [1;30mINFO[0m Creating package descriptor 'c:\Users\Jorge\Documents\GitHub\ArtekmedRos2\Python\node_manager_trial\install\node_manager_trial\share\node_manager_trial\package.dsv'
[3.553s] [34mcolcon.colcon_core.environment[0m [1;30mLevel 1[0m create_file_with_runtime_dependencies(c:\Users\Jorge\Documents\GitHub\ArtekmedRos2\Python\node_manager_trial\install\node_manager_trial\share\colcon-core\packages\node_manager_trial)
[3.554s] [34mcolcon.colcon_parallel_executor.executor.parallel[0m [1;30mDEBUG[0m [32mrun_until_complete finished with '0'[0m
[3.554s] [34mcolcon.colcon_core.event_reactor[0m [1;30mDEBUG[0m [32mjoining thread[0m
[3.578s] [34mcolcon.colcon_core.plugin_system[0m [1;30mINFO[0m Skipping extension 'colcon_notification.desktop_notification.notify2': 'notify2' not found
[3.579s] [34mcolcon.colcon_core.plugin_system[0m [1;30mINFO[0m Skipping extension 'colcon_notification.desktop_notification.notify_send': Not used on non-Linux systems
[3.579s] [34mcolcon.colcon_core.plugin_system[0m [1;30mINFO[0m Skipping extension 'colcon_notification.desktop_notification.terminal_notifier': Not used on non-Darwin systems
[3.579s] [34mcolcon.colcon_notification.desktop_notification[0m [1;30mINFO[0m Sending desktop notification using 'win32'
[3.587s] [34mcolcon.colcon_notification.desktop_notification.win32[0m [1;30mDEBUG[0m [32mFailed to import win32gui: DLL load failed while importing win32gui: The specified procedure could not be found.[0m
[3.587s] [34mcolcon.colcon_core.event_reactor[0m [1;30mDEBUG[0m [32mjoined thread[0m
[3.604s] [34mcolcon.colcon_core.shell[0m [1;30mINFO[0m Creating prefix script 'c:\Users\Jorge\Documents\GitHub\ArtekmedRos2\Python\node_manager_trial\install\local_setup.ps1'
[3.607s] [34mcolcon.colcon_core.shell[0m [1;30mINFO[0m Creating prefix util module 'c:\Users\Jorge\Documents\GitHub\ArtekmedRos2\Python\node_manager_trial\install\_local_setup_util_ps1.py'
[3.611s] [34mcolcon.colcon_core.shell[0m [1;30mINFO[0m Creating prefix chain script 'c:\Users\Jorge\Documents\GitHub\ArtekmedRos2\Python\node_manager_trial\install\setup.ps1'
[3.644s] [34mcolcon.colcon_core.shell[0m [1;30mINFO[0m Creating prefix script 'c:\Users\Jorge\Documents\GitHub\ArtekmedRos2\Python\node_manager_trial\install\local_setup.bat'
[3.646s] [34mcolcon.colcon_core.shell[0m [1;30mINFO[0m Creating prefix util module 'c:\Users\Jorge\Documents\GitHub\ArtekmedRos2\Python\node_manager_trial\install\_local_setup_util_bat.py'
[3.647s] [34mcolcon.colcon_core.shell[0m [1;30mINFO[0m Creating prefix chain script 'c:\Users\Jorge\Documents\GitHub\ArtekmedRos2\Python\node_manager_trial\install\setup.bat'
