[0.000000] (-) TimerEvent: {}
[0.000000] (node_manager_trial) JobQueued: {'identifier': 'node_manager_trial', 'dependencies': OrderedDict()}
[0.015000] (node_manager_trial) JobStarted: {'identifier': 'node_manager_trial'}
[0.125000] (-) TimerEvent: {}
[0.250000] (-) TimerEvent: {}
[0.359000] (-) TimerEvent: {}
[0.468000] (-) TimerEvent: {}
[0.593000] (-) TimerEvent: {}
[0.703000] (-) TimerEvent: {}
[0.812000] (-) TimerEvent: {}
[0.922000] (-) TimerEvent: {}
[1.031000] (-) TimerEvent: {}
[1.140000] (-) TimerEvent: {}
[1.250000] (-) TimerEvent: {}
[1.359000] (-) TimerEvent: {}
[1.468000] (-) TimerEvent: {}
[1.578000] (-) TimerEvent: {}
[1.687000] (-) TimerEvent: {}
[1.797000] (-) TimerEvent: {}
[1.906000] (-) TimerEvent: {}
[2.015000] (-) TimerEvent: {}
[2.125000] (-) TimerEvent: {}
[2.234000] (-) TimerEvent: {}
[2.343000] (-) TimerEvent: {}
[2.453000] (-) TimerEvent: {}
[2.562000] (-) TimerEvent: {}
[2.672000] (-) TimerEvent: {}
[2.781000] (-) TimerEvent: {}
[2.890000] (-) TimerEvent: {}
[3.000000] (-) TimerEvent: {}
[3.109000] (-) TimerEvent: {}
[3.218000] (-) TimerEvent: {}
[3.328000] (-) TimerEvent: {}
[3.453000] (-) TimerEvent: {}
[3.562000] (-) TimerEvent: {}
[3.672000] (-) TimerEvent: {}
[3.781000] (-) TimerEvent: {}
[3.906000] (-) TimerEvent: {}
[3.968000] (node_manager_trial) Command: {'cmd': ['c:\\opt\\ros\\foxy\\x64\\python.exe', 'setup.py', 'egg_info', '--egg-base', 'c:\\Users\\Jorge\\Documents\\GitHub\\ArtekmedRos2\\Python\\node_manager_trial\\build\\node_manager_trial', 'build', '--build-base', 'c:\\Users\\Jorge\\Documents\\GitHub\\ArtekmedRos2\\Python\\node_manager_trial\\build\\node_manager_trial\\build', 'install', '--prefix', 'c:\\Users\\Jorge\\Documents\\GitHub\\ArtekmedRos2\\Python\\node_manager_trial\\install\\node_manager_trial', '--record', 'c:\\Users\\Jorge\\Documents\\GitHub\\ArtekmedRos2\\Python\\node_manager_trial\\build\\node_manager_trial\\install.log', '--single-version-externally-managed'], 'cwd': 'c:\\Users\\Jorge\\Documents\\GitHub\\ArtekmedRos2\\Python\\node_manager_trial', 'env': {'ALLUSERSPROFILE': 'C:\\ProgramData', 'AMENT_PREFIX_PATH': 'c:\\opt\\ros2_dotnet_ws\\install\\common_interfaces;c:\\opt\\ros2_dotnet_ws\\install\\visualization_msgs;c:\\opt\\ros2_dotnet_ws\\install\\test_msgs;c:\\opt\\ros2_dotnet_ws\\install\\action_msgs;c:\\opt\\ros2_dotnet_ws\\install\\unique_identifier_msgs;c:\\opt\\ros2_dotnet_ws\\install\\trajectory_msgs;c:\\opt\\ros2_dotnet_ws\\install\\test_interface_files;c:\\opt\\ros2_dotnet_ws\\install\\stereo_msgs;c:\\opt\\ros2_dotnet_ws\\install\\std_srvs;c:\\opt\\ros2_dotnet_ws\\install\\shape_msgs;c:\\opt\\ros2_dotnet_ws\\install\\sensor_msgs_py;c:\\opt\\ros2_dotnet_ws\\install\\rcldotnet_examples;c:\\opt\\ros2_dotnet_ws\\install\\sensor_msgs;c:\\opt\\ros2_dotnet_ws\\install\\nav_msgs;c:\\opt\\ros2_dotnet_ws\\install\\diagnostic_msgs;c:\\opt\\ros2_dotnet_ws\\install\\geometry_msgs;c:\\opt\\ros2_dotnet_ws\\install\\actionlib_msgs;c:\\opt\\ros2_dotnet_ws\\install\\std_msgs;c:\\opt\\ros2_dotnet_ws\\install\\statistics_msgs;c:\\opt\\ros2_dotnet_ws\\install\\rosgraph_msgs;c:\\opt\\ros2_dotnet_ws\\install\\composition_interfaces;c:\\opt\\ros2_dotnet_ws\\install\\rcl_interfaces;c:\\opt\\ros2_dotnet_ws\\install\\lifecycle_msgs;c:\\opt\\ros2_dotnet_ws\\install\\builtin_interfaces;c:\\opt\\ros2_dotnet_ws\\install\\rosidl_default_runtime;c:\\opt\\ros2_dotnet_ws\\install\\rosidl_default_generators;c:\\opt\\ros2_dotnet_ws\\install\\rosidl_typesupport_introspection_cpp;c:\\opt\\ros2_dotnet_ws\\install\\rosidl_typesupport_introspection_c;c:\\opt\\ros2_dotnet_ws\\install\\rosidl_generator_dotnet;c:\\opt\\ros2_dotnet_ws\\install\\rosidl_runtime_c;c:\\opt\\ros2_dotnet_ws\\install\\rosidl_generator_cpp;c:\\opt\\ros2_dotnet_ws\\install\\rcldotnet;c:\\opt\\ros2_dotnet_ws\\install\\rosidl_generator_c;c:\\opt\\ros2_dotnet_ws\\install\\rosidl_typesupport_interface;c:\\opt\\ros2_dotnet_ws\\install\\rosidl_runtime_cpp;c:\\opt\\ros2_dotnet_ws\\install\\rcldotnet_common;c:\\opt\\ros2_dotnet_ws\\install\\rosidl_cmake;c:\\opt\\ros2_dotnet_ws\\install\\rosidl_parser;c:\\opt\\ros2_dotnet_ws\\install\\rosidl_adapter;c:\\opt\\ros2_dotnet_ws\\install\\dotnet_cmake_module;c:\\opt\\ros2_dotnet_ws\\install\\ament_cmake_export_assemblies;c:\\opt\\ros\\foxy\\x64', 'APPDATA': 'C:\\Users\\Jorge\\AppData\\Roaming', 'ChocolateyInstall': 'C:\\ProgramData\\chocolatey', 'ChocolateyLastPathUpdate': '132865681271927008', 'CMAKE_PREFIX_PATH': 'c:\\opt\\ros2_dotnet_ws\\install\\common_interfaces;c:\\opt\\ros2_dotnet_ws\\install\\visualization_msgs;c:\\opt\\ros2_dotnet_ws\\install\\test_msgs;c:\\opt\\ros2_dotnet_ws\\install\\action_msgs;c:\\opt\\ros2_dotnet_ws\\install\\unique_identifier_msgs;c:\\opt\\ros2_dotnet_ws\\install\\trajectory_msgs;c:\\opt\\ros2_dotnet_ws\\install\\test_interface_files;c:\\opt\\ros2_dotnet_ws\\install\\stereo_msgs;c:\\opt\\ros2_dotnet_ws\\install\\std_srvs;c:\\opt\\ros2_dotnet_ws\\install\\shape_msgs;c:\\opt\\ros2_dotnet_ws\\install\\rcldotnet_examples;c:\\opt\\ros2_dotnet_ws\\install\\sensor_msgs;c:\\opt\\ros2_dotnet_ws\\install\\nav_msgs;c:\\opt\\ros2_dotnet_ws\\install\\diagnostic_msgs;c:\\opt\\ros2_dotnet_ws\\install\\geometry_msgs;c:\\opt\\ros2_dotnet_ws\\install\\actionlib_msgs;c:\\opt\\ros2_dotnet_ws\\install\\std_msgs;c:\\opt\\ros2_dotnet_ws\\install\\statistics_msgs;c:\\opt\\ros2_dotnet_ws\\install\\rosgraph_msgs;c:\\opt\\ros2_dotnet_ws\\install\\composition_interfaces;c:\\opt\\ros2_dotnet_ws\\install\\rcl_interfaces;c:\\opt\\ros2_dotnet_ws\\install\\lifecycle_msgs;c:\\opt\\ros2_dotnet_ws\\install\\builtin_interfaces;c:\\opt\\ros2_dotnet_ws\\install\\rosidl_default_runtime;c:\\opt\\ros2_dotnet_ws\\install\\rosidl_default_generators;c:\\opt\\ros2_dotnet_ws\\install\\rosidl_typesupport_introspection_cpp;c:\\opt\\ros2_dotnet_ws\\install\\rosidl_typesupport_introspection_c;c:\\opt\\ros2_dotnet_ws\\install\\rosidl_generator_dotnet;c:\\opt\\ros2_dotnet_ws\\install\\rosidl_runtime_c;c:\\opt\\ros2_dotnet_ws\\install\\rosidl_generator_cpp;c:\\opt\\ros2_dotnet_ws\\install\\rcldotnet;c:\\opt\\ros2_dotnet_ws\\install\\rosidl_generator_c;c:\\opt\\ros2_dotnet_ws\\install\\rosidl_typesupport_interface;c:\\opt\\ros2_dotnet_ws\\install\\rosidl_runtime_cpp;c:\\opt\\ros2_dotnet_ws\\install\\rcldotnet_common;c:\\opt\\ros2_dotnet_ws\\install\\rosidl_cmake;c:\\opt\\ros2_dotnet_ws\\install\\rosidl_parser;c:\\opt\\ros2_dotnet_ws\\install\\rosidl_adapter;c:\\opt\\ros2_dotnet_ws\\install\\dotnet_cmake_module;c:\\opt\\ros2_dotnet_ws\\install\\ament_cmake_export_assemblies;C:\\opt\\ros\\foxy\\x64\\tools\\vcpkg\\installed\\x64-windows;c:\\opt\\ros\\foxy\\x64', 'COLCON': '1', 'COLCON_PREFIX_PATH': 'c:\\opt\\ros2_dotnet_ws\\install\\;c:\\opt\\ros\\foxy\\x64\\', 'CommandPromptType': 'Native', 'CommonProgramFiles': 'C:\\Program Files\\Common Files', 'CommonProgramFiles(x86)': 'C:\\Program Files (x86)\\Common Files', 'CommonProgramW6432': 'C:\\Program Files\\Common Files', 'COMPUTERNAME': 'LAPTOP-DQCNTER4', 'ComSpec': 'C:\\WINDOWS\\system32\\cmd.exe', 'CONDA_BAT': 'C:\\Users\\Jorge\\anaconda3\\condabin\\conda.bat', 'CONDA_EXE': 'C:\\Users\\Jorge\\anaconda3\\Scripts\\conda.exe', 'CONDA_SHLVL': '0', 'DevEnvDir': 'C:\\Program Files (x86)\\Microsoft Visual Studio\\2019\\Community\\Common7\\IDE\\', 'DriverData': 'C:\\Windows\\System32\\Drivers\\DriverData', 'ExtensionSdkDir': 'C:\\Program Files (x86)\\Microsoft SDKs\\Windows Kits\\10\\ExtensionSDKs', 'Framework40Version': 'v4.0', 'FrameworkDir': 'C:\\Windows\\Microsoft.NET\\Framework64\\', 'FrameworkDir64': 'C:\\Windows\\Microsoft.NET\\Framework64\\', 'FrameworkVersion': 'v4.0.30319', 'FrameworkVersion64': 'v4.0.30319', 'git': 'C:\\Program Files\\Git\\cmd', 'GTK_BASEPATH': 'C:\\Program Files (x86)\\GtkSharp\\2.12\\', 'HOMEDRIVE': 'C:', 'HOMEPATH': '\\Users\\Jorge', 'IMFUSION_SDK': 'C:\\Program Files\\ImFusion\\ImFusion Suite\\', 'INCLUDE': 'C:\\Program Files (x86)\\Microsoft Visual Studio\\2019\\Community\\VC\\Tools\\MSVC\\14.29.30133\\include;C:\\Program Files (x86)\\Windows Kits\\NETFXSDK\\4.8\\include\\um;C:\\Program Files (x86)\\Windows Kits\\10\\include\\10.0.22000.0\\ucrt;C:\\Program Files (x86)\\Windows Kits\\10\\include\\10.0.22000.0\\shared;C:\\Program Files (x86)\\Windows Kits\\10\\include\\10.0.22000.0\\um;C:\\Program Files (x86)\\Windows Kits\\10\\include\\10.0.22000.0\\winrt;C:\\Program Files (x86)\\Windows Kits\\10\\include\\10.0.22000.0\\cppwinrt', 'INTEL_DEV_REDIST': 'C:\\Program Files (x86)\\Common Files\\Intel\\Shared Libraries\\', 'JAVA_HOME': 'C:\\Program Files\\Java\\jdk1.8.0_201', 'LIB': 'C:\\Program Files (x86)\\Microsoft Visual Studio\\2019\\Community\\VC\\Tools\\MSVC\\14.29.30133\\lib\\x64;C:\\Program Files (x86)\\Windows Kits\\NETFXSDK\\4.8\\lib\\um\\x64;C:\\Program Files (x86)\\Windows Kits\\10\\lib\\10.0.22000.0\\ucrt\\x64;C:\\Program Files (x86)\\Windows Kits\\10\\lib\\10.0.22000.0\\um\\x64', 'LIBPATH': 'C:\\Program Files (x86)\\Microsoft Visual Studio\\2019\\Community\\VC\\Tools\\MSVC\\14.29.30133\\lib\\x64;C:\\Program Files (x86)\\Microsoft Visual Studio\\2019\\Community\\VC\\Tools\\MSVC\\14.29.30133\\lib\\x86\\store\\references;C:\\Program Files (x86)\\Windows Kits\\10\\UnionMetadata\\10.0.22000.0;C:\\Program Files (x86)\\Windows Kits\\10\\References\\10.0.22000.0;C:\\Windows\\Microsoft.NET\\Framework64\\v4.0.30319', 'LOCALAPPDATA': 'C:\\Users\\Jorge\\AppData\\Local', 'LOGONSERVER': '\\\\LAPTOP-DQCNTER4', 'make': 'C:\\ProgramData\\chocolatey\\bin\\make.exe', 'MIC_LD_LIBRARY_PATH': 'C:\\Program Files (x86)\\Common Files\\Intel\\Shared Libraries\\compiler\\lib\\mic', 'NETFXSDKDir': 'C:\\Program Files (x86)\\Windows Kits\\NETFXSDK\\4.8\\', 'NUMBER_OF_PROCESSORS': '8', 'OneDrive': 'C:\\Users\\Jorge\\OneDrive', 'OneDriveConsumer': 'C:\\Users\\Jorge\\OneDrive', 'OPENCV_DIR': 'C:\\opencv\\opencv_win\\opencv\\build\\x64\\vc15', 'OPENSSL_CONF': 'C:\\Program Files\\OpenSSL-Win64\\bin\\openssl.cfg', 'OS': 'Windows_NT', 'Path': 'c:\\opt\\ros2_dotnet_ws\\install\\visualization_msgs\\bin;c:\\opt\\ros2_dotnet_ws\\install\\test_msgs\\bin;c:\\opt\\ros2_dotnet_ws\\install\\action_msgs\\bin;c:\\opt\\ros2_dotnet_ws\\install\\unique_identifier_msgs\\bin;c:\\opt\\ros2_dotnet_ws\\install\\trajectory_msgs\\bin;c:\\opt\\ros2_dotnet_ws\\install\\stereo_msgs\\bin;c:\\opt\\ros2_dotnet_ws\\install\\std_srvs\\bin;c:\\opt\\ros2_dotnet_ws\\install\\shape_msgs\\bin;c:\\opt\\ros2_dotnet_ws\\install\\sensor_msgs\\bin;c:\\opt\\ros2_dotnet_ws\\install\\nav_msgs\\bin;c:\\opt\\ros2_dotnet_ws\\install\\diagnostic_msgs\\bin;c:\\opt\\ros2_dotnet_ws\\install\\geometry_msgs\\bin;c:\\opt\\ros2_dotnet_ws\\install\\actionlib_msgs\\bin;c:\\opt\\ros2_dotnet_ws\\install\\std_msgs\\bin;c:\\opt\\ros2_dotnet_ws\\install\\statistics_msgs\\bin;c:\\opt\\ros2_dotnet_ws\\install\\rosgraph_msgs\\bin;c:\\opt\\ros2_dotnet_ws\\install\\composition_interfaces\\bin;c:\\opt\\ros2_dotnet_ws\\install\\rcl_interfaces\\bin;c:\\opt\\ros2_dotnet_ws\\install\\lifecycle_msgs\\bin;c:\\opt\\ros2_dotnet_ws\\install\\builtin_interfaces\\bin;c:\\opt\\ros2_dotnet_ws\\install\\rosidl_typesupport_introspection_cpp\\bin;c:\\opt\\ros2_dotnet_ws\\install\\rosidl_typesupport_introspection_c\\bin;c:\\opt\\ros2_dotnet_ws\\install\\rosidl_runtime_c\\bin;c:\\opt\\ros2_dotnet_ws\\install\\rcldotnet\\bin;c:\\opt\\ros\\foxy\\x64\\;c:\\opt\\ros\\foxy\\x64\\opt\\rviz_ogre_vendor\\bin;C:\\opt\\ros\\foxy\\x64\\tools\\vcpkg\\installed\\x64-windows\\bin;C:\\opt\\ros\\foxy\\x64\\tools\\vcpkg;c:\\opt\\ros\\foxy\\x64\\Scripts;c:\\opt\\ros\\foxy\\x64\\bin;C:\\Program Files (x86)\\Microsoft Visual Studio\\2019\\Community\\Common7\\IDE\\\\Extensions\\Microsoft\\IntelliCode\\CLI;C:\\Program Files (x86)\\Microsoft Visual Studio\\2019\\Community\\VC\\Tools\\MSVC\\14.29.30133\\bin\\HostX64\\x64;C:\\Program Files (x86)\\Microsoft Visual Studio\\2019\\Community\\Common7\\IDE\\VC\\VCPackages;C:\\Program Files (x86)\\Microsoft Visual Studio\\2019\\Community\\Common7\\IDE\\CommonExtensions\\Microsoft\\TestWindow;C:\\Program Files (x86)\\Microsoft Visual Studio\\2019\\Community\\Common7\\IDE\\CommonExtensions\\Microsoft\\TeamFoundation\\Team Explorer;C:\\Program Files (x86)\\Microsoft Visual Studio\\2019\\Community\\MSBuild\\Current\\bin\\Roslyn;C:\\Program Files (x86)\\Microsoft Visual Studio\\2019\\Community\\Team Tools\\Performance Tools\\x64;C:\\Program Files (x86)\\Microsoft Visual Studio\\2019\\Community\\Team Tools\\Performance Tools;C:\\Program Files (x86)\\Microsoft Visual Studio\\Shared\\Common\\VSPerfCollectionTools\\vs2019\\\\x64;C:\\Program Files (x86)\\Microsoft Visual Studio\\Shared\\Common\\VSPerfCollectionTools\\vs2019\\;C:\\Program Files (x86)\\Microsoft SDKs\\Windows\\v10.0A\\bin\\NETFX 4.8 Tools\\x64\\;C:\\Program Files (x86)\\Microsoft Visual Studio\\2019\\Community\\Common7\\Tools\\devinit;C:\\Program Files (x86)\\Windows Kits\\10\\bin\\10.0.22000.0\\x64;C:\\Program Files (x86)\\Windows Kits\\10\\bin\\x64;C:\\Program Files (x86)\\Microsoft Visual Studio\\2019\\Community\\\\MSBuild\\Current\\Bin;C:\\Windows\\Microsoft.NET\\Framework64\\v4.0.30319;C:\\Program Files (x86)\\Microsoft Visual Studio\\2019\\Community\\Common7\\IDE\\;C:\\Program Files (x86)\\Microsoft Visual Studio\\2019\\Community\\Common7\\Tools\\;C:\\Users\\Jorge\\anaconda3\\condabin;C:\\Python311\\Scripts\\;C:\\Python311\\;C:\\Program Files\\Conan\\conan;C:\\Program Files (x86)\\Common Files\\Oracle\\Java\\javapath;C:\\Program Files (x86)\\Common Files\\Intel\\Shared Libraries\\redist\\intel64\\compiler;C:\\WINDOWS\\system32;C:\\WINDOWS;C:\\WINDOWS\\System32\\Wbem;C:\\WINDOWS\\System32\\WindowsPowerShell\\v1.0\\;C:\\WINDOWS\\System32\\OpenSSH\\;C:\\Program Files\\MATLAB\\R2019a\\bin;C:\\Program Files\\WireGuard\\;C:\\Program Files\\AutoFirma\\AutoFirma;C:\\Program Files\\dotnet\\;C:\\HashiCorp\\Vagrant\\bin;C:\\opencv\\OpenCV-MinGW-Build-OpenCV-4.1.1-x64\\x64\\mingw\\bin;C:\\mingw-w64\\x86_64-8.1.0-posix-seh-rt_v6-rev0;C:\\mingw-w64\\x86_64-8.1.0-posix-seh-rt_v6-rev0\\mingw64\\bin;C:\\opencv\\OpenCV-MinGW-Build-OpenCV-4.1.1-x64\\include;C:\\opencv\\opencv_win\\opencv\\build\\x64\\vc15\\bin;C:\\ProgramData\\chocolatey\\bin;C:\\WINDOWS\\system32;C:\\WINDOWS;C:\\WINDOWS\\System32\\Wbem;C:\\WINDOWS\\System32\\WindowsPowerShell\\v1.0\\;C:\\WINDOWS\\System32\\OpenSSH\\;C:\\Program Files (x86)\\GtkSharp\\2.12\\bin;C:\\Program Files\\Docker\\Docker\\resources\\bin;C:\\Program Files\\Git\\cmd;C:\\Program Files\\nodejs\\;C:\\Users\\Jorge\\AppData\\Roaming\\Python\\Python38\\Scripts;C:\\Program Files\\PowerShell\\7\\;C:\\Users\\Jorge\\AppData\\Local\\Programs\\Python\\Python37\\Scripts\\;C:\\Users\\Jorge\\AppData\\Local\\Programs\\Python\\Python37\\;C:\\Users\\Jorge\\AppData\\Local\\Microsoft\\WindowsApps;C:\\Program Files\\Java\\jre1.8.0_201;C:\\Program Files\\Java\\jdk1.8.0_201;C:\\Program Files\\KlustaViewa\\WinPython-64bit-2.7.6.4\\python-2.7.6.amd64\\Scripts\\klusta.exe;C:\\Users\\Jorge\\anaconda3;C:\\ffmpeg;C:\\Manim\\Manim\\manim;C:\\Users\\Jorge\\AppData\\Local\\atom\\bin;C:\\Users\\Jorge\\.dotnet\\tools;C:\\mingw\\mingw64\\bin;C:\\Users\\Jorge\\anaconda3\\scripts;C:\\Users\\Jorge\\AppData\\Local\\Programs\\Microsoft VS Code\\bin;C:\\Program Files\\CMake\\bin;C:\\ProgramData\\chocolatey\\bin;C:\\Users\\Jorge\\AppData\\Local\\Microsoft\\WindowsApps;C:\\Program Files\\WireGuard;C:\\Users\\Jorge\\GDrive\\Universidad\\ai1;C:\\Users\\Jorge\\AppData\\Roaming\\npm;C:\\Users\\Jorge\\AppData\\Local\\Programs\\mongosh\\;C:\\Users\\Jorge\\Downloads\\Json130r2\\Bin\\net20;C:\\Program Files (x86)\\Microsoft Visual Studio\\2019\\Community\\Common7\\IDE\\VC\\Linux\\bin\\ConnectionManagerExe', 'PATHEXT': '.COM;.EXE;.BAT;.CMD;.VBS;.VBE;.JS;.JSE;.WSF;.WSH;.MSC;.PY;.PYW', 'PKG_CONFIG_PATH': 'c:\\opt\\ros\\foxy\\x64\\lib\\pkgconfig', 'Platform': 'x64', 'POWERSHELL_DISTRIBUTION_CHANNEL': 'MSI:Windows 10 Home', 'PROCESSOR_ARCHITECTURE': 'AMD64', 'PROCESSOR_IDENTIFIER': 'Intel64 Family 6 Model 142 Stepping 12, GenuineIntel', 'PROCESSOR_LEVEL': '6', 'PROCESSOR_REVISION': '8e0c', 'ProgramData': 'C:\\ProgramData', 'ProgramFiles': 'C:\\Program Files', 'ProgramFiles(x86)': 'C:\\Program Files (x86)', 'ProgramW6432': 'C:\\Program Files', 'PROMPT': '$P$G', 'PSModulePath': 'C:\\Program Files\\WindowsPowerShell\\Modules;C:\\WINDOWS\\system32\\WindowsPowerShell\\v1.0\\Modules', 'PUBLIC': 'C:\\Users\\Public', 'PYTHONPATH': 'c:\\Users\\Jorge\\Documents\\GitHub\\ArtekmedRos2\\Python\\node_manager_trial\\install\\node_manager_trial\\Lib\\site-packages;c:\\opt\\ros2_dotnet_ws\\install\\visualization_msgs\\Lib\\site-packages;c:\\opt\\ros2_dotnet_ws\\install\\test_msgs\\Lib\\site-packages;c:\\opt\\ros2_dotnet_ws\\install\\action_msgs\\Lib\\site-packages;c:\\opt\\ros2_dotnet_ws\\install\\unique_identifier_msgs\\Lib\\site-packages;c:\\opt\\ros2_dotnet_ws\\install\\trajectory_msgs\\Lib\\site-packages;c:\\opt\\ros2_dotnet_ws\\install\\stereo_msgs\\Lib\\site-packages;c:\\opt\\ros2_dotnet_ws\\install\\std_srvs\\Lib\\site-packages;c:\\opt\\ros2_dotnet_ws\\install\\shape_msgs\\Lib\\site-packages;c:\\opt\\ros2_dotnet_ws\\install\\sensor_msgs_py\\Lib\\site-packages;c:\\opt\\ros2_dotnet_ws\\install\\sensor_msgs\\Lib\\site-packages;c:\\opt\\ros2_dotnet_ws\\install\\nav_msgs\\Lib\\site-packages;c:\\opt\\ros2_dotnet_ws\\install\\diagnostic_msgs\\Lib\\site-packages;c:\\opt\\ros2_dotnet_ws\\install\\geometry_msgs\\Lib\\site-packages;c:\\opt\\ros2_dotnet_ws\\install\\actionlib_msgs\\Lib\\site-packages;c:\\opt\\ros2_dotnet_ws\\install\\std_msgs\\Lib\\site-packages;c:\\opt\\ros2_dotnet_ws\\install\\statistics_msgs\\Lib\\site-packages;c:\\opt\\ros2_dotnet_ws\\install\\rosgraph_msgs\\Lib\\site-packages;c:\\opt\\ros2_dotnet_ws\\install\\composition_interfaces\\Lib\\site-packages;c:\\opt\\ros2_dotnet_ws\\install\\rcl_interfaces\\Lib\\site-packages;c:\\opt\\ros2_dotnet_ws\\install\\lifecycle_msgs\\Lib\\site-packages;c:\\opt\\ros2_dotnet_ws\\install\\builtin_interfaces\\Lib\\site-packages;c:\\opt\\ros2_dotnet_ws\\install\\rosidl_typesupport_introspection_cpp\\Lib\\site-packages;c:\\opt\\ros2_dotnet_ws\\install\\rosidl_typesupport_introspection_c\\Lib\\site-packages;c:\\opt\\ros2_dotnet_ws\\install\\rosidl_generator_dotnet\\Lib\\site-packages;c:\\opt\\ros2_dotnet_ws\\install\\rosidl_generator_cpp\\Lib\\site-packages;c:\\opt\\ros2_dotnet_ws\\install\\rosidl_generator_c\\Lib\\site-packages;c:\\opt\\ros2_dotnet_ws\\install\\rosidl_cmake\\Lib\\site-packages;c:\\opt\\ros2_dotnet_ws\\install\\rosidl_parser\\Lib\\site-packages;c:\\opt\\ros2_dotnet_ws\\install\\rosidl_adapter\\Lib\\site-packages;c:\\opt\\ros\\foxy\\x64\\Lib\\site-packages', 'ROS_DISTRO': 'foxy', 'ROS_ETC_DIR': 'C:\\opt\\ros\\foxy\\x64\\etc\\ros', 'ROS_LOCALHOST_ONLY': '0', 'ROS_PYTHON_VERSION': '3', 'ROS_VERSION': '2', 'SDF_PATH': 'C:\\opt\\ros\\foxy\\x64\\share\\sdformat\\1.6', 'SESSIONNAME': 'Console', 'SystemDrive': 'C:', 'SystemRoot': 'C:\\WINDOWS', 'TEMP': 'C:\\Users\\Jorge\\AppData\\Local\\Temp', 'TMP': 'C:\\Users\\Jorge\\AppData\\Local\\Temp', 'UCRTVersion': '10.0.22000.0', 'UniversalCRTSdkDir': 'C:\\Program Files (x86)\\Windows Kits\\10\\', 'USERDOMAIN': 'LAPTOP-DQCNTER4', 'USERDOMAIN_ROAMINGPROFILE': 'LAPTOP-DQCNTER4', 'USERNAME': 'Jorge', 'USERPROFILE': 'C:\\Users\\Jorge', 'VBOX_MSI_INSTALL_PATH': 'C:\\Program Files\\Oracle\\VirtualBox\\', 'VCIDEInstallDir': 'C:\\Program Files (x86)\\Microsoft Visual Studio\\2019\\Community\\Common7\\IDE\\VC\\', 'VCINSTALLDIR': 'C:\\Program Files (x86)\\Microsoft Visual Studio\\2019\\Community\\VC\\', 'VCPKG_DEFAULT_TRIPLET': 'x64-windows', 'VCPKG_ROOT': 'C:\\opt\\ros\\foxy\\x64\\tools\\vcpkg', 'VCToolsInstallDir': 'C:\\Program Files (x86)\\Microsoft Visual Studio\\2019\\Community\\VC\\Tools\\MSVC\\14.29.30133\\', 'VCToolsRedistDir': 'C:\\Program Files (x86)\\Microsoft Visual Studio\\2019\\Community\\VC\\Redist\\MSVC\\14.29.30133\\', 'VCToolsVersion': '14.29.30133', 'VisualStudioVersion': '16.0', 'VS160COMNTOOLS': 'C:\\Program Files (x86)\\Microsoft Visual Studio\\2019\\Community\\Common7\\Tools\\', 'VSCMD_ARG_app_plat': 'Desktop', 'VSCMD_ARG_HOST_ARCH': 'x64', 'VSCMD_ARG_TGT_ARCH': 'x64', 'VSCMD_VER': '16.11.8', 'VSINSTALLDIR': 'C:\\Program Files (x86)\\Microsoft Visual Studio\\2019\\Community\\', 'windir': 'C:\\WINDOWS', 'WindowsLibPath': 'C:\\Program Files (x86)\\Windows Kits\\10\\UnionMetadata\\10.0.22000.0;C:\\Program Files (x86)\\Windows Kits\\10\\References\\10.0.22000.0', 'WindowsSdkBinPath': 'C:\\Program Files (x86)\\Windows Kits\\10\\bin\\', 'WindowsSdkDir': 'C:\\Program Files (x86)\\Windows Kits\\10\\', 'WindowsSDKLibVersion': '10.0.22000.0\\', 'WindowsSdkVerBinPath': 'C:\\Program Files (x86)\\Windows Kits\\10\\bin\\10.0.22000.0\\', 'WindowsSDKVersion': '10.0.22000.0\\', 'WindowsSDK_ExecutablePath_x64': 'C:\\Program Files (x86)\\Microsoft SDKs\\Windows\\v10.0A\\bin\\NETFX 4.8 Tools\\x64\\', 'WindowsSDK_ExecutablePath_x86': 'C:\\Program Files (x86)\\Microsoft SDKs\\Windows\\v10.0A\\bin\\NETFX 4.8 Tools\\', 'ZES_ENABLE_SYSMAN': '1', '__devinit_path': 'C:\\Program Files (x86)\\Microsoft Visual Studio\\2019\\Community\\Common7\\Tools\\devinit\\devinit.exe', '__DOTNET_ADD_64BIT': '1', '__DOTNET_PREFERRED_BITNESS': '64', '__VSCMD_PREINIT_PATH': 'C:\\Users\\Jorge\\anaconda3\\condabin;C:\\Python311\\Scripts\\;C:\\Python311\\;C:\\Program Files\\Conan\\conan;C:\\Program Files (x86)\\Common Files\\Oracle\\Java\\javapath;C:\\Program Files (x86)\\Common Files\\Intel\\Shared Libraries\\redist\\intel64\\compiler;C:\\WINDOWS\\system32;C:\\WINDOWS;C:\\WINDOWS\\System32\\Wbem;C:\\WINDOWS\\System32\\WindowsPowerShell\\v1.0\\;C:\\WINDOWS\\System32\\OpenSSH\\;C:\\Program Files\\MATLAB\\R2019a\\bin;C:\\Program Files\\WireGuard\\;C:\\Program Files\\AutoFirma\\AutoFirma;C:\\Program Files\\dotnet\\;C:\\HashiCorp\\Vagrant\\bin;C:\\opencv\\OpenCV-MinGW-Build-OpenCV-4.1.1-x64\\x64\\mingw\\bin;C:\\mingw-w64\\x86_64-8.1.0-posix-seh-rt_v6-rev0;C:\\mingw-w64\\x86_64-8.1.0-posix-seh-rt_v6-rev0\\mingw64\\bin;C:\\opencv\\OpenCV-MinGW-Build-OpenCV-4.1.1-x64\\include;C:\\opencv\\opencv_win\\opencv\\build\\x64\\vc15\\bin;C:\\ProgramData\\chocolatey\\bin;C:\\WINDOWS\\system32;C:\\WINDOWS;C:\\WINDOWS\\System32\\Wbem;C:\\WINDOWS\\System32\\WindowsPowerShell\\v1.0\\;C:\\WINDOWS\\System32\\OpenSSH\\;C:\\Program Files (x86)\\GtkSharp\\2.12\\bin;C:\\Program Files\\Docker\\Docker\\resources\\bin;C:\\Program Files\\Git\\cmd;C:\\Program Files\\nodejs\\;C:\\Users\\Jorge\\AppData\\Roaming\\Python\\Python38\\Scripts;C:\\Program Files\\PowerShell\\7\\;C:\\Users\\Jorge\\AppData\\Local\\Programs\\Python\\Python37\\Scripts\\;C:\\Users\\Jorge\\AppData\\Local\\Programs\\Python\\Python37\\;C:\\Users\\Jorge\\AppData\\Local\\Microsoft\\WindowsApps;C:\\Program Files\\Java\\jre1.8.0_201;C:\\Program Files\\Java\\jdk1.8.0_201;C:\\Program Files\\KlustaViewa\\WinPython-64bit-2.7.6.4\\python-2.7.6.amd64\\Scripts\\klusta.exe;C:\\Users\\Jorge\\anaconda3;C:\\ffmpeg;C:\\Manim\\Manim\\manim;C:\\Users\\Jorge\\AppData\\Local\\atom\\bin;C:\\Users\\Jorge\\.dotnet\\tools;C:\\mingw\\mingw64\\bin;C:\\Users\\Jorge\\anaconda3\\scripts;C:\\Users\\Jorge\\AppData\\Local\\Programs\\Microsoft VS Code\\bin;C:\\Program Files\\CMake\\bin;C:\\ProgramData\\chocolatey\\bin;C:\\Users\\Jorge\\AppData\\Local\\Microsoft\\WindowsApps;C:\\Program Files\\WireGuard;C:\\Users\\Jorge\\GDrive\\Universidad\\ai1;C:\\Users\\Jorge\\AppData\\Roaming\\npm;C:\\Users\\Jorge\\AppData\\Local\\Programs\\mongosh\\;C:\\Users\\Jorge\\Downloads\\Json130r2\\Bin\\net20;', '__VSCMD_script_err_count': '0'}, 'shell': False}
[4.000000] (-) TimerEvent: {}
[4.109000] (-) TimerEvent: {}
[4.234000] (-) TimerEvent: {}
[4.343000] (-) TimerEvent: {}
[4.453000] (-) TimerEvent: {}
[4.578000] (-) TimerEvent: {}
[4.687000] (-) TimerEvent: {}
[4.797000] (-) TimerEvent: {}
[4.906000] (-) TimerEvent: {}
[5.015000] (-) TimerEvent: {}
[5.125000] (-) TimerEvent: {}
[5.234000] (-) TimerEvent: {}
[5.343000] (-) TimerEvent: {}
[5.453000] (-) TimerEvent: {}
[5.562000] (-) TimerEvent: {}
[5.672000] (-) TimerEvent: {}
[5.781000] (-) TimerEvent: {}
[5.890000] (-) TimerEvent: {}
[6.000000] (-) TimerEvent: {}
[6.109000] (-) TimerEvent: {}
[6.218000] (-) TimerEvent: {}
[6.328000] (-) TimerEvent: {}
[6.437000] (-) TimerEvent: {}
[6.547000] (-) TimerEvent: {}
[6.656000] (-) TimerEvent: {}
[6.765000] (-) TimerEvent: {}
[6.843000] (node_manager_trial) StdoutLine: {'line': b'running egg_info\r\n'}
[6.843000] (node_manager_trial) StdoutLine: {'line': b'writing c:\\Users\\Jorge\\Documents\\GitHub\\ArtekmedRos2\\Python\\node_manager_trial\\build\\node_manager_trial\\node_manager_trial.egg-info\\PKG-INFO\r\n'}
[6.843000] (node_manager_trial) StdoutLine: {'line': b'writing dependency_links to c:\\Users\\Jorge\\Documents\\GitHub\\ArtekmedRos2\\Python\\node_manager_trial\\build\\node_manager_trial\\node_manager_trial.egg-info\\dependency_links.txt\r\n'}
[6.859000] (node_manager_trial) StdoutLine: {'line': b'writing entry points to c:\\Users\\Jorge\\Documents\\GitHub\\ArtekmedRos2\\Python\\node_manager_trial\\build\\node_manager_trial\\node_manager_trial.egg-info\\entry_points.txt\r\n'}
[6.859000] (node_manager_trial) StdoutLine: {'line': b'writing requirements to c:\\Users\\Jorge\\Documents\\GitHub\\ArtekmedRos2\\Python\\node_manager_trial\\build\\node_manager_trial\\node_manager_trial.egg-info\\requires.txt\r\n'}
[6.859000] (node_manager_trial) StdoutLine: {'line': b'writing top-level names to c:\\Users\\Jorge\\Documents\\GitHub\\ArtekmedRos2\\Python\\node_manager_trial\\build\\node_manager_trial\\node_manager_trial.egg-info\\top_level.txt\r\n'}
[6.875000] (-) TimerEvent: {}
[6.984000] (node_manager_trial) StdoutLine: {'line': b"reading manifest file 'c:\\Users\\Jorge\\Documents\\GitHub\\ArtekmedRos2\\Python\\node_manager_trial\\build\\node_manager_trial\\node_manager_trial.egg-info\\SOURCES.txt'\r\n"}
[6.984000] (-) TimerEvent: {}
[7.015000] (node_manager_trial) StdoutLine: {'line': b"writing manifest file 'c:\\Users\\Jorge\\Documents\\GitHub\\ArtekmedRos2\\Python\\node_manager_trial\\build\\node_manager_trial\\node_manager_trial.egg-info\\SOURCES.txt'\r\n"}
[7.015000] (node_manager_trial) StdoutLine: {'line': b'running build\r\n'}
[7.015000] (node_manager_trial) StdoutLine: {'line': b'running build_py\r\n'}
[7.031000] (node_manager_trial) StdoutLine: {'line': b'copying node_manager_trial\\node_manager_trial.py -> c:\\Users\\Jorge\\Documents\\GitHub\\ArtekmedRos2\\Python\\node_manager_trial\\build\\node_manager_trial\\build\\lib\\node_manager_trial\r\n'}
[7.062000] (node_manager_trial) StdoutLine: {'line': b'running install\r\n'}
[7.062000] (node_manager_trial) StdoutLine: {'line': b'running install_lib\r\n'}
[7.062000] (node_manager_trial) StdoutLine: {'line': b'copying c:\\Users\\Jorge\\Documents\\GitHub\\ArtekmedRos2\\Python\\node_manager_trial\\build\\node_manager_trial\\build\\lib\\node_manager_trial\\node_manager_trial.py -> c:\\Users\\Jorge\\Documents\\GitHub\\ArtekmedRos2\\Python\\node_manager_trial\\install\\node_manager_trial\\Lib\\site-packages\\node_manager_trial\r\n'}
[7.078000] (node_manager_trial) StdoutLine: {'line': b"writing byte-compilation script 'C:\\Users\\Jorge\\AppData\\Local\\Temp\\tmpnizwln83.py'\r\n"}
[7.093000] (-) TimerEvent: {}
[7.093000] (node_manager_trial) StdoutLine: {'line': b'c:\\opt\\ros\\foxy\\x64\\python.exe C:\\Users\\Jorge\\AppData\\Local\\Temp\\tmpnizwln83.py\r\n'}
[7.203000] (-) TimerEvent: {}
[7.312000] (-) TimerEvent: {}
[7.422000] (-) TimerEvent: {}
[7.531000] (-) TimerEvent: {}
[7.562000] (node_manager_trial) StdoutLine: {'line': b'removing C:\\Users\\Jorge\\AppData\\Local\\Temp\\tmpnizwln83.py\r\n'}
[7.562000] (node_manager_trial) StdoutLine: {'line': b'running install_data\r\n'}
[7.578000] (node_manager_trial) StdoutLine: {'line': b'running install_egg_info\r\n'}
[7.609000] (node_manager_trial) StdoutLine: {'line': b"removing 'c:\\Users\\Jorge\\Documents\\GitHub\\ArtekmedRos2\\Python\\node_manager_trial\\install\\node_manager_trial\\Lib\\site-packages\\node_manager_trial-0.0.0-py3.8.egg-info' (and everything under it)\r\n"}
[7.625000] (node_manager_trial) StdoutLine: {'line': b'Copying c:\\Users\\Jorge\\Documents\\GitHub\\ArtekmedRos2\\Python\\node_manager_trial\\build\\node_manager_trial\\node_manager_trial.egg-info to c:\\Users\\Jorge\\Documents\\GitHub\\ArtekmedRos2\\Python\\node_manager_trial\\install\\node_manager_trial\\Lib\\site-packages\\node_manager_trial-0.0.0-py3.8.egg-info\r\n'}
[7.640000] (-) TimerEvent: {}
[7.750000] (-) TimerEvent: {}
[7.765000] (node_manager_trial) StdoutLine: {'line': b'running install_scripts\r\n'}
[7.859000] (-) TimerEvent: {}
[7.890000] (node_manager_trial) StdoutLine: {'line': b'Installing node_manager_trial-script.py script to c:\\Users\\Jorge\\Documents\\GitHub\\ArtekmedRos2\\Python\\node_manager_trial\\install\\node_manager_trial\\lib\\node_manager_trial\r\n'}
[7.890000] (node_manager_trial) StdoutLine: {'line': b'Installing node_manager_trial.exe script to c:\\Users\\Jorge\\Documents\\GitHub\\ArtekmedRos2\\Python\\node_manager_trial\\install\\node_manager_trial\\lib\\node_manager_trial\r\n'}
[7.906000] (node_manager_trial) StdoutLine: {'line': b"writing list of installed files to 'c:\\Users\\Jorge\\Documents\\GitHub\\ArtekmedRos2\\Python\\node_manager_trial\\build\\node_manager_trial\\install.log'\r\n"}
[7.968000] (-) TimerEvent: {}
[8.015000] (node_manager_trial) CommandEnded: {'returncode': 0}
[8.093000] (-) TimerEvent: {}
[8.203000] (-) TimerEvent: {}
[8.234000] (node_manager_trial) JobEnded: {'identifier': 'node_manager_trial', 'rc': 0}
[8.250000] (-) EventReactorShutdown: {}
