[0.188s] Invoking command in 'c:\Users\Jorge\Documents\GitHub\ArtekmedRos2\ShellScripts\string_msgs_multiple_functions_ddl\build\string_msgs_multiple_functions_ddl': CMAKE_PREFIX_PATH=%CMAKE_PREFIX_PATH%;c:\opt\ros2_dotnet_ws\install\sensor_msgs_py c:\opt\ros\foxy\x64\Scripts\cmake.EXE c:\Users\Jorge\Documents\GitHub\ArtekmedRos2\ShellScripts\string_msgs_multiple_functions_ddl -DCMAKE_INSTALL_PREFIX=c:\Users\Jorge\Documents\GitHub\ArtekmedRos2\ShellScripts\string_msgs_multiple_functions_ddl\install\string_msgs_multiple_functions_ddl
[0.469s] -- Selecting Windows SDK version 10.0.22000.0 to target Windows 10.0.22621.
[0.672s] -- Found ament_cmake: 0.9.9 (C:/opt/ros/foxy/x64/share/ament_cmake/cmake)
[0.953s] -- Using PYTHON_EXECUTABLE: C:/opt/ros/foxy/x64/python.exe
[3.063s] -- Found rcldotnet: 0.0.0 (C:/opt/ros2_dotnet_ws/install/rcldotnet/share/rcldotnet/cmake)
[3.406s] -- Found rosidl_adapter: 1.3.0 (C:/opt/ros2_dotnet_ws/install/rosidl_adapter/share/rosidl_adapter/cmake)
[3.672s] -- Using all available rosidl_typesupport_c: rosidl_typesupport_introspection_c;rosidl_typesupport_fastrtps_c
[4.172s] -- Using all available rosidl_typesupport_cpp: rosidl_typesupport_introspection_cpp;rosidl_typesupport_fastrtps_cpp
[4.438s] -- Found rmw_implementation_cmake: 1.0.3 (C:/opt/ros/foxy/x64/share/rmw_implementation_cmake/cmake)
[4.453s] -- Using RMW implementation 'rmw_fastrtps_cpp' as default
[4.609s] -- Found rcldotnet_common: 0.0.0 (C:/opt/ros2_dotnet_ws/install/rcldotnet_common/share/rcldotnet_common/cmake)
[4.625s] -- Found dotnet_cmake_module: 0.0.0 (C:/opt/ros2_dotnet_ws/install/dotnet_cmake_module/share/dotnet_cmake_module/cmake)
[4.891s] CMake Warning (dev) at C:/opt/ros/foxy/x64/Lib/site-packages/cmake/data/share/cmake-3.18/Modules/FindPackageHandleStandardArgs.cmake:273 (message):
[4.891s]   The package name passed to `find_package_handle_standard_args`
[4.891s]   (DOTNET_CORE) does not match the name of the calling package (DotNetCore).
[4.906s]   This can lead to problems in calling code that expects `find_package`
[4.906s]   result variables (e.g., `_FOUND`) to follow a certain pattern.
[4.906s] Call Stack (most recent call first):
[4.906s]   C:/opt/ros2_dotnet_ws/install/dotnet_cmake_module/share/dotnet_cmake_module/cmake/Modules/dotnet/FindDotNetCore.cmake:37 (find_package_handle_standard_args)
[4.906s]   C:/opt/ros2_dotnet_ws/install/dotnet_cmake_module/share/dotnet_cmake_module/cmake/Modules/FindCSBuild.cmake:20 (find_package)
[4.906s]   C:/opt/ros2_dotnet_ws/install/dotnet_cmake_module/share/dotnet_cmake_module/cmake/Modules/FindDotNETExtra.cmake:15 (find_package)
[4.906s]   CMakeLists.txt:24 (find_package)
[4.906s] This warning is for project developers.  Use -Wno-dev to suppress it.
[4.906s] 
[4.906s] -- Found .NET Core: 7.0.101
[4.906s] -- Using Framework: netcoreapp2.0
[4.906s] -- Using Framework: netcoreapp2.0
[4.906s] -- Using Runtime: win-x64
[4.906s] -- Found std_msgs: 2.0.5 (C:/opt/ros2_dotnet_ws/install/std_msgs/share/std_msgs/cmake)
[5.328s] -- Configuring done
[5.891s] -- Generating done
[5.906s] -- Build files have been written to: C:/Users/Jorge/Documents/GitHub/ArtekmedRos2/ShellScripts/string_msgs_multiple_functions_ddl/build/string_msgs_multiple_functions_ddl
[5.938s] Invoked command in 'c:\Users\Jorge\Documents\GitHub\ArtekmedRos2\ShellScripts\string_msgs_multiple_functions_ddl\build\string_msgs_multiple_functions_ddl' returned '0': CMAKE_PREFIX_PATH=%CMAKE_PREFIX_PATH%;c:\opt\ros2_dotnet_ws\install\sensor_msgs_py c:\opt\ros\foxy\x64\Scripts\cmake.EXE c:\Users\Jorge\Documents\GitHub\ArtekmedRos2\ShellScripts\string_msgs_multiple_functions_ddl -DCMAKE_INSTALL_PREFIX=c:\Users\Jorge\Documents\GitHub\ArtekmedRos2\ShellScripts\string_msgs_multiple_functions_ddl\install\string_msgs_multiple_functions_ddl
[5.938s] Invoking command in 'c:\Users\Jorge\Documents\GitHub\ArtekmedRos2\ShellScripts\string_msgs_multiple_functions_ddl\build\string_msgs_multiple_functions_ddl': CL=/MP CMAKE_PREFIX_PATH=%CMAKE_PREFIX_PATH%;c:\opt\ros2_dotnet_ws\install\sensor_msgs_py c:\opt\ros\foxy\x64\Scripts\cmake.EXE --build c:\Users\Jorge\Documents\GitHub\ArtekmedRos2\ShellScripts\string_msgs_multiple_functions_ddl\build\string_msgs_multiple_functions_ddl --config Release
[6.422s] Microsoft (R) Build Engine version 16.11.2+f32259642 for .NET Framework
[6.422s] Copyright (C) Microsoft Corporation. All rights reserved.
[6.422s] 
[7.438s]   C:/opt/ros/foxy/x64/Lib/site-packages/cmake/data/bin/cmake.exe;-version;C:/Program Files/dotnet/dotnet.exe restore;-r;win-x64 string_msgs_multiple_functions_ddl_dotnetcore.csproj; C:/Program Files/dotnet/dotnet.exe publish;-r;win-x64 string_msgs_multiple_functions_ddl_dotnetcore.csproj -> C:/Users/Jorge/Documents/GitHub/ArtekmedRos2/ShellScripts/string_msgs_multiple_functions_ddl/build/string_msgs_multiple_functions_ddl/string_msgs_multiple_functions_ddl
[7.578s]   cmake version 3.18.2
[7.594s]   
[7.594s]   CMake suite maintained and supported by Kitware (kitware.com/cmake).
[8.891s]     Determining projects to restore...
[8.922s] C:\Program Files\dotnet\sdk\7.0.101\Sdks\Microsoft.NET.Sdk\targets\Microsoft.NET.EolTargetFrameworks.targets(28,5): warning NETSDK1138: The target framework 'netcoreapp2.0' is out of support and will not receive security updates in the future. Please refer to https://aka.ms/dotnet-core-support for more information about the support policy. [C:\Users\Jorge\Documents\GitHub\ArtekmedRos2\ShellScripts\string_msgs_multiple_functions_ddl\build\string_msgs_multiple_functions_ddl\string_msgs_multiple_functions_ddl\string_msgs_multiple_functions_ddl_dotnetcore.csproj] [C:\Users\Jorge\Documents\GitHub\ArtekmedRos2\ShellScripts\string_msgs_multiple_functions_ddl\build\string_msgs_multiple_functions_ddl\string_msgs_multiple_functions_ddl.vcxproj]
[8.984s] C:\Program Files\dotnet\sdk\7.0.101\Sdks\Microsoft.NET.Sdk\targets\Microsoft.NET.EolTargetFrameworks.targets(28,5): warning NETSDK1138: The target framework 'netcoreapp2.0' is out of support and will not receive security updates in the future. Please refer to https://aka.ms/dotnet-core-support for more information about the support policy. [C:\Users\Jorge\Documents\GitHub\ArtekmedRos2\ShellScripts\string_msgs_multiple_functions_ddl\build\string_msgs_multiple_functions_ddl\string_msgs_multiple_functions_ddl\string_msgs_multiple_functions_ddl_dotnetcore.csproj] [C:\Users\Jorge\Documents\GitHub\ArtekmedRos2\ShellScripts\string_msgs_multiple_functions_ddl\build\string_msgs_multiple_functions_ddl\string_msgs_multiple_functions_ddl.vcxproj]
[9.594s]     Restored C:\Users\Jorge\Documents\GitHub\ArtekmedRos2\ShellScripts\string_msgs_multiple_functions_ddl\build\string_msgs_multiple_functions_ddl\string_msgs_multiple_functions_ddl\string_msgs_multiple_functions_ddl_dotnetcore.csproj (in 375 ms).
[10.766s]   MSBuild version 17.4.0+18d5aef85 for .NET
[11.531s]     Determining projects to restore...
[11.578s] C:\Program Files\dotnet\sdk\7.0.101\Sdks\Microsoft.NET.Sdk\targets\Microsoft.NET.EolTargetFrameworks.targets(28,5): warning NETSDK1138: The target framework 'netcoreapp2.0' is out of support and will not receive security updates in the future. Please refer to https://aka.ms/dotnet-core-support for more information about the support policy. [C:\Users\Jorge\Documents\GitHub\ArtekmedRos2\ShellScripts\string_msgs_multiple_functions_ddl\build\string_msgs_multiple_functions_ddl\string_msgs_multiple_functions_ddl\string_msgs_multiple_functions_ddl_dotnetcore.csproj] [C:\Users\Jorge\Documents\GitHub\ArtekmedRos2\ShellScripts\string_msgs_multiple_functions_ddl\build\string_msgs_multiple_functions_ddl\string_msgs_multiple_functions_ddl.vcxproj]
[11.703s] C:\Program Files\dotnet\sdk\7.0.101\Sdks\Microsoft.NET.Sdk\targets\Microsoft.NET.EolTargetFrameworks.targets(28,5): warning NETSDK1138: The target framework 'netcoreapp2.0' is out of support and will not receive security updates in the future. Please refer to https://aka.ms/dotnet-core-support for more information about the support policy. [C:\Users\Jorge\Documents\GitHub\ArtekmedRos2\ShellScripts\string_msgs_multiple_functions_ddl\build\string_msgs_multiple_functions_ddl\string_msgs_multiple_functions_ddl\string_msgs_multiple_functions_ddl_dotnetcore.csproj] [C:\Users\Jorge\Documents\GitHub\ArtekmedRos2\ShellScripts\string_msgs_multiple_functions_ddl\build\string_msgs_multiple_functions_ddl\string_msgs_multiple_functions_ddl.vcxproj]
[12.391s]     Restored C:\Users\Jorge\Documents\GitHub\ArtekmedRos2\ShellScripts\string_msgs_multiple_functions_ddl\build\string_msgs_multiple_functions_ddl\string_msgs_multiple_functions_ddl\string_msgs_multiple_functions_ddl_dotnetcore.csproj (in 441 ms).
[12.797s] C:\Program Files\dotnet\sdk\7.0.101\Sdks\Microsoft.NET.Sdk\targets\Microsoft.NET.EolTargetFrameworks.targets(28,5): warning NETSDK1138: The target framework 'netcoreapp2.0' is out of support and will not receive security updates in the future. Please refer to https://aka.ms/dotnet-core-support for more information about the support policy. [C:\Users\Jorge\Documents\GitHub\ArtekmedRos2\ShellScripts\string_msgs_multiple_functions_ddl\build\string_msgs_multiple_functions_ddl\string_msgs_multiple_functions_ddl\string_msgs_multiple_functions_ddl_dotnetcore.csproj] [C:\Users\Jorge\Documents\GitHub\ArtekmedRos2\ShellScripts\string_msgs_multiple_functions_ddl\build\string_msgs_multiple_functions_ddl\string_msgs_multiple_functions_ddl.vcxproj]
[13.781s] CSC : warning CS1668: Invalid search path 'C:\Program Files (x86)\Microsoft Visual Studio\2019\Community\VC\Tools\MSVC\14.29.30133\atlmfc\lib\x64' specified in 'LIB environment variable' -- 'directory does not exist' [C:\Users\Jorge\Documents\GitHub\ArtekmedRos2\ShellScripts\string_msgs_multiple_functions_ddl\build\string_msgs_multiple_functions_ddl\string_msgs_multiple_functions_ddl\string_msgs_multiple_functions_ddl_dotnetcore.csproj] [C:\Users\Jorge\Documents\GitHub\ArtekmedRos2\ShellScripts\string_msgs_multiple_functions_ddl\build\string_msgs_multiple_functions_ddl\string_msgs_multiple_functions_ddl.vcxproj]
[15.375s]     string_msgs_multiple_functions_ddl_dotnetcore -> C:\Users\Jorge\Documents\GitHub\ArtekmedRos2\ShellScripts\string_msgs_multiple_functions_ddl\build\string_msgs_multiple_functions_ddl\Release\netcoreapp2.0\win-x64\string_msgs_multiple_functions_ddl.dll
[15.594s]     string_msgs_multiple_functions_ddl_dotnetcore -> C:\Users\Jorge\Documents\GitHub\ArtekmedRos2\ShellScripts\string_msgs_multiple_functions_ddl\build\string_msgs_multiple_functions_ddl\Release\netcoreapp2.0\win-x64\publish\
[15.922s] Invoked command in 'c:\Users\Jorge\Documents\GitHub\ArtekmedRos2\ShellScripts\string_msgs_multiple_functions_ddl\build\string_msgs_multiple_functions_ddl' returned '0': CL=/MP CMAKE_PREFIX_PATH=%CMAKE_PREFIX_PATH%;c:\opt\ros2_dotnet_ws\install\sensor_msgs_py c:\opt\ros\foxy\x64\Scripts\cmake.EXE --build c:\Users\Jorge\Documents\GitHub\ArtekmedRos2\ShellScripts\string_msgs_multiple_functions_ddl\build\string_msgs_multiple_functions_ddl --config Release
[16.125s] Invoking command in 'c:\Users\Jorge\Documents\GitHub\ArtekmedRos2\ShellScripts\string_msgs_multiple_functions_ddl\build\string_msgs_multiple_functions_ddl': CMAKE_PREFIX_PATH=%CMAKE_PREFIX_PATH%;c:\opt\ros2_dotnet_ws\install\sensor_msgs_py c:\opt\ros\foxy\x64\Scripts\cmake.EXE --install c:\Users\Jorge\Documents\GitHub\ArtekmedRos2\ShellScripts\string_msgs_multiple_functions_ddl\build\string_msgs_multiple_functions_ddl --config Release
[16.375s] -- Up-to-date: C:/Users/Jorge/Documents/GitHub/ArtekmedRos2/ShellScripts/string_msgs_multiple_functions_ddl/install/string_msgs_multiple_functions_ddl/lib/string_msgs_multiple_functions_ddl/dotnet
[16.391s] -- Up-to-date: C:/Users/Jorge/Documents/GitHub/ArtekmedRos2/ShellScripts/string_msgs_multiple_functions_ddl/install/string_msgs_multiple_functions_ddl/lib/string_msgs_multiple_functions_ddl/dotnet/api-ms-win-core-console-l1-1-0.dll
[16.391s] -- Up-to-date: C:/Users/Jorge/Documents/GitHub/ArtekmedRos2/ShellScripts/string_msgs_multiple_functions_ddl/install/string_msgs_multiple_functions_ddl/lib/string_msgs_multiple_functions_ddl/dotnet/api-ms-win-core-datetime-l1-1-0.dll
[16.391s] -- Up-to-date: C:/Users/Jorge/Documents/GitHub/ArtekmedRos2/ShellScripts/string_msgs_multiple_functions_ddl/install/string_msgs_multiple_functions_ddl/lib/string_msgs_multiple_functions_ddl/dotnet/api-ms-win-core-debug-l1-1-0.dll
[16.391s] -- Up-to-date: C:/Users/Jorge/Documents/GitHub/ArtekmedRos2/ShellScripts/string_msgs_multiple_functions_ddl/install/string_msgs_multiple_functions_ddl/lib/string_msgs_multiple_functions_ddl/dotnet/api-ms-win-core-errorhandling-l1-1-0.dll
[16.391s] -- Up-to-date: C:/Users/Jorge/Documents/GitHub/ArtekmedRos2/ShellScripts/string_msgs_multiple_functions_ddl/install/string_msgs_multiple_functions_ddl/lib/string_msgs_multiple_functions_ddl/dotnet/api-ms-win-core-file-l1-1-0.dll
[16.391s] -- Up-to-date: C:/Users/Jorge/Documents/GitHub/ArtekmedRos2/ShellScripts/string_msgs_multiple_functions_ddl/install/string_msgs_multiple_functions_ddl/lib/string_msgs_multiple_functions_ddl/dotnet/api-ms-win-core-file-l1-2-0.dll
[16.391s] -- Up-to-date: C:/Users/Jorge/Documents/GitHub/ArtekmedRos2/ShellScripts/string_msgs_multiple_functions_ddl/install/string_msgs_multiple_functions_ddl/lib/string_msgs_multiple_functions_ddl/dotnet/api-ms-win-core-file-l2-1-0.dll
[16.391s] -- Up-to-date: C:/Users/Jorge/Documents/GitHub/ArtekmedRos2/ShellScripts/string_msgs_multiple_functions_ddl/install/string_msgs_multiple_functions_ddl/lib/string_msgs_multiple_functions_ddl/dotnet/api-ms-win-core-handle-l1-1-0.dll
[16.391s] -- Up-to-date: C:/Users/Jorge/Documents/GitHub/ArtekmedRos2/ShellScripts/string_msgs_multiple_functions_ddl/install/string_msgs_multiple_functions_ddl/lib/string_msgs_multiple_functions_ddl/dotnet/api-ms-win-core-heap-l1-1-0.dll
[16.391s] -- Up-to-date: C:/Users/Jorge/Documents/GitHub/ArtekmedRos2/ShellScripts/string_msgs_multiple_functions_ddl/install/string_msgs_multiple_functions_ddl/lib/string_msgs_multiple_functions_ddl/dotnet/api-ms-win-core-interlocked-l1-1-0.dll
[16.391s] -- Up-to-date: C:/Users/Jorge/Documents/GitHub/ArtekmedRos2/ShellScripts/string_msgs_multiple_functions_ddl/install/string_msgs_multiple_functions_ddl/lib/string_msgs_multiple_functions_ddl/dotnet/api-ms-win-core-libraryloader-l1-1-0.dll
[16.406s] -- Up-to-date: C:/Users/Jorge/Documents/GitHub/ArtekmedRos2/ShellScripts/string_msgs_multiple_functions_ddl/install/string_msgs_multiple_functions_ddl/lib/string_msgs_multiple_functions_ddl/dotnet/api-ms-win-core-localization-l1-2-0.dll
[16.406s] -- Up-to-date: C:/Users/Jorge/Documents/GitHub/ArtekmedRos2/ShellScripts/string_msgs_multiple_functions_ddl/install/string_msgs_multiple_functions_ddl/lib/string_msgs_multiple_functions_ddl/dotnet/api-ms-win-core-memory-l1-1-0.dll
[16.406s] -- Up-to-date: C:/Users/Jorge/Documents/GitHub/ArtekmedRos2/ShellScripts/string_msgs_multiple_functions_ddl/install/string_msgs_multiple_functions_ddl/lib/string_msgs_multiple_functions_ddl/dotnet/api-ms-win-core-namedpipe-l1-1-0.dll
[16.406s] -- Up-to-date: C:/Users/Jorge/Documents/GitHub/ArtekmedRos2/ShellScripts/string_msgs_multiple_functions_ddl/install/string_msgs_multiple_functions_ddl/lib/string_msgs_multiple_functions_ddl/dotnet/api-ms-win-core-processenvironment-l1-1-0.dll
[16.406s] -- Up-to-date: C:/Users/Jorge/Documents/GitHub/ArtekmedRos2/ShellScripts/string_msgs_multiple_functions_ddl/install/string_msgs_multiple_functions_ddl/lib/string_msgs_multiple_functions_ddl/dotnet/api-ms-win-core-processthreads-l1-1-0.dll
[16.406s] -- Up-to-date: C:/Users/Jorge/Documents/GitHub/ArtekmedRos2/ShellScripts/string_msgs_multiple_functions_ddl/install/string_msgs_multiple_functions_ddl/lib/string_msgs_multiple_functions_ddl/dotnet/api-ms-win-core-processthreads-l1-1-1.dll
[16.406s] -- Up-to-date: C:/Users/Jorge/Documents/GitHub/ArtekmedRos2/ShellScripts/string_msgs_multiple_functions_ddl/install/string_msgs_multiple_functions_ddl/lib/string_msgs_multiple_functions_ddl/dotnet/api-ms-win-core-profile-l1-1-0.dll
[16.406s] -- Up-to-date: C:/Users/Jorge/Documents/GitHub/ArtekmedRos2/ShellScripts/string_msgs_multiple_functions_ddl/install/string_msgs_multiple_functions_ddl/lib/string_msgs_multiple_functions_ddl/dotnet/api-ms-win-core-rtlsupport-l1-1-0.dll
[16.406s] -- Up-to-date: C:/Users/Jorge/Documents/GitHub/ArtekmedRos2/ShellScripts/string_msgs_multiple_functions_ddl/install/string_msgs_multiple_functions_ddl/lib/string_msgs_multiple_functions_ddl/dotnet/api-ms-win-core-string-l1-1-0.dll
[16.406s] -- Up-to-date: C:/Users/Jorge/Documents/GitHub/ArtekmedRos2/ShellScripts/string_msgs_multiple_functions_ddl/install/string_msgs_multiple_functions_ddl/lib/string_msgs_multiple_functions_ddl/dotnet/api-ms-win-core-synch-l1-1-0.dll
[16.406s] -- Up-to-date: C:/Users/Jorge/Documents/GitHub/ArtekmedRos2/ShellScripts/string_msgs_multiple_functions_ddl/install/string_msgs_multiple_functions_ddl/lib/string_msgs_multiple_functions_ddl/dotnet/api-ms-win-core-synch-l1-2-0.dll
[16.406s] -- Up-to-date: C:/Users/Jorge/Documents/GitHub/ArtekmedRos2/ShellScripts/string_msgs_multiple_functions_ddl/install/string_msgs_multiple_functions_ddl/lib/string_msgs_multiple_functions_ddl/dotnet/api-ms-win-core-sysinfo-l1-1-0.dll
[16.406s] -- Up-to-date: C:/Users/Jorge/Documents/GitHub/ArtekmedRos2/ShellScripts/string_msgs_multiple_functions_ddl/install/string_msgs_multiple_functions_ddl/lib/string_msgs_multiple_functions_ddl/dotnet/api-ms-win-core-timezone-l1-1-0.dll
[16.406s] -- Up-to-date: C:/Users/Jorge/Documents/GitHub/ArtekmedRos2/ShellScripts/string_msgs_multiple_functions_ddl/install/string_msgs_multiple_functions_ddl/lib/string_msgs_multiple_functions_ddl/dotnet/api-ms-win-core-util-l1-1-0.dll
[16.438s] -- Up-to-date: C:/Users/Jorge/Documents/GitHub/ArtekmedRos2/ShellScripts/string_msgs_multiple_functions_ddl/install/string_msgs_multiple_functions_ddl/lib/string_msgs_multiple_functions_ddl/dotnet/api-ms-win-crt-conio-l1-1-0.dll
[16.438s] -- Up-to-date: C:/Users/Jorge/Documents/GitHub/ArtekmedRos2/ShellScripts/string_msgs_multiple_functions_ddl/install/string_msgs_multiple_functions_ddl/lib/string_msgs_multiple_functions_ddl/dotnet/api-ms-win-crt-convert-l1-1-0.dll
[16.438s] -- Up-to-date: C:/Users/Jorge/Documents/GitHub/ArtekmedRos2/ShellScripts/string_msgs_multiple_functions_ddl/install/string_msgs_multiple_functions_ddl/lib/string_msgs_multiple_functions_ddl/dotnet/api-ms-win-crt-environment-l1-1-0.dll
[16.438s] -- Up-to-date: C:/Users/Jorge/Documents/GitHub/ArtekmedRos2/ShellScripts/string_msgs_multiple_functions_ddl/install/string_msgs_multiple_functions_ddl/lib/string_msgs_multiple_functions_ddl/dotnet/api-ms-win-crt-filesystem-l1-1-0.dll
[16.438s] -- Up-to-date: C:/Users/Jorge/Documents/GitHub/ArtekmedRos2/ShellScripts/string_msgs_multiple_functions_ddl/install/string_msgs_multiple_functions_ddl/lib/string_msgs_multiple_functions_ddl/dotnet/api-ms-win-crt-heap-l1-1-0.dll
[16.438s] -- Up-to-date: C:/Users/Jorge/Documents/GitHub/ArtekmedRos2/ShellScripts/string_msgs_multiple_functions_ddl/install/string_msgs_multiple_functions_ddl/lib/string_msgs_multiple_functions_ddl/dotnet/api-ms-win-crt-locale-l1-1-0.dll
[16.438s] -- Up-to-date: C:/Users/Jorge/Documents/GitHub/ArtekmedRos2/ShellScripts/string_msgs_multiple_functions_ddl/install/string_msgs_multiple_functions_ddl/lib/string_msgs_multiple_functions_ddl/dotnet/api-ms-win-crt-math-l1-1-0.dll
[16.453s] -- Up-to-date: C:/Users/Jorge/Documents/GitHub/ArtekmedRos2/ShellScripts/string_msgs_multiple_functions_ddl/install/string_msgs_multiple_functions_ddl/lib/string_msgs_multiple_functions_ddl/dotnet/api-ms-win-crt-multibyte-l1-1-0.dll
[16.453s] -- Up-to-date: C:/Users/Jorge/Documents/GitHub/ArtekmedRos2/ShellScripts/string_msgs_multiple_functions_ddl/install/string_msgs_multiple_functions_ddl/lib/string_msgs_multiple_functions_ddl/dotnet/api-ms-win-crt-private-l1-1-0.dll
[16.453s] -- Up-to-date: C:/Users/Jorge/Documents/GitHub/ArtekmedRos2/ShellScripts/string_msgs_multiple_functions_ddl/install/string_msgs_multiple_functions_ddl/lib/string_msgs_multiple_functions_ddl/dotnet/api-ms-win-crt-process-l1-1-0.dll
[16.453s] -- Up-to-date: C:/Users/Jorge/Documents/GitHub/ArtekmedRos2/ShellScripts/string_msgs_multiple_functions_ddl/install/string_msgs_multiple_functions_ddl/lib/string_msgs_multiple_functions_ddl/dotnet/api-ms-win-crt-runtime-l1-1-0.dll
[16.453s] -- Up-to-date: C:/Users/Jorge/Documents/GitHub/ArtekmedRos2/ShellScripts/string_msgs_multiple_functions_ddl/install/string_msgs_multiple_functions_ddl/lib/string_msgs_multiple_functions_ddl/dotnet/api-ms-win-crt-stdio-l1-1-0.dll
[16.453s] -- Up-to-date: C:/Users/Jorge/Documents/GitHub/ArtekmedRos2/ShellScripts/string_msgs_multiple_functions_ddl/install/string_msgs_multiple_functions_ddl/lib/string_msgs_multiple_functions_ddl/dotnet/api-ms-win-crt-string-l1-1-0.dll
[16.453s] -- Up-to-date: C:/Users/Jorge/Documents/GitHub/ArtekmedRos2/ShellScripts/string_msgs_multiple_functions_ddl/install/string_msgs_multiple_functions_ddl/lib/string_msgs_multiple_functions_ddl/dotnet/api-ms-win-crt-time-l1-1-0.dll
[16.453s] -- Up-to-date: C:/Users/Jorge/Documents/GitHub/ArtekmedRos2/ShellScripts/string_msgs_multiple_functions_ddl/install/string_msgs_multiple_functions_ddl/lib/string_msgs_multiple_functions_ddl/dotnet/api-ms-win-crt-utility-l1-1-0.dll
[16.453s] -- Up-to-date: C:/Users/Jorge/Documents/GitHub/ArtekmedRos2/ShellScripts/string_msgs_multiple_functions_ddl/install/string_msgs_multiple_functions_ddl/lib/string_msgs_multiple_functions_ddl/dotnet/builtin_interfaces_assemblies.dll
[16.453s] -- Up-to-date: C:/Users/Jorge/Documents/GitHub/ArtekmedRos2/ShellScripts/string_msgs_multiple_functions_ddl/install/string_msgs_multiple_functions_ddl/lib/string_msgs_multiple_functions_ddl/dotnet/builtin_interfaces_assemblies.pdb
[16.453s] -- Up-to-date: C:/Users/Jorge/Documents/GitHub/ArtekmedRos2/ShellScripts/string_msgs_multiple_functions_ddl/install/string_msgs_multiple_functions_ddl/lib/string_msgs_multiple_functions_ddl/dotnet/clrcompression.dll
[16.453s] -- Up-to-date: C:/Users/Jorge/Documents/GitHub/ArtekmedRos2/ShellScripts/string_msgs_multiple_functions_ddl/install/string_msgs_multiple_functions_ddl/lib/string_msgs_multiple_functions_ddl/dotnet/clretwrc.dll
[16.453s] -- Up-to-date: C:/Users/Jorge/Documents/GitHub/ArtekmedRos2/ShellScripts/string_msgs_multiple_functions_ddl/install/string_msgs_multiple_functions_ddl/lib/string_msgs_multiple_functions_ddl/dotnet/clrjit.dll
[16.453s] -- Up-to-date: C:/Users/Jorge/Documents/GitHub/ArtekmedRos2/ShellScripts/string_msgs_multiple_functions_ddl/install/string_msgs_multiple_functions_ddl/lib/string_msgs_multiple_functions_ddl/dotnet/coreclr.dll
[16.453s] -- Up-to-date: C:/Users/Jorge/Documents/GitHub/ArtekmedRos2/ShellScripts/string_msgs_multiple_functions_ddl/install/string_msgs_multiple_functions_ddl/lib/string_msgs_multiple_functions_ddl/dotnet/dbgshim.dll
[16.453s] -- Up-to-date: C:/Users/Jorge/Documents/GitHub/ArtekmedRos2/ShellScripts/string_msgs_multiple_functions_ddl/install/string_msgs_multiple_functions_ddl/lib/string_msgs_multiple_functions_ddl/dotnet/hostfxr.dll
[16.469s] -- Up-to-date: C:/Users/Jorge/Documents/GitHub/ArtekmedRos2/ShellScripts/string_msgs_multiple_functions_ddl/install/string_msgs_multiple_functions_ddl/lib/string_msgs_multiple_functions_ddl/dotnet/hostpolicy.dll
[16.469s] -- Up-to-date: C:/Users/Jorge/Documents/GitHub/ArtekmedRos2/ShellScripts/string_msgs_multiple_functions_ddl/install/string_msgs_multiple_functions_ddl/lib/string_msgs_multiple_functions_ddl/dotnet/Microsoft.CSharp.dll
[16.469s] -- Up-to-date: C:/Users/Jorge/Documents/GitHub/ArtekmedRos2/ShellScripts/string_msgs_multiple_functions_ddl/install/string_msgs_multiple_functions_ddl/lib/string_msgs_multiple_functions_ddl/dotnet/Microsoft.DiaSymReader.Native.amd64.dll
[16.469s] -- Up-to-date: C:/Users/Jorge/Documents/GitHub/ArtekmedRos2/ShellScripts/string_msgs_multiple_functions_ddl/install/string_msgs_multiple_functions_ddl/lib/string_msgs_multiple_functions_ddl/dotnet/Microsoft.VisualBasic.dll
[16.469s] -- Up-to-date: C:/Users/Jorge/Documents/GitHub/ArtekmedRos2/ShellScripts/string_msgs_multiple_functions_ddl/install/string_msgs_multiple_functions_ddl/lib/string_msgs_multiple_functions_ddl/dotnet/Microsoft.Win32.Primitives.dll
[16.469s] -- Up-to-date: C:/Users/Jorge/Documents/GitHub/ArtekmedRos2/ShellScripts/string_msgs_multiple_functions_ddl/install/string_msgs_multiple_functions_ddl/lib/string_msgs_multiple_functions_ddl/dotnet/Microsoft.Win32.Registry.dll
[16.469s] -- Up-to-date: C:/Users/Jorge/Documents/GitHub/ArtekmedRos2/ShellScripts/string_msgs_multiple_functions_ddl/install/string_msgs_multiple_functions_ddl/lib/string_msgs_multiple_functions_ddl/dotnet/mscordaccore.dll
[16.469s] -- Up-to-date: C:/Users/Jorge/Documents/GitHub/ArtekmedRos2/ShellScripts/string_msgs_multiple_functions_ddl/install/string_msgs_multiple_functions_ddl/lib/string_msgs_multiple_functions_ddl/dotnet/mscordaccore_amd64_amd64_4.6.26614.01.dll
[16.484s] -- Up-to-date: C:/Users/Jorge/Documents/GitHub/ArtekmedRos2/ShellScripts/string_msgs_multiple_functions_ddl/install/string_msgs_multiple_functions_ddl/lib/string_msgs_multiple_functions_ddl/dotnet/mscordbi.dll
[16.484s] -- Up-to-date: C:/Users/Jorge/Documents/GitHub/ArtekmedRos2/ShellScripts/string_msgs_multiple_functions_ddl/install/string_msgs_multiple_functions_ddl/lib/string_msgs_multiple_functions_ddl/dotnet/mscorlib.dll
[16.484s] -- Up-to-date: C:/Users/Jorge/Documents/GitHub/ArtekmedRos2/ShellScripts/string_msgs_multiple_functions_ddl/install/string_msgs_multiple_functions_ddl/lib/string_msgs_multiple_functions_ddl/dotnet/mscorrc.debug.dll
[16.484s] -- Up-to-date: C:/Users/Jorge/Documents/GitHub/ArtekmedRos2/ShellScripts/string_msgs_multiple_functions_ddl/install/string_msgs_multiple_functions_ddl/lib/string_msgs_multiple_functions_ddl/dotnet/mscorrc.dll
[16.484s] -- Up-to-date: C:/Users/Jorge/Documents/GitHub/ArtekmedRos2/ShellScripts/string_msgs_multiple_functions_ddl/install/string_msgs_multiple_functions_ddl/lib/string_msgs_multiple_functions_ddl/dotnet/netstandard.dll
[16.484s] -- Up-to-date: C:/Users/Jorge/Documents/GitHub/ArtekmedRos2/ShellScripts/string_msgs_multiple_functions_ddl/install/string_msgs_multiple_functions_ddl/lib/string_msgs_multiple_functions_ddl/dotnet/newtonsoft.json.dll
[16.500s] -- Up-to-date: C:/Users/Jorge/Documents/GitHub/ArtekmedRos2/ShellScripts/string_msgs_multiple_functions_ddl/install/string_msgs_multiple_functions_ddl/lib/string_msgs_multiple_functions_ddl/dotnet/newtonsoft.json.pdb
[16.500s] -- Up-to-date: C:/Users/Jorge/Documents/GitHub/ArtekmedRos2/ShellScripts/string_msgs_multiple_functions_ddl/install/string_msgs_multiple_functions_ddl/lib/string_msgs_multiple_functions_ddl/dotnet/newtonsoft.json.xml
[16.500s] -- Up-to-date: C:/Users/Jorge/Documents/GitHub/ArtekmedRos2/ShellScripts/string_msgs_multiple_functions_ddl/install/string_msgs_multiple_functions_ddl/lib/string_msgs_multiple_functions_ddl/dotnet/rcldotnet_assemblies.dll
[16.500s] -- Up-to-date: C:/Users/Jorge/Documents/GitHub/ArtekmedRos2/ShellScripts/string_msgs_multiple_functions_ddl/install/string_msgs_multiple_functions_ddl/lib/string_msgs_multiple_functions_ddl/dotnet/rcldotnet_assemblies.pdb
[16.500s] -- Up-to-date: C:/Users/Jorge/Documents/GitHub/ArtekmedRos2/ShellScripts/string_msgs_multiple_functions_ddl/install/string_msgs_multiple_functions_ddl/lib/string_msgs_multiple_functions_ddl/dotnet/rcldotnet_common.dll
[16.500s] -- Up-to-date: C:/Users/Jorge/Documents/GitHub/ArtekmedRos2/ShellScripts/string_msgs_multiple_functions_ddl/install/string_msgs_multiple_functions_ddl/lib/string_msgs_multiple_functions_ddl/dotnet/rcldotnet_common.pdb
[16.516s] -- Up-to-date: C:/Users/Jorge/Documents/GitHub/ArtekmedRos2/ShellScripts/string_msgs_multiple_functions_ddl/install/string_msgs_multiple_functions_ddl/lib/string_msgs_multiple_functions_ddl/dotnet/sos.dll
[16.516s] -- Up-to-date: C:/Users/Jorge/Documents/GitHub/ArtekmedRos2/ShellScripts/string_msgs_multiple_functions_ddl/install/string_msgs_multiple_functions_ddl/lib/string_msgs_multiple_functions_ddl/dotnet/SOS.NETCore.dll
[16.516s] -- Up-to-date: C:/Users/Jorge/Documents/GitHub/ArtekmedRos2/ShellScripts/string_msgs_multiple_functions_ddl/install/string_msgs_multiple_functions_ddl/lib/string_msgs_multiple_functions_ddl/dotnet/sos_amd64_amd64_4.6.26614.01.dll
[16.516s] -- Up-to-date: C:/Users/Jorge/Documents/GitHub/ArtekmedRos2/ShellScripts/string_msgs_multiple_functions_ddl/install/string_msgs_multiple_functions_ddl/lib/string_msgs_multiple_functions_ddl/dotnet/std_msgs_assemblies.dll
[16.516s] -- Up-to-date: C:/Users/Jorge/Documents/GitHub/ArtekmedRos2/ShellScripts/string_msgs_multiple_functions_ddl/install/string_msgs_multiple_functions_ddl/lib/string_msgs_multiple_functions_ddl/dotnet/std_msgs_assemblies.pdb
[16.563s] -- Installing: C:/Users/Jorge/Documents/GitHub/ArtekmedRos2/ShellScripts/string_msgs_multiple_functions_ddl/install/string_msgs_multiple_functions_ddl/lib/string_msgs_multiple_functions_ddl/dotnet/string_msgs_multiple_functions_ddl.deps.json
[16.563s] -- Installing: C:/Users/Jorge/Documents/GitHub/ArtekmedRos2/ShellScripts/string_msgs_multiple_functions_ddl/install/string_msgs_multiple_functions_ddl/lib/string_msgs_multiple_functions_ddl/dotnet/string_msgs_multiple_functions_ddl.dll
[16.703s] -- Installing: C:/Users/Jorge/Documents/GitHub/ArtekmedRos2/ShellScripts/string_msgs_multiple_functions_ddl/install/string_msgs_multiple_functions_ddl/lib/string_msgs_multiple_functions_ddl/dotnet/string_msgs_multiple_functions_ddl.exe
[16.766s] -- Installing: C:/Users/Jorge/Documents/GitHub/ArtekmedRos2/ShellScripts/string_msgs_multiple_functions_ddl/install/string_msgs_multiple_functions_ddl/lib/string_msgs_multiple_functions_ddl/dotnet/string_msgs_multiple_functions_ddl.pdb
[16.766s] -- Installing: C:/Users/Jorge/Documents/GitHub/ArtekmedRos2/ShellScripts/string_msgs_multiple_functions_ddl/install/string_msgs_multiple_functions_ddl/lib/string_msgs_multiple_functions_ddl/dotnet/string_msgs_multiple_functions_ddl.runtimeconfig.json
[16.766s] -- Up-to-date: C:/Users/Jorge/Documents/GitHub/ArtekmedRos2/ShellScripts/string_msgs_multiple_functions_ddl/install/string_msgs_multiple_functions_ddl/lib/string_msgs_multiple_functions_ddl/dotnet/System.AppContext.dll
[16.766s] -- Up-to-date: C:/Users/Jorge/Documents/GitHub/ArtekmedRos2/ShellScripts/string_msgs_multiple_functions_ddl/install/string_msgs_multiple_functions_ddl/lib/string_msgs_multiple_functions_ddl/dotnet/System.Buffers.dll
[16.766s] -- Up-to-date: C:/Users/Jorge/Documents/GitHub/ArtekmedRos2/ShellScripts/string_msgs_multiple_functions_ddl/install/string_msgs_multiple_functions_ddl/lib/string_msgs_multiple_functions_ddl/dotnet/System.Collections.Concurrent.dll
[16.781s] -- Up-to-date: C:/Users/Jorge/Documents/GitHub/ArtekmedRos2/ShellScripts/string_msgs_multiple_functions_ddl/install/string_msgs_multiple_functions_ddl/lib/string_msgs_multiple_functions_ddl/dotnet/System.Collections.dll
[16.781s] -- Up-to-date: C:/Users/Jorge/Documents/GitHub/ArtekmedRos2/ShellScripts/string_msgs_multiple_functions_ddl/install/string_msgs_multiple_functions_ddl/lib/string_msgs_multiple_functions_ddl/dotnet/System.Collections.Immutable.dll
[16.781s] -- Up-to-date: C:/Users/Jorge/Documents/GitHub/ArtekmedRos2/ShellScripts/string_msgs_multiple_functions_ddl/install/string_msgs_multiple_functions_ddl/lib/string_msgs_multiple_functions_ddl/dotnet/System.Collections.NonGeneric.dll
[16.781s] -- Up-to-date: C:/Users/Jorge/Documents/GitHub/ArtekmedRos2/ShellScripts/string_msgs_multiple_functions_ddl/install/string_msgs_multiple_functions_ddl/lib/string_msgs_multiple_functions_ddl/dotnet/System.Collections.Specialized.dll
[16.781s] -- Up-to-date: C:/Users/Jorge/Documents/GitHub/ArtekmedRos2/ShellScripts/string_msgs_multiple_functions_ddl/install/string_msgs_multiple_functions_ddl/lib/string_msgs_multiple_functions_ddl/dotnet/System.ComponentModel.Annotations.dll
[16.781s] -- Up-to-date: C:/Users/Jorge/Documents/GitHub/ArtekmedRos2/ShellScripts/string_msgs_multiple_functions_ddl/install/string_msgs_multiple_functions_ddl/lib/string_msgs_multiple_functions_ddl/dotnet/System.ComponentModel.Composition.dll
[16.781s] -- Up-to-date: C:/Users/Jorge/Documents/GitHub/ArtekmedRos2/ShellScripts/string_msgs_multiple_functions_ddl/install/string_msgs_multiple_functions_ddl/lib/string_msgs_multiple_functions_ddl/dotnet/System.ComponentModel.DataAnnotations.dll
[16.797s] -- Up-to-date: C:/Users/Jorge/Documents/GitHub/ArtekmedRos2/ShellScripts/string_msgs_multiple_functions_ddl/install/string_msgs_multiple_functions_ddl/lib/string_msgs_multiple_functions_ddl/dotnet/System.ComponentModel.dll
[16.797s] -- Up-to-date: C:/Users/Jorge/Documents/GitHub/ArtekmedRos2/ShellScripts/string_msgs_multiple_functions_ddl/install/string_msgs_multiple_functions_ddl/lib/string_msgs_multiple_functions_ddl/dotnet/System.ComponentModel.EventBasedAsync.dll
[16.797s] -- Up-to-date: C:/Users/Jorge/Documents/GitHub/ArtekmedRos2/ShellScripts/string_msgs_multiple_functions_ddl/install/string_msgs_multiple_functions_ddl/lib/string_msgs_multiple_functions_ddl/dotnet/System.ComponentModel.Primitives.dll
[16.797s] -- Up-to-date: C:/Users/Jorge/Documents/GitHub/ArtekmedRos2/ShellScripts/string_msgs_multiple_functions_ddl/install/string_msgs_multiple_functions_ddl/lib/string_msgs_multiple_functions_ddl/dotnet/System.ComponentModel.TypeConverter.dll
[16.797s] -- Up-to-date: C:/Users/Jorge/Documents/GitHub/ArtekmedRos2/ShellScripts/string_msgs_multiple_functions_ddl/install/string_msgs_multiple_functions_ddl/lib/string_msgs_multiple_functions_ddl/dotnet/System.Configuration.dll
[16.797s] -- Up-to-date: C:/Users/Jorge/Documents/GitHub/ArtekmedRos2/ShellScripts/string_msgs_multiple_functions_ddl/install/string_msgs_multiple_functions_ddl/lib/string_msgs_multiple_functions_ddl/dotnet/System.Console.dll
[16.797s] -- Up-to-date: C:/Users/Jorge/Documents/GitHub/ArtekmedRos2/ShellScripts/string_msgs_multiple_functions_ddl/install/string_msgs_multiple_functions_ddl/lib/string_msgs_multiple_functions_ddl/dotnet/System.Core.dll
[16.797s] -- Up-to-date: C:/Users/Jorge/Documents/GitHub/ArtekmedRos2/ShellScripts/string_msgs_multiple_functions_ddl/install/string_msgs_multiple_functions_ddl/lib/string_msgs_multiple_functions_ddl/dotnet/System.Data.Common.dll
[16.797s] -- Up-to-date: C:/Users/Jorge/Documents/GitHub/ArtekmedRos2/ShellScripts/string_msgs_multiple_functions_ddl/install/string_msgs_multiple_functions_ddl/lib/string_msgs_multiple_functions_ddl/dotnet/System.Data.dll
[16.797s] -- Up-to-date: C:/Users/Jorge/Documents/GitHub/ArtekmedRos2/ShellScripts/string_msgs_multiple_functions_ddl/install/string_msgs_multiple_functions_ddl/lib/string_msgs_multiple_functions_ddl/dotnet/System.Diagnostics.Contracts.dll
[16.797s] -- Up-to-date: C:/Users/Jorge/Documents/GitHub/ArtekmedRos2/ShellScripts/string_msgs_multiple_functions_ddl/install/string_msgs_multiple_functions_ddl/lib/string_msgs_multiple_functions_ddl/dotnet/System.Diagnostics.Debug.dll
[16.813s] -- Up-to-date: C:/Users/Jorge/Documents/GitHub/ArtekmedRos2/ShellScripts/string_msgs_multiple_functions_ddl/install/string_msgs_multiple_functions_ddl/lib/string_msgs_multiple_functions_ddl/dotnet/System.Diagnostics.DiagnosticSource.dll
[16.813s] -- Up-to-date: C:/Users/Jorge/Documents/GitHub/ArtekmedRos2/ShellScripts/string_msgs_multiple_functions_ddl/install/string_msgs_multiple_functions_ddl/lib/string_msgs_multiple_functions_ddl/dotnet/System.Diagnostics.FileVersionInfo.dll
[16.813s] -- Up-to-date: C:/Users/Jorge/Documents/GitHub/ArtekmedRos2/ShellScripts/string_msgs_multiple_functions_ddl/install/string_msgs_multiple_functions_ddl/lib/string_msgs_multiple_functions_ddl/dotnet/System.Diagnostics.Process.dll
[16.813s] -- Up-to-date: C:/Users/Jorge/Documents/GitHub/ArtekmedRos2/ShellScripts/string_msgs_multiple_functions_ddl/install/string_msgs_multiple_functions_ddl/lib/string_msgs_multiple_functions_ddl/dotnet/System.Diagnostics.StackTrace.dll
[16.828s] -- Up-to-date: C:/Users/Jorge/Documents/GitHub/ArtekmedRos2/ShellScripts/string_msgs_multiple_functions_ddl/install/string_msgs_multiple_functions_ddl/lib/string_msgs_multiple_functions_ddl/dotnet/System.Diagnostics.TextWriterTraceListener.dll
[16.828s] -- Up-to-date: C:/Users/Jorge/Documents/GitHub/ArtekmedRos2/ShellScripts/string_msgs_multiple_functions_ddl/install/string_msgs_multiple_functions_ddl/lib/string_msgs_multiple_functions_ddl/dotnet/System.Diagnostics.Tools.dll
[16.828s] -- Up-to-date: C:/Users/Jorge/Documents/GitHub/ArtekmedRos2/ShellScripts/string_msgs_multiple_functions_ddl/install/string_msgs_multiple_functions_ddl/lib/string_msgs_multiple_functions_ddl/dotnet/System.Diagnostics.TraceSource.dll
[16.828s] -- Up-to-date: C:/Users/Jorge/Documents/GitHub/ArtekmedRos2/ShellScripts/string_msgs_multiple_functions_ddl/install/string_msgs_multiple_functions_ddl/lib/string_msgs_multiple_functions_ddl/dotnet/System.Diagnostics.Tracing.dll
[16.828s] -- Up-to-date: C:/Users/Jorge/Documents/GitHub/ArtekmedRos2/ShellScripts/string_msgs_multiple_functions_ddl/install/string_msgs_multiple_functions_ddl/lib/string_msgs_multiple_functions_ddl/dotnet/System.dll
[16.828s] -- Up-to-date: C:/Users/Jorge/Documents/GitHub/ArtekmedRos2/ShellScripts/string_msgs_multiple_functions_ddl/install/string_msgs_multiple_functions_ddl/lib/string_msgs_multiple_functions_ddl/dotnet/System.Drawing.dll
[16.828s] -- Up-to-date: C:/Users/Jorge/Documents/GitHub/ArtekmedRos2/ShellScripts/string_msgs_multiple_functions_ddl/install/string_msgs_multiple_functions_ddl/lib/string_msgs_multiple_functions_ddl/dotnet/System.Drawing.Primitives.dll
[16.828s] -- Up-to-date: C:/Users/Jorge/Documents/GitHub/ArtekmedRos2/ShellScripts/string_msgs_multiple_functions_ddl/install/string_msgs_multiple_functions_ddl/lib/string_msgs_multiple_functions_ddl/dotnet/System.Dynamic.Runtime.dll
[16.844s] -- Up-to-date: C:/Users/Jorge/Documents/GitHub/ArtekmedRos2/ShellScripts/string_msgs_multiple_functions_ddl/install/string_msgs_multiple_functions_ddl/lib/string_msgs_multiple_functions_ddl/dotnet/System.Globalization.Calendars.dll
[16.844s] -- Up-to-date: C:/Users/Jorge/Documents/GitHub/ArtekmedRos2/ShellScripts/string_msgs_multiple_functions_ddl/install/string_msgs_multiple_functions_ddl/lib/string_msgs_multiple_functions_ddl/dotnet/System.Globalization.dll
[16.844s] -- Up-to-date: C:/Users/Jorge/Documents/GitHub/ArtekmedRos2/ShellScripts/string_msgs_multiple_functions_ddl/install/string_msgs_multiple_functions_ddl/lib/string_msgs_multiple_functions_ddl/dotnet/System.Globalization.Extensions.dll
[16.844s] -- Up-to-date: C:/Users/Jorge/Documents/GitHub/ArtekmedRos2/ShellScripts/string_msgs_multiple_functions_ddl/install/string_msgs_multiple_functions_ddl/lib/string_msgs_multiple_functions_ddl/dotnet/System.IO.Compression.dll
[16.844s] -- Up-to-date: C:/Users/Jorge/Documents/GitHub/ArtekmedRos2/ShellScripts/string_msgs_multiple_functions_ddl/install/string_msgs_multiple_functions_ddl/lib/string_msgs_multiple_functions_ddl/dotnet/System.IO.Compression.FileSystem.dll
[16.844s] -- Up-to-date: C:/Users/Jorge/Documents/GitHub/ArtekmedRos2/ShellScripts/string_msgs_multiple_functions_ddl/install/string_msgs_multiple_functions_ddl/lib/string_msgs_multiple_functions_ddl/dotnet/System.IO.Compression.ZipFile.dll
[16.844s] -- Up-to-date: C:/Users/Jorge/Documents/GitHub/ArtekmedRos2/ShellScripts/string_msgs_multiple_functions_ddl/install/string_msgs_multiple_functions_ddl/lib/string_msgs_multiple_functions_ddl/dotnet/System.IO.dll
[16.844s] -- Up-to-date: C:/Users/Jorge/Documents/GitHub/ArtekmedRos2/ShellScripts/string_msgs_multiple_functions_ddl/install/string_msgs_multiple_functions_ddl/lib/string_msgs_multiple_functions_ddl/dotnet/System.IO.FileSystem.AccessControl.dll
[16.844s] -- Up-to-date: C:/Users/Jorge/Documents/GitHub/ArtekmedRos2/ShellScripts/string_msgs_multiple_functions_ddl/install/string_msgs_multiple_functions_ddl/lib/string_msgs_multiple_functions_ddl/dotnet/System.IO.FileSystem.dll
[16.859s] -- Up-to-date: C:/Users/Jorge/Documents/GitHub/ArtekmedRos2/ShellScripts/string_msgs_multiple_functions_ddl/install/string_msgs_multiple_functions_ddl/lib/string_msgs_multiple_functions_ddl/dotnet/System.IO.FileSystem.DriveInfo.dll
[16.859s] -- Up-to-date: C:/Users/Jorge/Documents/GitHub/ArtekmedRos2/ShellScripts/string_msgs_multiple_functions_ddl/install/string_msgs_multiple_functions_ddl/lib/string_msgs_multiple_functions_ddl/dotnet/System.IO.FileSystem.Primitives.dll
[16.859s] -- Up-to-date: C:/Users/Jorge/Documents/GitHub/ArtekmedRos2/ShellScripts/string_msgs_multiple_functions_ddl/install/string_msgs_multiple_functions_ddl/lib/string_msgs_multiple_functions_ddl/dotnet/System.IO.FileSystem.Watcher.dll
[16.859s] -- Up-to-date: C:/Users/Jorge/Documents/GitHub/ArtekmedRos2/ShellScripts/string_msgs_multiple_functions_ddl/install/string_msgs_multiple_functions_ddl/lib/string_msgs_multiple_functions_ddl/dotnet/System.IO.IsolatedStorage.dll
[16.859s] -- Up-to-date: C:/Users/Jorge/Documents/GitHub/ArtekmedRos2/ShellScripts/string_msgs_multiple_functions_ddl/install/string_msgs_multiple_functions_ddl/lib/string_msgs_multiple_functions_ddl/dotnet/System.IO.MemoryMappedFiles.dll
[16.859s] -- Up-to-date: C:/Users/Jorge/Documents/GitHub/ArtekmedRos2/ShellScripts/string_msgs_multiple_functions_ddl/install/string_msgs_multiple_functions_ddl/lib/string_msgs_multiple_functions_ddl/dotnet/System.IO.Pipes.dll
[16.859s] -- Up-to-date: C:/Users/Jorge/Documents/GitHub/ArtekmedRos2/ShellScripts/string_msgs_multiple_functions_ddl/install/string_msgs_multiple_functions_ddl/lib/string_msgs_multiple_functions_ddl/dotnet/System.IO.UnmanagedMemoryStream.dll
[16.859s] -- Up-to-date: C:/Users/Jorge/Documents/GitHub/ArtekmedRos2/ShellScripts/string_msgs_multiple_functions_ddl/install/string_msgs_multiple_functions_ddl/lib/string_msgs_multiple_functions_ddl/dotnet/System.Linq.dll
[16.859s] -- Up-to-date: C:/Users/Jorge/Documents/GitHub/ArtekmedRos2/ShellScripts/string_msgs_multiple_functions_ddl/install/string_msgs_multiple_functions_ddl/lib/string_msgs_multiple_functions_ddl/dotnet/System.Linq.Expressions.dll
[16.859s] -- Up-to-date: C:/Users/Jorge/Documents/GitHub/ArtekmedRos2/ShellScripts/string_msgs_multiple_functions_ddl/install/string_msgs_multiple_functions_ddl/lib/string_msgs_multiple_functions_ddl/dotnet/System.Linq.Parallel.dll
[16.859s] -- Up-to-date: C:/Users/Jorge/Documents/GitHub/ArtekmedRos2/ShellScripts/string_msgs_multiple_functions_ddl/install/string_msgs_multiple_functions_ddl/lib/string_msgs_multiple_functions_ddl/dotnet/System.Linq.Queryable.dll
[16.875s] -- Up-to-date: C:/Users/Jorge/Documents/GitHub/ArtekmedRos2/ShellScripts/string_msgs_multiple_functions_ddl/install/string_msgs_multiple_functions_ddl/lib/string_msgs_multiple_functions_ddl/dotnet/System.Net.dll
[16.875s] -- Up-to-date: C:/Users/Jorge/Documents/GitHub/ArtekmedRos2/ShellScripts/string_msgs_multiple_functions_ddl/install/string_msgs_multiple_functions_ddl/lib/string_msgs_multiple_functions_ddl/dotnet/System.Net.Http.dll
[16.875s] -- Up-to-date: C:/Users/Jorge/Documents/GitHub/ArtekmedRos2/ShellScripts/string_msgs_multiple_functions_ddl/install/string_msgs_multiple_functions_ddl/lib/string_msgs_multiple_functions_ddl/dotnet/System.Net.HttpListener.dll
[16.875s] -- Up-to-date: C:/Users/Jorge/Documents/GitHub/ArtekmedRos2/ShellScripts/string_msgs_multiple_functions_ddl/install/string_msgs_multiple_functions_ddl/lib/string_msgs_multiple_functions_ddl/dotnet/System.Net.Mail.dll
[16.875s] -- Up-to-date: C:/Users/Jorge/Documents/GitHub/ArtekmedRos2/ShellScripts/string_msgs_multiple_functions_ddl/install/string_msgs_multiple_functions_ddl/lib/string_msgs_multiple_functions_ddl/dotnet/System.Net.NameResolution.dll
[16.875s] -- Up-to-date: C:/Users/Jorge/Documents/GitHub/ArtekmedRos2/ShellScripts/string_msgs_multiple_functions_ddl/install/string_msgs_multiple_functions_ddl/lib/string_msgs_multiple_functions_ddl/dotnet/System.Net.NetworkInformation.dll
[16.875s] -- Up-to-date: C:/Users/Jorge/Documents/GitHub/ArtekmedRos2/ShellScripts/string_msgs_multiple_functions_ddl/install/string_msgs_multiple_functions_ddl/lib/string_msgs_multiple_functions_ddl/dotnet/System.Net.Ping.dll
[16.875s] -- Up-to-date: C:/Users/Jorge/Documents/GitHub/ArtekmedRos2/ShellScripts/string_msgs_multiple_functions_ddl/install/string_msgs_multiple_functions_ddl/lib/string_msgs_multiple_functions_ddl/dotnet/System.Net.Primitives.dll
[16.875s] -- Up-to-date: C:/Users/Jorge/Documents/GitHub/ArtekmedRos2/ShellScripts/string_msgs_multiple_functions_ddl/install/string_msgs_multiple_functions_ddl/lib/string_msgs_multiple_functions_ddl/dotnet/System.Net.Requests.dll
[16.875s] -- Up-to-date: C:/Users/Jorge/Documents/GitHub/ArtekmedRos2/ShellScripts/string_msgs_multiple_functions_ddl/install/string_msgs_multiple_functions_ddl/lib/string_msgs_multiple_functions_ddl/dotnet/System.Net.Security.dll
[16.875s] -- Up-to-date: C:/Users/Jorge/Documents/GitHub/ArtekmedRos2/ShellScripts/string_msgs_multiple_functions_ddl/install/string_msgs_multiple_functions_ddl/lib/string_msgs_multiple_functions_ddl/dotnet/System.Net.ServicePoint.dll
[16.875s] -- Up-to-date: C:/Users/Jorge/Documents/GitHub/ArtekmedRos2/ShellScripts/string_msgs_multiple_functions_ddl/install/string_msgs_multiple_functions_ddl/lib/string_msgs_multiple_functions_ddl/dotnet/System.Net.Sockets.dll
[16.875s] -- Up-to-date: C:/Users/Jorge/Documents/GitHub/ArtekmedRos2/ShellScripts/string_msgs_multiple_functions_ddl/install/string_msgs_multiple_functions_ddl/lib/string_msgs_multiple_functions_ddl/dotnet/System.Net.WebClient.dll
[16.875s] -- Up-to-date: C:/Users/Jorge/Documents/GitHub/ArtekmedRos2/ShellScripts/string_msgs_multiple_functions_ddl/install/string_msgs_multiple_functions_ddl/lib/string_msgs_multiple_functions_ddl/dotnet/System.Net.WebHeaderCollection.dll
[16.875s] -- Up-to-date: C:/Users/Jorge/Documents/GitHub/ArtekmedRos2/ShellScripts/string_msgs_multiple_functions_ddl/install/string_msgs_multiple_functions_ddl/lib/string_msgs_multiple_functions_ddl/dotnet/System.Net.WebProxy.dll
[16.875s] -- Up-to-date: C:/Users/Jorge/Documents/GitHub/ArtekmedRos2/ShellScripts/string_msgs_multiple_functions_ddl/install/string_msgs_multiple_functions_ddl/lib/string_msgs_multiple_functions_ddl/dotnet/System.Net.WebSockets.Client.dll
[16.875s] -- Up-to-date: C:/Users/Jorge/Documents/GitHub/ArtekmedRos2/ShellScripts/string_msgs_multiple_functions_ddl/install/string_msgs_multiple_functions_ddl/lib/string_msgs_multiple_functions_ddl/dotnet/System.Net.WebSockets.dll
[16.891s] -- Up-to-date: C:/Users/Jorge/Documents/GitHub/ArtekmedRos2/ShellScripts/string_msgs_multiple_functions_ddl/install/string_msgs_multiple_functions_ddl/lib/string_msgs_multiple_functions_ddl/dotnet/System.Numerics.dll
[16.891s] -- Up-to-date: C:/Users/Jorge/Documents/GitHub/ArtekmedRos2/ShellScripts/string_msgs_multiple_functions_ddl/install/string_msgs_multiple_functions_ddl/lib/string_msgs_multiple_functions_ddl/dotnet/System.Numerics.Vectors.dll
[16.891s] -- Up-to-date: C:/Users/Jorge/Documents/GitHub/ArtekmedRos2/ShellScripts/string_msgs_multiple_functions_ddl/install/string_msgs_multiple_functions_ddl/lib/string_msgs_multiple_functions_ddl/dotnet/System.ObjectModel.dll
[16.891s] -- Up-to-date: C:/Users/Jorge/Documents/GitHub/ArtekmedRos2/ShellScripts/string_msgs_multiple_functions_ddl/install/string_msgs_multiple_functions_ddl/lib/string_msgs_multiple_functions_ddl/dotnet/System.Private.CoreLib.dll
[16.891s] -- Up-to-date: C:/Users/Jorge/Documents/GitHub/ArtekmedRos2/ShellScripts/string_msgs_multiple_functions_ddl/install/string_msgs_multiple_functions_ddl/lib/string_msgs_multiple_functions_ddl/dotnet/System.Private.DataContractSerialization.dll
[16.891s] -- Up-to-date: C:/Users/Jorge/Documents/GitHub/ArtekmedRos2/ShellScripts/string_msgs_multiple_functions_ddl/install/string_msgs_multiple_functions_ddl/lib/string_msgs_multiple_functions_ddl/dotnet/System.Private.Uri.dll
[16.891s] -- Up-to-date: C:/Users/Jorge/Documents/GitHub/ArtekmedRos2/ShellScripts/string_msgs_multiple_functions_ddl/install/string_msgs_multiple_functions_ddl/lib/string_msgs_multiple_functions_ddl/dotnet/System.Private.Xml.dll
[16.891s] -- Up-to-date: C:/Users/Jorge/Documents/GitHub/ArtekmedRos2/ShellScripts/string_msgs_multiple_functions_ddl/install/string_msgs_multiple_functions_ddl/lib/string_msgs_multiple_functions_ddl/dotnet/System.Private.Xml.Linq.dll
[16.891s] -- Up-to-date: C:/Users/Jorge/Documents/GitHub/ArtekmedRos2/ShellScripts/string_msgs_multiple_functions_ddl/install/string_msgs_multiple_functions_ddl/lib/string_msgs_multiple_functions_ddl/dotnet/System.Reflection.DispatchProxy.dll
[16.891s] -- Up-to-date: C:/Users/Jorge/Documents/GitHub/ArtekmedRos2/ShellScripts/string_msgs_multiple_functions_ddl/install/string_msgs_multiple_functions_ddl/lib/string_msgs_multiple_functions_ddl/dotnet/System.Reflection.dll
[16.891s] -- Up-to-date: C:/Users/Jorge/Documents/GitHub/ArtekmedRos2/ShellScripts/string_msgs_multiple_functions_ddl/install/string_msgs_multiple_functions_ddl/lib/string_msgs_multiple_functions_ddl/dotnet/System.Reflection.Emit.dll
[16.891s] -- Up-to-date: C:/Users/Jorge/Documents/GitHub/ArtekmedRos2/ShellScripts/string_msgs_multiple_functions_ddl/install/string_msgs_multiple_functions_ddl/lib/string_msgs_multiple_functions_ddl/dotnet/System.Reflection.Emit.ILGeneration.dll
[16.891s] -- Up-to-date: C:/Users/Jorge/Documents/GitHub/ArtekmedRos2/ShellScripts/string_msgs_multiple_functions_ddl/install/string_msgs_multiple_functions_ddl/lib/string_msgs_multiple_functions_ddl/dotnet/System.Reflection.Emit.Lightweight.dll
[16.891s] -- Up-to-date: C:/Users/Jorge/Documents/GitHub/ArtekmedRos2/ShellScripts/string_msgs_multiple_functions_ddl/install/string_msgs_multiple_functions_ddl/lib/string_msgs_multiple_functions_ddl/dotnet/System.Reflection.Extensions.dll
[16.891s] -- Up-to-date: C:/Users/Jorge/Documents/GitHub/ArtekmedRos2/ShellScripts/string_msgs_multiple_functions_ddl/install/string_msgs_multiple_functions_ddl/lib/string_msgs_multiple_functions_ddl/dotnet/System.Reflection.Metadata.dll
[16.891s] -- Up-to-date: C:/Users/Jorge/Documents/GitHub/ArtekmedRos2/ShellScripts/string_msgs_multiple_functions_ddl/install/string_msgs_multiple_functions_ddl/lib/string_msgs_multiple_functions_ddl/dotnet/System.Reflection.Primitives.dll
[16.891s] -- Up-to-date: C:/Users/Jorge/Documents/GitHub/ArtekmedRos2/ShellScripts/string_msgs_multiple_functions_ddl/install/string_msgs_multiple_functions_ddl/lib/string_msgs_multiple_functions_ddl/dotnet/System.Reflection.TypeExtensions.dll
[16.891s] -- Up-to-date: C:/Users/Jorge/Documents/GitHub/ArtekmedRos2/ShellScripts/string_msgs_multiple_functions_ddl/install/string_msgs_multiple_functions_ddl/lib/string_msgs_multiple_functions_ddl/dotnet/System.Resources.Reader.dll
[16.891s] -- Up-to-date: C:/Users/Jorge/Documents/GitHub/ArtekmedRos2/ShellScripts/string_msgs_multiple_functions_ddl/install/string_msgs_multiple_functions_ddl/lib/string_msgs_multiple_functions_ddl/dotnet/System.Resources.ResourceManager.dll
[16.906s] -- Up-to-date: C:/Users/Jorge/Documents/GitHub/ArtekmedRos2/ShellScripts/string_msgs_multiple_functions_ddl/install/string_msgs_multiple_functions_ddl/lib/string_msgs_multiple_functions_ddl/dotnet/System.Resources.Writer.dll
[16.906s] -- Up-to-date: C:/Users/Jorge/Documents/GitHub/ArtekmedRos2/ShellScripts/string_msgs_multiple_functions_ddl/install/string_msgs_multiple_functions_ddl/lib/string_msgs_multiple_functions_ddl/dotnet/System.Runtime.CompilerServices.VisualC.dll
[16.906s] -- Up-to-date: C:/Users/Jorge/Documents/GitHub/ArtekmedRos2/ShellScripts/string_msgs_multiple_functions_ddl/install/string_msgs_multiple_functions_ddl/lib/string_msgs_multiple_functions_ddl/dotnet/System.Runtime.dll
[16.906s] -- Up-to-date: C:/Users/Jorge/Documents/GitHub/ArtekmedRos2/ShellScripts/string_msgs_multiple_functions_ddl/install/string_msgs_multiple_functions_ddl/lib/string_msgs_multiple_functions_ddl/dotnet/System.Runtime.Extensions.dll
[16.906s] -- Up-to-date: C:/Users/Jorge/Documents/GitHub/ArtekmedRos2/ShellScripts/string_msgs_multiple_functions_ddl/install/string_msgs_multiple_functions_ddl/lib/string_msgs_multiple_functions_ddl/dotnet/System.Runtime.Handles.dll
[16.906s] -- Up-to-date: C:/Users/Jorge/Documents/GitHub/ArtekmedRos2/ShellScripts/string_msgs_multiple_functions_ddl/install/string_msgs_multiple_functions_ddl/lib/string_msgs_multiple_functions_ddl/dotnet/System.Runtime.InteropServices.dll
[16.906s] -- Up-to-date: C:/Users/Jorge/Documents/GitHub/ArtekmedRos2/ShellScripts/string_msgs_multiple_functions_ddl/install/string_msgs_multiple_functions_ddl/lib/string_msgs_multiple_functions_ddl/dotnet/System.Runtime.InteropServices.RuntimeInformation.dll
[16.906s] -- Up-to-date: C:/Users/Jorge/Documents/GitHub/ArtekmedRos2/ShellScripts/string_msgs_multiple_functions_ddl/install/string_msgs_multiple_functions_ddl/lib/string_msgs_multiple_functions_ddl/dotnet/System.Runtime.InteropServices.WindowsRuntime.dll
[16.922s] -- Up-to-date: C:/Users/Jorge/Documents/GitHub/ArtekmedRos2/ShellScripts/string_msgs_multiple_functions_ddl/install/string_msgs_multiple_functions_ddl/lib/string_msgs_multiple_functions_ddl/dotnet/System.Runtime.Loader.dll
[16.922s] -- Up-to-date: C:/Users/Jorge/Documents/GitHub/ArtekmedRos2/ShellScripts/string_msgs_multiple_functions_ddl/install/string_msgs_multiple_functions_ddl/lib/string_msgs_multiple_functions_ddl/dotnet/System.Runtime.Numerics.dll
[16.922s] -- Up-to-date: C:/Users/Jorge/Documents/GitHub/ArtekmedRos2/ShellScripts/string_msgs_multiple_functions_ddl/install/string_msgs_multiple_functions_ddl/lib/string_msgs_multiple_functions_ddl/dotnet/System.Runtime.Serialization.dll
[16.922s] -- Up-to-date: C:/Users/Jorge/Documents/GitHub/ArtekmedRos2/ShellScripts/string_msgs_multiple_functions_ddl/install/string_msgs_multiple_functions_ddl/lib/string_msgs_multiple_functions_ddl/dotnet/System.Runtime.Serialization.Formatters.dll
[16.938s] -- Up-to-date: C:/Users/Jorge/Documents/GitHub/ArtekmedRos2/ShellScripts/string_msgs_multiple_functions_ddl/install/string_msgs_multiple_functions_ddl/lib/string_msgs_multiple_functions_ddl/dotnet/System.Runtime.Serialization.Json.dll
[16.938s] -- Up-to-date: C:/Users/Jorge/Documents/GitHub/ArtekmedRos2/ShellScripts/string_msgs_multiple_functions_ddl/install/string_msgs_multiple_functions_ddl/lib/string_msgs_multiple_functions_ddl/dotnet/System.Runtime.Serialization.Primitives.dll
[16.953s] -- Up-to-date: C:/Users/Jorge/Documents/GitHub/ArtekmedRos2/ShellScripts/string_msgs_multiple_functions_ddl/install/string_msgs_multiple_functions_ddl/lib/string_msgs_multiple_functions_ddl/dotnet/System.Runtime.Serialization.Xml.dll
[16.953s] -- Up-to-date: C:/Users/Jorge/Documents/GitHub/ArtekmedRos2/ShellScripts/string_msgs_multiple_functions_ddl/install/string_msgs_multiple_functions_ddl/lib/string_msgs_multiple_functions_ddl/dotnet/System.Security.AccessControl.dll
[16.953s] -- Up-to-date: C:/Users/Jorge/Documents/GitHub/ArtekmedRos2/ShellScripts/string_msgs_multiple_functions_ddl/install/string_msgs_multiple_functions_ddl/lib/string_msgs_multiple_functions_ddl/dotnet/System.Security.Claims.dll
[16.953s] -- Up-to-date: C:/Users/Jorge/Documents/GitHub/ArtekmedRos2/ShellScripts/string_msgs_multiple_functions_ddl/install/string_msgs_multiple_functions_ddl/lib/string_msgs_multiple_functions_ddl/dotnet/System.Security.Cryptography.Algorithms.dll
[16.953s] -- Up-to-date: C:/Users/Jorge/Documents/GitHub/ArtekmedRos2/ShellScripts/string_msgs_multiple_functions_ddl/install/string_msgs_multiple_functions_ddl/lib/string_msgs_multiple_functions_ddl/dotnet/System.Security.Cryptography.Cng.dll
[16.953s] -- Up-to-date: C:/Users/Jorge/Documents/GitHub/ArtekmedRos2/ShellScripts/string_msgs_multiple_functions_ddl/install/string_msgs_multiple_functions_ddl/lib/string_msgs_multiple_functions_ddl/dotnet/System.Security.Cryptography.Csp.dll
[16.953s] -- Up-to-date: C:/Users/Jorge/Documents/GitHub/ArtekmedRos2/ShellScripts/string_msgs_multiple_functions_ddl/install/string_msgs_multiple_functions_ddl/lib/string_msgs_multiple_functions_ddl/dotnet/System.Security.Cryptography.Encoding.dll
[16.969s] -- Up-to-date: C:/Users/Jorge/Documents/GitHub/ArtekmedRos2/ShellScripts/string_msgs_multiple_functions_ddl/install/string_msgs_multiple_functions_ddl/lib/string_msgs_multiple_functions_ddl/dotnet/System.Security.Cryptography.OpenSsl.dll
[16.969s] -- Up-to-date: C:/Users/Jorge/Documents/GitHub/ArtekmedRos2/ShellScripts/string_msgs_multiple_functions_ddl/install/string_msgs_multiple_functions_ddl/lib/string_msgs_multiple_functions_ddl/dotnet/System.Security.Cryptography.Primitives.dll
[16.969s] -- Up-to-date: C:/Users/Jorge/Documents/GitHub/ArtekmedRos2/ShellScripts/string_msgs_multiple_functions_ddl/install/string_msgs_multiple_functions_ddl/lib/string_msgs_multiple_functions_ddl/dotnet/System.Security.Cryptography.X509Certificates.dll
[16.969s] -- Up-to-date: C:/Users/Jorge/Documents/GitHub/ArtekmedRos2/ShellScripts/string_msgs_multiple_functions_ddl/install/string_msgs_multiple_functions_ddl/lib/string_msgs_multiple_functions_ddl/dotnet/System.Security.dll
[16.969s] -- Up-to-date: C:/Users/Jorge/Documents/GitHub/ArtekmedRos2/ShellScripts/string_msgs_multiple_functions_ddl/install/string_msgs_multiple_functions_ddl/lib/string_msgs_multiple_functions_ddl/dotnet/System.Security.Principal.dll
[16.969s] -- Up-to-date: C:/Users/Jorge/Documents/GitHub/ArtekmedRos2/ShellScripts/string_msgs_multiple_functions_ddl/install/string_msgs_multiple_functions_ddl/lib/string_msgs_multiple_functions_ddl/dotnet/System.Security.Principal.Windows.dll
[16.969s] -- Up-to-date: C:/Users/Jorge/Documents/GitHub/ArtekmedRos2/ShellScripts/string_msgs_multiple_functions_ddl/install/string_msgs_multiple_functions_ddl/lib/string_msgs_multiple_functions_ddl/dotnet/System.Security.SecureString.dll
[16.969s] -- Up-to-date: C:/Users/Jorge/Documents/GitHub/ArtekmedRos2/ShellScripts/string_msgs_multiple_functions_ddl/install/string_msgs_multiple_functions_ddl/lib/string_msgs_multiple_functions_ddl/dotnet/System.ServiceModel.Web.dll
[16.969s] -- Up-to-date: C:/Users/Jorge/Documents/GitHub/ArtekmedRos2/ShellScripts/string_msgs_multiple_functions_ddl/install/string_msgs_multiple_functions_ddl/lib/string_msgs_multiple_functions_ddl/dotnet/System.ServiceProcess.dll
[16.969s] -- Up-to-date: C:/Users/Jorge/Documents/GitHub/ArtekmedRos2/ShellScripts/string_msgs_multiple_functions_ddl/install/string_msgs_multiple_functions_ddl/lib/string_msgs_multiple_functions_ddl/dotnet/System.Text.Encoding.dll
[16.969s] -- Up-to-date: C:/Users/Jorge/Documents/GitHub/ArtekmedRos2/ShellScripts/string_msgs_multiple_functions_ddl/install/string_msgs_multiple_functions_ddl/lib/string_msgs_multiple_functions_ddl/dotnet/System.Text.Encoding.Extensions.dll
[16.969s] -- Up-to-date: C:/Users/Jorge/Documents/GitHub/ArtekmedRos2/ShellScripts/string_msgs_multiple_functions_ddl/install/string_msgs_multiple_functions_ddl/lib/string_msgs_multiple_functions_ddl/dotnet/System.Text.RegularExpressions.dll
[16.969s] -- Up-to-date: C:/Users/Jorge/Documents/GitHub/ArtekmedRos2/ShellScripts/string_msgs_multiple_functions_ddl/install/string_msgs_multiple_functions_ddl/lib/string_msgs_multiple_functions_ddl/dotnet/System.Threading.dll
[16.984s] -- Up-to-date: C:/Users/Jorge/Documents/GitHub/ArtekmedRos2/ShellScripts/string_msgs_multiple_functions_ddl/install/string_msgs_multiple_functions_ddl/lib/string_msgs_multiple_functions_ddl/dotnet/System.Threading.Overlapped.dll
[16.984s] -- Up-to-date: C:/Users/Jorge/Documents/GitHub/ArtekmedRos2/ShellScripts/string_msgs_multiple_functions_ddl/install/string_msgs_multiple_functions_ddl/lib/string_msgs_multiple_functions_ddl/dotnet/System.Threading.Tasks.Dataflow.dll
[16.984s] -- Up-to-date: C:/Users/Jorge/Documents/GitHub/ArtekmedRos2/ShellScripts/string_msgs_multiple_functions_ddl/install/string_msgs_multiple_functions_ddl/lib/string_msgs_multiple_functions_ddl/dotnet/System.Threading.Tasks.dll
[16.984s] -- Up-to-date: C:/Users/Jorge/Documents/GitHub/ArtekmedRos2/ShellScripts/string_msgs_multiple_functions_ddl/install/string_msgs_multiple_functions_ddl/lib/string_msgs_multiple_functions_ddl/dotnet/System.Threading.Tasks.Extensions.dll
[16.984s] -- Up-to-date: C:/Users/Jorge/Documents/GitHub/ArtekmedRos2/ShellScripts/string_msgs_multiple_functions_ddl/install/string_msgs_multiple_functions_ddl/lib/string_msgs_multiple_functions_ddl/dotnet/System.Threading.Tasks.Parallel.dll
[16.984s] -- Up-to-date: C:/Users/Jorge/Documents/GitHub/ArtekmedRos2/ShellScripts/string_msgs_multiple_functions_ddl/install/string_msgs_multiple_functions_ddl/lib/string_msgs_multiple_functions_ddl/dotnet/System.Threading.Thread.dll
[16.984s] -- Up-to-date: C:/Users/Jorge/Documents/GitHub/ArtekmedRos2/ShellScripts/string_msgs_multiple_functions_ddl/install/string_msgs_multiple_functions_ddl/lib/string_msgs_multiple_functions_ddl/dotnet/System.Threading.ThreadPool.dll
[16.984s] -- Up-to-date: C:/Users/Jorge/Documents/GitHub/ArtekmedRos2/ShellScripts/string_msgs_multiple_functions_ddl/install/string_msgs_multiple_functions_ddl/lib/string_msgs_multiple_functions_ddl/dotnet/System.Threading.Timer.dll
[16.984s] -- Up-to-date: C:/Users/Jorge/Documents/GitHub/ArtekmedRos2/ShellScripts/string_msgs_multiple_functions_ddl/install/string_msgs_multiple_functions_ddl/lib/string_msgs_multiple_functions_ddl/dotnet/System.Transactions.dll
[16.984s] -- Up-to-date: C:/Users/Jorge/Documents/GitHub/ArtekmedRos2/ShellScripts/string_msgs_multiple_functions_ddl/install/string_msgs_multiple_functions_ddl/lib/string_msgs_multiple_functions_ddl/dotnet/System.Transactions.Local.dll
[17.000s] -- Up-to-date: C:/Users/Jorge/Documents/GitHub/ArtekmedRos2/ShellScripts/string_msgs_multiple_functions_ddl/install/string_msgs_multiple_functions_ddl/lib/string_msgs_multiple_functions_ddl/dotnet/System.ValueTuple.dll
[17.000s] -- Up-to-date: C:/Users/Jorge/Documents/GitHub/ArtekmedRos2/ShellScripts/string_msgs_multiple_functions_ddl/install/string_msgs_multiple_functions_ddl/lib/string_msgs_multiple_functions_ddl/dotnet/System.Web.dll
[17.000s] -- Up-to-date: C:/Users/Jorge/Documents/GitHub/ArtekmedRos2/ShellScripts/string_msgs_multiple_functions_ddl/install/string_msgs_multiple_functions_ddl/lib/string_msgs_multiple_functions_ddl/dotnet/System.Web.HttpUtility.dll
[17.000s] -- Up-to-date: C:/Users/Jorge/Documents/GitHub/ArtekmedRos2/ShellScripts/string_msgs_multiple_functions_ddl/install/string_msgs_multiple_functions_ddl/lib/string_msgs_multiple_functions_ddl/dotnet/System.Windows.dll
[17.000s] -- Up-to-date: C:/Users/Jorge/Documents/GitHub/ArtekmedRos2/ShellScripts/string_msgs_multiple_functions_ddl/install/string_msgs_multiple_functions_ddl/lib/string_msgs_multiple_functions_ddl/dotnet/System.Xml.dll
[17.000s] -- Up-to-date: C:/Users/Jorge/Documents/GitHub/ArtekmedRos2/ShellScripts/string_msgs_multiple_functions_ddl/install/string_msgs_multiple_functions_ddl/lib/string_msgs_multiple_functions_ddl/dotnet/System.Xml.Linq.dll
[17.000s] -- Up-to-date: C:/Users/Jorge/Documents/GitHub/ArtekmedRos2/ShellScripts/string_msgs_multiple_functions_ddl/install/string_msgs_multiple_functions_ddl/lib/string_msgs_multiple_functions_ddl/dotnet/System.Xml.ReaderWriter.dll
[17.016s] -- Up-to-date: C:/Users/Jorge/Documents/GitHub/ArtekmedRos2/ShellScripts/string_msgs_multiple_functions_ddl/install/string_msgs_multiple_functions_ddl/lib/string_msgs_multiple_functions_ddl/dotnet/System.Xml.Serialization.dll
[17.016s] -- Up-to-date: C:/Users/Jorge/Documents/GitHub/ArtekmedRos2/ShellScripts/string_msgs_multiple_functions_ddl/install/string_msgs_multiple_functions_ddl/lib/string_msgs_multiple_functions_ddl/dotnet/System.Xml.XDocument.dll
[17.016s] -- Up-to-date: C:/Users/Jorge/Documents/GitHub/ArtekmedRos2/ShellScripts/string_msgs_multiple_functions_ddl/install/string_msgs_multiple_functions_ddl/lib/string_msgs_multiple_functions_ddl/dotnet/System.Xml.XmlDocument.dll
[17.016s] -- Up-to-date: C:/Users/Jorge/Documents/GitHub/ArtekmedRos2/ShellScripts/string_msgs_multiple_functions_ddl/install/string_msgs_multiple_functions_ddl/lib/string_msgs_multiple_functions_ddl/dotnet/System.Xml.XmlSerializer.dll
[17.031s] -- Up-to-date: C:/Users/Jorge/Documents/GitHub/ArtekmedRos2/ShellScripts/string_msgs_multiple_functions_ddl/install/string_msgs_multiple_functions_ddl/lib/string_msgs_multiple_functions_ddl/dotnet/System.Xml.XPath.dll
[17.031s] -- Up-to-date: C:/Users/Jorge/Documents/GitHub/ArtekmedRos2/ShellScripts/string_msgs_multiple_functions_ddl/install/string_msgs_multiple_functions_ddl/lib/string_msgs_multiple_functions_ddl/dotnet/System.Xml.XPath.XDocument.dll
[17.031s] -- Up-to-date: C:/Users/Jorge/Documents/GitHub/ArtekmedRos2/ShellScripts/string_msgs_multiple_functions_ddl/install/string_msgs_multiple_functions_ddl/lib/string_msgs_multiple_functions_ddl/dotnet/ucrtbase.dll
[17.031s] -- Up-to-date: C:/Users/Jorge/Documents/GitHub/ArtekmedRos2/ShellScripts/string_msgs_multiple_functions_ddl/install/string_msgs_multiple_functions_ddl/lib/string_msgs_multiple_functions_ddl/dotnet/WindowsBase.dll
[17.031s] -- Up-to-date: C:/Users/Jorge/Documents/GitHub/ArtekmedRos2/ShellScripts/string_msgs_multiple_functions_ddl/install/string_msgs_multiple_functions_ddl/lib/string_msgs_multiple_functions_ddl/string_msgs_multiple_functions_ddl.bat
[17.031s] -- Up-to-date: C:/Users/Jorge/Documents/GitHub/ArtekmedRos2/ShellScripts/string_msgs_multiple_functions_ddl/install/string_msgs_multiple_functions_ddl/share/ament_index/resource_index/package_run_dependencies/string_msgs_multiple_functions_ddl
[17.031s] -- Up-to-date: C:/Users/Jorge/Documents/GitHub/ArtekmedRos2/ShellScripts/string_msgs_multiple_functions_ddl/install/string_msgs_multiple_functions_ddl/share/ament_index/resource_index/parent_prefix_path/string_msgs_multiple_functions_ddl
[17.031s] -- Up-to-date: C:/Users/Jorge/Documents/GitHub/ArtekmedRos2/ShellScripts/string_msgs_multiple_functions_ddl/install/string_msgs_multiple_functions_ddl/share/string_msgs_multiple_functions_ddl/environment/ament_prefix_path.bat
[17.047s] -- Installing: C:/Users/Jorge/Documents/GitHub/ArtekmedRos2/ShellScripts/string_msgs_multiple_functions_ddl/install/string_msgs_multiple_functions_ddl/share/string_msgs_multiple_functions_ddl/environment/ament_prefix_path.dsv
[17.047s] -- Up-to-date: C:/Users/Jorge/Documents/GitHub/ArtekmedRos2/ShellScripts/string_msgs_multiple_functions_ddl/install/string_msgs_multiple_functions_ddl/share/string_msgs_multiple_functions_ddl/environment/path.bat
[17.063s] -- Installing: C:/Users/Jorge/Documents/GitHub/ArtekmedRos2/ShellScripts/string_msgs_multiple_functions_ddl/install/string_msgs_multiple_functions_ddl/share/string_msgs_multiple_functions_ddl/environment/path.dsv
[17.063s] -- Up-to-date: C:/Users/Jorge/Documents/GitHub/ArtekmedRos2/ShellScripts/string_msgs_multiple_functions_ddl/install/string_msgs_multiple_functions_ddl/share/string_msgs_multiple_functions_ddl/local_setup.bat
[17.063s] -- Installing: C:/Users/Jorge/Documents/GitHub/ArtekmedRos2/ShellScripts/string_msgs_multiple_functions_ddl/install/string_msgs_multiple_functions_ddl/share/string_msgs_multiple_functions_ddl/local_setup.dsv
[17.094s] -- Installing: C:/Users/Jorge/Documents/GitHub/ArtekmedRos2/ShellScripts/string_msgs_multiple_functions_ddl/install/string_msgs_multiple_functions_ddl/share/string_msgs_multiple_functions_ddl/package.dsv
[17.094s] -- Up-to-date: C:/Users/Jorge/Documents/GitHub/ArtekmedRos2/ShellScripts/string_msgs_multiple_functions_ddl/install/string_msgs_multiple_functions_ddl/share/ament_index/resource_index/packages/string_msgs_multiple_functions_ddl
[17.094s] -- Up-to-date: C:/Users/Jorge/Documents/GitHub/ArtekmedRos2/ShellScripts/string_msgs_multiple_functions_ddl/install/string_msgs_multiple_functions_ddl/share/string_msgs_multiple_functions_ddl/cmake/string_msgs_multiple_functions_ddlConfig.cmake
[17.094s] -- Up-to-date: C:/Users/Jorge/Documents/GitHub/ArtekmedRos2/ShellScripts/string_msgs_multiple_functions_ddl/install/string_msgs_multiple_functions_ddl/share/string_msgs_multiple_functions_ddl/cmake/string_msgs_multiple_functions_ddlConfig-version.cmake
[17.094s] -- Up-to-date: C:/Users/Jorge/Documents/GitHub/ArtekmedRos2/ShellScripts/string_msgs_multiple_functions_ddl/install/string_msgs_multiple_functions_ddl/share/string_msgs_multiple_functions_ddl/package.xml
[17.141s] Invoked command in 'c:\Users\Jorge\Documents\GitHub\ArtekmedRos2\ShellScripts\string_msgs_multiple_functions_ddl\build\string_msgs_multiple_functions_ddl' returned '0': CMAKE_PREFIX_PATH=%CMAKE_PREFIX_PATH%;c:\opt\ros2_dotnet_ws\install\sensor_msgs_py c:\opt\ros\foxy\x64\Scripts\cmake.EXE --install c:\Users\Jorge\Documents\GitHub\ArtekmedRos2\ShellScripts\string_msgs_multiple_functions_ddl\build\string_msgs_multiple_functions_ddl --config Release
