[0.702s] [34mcolcon[0m [1;30mDEBUG[0m [32mCommand line arguments: ['c:\\opt\\ros\\foxy\\x64\\Scripts\\colcon', 'build'][0m
[0.702s] [34mcolcon[0m [1;30mDEBUG[0m [32mParsed command line arguments: Namespace(ament_cmake_args=None, base_paths=['.'], build_base='build', catkin_cmake_args=None, catkin_skip_building_tests=False, cmake_args=None, cmake_clean_cache=False, cmake_clean_first=False, cmake_force_configure=False, cmake_target=None, cmake_target_skip_unavailable=False, continue_on_error=False, event_handlers=None, executor='parallel', ignore_user_meta=False, install_base='install', log_base=None, log_level=None, main=<bound method BuildVerb.main of <colcon_core.verb.build.BuildVerb object at 0x000001FC7B7E0A30>>, merge_install=False, metas=['./colcon.meta'], packages_above=None, packages_above_and_dependencies=None, packages_above_depth=None, packages_end=None, packages_ignore=None, packages_ignore_regex=None, packages_select=None, packages_select_build_failed=False, packages_select_by_dep=None, packages_select_regex=None, packages_select_test_failures=False, packages_skip=None, packages_skip_build_finished=False, packages_skip_by_dep=None, packages_skip_regex=None, packages_skip_test_passed=False, packages_skip_up_to=None, packages_start=None, packages_up_to=None, packages_up_to_regex=None, parallel_workers=8, paths=None, symlink_install=False, test_result_base=None, verb_extension=<colcon_core.verb.build.BuildVerb object at 0x000001FC7B7E0A30>, verb_name='build', verb_parser=<colcon_defaults.argument_parser.defaults.DefaultArgumentsDecorator object at 0x000001FC7B7E0E80>)[0m
[0.756s] [34mcolcon.colcon_core.package_discovery[0m [1;30mLevel 1[0m discover_packages(colcon_meta) check parameters
[0.756s] [34mcolcon.colcon_core.package_discovery[0m [1;30mLevel 1[0m discover_packages(recursive) check parameters
[0.756s] [34mcolcon.colcon_core.package_discovery[0m [1;30mLevel 1[0m discover_packages(ignore) check parameters
[0.756s] [34mcolcon.colcon_core.package_discovery[0m [1;30mLevel 1[0m discover_packages(path) check parameters
[0.756s] [34mcolcon.colcon_core.package_discovery[0m [1;30mLevel 1[0m discover_packages(colcon_meta) discover
[0.756s] [34mcolcon.colcon_core.package_discovery[0m [1;30mLevel 1[0m discover_packages(recursive) discover
[0.757s] [34mcolcon.colcon_core.package_discovery[0m [1;30mINFO[0m Crawling recursively for packages in 'C:\Users\Jorge\Documents\GitHub\ArtekmedRos2\ShellScripts\String_msgs_multiple_functions'
[0.757s] [34mcolcon.colcon_core.package_identification[0m [1;30mLevel 1[0m _identify(.) by extensions ['ignore', 'ignore_ament_install']
[0.757s] [34mcolcon.colcon_core.package_identification[0m [1;30mLevel 1[0m _identify(.) by extension 'ignore'
[0.757s] [34mcolcon.colcon_core.package_identification[0m [1;30mLevel 1[0m _identify(.) by extension 'ignore_ament_install'
[0.757s] [34mcolcon.colcon_core.package_identification[0m [1;30mLevel 1[0m _identify(.) by extensions ['colcon_pkg']
[0.757s] [34mcolcon.colcon_core.package_identification[0m [1;30mLevel 1[0m _identify(.) by extension 'colcon_pkg'
[0.757s] [34mcolcon.colcon_core.package_identification[0m [1;30mLevel 1[0m _identify(.) by extensions ['colcon_meta']
[0.757s] [34mcolcon.colcon_core.package_identification[0m [1;30mLevel 1[0m _identify(.) by extension 'colcon_meta'
[0.758s] [34mcolcon.colcon_core.package_identification[0m [1;30mLevel 1[0m _identify(.) by extensions ['ros']
[0.758s] [34mcolcon.colcon_core.package_identification[0m [1;30mLevel 1[0m _identify(.) by extension 'ros'
[0.774s] [34mcolcon.colcon_core.package_identification[0m [1;30mDEBUG[0m [32mPackage '.' with type 'ros.ament_cmake' and name 'string_node_manager'[0m
[0.774s] [34mcolcon.colcon_core.package_discovery[0m [1;30mLevel 1[0m discover_packages(recursive) using defaults
[0.775s] [34mcolcon.colcon_core.package_discovery[0m [1;30mLevel 1[0m discover_packages(ignore) discover
[0.775s] [34mcolcon.colcon_core.package_discovery[0m [1;30mLevel 1[0m discover_packages(ignore) using defaults
[0.775s] [34mcolcon.colcon_core.package_discovery[0m [1;30mLevel 1[0m discover_packages(path) discover
[0.775s] [34mcolcon.colcon_core.package_discovery[0m [1;30mLevel 1[0m discover_packages(path) using defaults
[0.810s] [34mcolcon.colcon_core.verb[0m [1;30mLevel 5[0m set package 'string_node_manager' build argument 'cmake_args' from command line to 'None'
[0.810s] [34mcolcon.colcon_core.verb[0m [1;30mLevel 5[0m set package 'string_node_manager' build argument 'cmake_target' from command line to 'None'
[0.810s] [34mcolcon.colcon_core.verb[0m [1;30mLevel 5[0m set package 'string_node_manager' build argument 'cmake_target_skip_unavailable' from command line to 'False'
[0.810s] [34mcolcon.colcon_core.verb[0m [1;30mLevel 5[0m set package 'string_node_manager' build argument 'cmake_clean_cache' from command line to 'False'
[0.810s] [34mcolcon.colcon_core.verb[0m [1;30mLevel 5[0m set package 'string_node_manager' build argument 'cmake_clean_first' from command line to 'False'
[0.810s] [34mcolcon.colcon_core.verb[0m [1;30mLevel 5[0m set package 'string_node_manager' build argument 'cmake_force_configure' from command line to 'False'
[0.810s] [34mcolcon.colcon_core.verb[0m [1;30mLevel 5[0m set package 'string_node_manager' build argument 'ament_cmake_args' from command line to 'None'
[0.810s] [34mcolcon.colcon_core.verb[0m [1;30mLevel 5[0m set package 'string_node_manager' build argument 'catkin_cmake_args' from command line to 'None'
[0.810s] [34mcolcon.colcon_core.verb[0m [1;30mLevel 5[0m set package 'string_node_manager' build argument 'catkin_skip_building_tests' from command line to 'False'
[0.810s] [34mcolcon.colcon_core.verb[0m [1;30mDEBUG[0m [32mBuilding package 'string_node_manager' with the following arguments: {'ament_cmake_args': None, 'build_base': 'C:\\Users\\Jorge\\Documents\\GitHub\\ArtekmedRos2\\ShellScripts\\String_msgs_multiple_functions\\build\\string_node_manager', 'catkin_cmake_args': None, 'catkin_skip_building_tests': False, 'cmake_args': None, 'cmake_clean_cache': False, 'cmake_clean_first': False, 'cmake_force_configure': False, 'cmake_target': None, 'cmake_target_skip_unavailable': False, 'install_base': 'C:\\Users\\Jorge\\Documents\\GitHub\\ArtekmedRos2\\ShellScripts\\String_msgs_multiple_functions\\install\\string_node_manager', 'merge_install': False, 'path': 'C:\\Users\\Jorge\\Documents\\GitHub\\ArtekmedRos2\\ShellScripts\\String_msgs_multiple_functions', 'symlink_install': False, 'test_result_base': None}[0m
[0.814s] [34mcolcon.colcon_core.executor[0m [1;30mINFO[0m Executing jobs using 'parallel' executor
[0.840s] [34mcolcon.colcon_parallel_executor.executor.parallel[0m [1;30mDEBUG[0m [32mrun_until_complete[0m
[0.840s] [34mcolcon.colcon_ros.task.ament_cmake.build[0m [1;30mINFO[0m Building ROS package in 'C:\Users\Jorge\Documents\GitHub\ArtekmedRos2\ShellScripts\String_msgs_multiple_functions' with build type 'ament_cmake'
[0.840s] [34mcolcon.colcon_cmake.task.cmake.build[0m [1;30mINFO[0m Building CMake package in 'C:\Users\Jorge\Documents\GitHub\ArtekmedRos2\ShellScripts\String_msgs_multiple_functions'
[0.848s] [34mcolcon.colcon_core.plugin_system[0m [1;30mINFO[0m Skipping extension 'colcon_core.shell.sh': Not used on Windows systems
[0.848s] [34mcolcon.colcon_core.shell[0m [1;30mINFO[0m Skip shell extension 'powershell' for command environment: Not usable outside of PowerShell
[0.866s] [34mcolcon.colcon_ros.prefix_path.catkin[0m [1;30mWARNING[0m [33mThe path 'C:\opt\ros\foxy\x64\tools\vcpkg\installed\x64-windows' in the environment variable CMAKE_PREFIX_PATH doesn't exist[0m
[0.936s] [34mcolcon.colcon_core.event_handler.log_command[0m [1;30mDEBUG[0m [32mInvoking command in 'C:\Users\Jorge\Documents\GitHub\ArtekmedRos2\ShellScripts\String_msgs_multiple_functions\build\string_node_manager': CMAKE_PREFIX_PATH=%CMAKE_PREFIX_PATH%;c:\opt\ros2_dotnet_ws\install\sensor_msgs_py c:\opt\ros\foxy\x64\Scripts\cmake.EXE C:\Users\Jorge\Documents\GitHub\ArtekmedRos2\ShellScripts\String_msgs_multiple_functions -DCMAKE_INSTALL_PREFIX=C:\Users\Jorge\Documents\GitHub\ArtekmedRos2\ShellScripts\String_msgs_multiple_functions\install\string_node_manager[0m
[5.176s] [34mcolcon.colcon_core.event_handler.log_command[0m [1;30mDEBUG[0m [32mInvoked command in 'C:\Users\Jorge\Documents\GitHub\ArtekmedRos2\ShellScripts\String_msgs_multiple_functions\build\string_node_manager' returned '0': CMAKE_PREFIX_PATH=%CMAKE_PREFIX_PATH%;c:\opt\ros2_dotnet_ws\install\sensor_msgs_py c:\opt\ros\foxy\x64\Scripts\cmake.EXE C:\Users\Jorge\Documents\GitHub\ArtekmedRos2\ShellScripts\String_msgs_multiple_functions -DCMAKE_INSTALL_PREFIX=C:\Users\Jorge\Documents\GitHub\ArtekmedRos2\ShellScripts\String_msgs_multiple_functions\install\string_node_manager[0m
[5.178s] [34mcolcon.colcon_core.event_handler.log_command[0m [1;30mDEBUG[0m [32mInvoking command in 'C:\Users\Jorge\Documents\GitHub\ArtekmedRos2\ShellScripts\String_msgs_multiple_functions\build\string_node_manager': CL=/MP CMAKE_PREFIX_PATH=%CMAKE_PREFIX_PATH%;c:\opt\ros2_dotnet_ws\install\sensor_msgs_py c:\opt\ros\foxy\x64\Scripts\cmake.EXE --build C:\Users\Jorge\Documents\GitHub\ArtekmedRos2\ShellScripts\String_msgs_multiple_functions\build\string_node_manager --config Release[0m
[15.598s] [34mcolcon.colcon_core.event_handler.log_command[0m [1;30mDEBUG[0m [32mInvoked command in 'C:\Users\Jorge\Documents\GitHub\ArtekmedRos2\ShellScripts\String_msgs_multiple_functions\build\string_node_manager' returned '0': CL=/MP CMAKE_PREFIX_PATH=%CMAKE_PREFIX_PATH%;c:\opt\ros2_dotnet_ws\install\sensor_msgs_py c:\opt\ros\foxy\x64\Scripts\cmake.EXE --build C:\Users\Jorge\Documents\GitHub\ArtekmedRos2\ShellScripts\String_msgs_multiple_functions\build\string_node_manager --config Release[0m
[16.142s] [34mcolcon.colcon_core.event_handler.log_command[0m [1;30mDEBUG[0m [32mInvoking command in 'C:\Users\Jorge\Documents\GitHub\ArtekmedRos2\ShellScripts\String_msgs_multiple_functions\build\string_node_manager': CMAKE_PREFIX_PATH=%CMAKE_PREFIX_PATH%;c:\opt\ros2_dotnet_ws\install\sensor_msgs_py c:\opt\ros\foxy\x64\Scripts\cmake.EXE --install C:\Users\Jorge\Documents\GitHub\ArtekmedRos2\ShellScripts\String_msgs_multiple_functions\build\string_node_manager --config Release[0m
[20.933s] [34mcolcon.colcon_core.environment[0m [1;30mLevel 1[0m create_environment_scripts_only(string_node_manager)
[20.936s] [34mcolcon.colcon_core.event_handler.log_command[0m [1;30mDEBUG[0m [32mInvoked command in 'C:\Users\Jorge\Documents\GitHub\ArtekmedRos2\ShellScripts\String_msgs_multiple_functions\build\string_node_manager' returned '0': CMAKE_PREFIX_PATH=%CMAKE_PREFIX_PATH%;c:\opt\ros2_dotnet_ws\install\sensor_msgs_py c:\opt\ros\foxy\x64\Scripts\cmake.EXE --install C:\Users\Jorge\Documents\GitHub\ArtekmedRos2\ShellScripts\String_msgs_multiple_functions\build\string_node_manager --config Release[0m
[20.950s] [34mcolcon.colcon_core.environment[0m [1;30mLevel 1[0m checking 'C:\Users\Jorge\Documents\GitHub\ArtekmedRos2\ShellScripts\String_msgs_multiple_functions\install\string_node_manager' for CMake module files
[20.952s] [34mcolcon.colcon_core.environment[0m [1;30mLevel 1[0m checking 'C:\Users\Jorge\Documents\GitHub\ArtekmedRos2\ShellScripts\String_msgs_multiple_functions\install\string_node_manager' for CMake config files
[20.956s] [34mcolcon.colcon_core.shell[0m [1;30mLevel 1[0m create_environment_hook('string_node_manager', 'cmake_prefix_path')
[20.965s] [34mcolcon.colcon_core.shell[0m [1;30mINFO[0m Creating environment hook 'C:\Users\Jorge\Documents\GitHub\ArtekmedRos2\ShellScripts\String_msgs_multiple_functions\install\string_node_manager\share\string_node_manager\hook\cmake_prefix_path.ps1'
[20.967s] [34mcolcon.colcon_core.shell[0m [1;30mINFO[0m Creating environment hook 'C:\Users\Jorge\Documents\GitHub\ArtekmedRos2\ShellScripts\String_msgs_multiple_functions\install\string_node_manager\share\string_node_manager\hook\cmake_prefix_path.bat'
[20.970s] [34mcolcon.colcon_core.shell[0m [1;30mINFO[0m Creating environment descriptor 'C:\Users\Jorge\Documents\GitHub\ArtekmedRos2\ShellScripts\String_msgs_multiple_functions\install\string_node_manager\share\string_node_manager\hook\cmake_prefix_path.dsv'
[20.972s] [34mcolcon.colcon_core.environment[0m [1;30mLevel 1[0m checking 'C:\Users\Jorge\Documents\GitHub\ArtekmedRos2\ShellScripts\String_msgs_multiple_functions\install\string_node_manager\bin'
[20.972s] [34mcolcon.colcon_core.environment[0m [1;30mLevel 1[0m checking 'C:\Users\Jorge\Documents\GitHub\ArtekmedRos2\ShellScripts\String_msgs_multiple_functions\install\string_node_manager\bin'
[20.972s] [34mcolcon.colcon_core.environment[0m [1;30mLevel 1[0m checking 'C:\Users\Jorge\Documents\GitHub\ArtekmedRos2\ShellScripts\String_msgs_multiple_functions\install\string_node_manager\Scripts'
[20.972s] [34mcolcon.colcon_core.environment[0m [1;30mLevel 1[0m checking 'C:\Users\Jorge\Documents\GitHub\ArtekmedRos2\ShellScripts\String_msgs_multiple_functions\install\string_node_manager\lib\pkgconfig\string_node_manager.pc'
[20.973s] [34mcolcon.colcon_core.environment[0m [1;30mLevel 1[0m checking 'C:\Users\Jorge\Documents\GitHub\ArtekmedRos2\ShellScripts\String_msgs_multiple_functions\install\string_node_manager\Lib\site-packages'
[20.980s] [34mcolcon.colcon_core.shell[0m [1;30mINFO[0m Creating package script 'C:\Users\Jorge\Documents\GitHub\ArtekmedRos2\ShellScripts\String_msgs_multiple_functions\install\string_node_manager\share\string_node_manager\package.ps1'
[20.981s] [34mcolcon.colcon_core.shell[0m [1;30mINFO[0m Creating package script 'C:\Users\Jorge\Documents\GitHub\ArtekmedRos2\ShellScripts\String_msgs_multiple_functions\install\string_node_manager\share\string_node_manager\package.bat'
[20.983s] [34mcolcon.colcon_core.shell[0m [1;30mINFO[0m Creating package descriptor 'C:\Users\Jorge\Documents\GitHub\ArtekmedRos2\ShellScripts\String_msgs_multiple_functions\install\string_node_manager\share\string_node_manager\package.dsv'
[20.985s] [34mcolcon.colcon_core.environment[0m [1;30mLevel 1[0m create_file_with_runtime_dependencies(C:\Users\Jorge\Documents\GitHub\ArtekmedRos2\ShellScripts\String_msgs_multiple_functions\install\string_node_manager\share\colcon-core\packages\string_node_manager)
[20.993s] [34mcolcon.colcon_core.environment[0m [1;30mLevel 1[0m create_environment_scripts_only(string_node_manager)
[21.005s] [34mcolcon.colcon_core.environment[0m [1;30mLevel 1[0m checking 'C:\Users\Jorge\Documents\GitHub\ArtekmedRos2\ShellScripts\String_msgs_multiple_functions\install\string_node_manager' for CMake module files
[21.007s] [34mcolcon.colcon_core.environment[0m [1;30mLevel 1[0m checking 'C:\Users\Jorge\Documents\GitHub\ArtekmedRos2\ShellScripts\String_msgs_multiple_functions\install\string_node_manager' for CMake config files
[21.009s] [34mcolcon.colcon_core.shell[0m [1;30mLevel 1[0m create_environment_hook('string_node_manager', 'cmake_prefix_path')
[21.016s] [34mcolcon.colcon_core.shell[0m [1;30mINFO[0m Creating environment hook 'C:\Users\Jorge\Documents\GitHub\ArtekmedRos2\ShellScripts\String_msgs_multiple_functions\install\string_node_manager\share\string_node_manager\hook\cmake_prefix_path.ps1'
[21.018s] [34mcolcon.colcon_core.shell[0m [1;30mINFO[0m Creating environment hook 'C:\Users\Jorge\Documents\GitHub\ArtekmedRos2\ShellScripts\String_msgs_multiple_functions\install\string_node_manager\share\string_node_manager\hook\cmake_prefix_path.bat'
[21.020s] [34mcolcon.colcon_core.shell[0m [1;30mINFO[0m Creating environment descriptor 'C:\Users\Jorge\Documents\GitHub\ArtekmedRos2\ShellScripts\String_msgs_multiple_functions\install\string_node_manager\share\string_node_manager\hook\cmake_prefix_path.dsv'
[21.021s] [34mcolcon.colcon_core.environment[0m [1;30mLevel 1[0m checking 'C:\Users\Jorge\Documents\GitHub\ArtekmedRos2\ShellScripts\String_msgs_multiple_functions\install\string_node_manager\bin'
[21.021s] [34mcolcon.colcon_core.environment[0m [1;30mLevel 1[0m checking 'C:\Users\Jorge\Documents\GitHub\ArtekmedRos2\ShellScripts\String_msgs_multiple_functions\install\string_node_manager\bin'
[21.021s] [34mcolcon.colcon_core.environment[0m [1;30mLevel 1[0m checking 'C:\Users\Jorge\Documents\GitHub\ArtekmedRos2\ShellScripts\String_msgs_multiple_functions\install\string_node_manager\Scripts'
[21.022s] [34mcolcon.colcon_core.environment[0m [1;30mLevel 1[0m checking 'C:\Users\Jorge\Documents\GitHub\ArtekmedRos2\ShellScripts\String_msgs_multiple_functions\install\string_node_manager\lib\pkgconfig\string_node_manager.pc'
[21.022s] [34mcolcon.colcon_core.environment[0m [1;30mLevel 1[0m checking 'C:\Users\Jorge\Documents\GitHub\ArtekmedRos2\ShellScripts\String_msgs_multiple_functions\install\string_node_manager\Lib\site-packages'
[21.028s] [34mcolcon.colcon_core.shell[0m [1;30mINFO[0m Creating package script 'C:\Users\Jorge\Documents\GitHub\ArtekmedRos2\ShellScripts\String_msgs_multiple_functions\install\string_node_manager\share\string_node_manager\package.ps1'
[21.029s] [34mcolcon.colcon_core.shell[0m [1;30mINFO[0m Creating package script 'C:\Users\Jorge\Documents\GitHub\ArtekmedRos2\ShellScripts\String_msgs_multiple_functions\install\string_node_manager\share\string_node_manager\package.bat'
[21.030s] [34mcolcon.colcon_core.shell[0m [1;30mINFO[0m Creating package descriptor 'C:\Users\Jorge\Documents\GitHub\ArtekmedRos2\ShellScripts\String_msgs_multiple_functions\install\string_node_manager\share\string_node_manager\package.dsv'
[21.031s] [34mcolcon.colcon_core.environment[0m [1;30mLevel 1[0m create_file_with_runtime_dependencies(C:\Users\Jorge\Documents\GitHub\ArtekmedRos2\ShellScripts\String_msgs_multiple_functions\install\string_node_manager\share\colcon-core\packages\string_node_manager)
[21.032s] [34mcolcon.colcon_parallel_executor.executor.parallel[0m [1;30mDEBUG[0m [32mrun_until_complete finished with '0'[0m
[21.032s] [34mcolcon.colcon_core.event_reactor[0m [1;30mDEBUG[0m [32mjoining thread[0m
[21.046s] [34mcolcon.colcon_core.plugin_system[0m [1;30mINFO[0m Skipping extension 'colcon_notification.desktop_notification.notify2': 'notify2' not found
[21.046s] [34mcolcon.colcon_core.plugin_system[0m [1;30mINFO[0m Skipping extension 'colcon_notification.desktop_notification.notify_send': Not used on non-Linux systems
[21.046s] [34mcolcon.colcon_core.plugin_system[0m [1;30mINFO[0m Skipping extension 'colcon_notification.desktop_notification.terminal_notifier': Not used on non-Darwin systems
[21.046s] [34mcolcon.colcon_notification.desktop_notification[0m [1;30mINFO[0m Sending desktop notification using 'win32'
[21.051s] [34mcolcon.colcon_notification.desktop_notification.win32[0m [1;30mDEBUG[0m [32mFailed to import win32gui: DLL load failed while importing win32gui: The specified procedure could not be found.[0m
[21.052s] [34mcolcon.colcon_core.event_reactor[0m [1;30mDEBUG[0m [32mjoined thread[0m
[21.058s] [34mcolcon.colcon_core.shell[0m [1;30mINFO[0m Creating prefix script 'C:\Users\Jorge\Documents\GitHub\ArtekmedRos2\ShellScripts\String_msgs_multiple_functions\install\local_setup.ps1'
[21.059s] [34mcolcon.colcon_core.shell[0m [1;30mINFO[0m Creating prefix util module 'C:\Users\Jorge\Documents\GitHub\ArtekmedRos2\ShellScripts\String_msgs_multiple_functions\install\_local_setup_util_ps1.py'
[21.061s] [34mcolcon.colcon_core.shell[0m [1;30mINFO[0m Creating prefix chain script 'C:\Users\Jorge\Documents\GitHub\ArtekmedRos2\ShellScripts\String_msgs_multiple_functions\install\setup.ps1'
[21.080s] [34mcolcon.colcon_core.shell[0m [1;30mINFO[0m Creating prefix script 'C:\Users\Jorge\Documents\GitHub\ArtekmedRos2\ShellScripts\String_msgs_multiple_functions\install\local_setup.bat'
[21.082s] [34mcolcon.colcon_core.shell[0m [1;30mINFO[0m Creating prefix util module 'C:\Users\Jorge\Documents\GitHub\ArtekmedRos2\ShellScripts\String_msgs_multiple_functions\install\_local_setup_util_bat.py'
[21.083s] [34mcolcon.colcon_core.shell[0m [1;30mINFO[0m Creating prefix chain script 'C:\Users\Jorge\Documents\GitHub\ArtekmedRos2\ShellScripts\String_msgs_multiple_functions\install\setup.bat'
