[0.234s] Invoking command in 'c:\Users\Jorge\Documents\GitHub\ArtekmedRos2\ShellScripts\Customized_msgs\build\node_manager': CMAKE_PREFIX_PATH=%CMAKE_PREFIX_PATH%;c:\opt\ros2_dotnet_ws\install\sensor_msgs_py c:\opt\ros\foxy\x64\Scripts\cmake.EXE c:\Users\Jorge\Documents\GitHub\ArtekmedRos2\ShellScripts\Customized_msgs -DCMAKE_INSTALL_PREFIX=c:\Users\Jorge\Documents\GitHub\ArtekmedRos2\ShellScripts\Customized_msgs\install\node_manager -G Visual Studio 16 2019
[0.484s] -- Selecting Windows SDK version 10.0.22000.0 to target Windows 10.0.22621.
[2.843s] -- The C compiler identification is MSVC 19.29.30138.0
[3.468s] -- Detecting C compiler ABI info
[4.656s] -- Detecting C compiler ABI info - done
[4.672s] -- Check for working C compiler: C:/Program Files (x86)/Microsoft Visual Studio/2019/Community/VC/Tools/MSVC/14.29.30133/bin/Hostx64/x64/cl.exe - skipped
[4.672s] -- Detecting C compile features
[4.672s] -- Detecting C compile features - done
[4.843s] -- Found ament_cmake: 0.9.9 (C:/opt/ros/foxy/x64/share/ament_cmake/cmake)
[5.359s] -- Found PythonInterp: C:/opt/ros/foxy/x64/python.exe (found suitable version "3.8.3", minimum required is "3") 
[5.359s] -- Using PYTHON_EXECUTABLE: C:/opt/ros/foxy/x64/python.exe
[7.328s] -- Found rcldotnet: 0.0.0 (C:/opt/ros2_dotnet_ws/install/rcldotnet/share/rcldotnet/cmake)
[7.859s] -- Found rosidl_adapter: 1.3.0 (C:/opt/ros2_dotnet_ws/install/rosidl_adapter/share/rosidl_adapter/cmake)
[8.109s] -- Using all available rosidl_typesupport_c: rosidl_typesupport_introspection_c;rosidl_typesupport_fastrtps_c
[8.812s] -- Found OpenSSL: optimized;C:/opt/ros/foxy/x64/Lib/libcrypto.lib;debug;C:/Program Files/OpenSSL-Win64/lib/VC/libcrypto64MDd.lib (found version "1.1.1g")  
[9.062s] -- Found FastRTPS: C:/opt/ros/foxy/x64/include  
[9.422s] -- Using all available rosidl_typesupport_cpp: rosidl_typesupport_introspection_cpp;rosidl_typesupport_fastrtps_cpp
[9.937s] -- Found rmw_implementation_cmake: 1.0.3 (C:/opt/ros/foxy/x64/share/rmw_implementation_cmake/cmake)
[9.953s] -- Using RMW implementation 'rmw_fastrtps_cpp' as default
[9.968s] -- Looking for pthread.h
[10.750s] -- Looking for pthread.h - not found
[10.750s] -- Found Threads: TRUE  
[11.062s] -- Found rcldotnet_common: 0.0.0 (C:/opt/ros2_dotnet_ws/install/rcldotnet_common/share/rcldotnet_common/cmake)
[11.109s] -- Found dotnet_cmake_module: 0.0.0 (C:/opt/ros2_dotnet_ws/install/dotnet_cmake_module/share/dotnet_cmake_module/cmake)
[11.468s] CMake Warning (dev) at C:/opt/ros/foxy/x64/Lib/site-packages/cmake/data/share/cmake-3.18/Modules/FindPackageHandleStandardArgs.cmake:273 (message):
[11.468s]   The package name passed to `find_package_handle_standard_args`
[11.468s]   (DOTNET_CORE) does not match the name of the calling package (DotNetCore).
[11.468s]   This can lead to problems in calling code that expects `find_package`
[11.468s]   result variables (e.g., `_FOUND`) to follow a certain pattern.
[11.468s] Call Stack (most recent call first):
[11.468s]   C:/opt/ros2_dotnet_ws/install/dotnet_cmake_module/share/dotnet_cmake_module/cmake/Modules/dotnet/FindDotNetCore.cmake:37 (find_package_handle_standard_args)
[11.468s]   C:/opt/ros2_dotnet_ws/install/dotnet_cmake_module/share/dotnet_cmake_module/cmake/Modules/FindCSBuild.cmake:20 (find_package)
[11.468s]   C:/opt/ros2_dotnet_ws/install/dotnet_cmake_module/share/dotnet_cmake_module/cmake/Modules/FindDotNETExtra.cmake:15 (find_package)
[11.468s]   CMakeLists.txt:14 (find_package)
[11.468s] This warning is for project developers.  Use -Wno-dev to suppress it.
[11.468s] 
[11.468s] -- Found DOTNET_CORE: C:/Program Files/dotnet/dotnet.exe  
[11.468s] -- Found .NET Core: 7.0.101
[11.468s] -- Using Framework: netcoreapp2.0
[11.468s] -- Using Framework: netcoreapp2.0
[11.468s] -- Using Runtime: win-x64
[11.468s] -- Found customized_msgs: 0.0.0 (C:/opt/customized_msgs/install/share/customized_msgs/cmake)
[12.125s] -- Configuring done
[12.406s] -- Generating done
[12.437s] -- Build files have been written to: C:/Users/Jorge/Documents/GitHub/ArtekmedRos2/ShellScripts/Customized_msgs/build/node_manager
[12.468s] Invoked command in 'c:\Users\Jorge\Documents\GitHub\ArtekmedRos2\ShellScripts\Customized_msgs\build\node_manager' returned '0': CMAKE_PREFIX_PATH=%CMAKE_PREFIX_PATH%;c:\opt\ros2_dotnet_ws\install\sensor_msgs_py c:\opt\ros\foxy\x64\Scripts\cmake.EXE c:\Users\Jorge\Documents\GitHub\ArtekmedRos2\ShellScripts\Customized_msgs -DCMAKE_INSTALL_PREFIX=c:\Users\Jorge\Documents\GitHub\ArtekmedRos2\ShellScripts\Customized_msgs\install\node_manager -G Visual Studio 16 2019
[12.468s] Invoking command in 'c:\Users\Jorge\Documents\GitHub\ArtekmedRos2\ShellScripts\Customized_msgs\build\node_manager': CL=/MP CMAKE_PREFIX_PATH=%CMAKE_PREFIX_PATH%;c:\opt\ros2_dotnet_ws\install\sensor_msgs_py c:\opt\ros\foxy\x64\Scripts\cmake.EXE --build c:\Users\Jorge\Documents\GitHub\ArtekmedRos2\ShellScripts\Customized_msgs\build\node_manager --config Release
[12.797s] Microsoft (R) Build Engine version 16.11.2+f32259642 for .NET Framework
[12.797s] Copyright (C) Microsoft Corporation. All rights reserved.
[12.797s] 
[13.422s]   Checking Build System
[13.750s]   C:/opt/ros/foxy/x64/Lib/site-packages/cmake/data/bin/cmake.exe;-version;C:/Program Files/dotnet/dotnet.exe restore;-r;win-x64 node_manager_dotnetcore.csproj; C:/Program Files/dotnet/dotnet.exe publish;-r;win-x64 node_manager_dotnetcore.csproj -> C:/Users/Jorge/Documents/GitHub/ArtekmedRos2/ShellScripts/Customized_msgs/build/node_manager/node_manager
[13.937s]   cmake version 3.18.2
[13.937s]   
[13.937s]   CMake suite maintained and supported by Kitware (kitware.com/cmake).
[15.500s]     Determining projects to restore...
[15.547s] C:\Program Files\dotnet\sdk\7.0.101\Sdks\Microsoft.NET.Sdk\targets\Microsoft.NET.EolTargetFrameworks.targets(28,5): warning NETSDK1138: The target framework 'netcoreapp2.0' is out of support and will not receive security updates in the future. Please refer to https://aka.ms/dotnet-core-support for more information about the support policy. [C:\Users\Jorge\Documents\GitHub\ArtekmedRos2\ShellScripts\Customized_msgs\build\node_manager\node_manager\node_manager_dotnetcore.csproj] [C:\Users\Jorge\Documents\GitHub\ArtekmedRos2\ShellScripts\Customized_msgs\build\node_manager\node_manager.vcxproj]
[15.609s] C:\Program Files\dotnet\sdk\7.0.101\Sdks\Microsoft.NET.Sdk\targets\Microsoft.NET.EolTargetFrameworks.targets(28,5): warning NETSDK1138: The target framework 'netcoreapp2.0' is out of support and will not receive security updates in the future. Please refer to https://aka.ms/dotnet-core-support for more information about the support policy. [C:\Users\Jorge\Documents\GitHub\ArtekmedRos2\ShellScripts\Customized_msgs\build\node_manager\node_manager\node_manager_dotnetcore.csproj] [C:\Users\Jorge\Documents\GitHub\ArtekmedRos2\ShellScripts\Customized_msgs\build\node_manager\node_manager.vcxproj]
[16.218s]     Restored C:\Users\Jorge\Documents\GitHub\ArtekmedRos2\ShellScripts\Customized_msgs\build\node_manager\node_manager\node_manager_dotnetcore.csproj (in 427 ms).
[17.172s]   MSBuild version 17.4.0+18d5aef85 for .NET
[17.812s]     Determining projects to restore...
[17.828s] C:\Program Files\dotnet\sdk\7.0.101\Sdks\Microsoft.NET.Sdk\targets\Microsoft.NET.EolTargetFrameworks.targets(28,5): warning NETSDK1138: The target framework 'netcoreapp2.0' is out of support and will not receive security updates in the future. Please refer to https://aka.ms/dotnet-core-support for more information about the support policy. [C:\Users\Jorge\Documents\GitHub\ArtekmedRos2\ShellScripts\Customized_msgs\build\node_manager\node_manager\node_manager_dotnetcore.csproj] [C:\Users\Jorge\Documents\GitHub\ArtekmedRos2\ShellScripts\Customized_msgs\build\node_manager\node_manager.vcxproj]
[17.922s] C:\Program Files\dotnet\sdk\7.0.101\Sdks\Microsoft.NET.Sdk\targets\Microsoft.NET.EolTargetFrameworks.targets(28,5): warning NETSDK1138: The target framework 'netcoreapp2.0' is out of support and will not receive security updates in the future. Please refer to https://aka.ms/dotnet-core-support for more information about the support policy. [C:\Users\Jorge\Documents\GitHub\ArtekmedRos2\ShellScripts\Customized_msgs\build\node_manager\node_manager\node_manager_dotnetcore.csproj] [C:\Users\Jorge\Documents\GitHub\ArtekmedRos2\ShellScripts\Customized_msgs\build\node_manager\node_manager.vcxproj]
[18.703s]     Restored C:\Users\Jorge\Documents\GitHub\ArtekmedRos2\ShellScripts\Customized_msgs\build\node_manager\node_manager\node_manager_dotnetcore.csproj (in 514 ms).
[18.906s] C:\Program Files\dotnet\sdk\7.0.101\Sdks\Microsoft.NET.Sdk\targets\Microsoft.NET.EolTargetFrameworks.targets(28,5): warning NETSDK1138: The target framework 'netcoreapp2.0' is out of support and will not receive security updates in the future. Please refer to https://aka.ms/dotnet-core-support for more information about the support policy. [C:\Users\Jorge\Documents\GitHub\ArtekmedRos2\ShellScripts\Customized_msgs\build\node_manager\node_manager\node_manager_dotnetcore.csproj] [C:\Users\Jorge\Documents\GitHub\ArtekmedRos2\ShellScripts\Customized_msgs\build\node_manager\node_manager.vcxproj]
[26.375s] CSC : warning CS1668: Invalid search path 'C:\Program Files (x86)\Microsoft Visual Studio\2019\Community\VC\Tools\MSVC\14.29.30133\atlmfc\lib\x64' specified in 'LIB environment variable' -- 'directory does not exist' [C:\Users\Jorge\Documents\GitHub\ArtekmedRos2\ShellScripts\Customized_msgs\build\node_manager\node_manager\node_manager_dotnetcore.csproj] [C:\Users\Jorge\Documents\GitHub\ArtekmedRos2\ShellScripts\Customized_msgs\build\node_manager\node_manager.vcxproj]
[27.172s]     node_manager_dotnetcore -> C:\Users\Jorge\Documents\GitHub\ArtekmedRos2\ShellScripts\Customized_msgs\build\node_manager\Release\netcoreapp2.0\win-x64\node_manager.dll
[27.390s]     node_manager_dotnetcore -> C:\Users\Jorge\Documents\GitHub\ArtekmedRos2\ShellScripts\Customized_msgs\build\node_manager\Release\netcoreapp2.0\win-x64\publish\
[27.547s]   Building Custom Rule C:/Users/Jorge/Documents/GitHub/ArtekmedRos2/ShellScripts/Customized_msgs/CMakeLists.txt
[27.718s]   Building Custom Rule C:/Users/Jorge/Documents/GitHub/ArtekmedRos2/ShellScripts/Customized_msgs/CMakeLists.txt
[27.843s] Invoked command in 'c:\Users\Jorge\Documents\GitHub\ArtekmedRos2\ShellScripts\Customized_msgs\build\node_manager' returned '0': CL=/MP CMAKE_PREFIX_PATH=%CMAKE_PREFIX_PATH%;c:\opt\ros2_dotnet_ws\install\sensor_msgs_py c:\opt\ros\foxy\x64\Scripts\cmake.EXE --build c:\Users\Jorge\Documents\GitHub\ArtekmedRos2\ShellScripts\Customized_msgs\build\node_manager --config Release
[28.031s] Invoking command in 'c:\Users\Jorge\Documents\GitHub\ArtekmedRos2\ShellScripts\Customized_msgs\build\node_manager': CMAKE_PREFIX_PATH=%CMAKE_PREFIX_PATH%;c:\opt\ros2_dotnet_ws\install\sensor_msgs_py c:\opt\ros\foxy\x64\Scripts\cmake.EXE --install c:\Users\Jorge\Documents\GitHub\ArtekmedRos2\ShellScripts\Customized_msgs\build\node_manager --config Release
[28.187s] -- Installing: C:/Users/Jorge/Documents/GitHub/ArtekmedRos2/ShellScripts/Customized_msgs/install/node_manager/lib/node_manager/dotnet
[28.234s] -- Installing: C:/Users/Jorge/Documents/GitHub/ArtekmedRos2/ShellScripts/Customized_msgs/install/node_manager/lib/node_manager/dotnet/api-ms-win-core-console-l1-1-0.dll
[28.250s] -- Installing: C:/Users/Jorge/Documents/GitHub/ArtekmedRos2/ShellScripts/Customized_msgs/install/node_manager/lib/node_manager/dotnet/api-ms-win-core-datetime-l1-1-0.dll
[28.265s] -- Installing: C:/Users/Jorge/Documents/GitHub/ArtekmedRos2/ShellScripts/Customized_msgs/install/node_manager/lib/node_manager/dotnet/api-ms-win-core-debug-l1-1-0.dll
[28.281s] -- Installing: C:/Users/Jorge/Documents/GitHub/ArtekmedRos2/ShellScripts/Customized_msgs/install/node_manager/lib/node_manager/dotnet/api-ms-win-core-errorhandling-l1-1-0.dll
[28.312s] -- Installing: C:/Users/Jorge/Documents/GitHub/ArtekmedRos2/ShellScripts/Customized_msgs/install/node_manager/lib/node_manager/dotnet/api-ms-win-core-file-l1-1-0.dll
[28.328s] -- Installing: C:/Users/Jorge/Documents/GitHub/ArtekmedRos2/ShellScripts/Customized_msgs/install/node_manager/lib/node_manager/dotnet/api-ms-win-core-file-l1-2-0.dll
[28.343s] -- Installing: C:/Users/Jorge/Documents/GitHub/ArtekmedRos2/ShellScripts/Customized_msgs/install/node_manager/lib/node_manager/dotnet/api-ms-win-core-file-l2-1-0.dll
[28.359s] -- Installing: C:/Users/Jorge/Documents/GitHub/ArtekmedRos2/ShellScripts/Customized_msgs/install/node_manager/lib/node_manager/dotnet/api-ms-win-core-handle-l1-1-0.dll
[28.390s] -- Installing: C:/Users/Jorge/Documents/GitHub/ArtekmedRos2/ShellScripts/Customized_msgs/install/node_manager/lib/node_manager/dotnet/api-ms-win-core-heap-l1-1-0.dll
[28.406s] -- Installing: C:/Users/Jorge/Documents/GitHub/ArtekmedRos2/ShellScripts/Customized_msgs/install/node_manager/lib/node_manager/dotnet/api-ms-win-core-interlocked-l1-1-0.dll
[28.422s] -- Installing: C:/Users/Jorge/Documents/GitHub/ArtekmedRos2/ShellScripts/Customized_msgs/install/node_manager/lib/node_manager/dotnet/api-ms-win-core-libraryloader-l1-1-0.dll
[28.453s] -- Installing: C:/Users/Jorge/Documents/GitHub/ArtekmedRos2/ShellScripts/Customized_msgs/install/node_manager/lib/node_manager/dotnet/api-ms-win-core-localization-l1-2-0.dll
[28.484s] -- Installing: C:/Users/Jorge/Documents/GitHub/ArtekmedRos2/ShellScripts/Customized_msgs/install/node_manager/lib/node_manager/dotnet/api-ms-win-core-memory-l1-1-0.dll
[28.500s] -- Installing: C:/Users/Jorge/Documents/GitHub/ArtekmedRos2/ShellScripts/Customized_msgs/install/node_manager/lib/node_manager/dotnet/api-ms-win-core-namedpipe-l1-1-0.dll
[28.515s] -- Installing: C:/Users/Jorge/Documents/GitHub/ArtekmedRos2/ShellScripts/Customized_msgs/install/node_manager/lib/node_manager/dotnet/api-ms-win-core-processenvironment-l1-1-0.dll
[28.547s] -- Installing: C:/Users/Jorge/Documents/GitHub/ArtekmedRos2/ShellScripts/Customized_msgs/install/node_manager/lib/node_manager/dotnet/api-ms-win-core-processthreads-l1-1-0.dll
[28.562s] -- Installing: C:/Users/Jorge/Documents/GitHub/ArtekmedRos2/ShellScripts/Customized_msgs/install/node_manager/lib/node_manager/dotnet/api-ms-win-core-processthreads-l1-1-1.dll
[28.578s] -- Installing: C:/Users/Jorge/Documents/GitHub/ArtekmedRos2/ShellScripts/Customized_msgs/install/node_manager/lib/node_manager/dotnet/api-ms-win-core-profile-l1-1-0.dll
[28.609s] -- Installing: C:/Users/Jorge/Documents/GitHub/ArtekmedRos2/ShellScripts/Customized_msgs/install/node_manager/lib/node_manager/dotnet/api-ms-win-core-rtlsupport-l1-1-0.dll
[28.625s] -- Installing: C:/Users/Jorge/Documents/GitHub/ArtekmedRos2/ShellScripts/Customized_msgs/install/node_manager/lib/node_manager/dotnet/api-ms-win-core-string-l1-1-0.dll
[28.656s] -- Installing: C:/Users/Jorge/Documents/GitHub/ArtekmedRos2/ShellScripts/Customized_msgs/install/node_manager/lib/node_manager/dotnet/api-ms-win-core-synch-l1-1-0.dll
[28.672s] -- Installing: C:/Users/Jorge/Documents/GitHub/ArtekmedRos2/ShellScripts/Customized_msgs/install/node_manager/lib/node_manager/dotnet/api-ms-win-core-synch-l1-2-0.dll
[28.687s] -- Installing: C:/Users/Jorge/Documents/GitHub/ArtekmedRos2/ShellScripts/Customized_msgs/install/node_manager/lib/node_manager/dotnet/api-ms-win-core-sysinfo-l1-1-0.dll
[28.703s] -- Installing: C:/Users/Jorge/Documents/GitHub/ArtekmedRos2/ShellScripts/Customized_msgs/install/node_manager/lib/node_manager/dotnet/api-ms-win-core-timezone-l1-1-0.dll
[28.718s] -- Installing: C:/Users/Jorge/Documents/GitHub/ArtekmedRos2/ShellScripts/Customized_msgs/install/node_manager/lib/node_manager/dotnet/api-ms-win-core-util-l1-1-0.dll
[28.734s] -- Installing: C:/Users/Jorge/Documents/GitHub/ArtekmedRos2/ShellScripts/Customized_msgs/install/node_manager/lib/node_manager/dotnet/api-ms-win-crt-conio-l1-1-0.dll
[28.765s] -- Installing: C:/Users/Jorge/Documents/GitHub/ArtekmedRos2/ShellScripts/Customized_msgs/install/node_manager/lib/node_manager/dotnet/api-ms-win-crt-convert-l1-1-0.dll
[28.781s] -- Installing: C:/Users/Jorge/Documents/GitHub/ArtekmedRos2/ShellScripts/Customized_msgs/install/node_manager/lib/node_manager/dotnet/api-ms-win-crt-environment-l1-1-0.dll
[28.797s] -- Installing: C:/Users/Jorge/Documents/GitHub/ArtekmedRos2/ShellScripts/Customized_msgs/install/node_manager/lib/node_manager/dotnet/api-ms-win-crt-filesystem-l1-1-0.dll
[28.812s] -- Installing: C:/Users/Jorge/Documents/GitHub/ArtekmedRos2/ShellScripts/Customized_msgs/install/node_manager/lib/node_manager/dotnet/api-ms-win-crt-heap-l1-1-0.dll
[28.828s] -- Installing: C:/Users/Jorge/Documents/GitHub/ArtekmedRos2/ShellScripts/Customized_msgs/install/node_manager/lib/node_manager/dotnet/api-ms-win-crt-locale-l1-1-0.dll
[28.843s] -- Installing: C:/Users/Jorge/Documents/GitHub/ArtekmedRos2/ShellScripts/Customized_msgs/install/node_manager/lib/node_manager/dotnet/api-ms-win-crt-math-l1-1-0.dll
[28.875s] -- Installing: C:/Users/Jorge/Documents/GitHub/ArtekmedRos2/ShellScripts/Customized_msgs/install/node_manager/lib/node_manager/dotnet/api-ms-win-crt-multibyte-l1-1-0.dll
[28.890s] -- Installing: C:/Users/Jorge/Documents/GitHub/ArtekmedRos2/ShellScripts/Customized_msgs/install/node_manager/lib/node_manager/dotnet/api-ms-win-crt-private-l1-1-0.dll
[28.922s] -- Installing: C:/Users/Jorge/Documents/GitHub/ArtekmedRos2/ShellScripts/Customized_msgs/install/node_manager/lib/node_manager/dotnet/api-ms-win-crt-process-l1-1-0.dll
[28.937s] -- Installing: C:/Users/Jorge/Documents/GitHub/ArtekmedRos2/ShellScripts/Customized_msgs/install/node_manager/lib/node_manager/dotnet/api-ms-win-crt-runtime-l1-1-0.dll
[28.953s] -- Installing: C:/Users/Jorge/Documents/GitHub/ArtekmedRos2/ShellScripts/Customized_msgs/install/node_manager/lib/node_manager/dotnet/api-ms-win-crt-stdio-l1-1-0.dll
[28.968s] -- Installing: C:/Users/Jorge/Documents/GitHub/ArtekmedRos2/ShellScripts/Customized_msgs/install/node_manager/lib/node_manager/dotnet/api-ms-win-crt-string-l1-1-0.dll
[28.984s] -- Installing: C:/Users/Jorge/Documents/GitHub/ArtekmedRos2/ShellScripts/Customized_msgs/install/node_manager/lib/node_manager/dotnet/api-ms-win-crt-time-l1-1-0.dll
[29.000s] -- Installing: C:/Users/Jorge/Documents/GitHub/ArtekmedRos2/ShellScripts/Customized_msgs/install/node_manager/lib/node_manager/dotnet/api-ms-win-crt-utility-l1-1-0.dll
[29.047s] -- Installing: C:/Users/Jorge/Documents/GitHub/ArtekmedRos2/ShellScripts/Customized_msgs/install/node_manager/lib/node_manager/dotnet/clrcompression.dll
[29.062s] -- Installing: C:/Users/Jorge/Documents/GitHub/ArtekmedRos2/ShellScripts/Customized_msgs/install/node_manager/lib/node_manager/dotnet/clretwrc.dll
[29.093s] -- Installing: C:/Users/Jorge/Documents/GitHub/ArtekmedRos2/ShellScripts/Customized_msgs/install/node_manager/lib/node_manager/dotnet/clrjit.dll
[29.203s] -- Installing: C:/Users/Jorge/Documents/GitHub/ArtekmedRos2/ShellScripts/Customized_msgs/install/node_manager/lib/node_manager/dotnet/coreclr.dll
[29.281s] -- Installing: C:/Users/Jorge/Documents/GitHub/ArtekmedRos2/ShellScripts/Customized_msgs/install/node_manager/lib/node_manager/dotnet/customized_msgs_assemblies.dll
[29.281s] -- Installing: C:/Users/Jorge/Documents/GitHub/ArtekmedRos2/ShellScripts/Customized_msgs/install/node_manager/lib/node_manager/dotnet/customized_msgs_assemblies.pdb
[29.312s] -- Installing: C:/Users/Jorge/Documents/GitHub/ArtekmedRos2/ShellScripts/Customized_msgs/install/node_manager/lib/node_manager/dotnet/dbgshim.dll
[29.359s] -- Installing: C:/Users/Jorge/Documents/GitHub/ArtekmedRos2/ShellScripts/Customized_msgs/install/node_manager/lib/node_manager/dotnet/hostfxr.dll
[29.406s] -- Installing: C:/Users/Jorge/Documents/GitHub/ArtekmedRos2/ShellScripts/Customized_msgs/install/node_manager/lib/node_manager/dotnet/hostpolicy.dll
[29.437s] -- Installing: C:/Users/Jorge/Documents/GitHub/ArtekmedRos2/ShellScripts/Customized_msgs/install/node_manager/lib/node_manager/dotnet/Microsoft.CSharp.dll
[29.500s] -- Installing: C:/Users/Jorge/Documents/GitHub/ArtekmedRos2/ShellScripts/Customized_msgs/install/node_manager/lib/node_manager/dotnet/Microsoft.DiaSymReader.Native.amd64.dll
[29.531s] -- Installing: C:/Users/Jorge/Documents/GitHub/ArtekmedRos2/ShellScripts/Customized_msgs/install/node_manager/lib/node_manager/dotnet/Microsoft.VisualBasic.dll
[29.547s] -- Installing: C:/Users/Jorge/Documents/GitHub/ArtekmedRos2/ShellScripts/Customized_msgs/install/node_manager/lib/node_manager/dotnet/Microsoft.Win32.Primitives.dll
[29.562s] -- Installing: C:/Users/Jorge/Documents/GitHub/ArtekmedRos2/ShellScripts/Customized_msgs/install/node_manager/lib/node_manager/dotnet/Microsoft.Win32.Registry.dll
[29.625s] -- Installing: C:/Users/Jorge/Documents/GitHub/ArtekmedRos2/ShellScripts/Customized_msgs/install/node_manager/lib/node_manager/dotnet/mscordaccore.dll
[29.672s] -- Installing: C:/Users/Jorge/Documents/GitHub/ArtekmedRos2/ShellScripts/Customized_msgs/install/node_manager/lib/node_manager/dotnet/mscordaccore_amd64_amd64_4.6.26614.01.dll
[29.718s] -- Installing: C:/Users/Jorge/Documents/GitHub/ArtekmedRos2/ShellScripts/Customized_msgs/install/node_manager/lib/node_manager/dotnet/mscordbi.dll
[29.765s] -- Installing: C:/Users/Jorge/Documents/GitHub/ArtekmedRos2/ShellScripts/Customized_msgs/install/node_manager/lib/node_manager/dotnet/mscorlib.dll
[29.781s] -- Installing: C:/Users/Jorge/Documents/GitHub/ArtekmedRos2/ShellScripts/Customized_msgs/install/node_manager/lib/node_manager/dotnet/mscorrc.debug.dll
[29.797s] -- Installing: C:/Users/Jorge/Documents/GitHub/ArtekmedRos2/ShellScripts/Customized_msgs/install/node_manager/lib/node_manager/dotnet/mscorrc.dll
[29.812s] -- Installing: C:/Users/Jorge/Documents/GitHub/ArtekmedRos2/ShellScripts/Customized_msgs/install/node_manager/lib/node_manager/dotnet/netstandard.dll
[29.828s] -- Installing: C:/Users/Jorge/Documents/GitHub/ArtekmedRos2/ShellScripts/Customized_msgs/install/node_manager/lib/node_manager/dotnet/node_manager.deps.json
[29.859s] -- Installing: C:/Users/Jorge/Documents/GitHub/ArtekmedRos2/ShellScripts/Customized_msgs/install/node_manager/lib/node_manager/dotnet/node_manager.dll
[29.906s] -- Installing: C:/Users/Jorge/Documents/GitHub/ArtekmedRos2/ShellScripts/Customized_msgs/install/node_manager/lib/node_manager/dotnet/node_manager.exe
[29.922s] -- Installing: C:/Users/Jorge/Documents/GitHub/ArtekmedRos2/ShellScripts/Customized_msgs/install/node_manager/lib/node_manager/dotnet/node_manager.pdb
[29.922s] -- Installing: C:/Users/Jorge/Documents/GitHub/ArtekmedRos2/ShellScripts/Customized_msgs/install/node_manager/lib/node_manager/dotnet/node_manager.runtimeconfig.json
[29.968s] -- Installing: C:/Users/Jorge/Documents/GitHub/ArtekmedRos2/ShellScripts/Customized_msgs/install/node_manager/lib/node_manager/dotnet/rcldotnet_assemblies.dll
[29.984s] -- Installing: C:/Users/Jorge/Documents/GitHub/ArtekmedRos2/ShellScripts/Customized_msgs/install/node_manager/lib/node_manager/dotnet/rcldotnet_assemblies.pdb
[30.015s] -- Installing: C:/Users/Jorge/Documents/GitHub/ArtekmedRos2/ShellScripts/Customized_msgs/install/node_manager/lib/node_manager/dotnet/rcldotnet_common.dll
[30.015s] -- Installing: C:/Users/Jorge/Documents/GitHub/ArtekmedRos2/ShellScripts/Customized_msgs/install/node_manager/lib/node_manager/dotnet/rcldotnet_common.pdb
[30.062s] -- Installing: C:/Users/Jorge/Documents/GitHub/ArtekmedRos2/ShellScripts/Customized_msgs/install/node_manager/lib/node_manager/dotnet/sos.dll
[30.078s] -- Installing: C:/Users/Jorge/Documents/GitHub/ArtekmedRos2/ShellScripts/Customized_msgs/install/node_manager/lib/node_manager/dotnet/SOS.NETCore.dll
[30.109s] -- Installing: C:/Users/Jorge/Documents/GitHub/ArtekmedRos2/ShellScripts/Customized_msgs/install/node_manager/lib/node_manager/dotnet/sos_amd64_amd64_4.6.26614.01.dll
[30.125s] -- Installing: C:/Users/Jorge/Documents/GitHub/ArtekmedRos2/ShellScripts/Customized_msgs/install/node_manager/lib/node_manager/dotnet/System.AppContext.dll
[30.140s] -- Installing: C:/Users/Jorge/Documents/GitHub/ArtekmedRos2/ShellScripts/Customized_msgs/install/node_manager/lib/node_manager/dotnet/System.Buffers.dll
[30.172s] -- Installing: C:/Users/Jorge/Documents/GitHub/ArtekmedRos2/ShellScripts/Customized_msgs/install/node_manager/lib/node_manager/dotnet/System.Collections.Concurrent.dll
[30.203s] -- Installing: C:/Users/Jorge/Documents/GitHub/ArtekmedRos2/ShellScripts/Customized_msgs/install/node_manager/lib/node_manager/dotnet/System.Collections.dll
[30.250s] -- Installing: C:/Users/Jorge/Documents/GitHub/ArtekmedRos2/ShellScripts/Customized_msgs/install/node_manager/lib/node_manager/dotnet/System.Collections.Immutable.dll
[30.281s] -- Installing: C:/Users/Jorge/Documents/GitHub/ArtekmedRos2/ShellScripts/Customized_msgs/install/node_manager/lib/node_manager/dotnet/System.Collections.NonGeneric.dll
[30.297s] -- Installing: C:/Users/Jorge/Documents/GitHub/ArtekmedRos2/ShellScripts/Customized_msgs/install/node_manager/lib/node_manager/dotnet/System.Collections.Specialized.dll
[30.312s] -- Installing: C:/Users/Jorge/Documents/GitHub/ArtekmedRos2/ShellScripts/Customized_msgs/install/node_manager/lib/node_manager/dotnet/System.ComponentModel.Annotations.dll
[30.328s] -- Installing: C:/Users/Jorge/Documents/GitHub/ArtekmedRos2/ShellScripts/Customized_msgs/install/node_manager/lib/node_manager/dotnet/System.ComponentModel.Composition.dll
[30.343s] -- Installing: C:/Users/Jorge/Documents/GitHub/ArtekmedRos2/ShellScripts/Customized_msgs/install/node_manager/lib/node_manager/dotnet/System.ComponentModel.DataAnnotations.dll
[30.375s] -- Installing: C:/Users/Jorge/Documents/GitHub/ArtekmedRos2/ShellScripts/Customized_msgs/install/node_manager/lib/node_manager/dotnet/System.ComponentModel.dll
[30.390s] -- Installing: C:/Users/Jorge/Documents/GitHub/ArtekmedRos2/ShellScripts/Customized_msgs/install/node_manager/lib/node_manager/dotnet/System.ComponentModel.EventBasedAsync.dll
[30.406s] -- Installing: C:/Users/Jorge/Documents/GitHub/ArtekmedRos2/ShellScripts/Customized_msgs/install/node_manager/lib/node_manager/dotnet/System.ComponentModel.Primitives.dll
[30.453s] -- Installing: C:/Users/Jorge/Documents/GitHub/ArtekmedRos2/ShellScripts/Customized_msgs/install/node_manager/lib/node_manager/dotnet/System.ComponentModel.TypeConverter.dll
[30.468s] -- Installing: C:/Users/Jorge/Documents/GitHub/ArtekmedRos2/ShellScripts/Customized_msgs/install/node_manager/lib/node_manager/dotnet/System.Configuration.dll
[30.484s] -- Installing: C:/Users/Jorge/Documents/GitHub/ArtekmedRos2/ShellScripts/Customized_msgs/install/node_manager/lib/node_manager/dotnet/System.Console.dll
[30.515s] -- Installing: C:/Users/Jorge/Documents/GitHub/ArtekmedRos2/ShellScripts/Customized_msgs/install/node_manager/lib/node_manager/dotnet/System.Core.dll
[30.578s] -- Installing: C:/Users/Jorge/Documents/GitHub/ArtekmedRos2/ShellScripts/Customized_msgs/install/node_manager/lib/node_manager/dotnet/System.Data.Common.dll
[30.609s] -- Installing: C:/Users/Jorge/Documents/GitHub/ArtekmedRos2/ShellScripts/Customized_msgs/install/node_manager/lib/node_manager/dotnet/System.Data.dll
[30.625s] -- Installing: C:/Users/Jorge/Documents/GitHub/ArtekmedRos2/ShellScripts/Customized_msgs/install/node_manager/lib/node_manager/dotnet/System.Diagnostics.Contracts.dll
[30.656s] -- Installing: C:/Users/Jorge/Documents/GitHub/ArtekmedRos2/ShellScripts/Customized_msgs/install/node_manager/lib/node_manager/dotnet/System.Diagnostics.Debug.dll
[30.687s] -- Installing: C:/Users/Jorge/Documents/GitHub/ArtekmedRos2/ShellScripts/Customized_msgs/install/node_manager/lib/node_manager/dotnet/System.Diagnostics.DiagnosticSource.dll
[30.703s] -- Installing: C:/Users/Jorge/Documents/GitHub/ArtekmedRos2/ShellScripts/Customized_msgs/install/node_manager/lib/node_manager/dotnet/System.Diagnostics.FileVersionInfo.dll
[30.718s] -- Installing: C:/Users/Jorge/Documents/GitHub/ArtekmedRos2/ShellScripts/Customized_msgs/install/node_manager/lib/node_manager/dotnet/System.Diagnostics.Process.dll
[30.750s] -- Installing: C:/Users/Jorge/Documents/GitHub/ArtekmedRos2/ShellScripts/Customized_msgs/install/node_manager/lib/node_manager/dotnet/System.Diagnostics.StackTrace.dll
[30.765s] -- Installing: C:/Users/Jorge/Documents/GitHub/ArtekmedRos2/ShellScripts/Customized_msgs/install/node_manager/lib/node_manager/dotnet/System.Diagnostics.TextWriterTraceListener.dll
[30.781s] -- Installing: C:/Users/Jorge/Documents/GitHub/ArtekmedRos2/ShellScripts/Customized_msgs/install/node_manager/lib/node_manager/dotnet/System.Diagnostics.Tools.dll
[30.812s] -- Installing: C:/Users/Jorge/Documents/GitHub/ArtekmedRos2/ShellScripts/Customized_msgs/install/node_manager/lib/node_manager/dotnet/System.Diagnostics.TraceSource.dll
[30.828s] -- Installing: C:/Users/Jorge/Documents/GitHub/ArtekmedRos2/ShellScripts/Customized_msgs/install/node_manager/lib/node_manager/dotnet/System.Diagnostics.Tracing.dll
[30.843s] -- Installing: C:/Users/Jorge/Documents/GitHub/ArtekmedRos2/ShellScripts/Customized_msgs/install/node_manager/lib/node_manager/dotnet/System.dll
[30.859s] -- Installing: C:/Users/Jorge/Documents/GitHub/ArtekmedRos2/ShellScripts/Customized_msgs/install/node_manager/lib/node_manager/dotnet/System.Drawing.dll
[30.890s] -- Installing: C:/Users/Jorge/Documents/GitHub/ArtekmedRos2/ShellScripts/Customized_msgs/install/node_manager/lib/node_manager/dotnet/System.Drawing.Primitives.dll
[30.906s] -- Installing: C:/Users/Jorge/Documents/GitHub/ArtekmedRos2/ShellScripts/Customized_msgs/install/node_manager/lib/node_manager/dotnet/System.Dynamic.Runtime.dll
[30.922s] -- Installing: C:/Users/Jorge/Documents/GitHub/ArtekmedRos2/ShellScripts/Customized_msgs/install/node_manager/lib/node_manager/dotnet/System.Globalization.Calendars.dll
[30.953s] -- Installing: C:/Users/Jorge/Documents/GitHub/ArtekmedRos2/ShellScripts/Customized_msgs/install/node_manager/lib/node_manager/dotnet/System.Globalization.dll
[30.968s] -- Installing: C:/Users/Jorge/Documents/GitHub/ArtekmedRos2/ShellScripts/Customized_msgs/install/node_manager/lib/node_manager/dotnet/System.Globalization.Extensions.dll
[30.984s] -- Installing: C:/Users/Jorge/Documents/GitHub/ArtekmedRos2/ShellScripts/Customized_msgs/install/node_manager/lib/node_manager/dotnet/System.IO.Compression.dll
[31.000s] -- Installing: C:/Users/Jorge/Documents/GitHub/ArtekmedRos2/ShellScripts/Customized_msgs/install/node_manager/lib/node_manager/dotnet/System.IO.Compression.FileSystem.dll
[31.031s] -- Installing: C:/Users/Jorge/Documents/GitHub/ArtekmedRos2/ShellScripts/Customized_msgs/install/node_manager/lib/node_manager/dotnet/System.IO.Compression.ZipFile.dll
[31.047s] -- Installing: C:/Users/Jorge/Documents/GitHub/ArtekmedRos2/ShellScripts/Customized_msgs/install/node_manager/lib/node_manager/dotnet/System.IO.dll
[31.078s] -- Installing: C:/Users/Jorge/Documents/GitHub/ArtekmedRos2/ShellScripts/Customized_msgs/install/node_manager/lib/node_manager/dotnet/System.IO.FileSystem.AccessControl.dll
[31.093s] -- Installing: C:/Users/Jorge/Documents/GitHub/ArtekmedRos2/ShellScripts/Customized_msgs/install/node_manager/lib/node_manager/dotnet/System.IO.FileSystem.dll
[31.125s] -- Installing: C:/Users/Jorge/Documents/GitHub/ArtekmedRos2/ShellScripts/Customized_msgs/install/node_manager/lib/node_manager/dotnet/System.IO.FileSystem.DriveInfo.dll
[31.140s] -- Installing: C:/Users/Jorge/Documents/GitHub/ArtekmedRos2/ShellScripts/Customized_msgs/install/node_manager/lib/node_manager/dotnet/System.IO.FileSystem.Primitives.dll
[31.172s] -- Installing: C:/Users/Jorge/Documents/GitHub/ArtekmedRos2/ShellScripts/Customized_msgs/install/node_manager/lib/node_manager/dotnet/System.IO.FileSystem.Watcher.dll
[31.187s] -- Installing: C:/Users/Jorge/Documents/GitHub/ArtekmedRos2/ShellScripts/Customized_msgs/install/node_manager/lib/node_manager/dotnet/System.IO.IsolatedStorage.dll
[31.218s] -- Installing: C:/Users/Jorge/Documents/GitHub/ArtekmedRos2/ShellScripts/Customized_msgs/install/node_manager/lib/node_manager/dotnet/System.IO.MemoryMappedFiles.dll
[31.234s] -- Installing: C:/Users/Jorge/Documents/GitHub/ArtekmedRos2/ShellScripts/Customized_msgs/install/node_manager/lib/node_manager/dotnet/System.IO.Pipes.dll
[31.265s] -- Installing: C:/Users/Jorge/Documents/GitHub/ArtekmedRos2/ShellScripts/Customized_msgs/install/node_manager/lib/node_manager/dotnet/System.IO.UnmanagedMemoryStream.dll
[31.281s] -- Installing: C:/Users/Jorge/Documents/GitHub/ArtekmedRos2/ShellScripts/Customized_msgs/install/node_manager/lib/node_manager/dotnet/System.Linq.dll
[31.328s] -- Installing: C:/Users/Jorge/Documents/GitHub/ArtekmedRos2/ShellScripts/Customized_msgs/install/node_manager/lib/node_manager/dotnet/System.Linq.Expressions.dll
[31.375s] -- Installing: C:/Users/Jorge/Documents/GitHub/ArtekmedRos2/ShellScripts/Customized_msgs/install/node_manager/lib/node_manager/dotnet/System.Linq.Parallel.dll
[31.406s] -- Installing: C:/Users/Jorge/Documents/GitHub/ArtekmedRos2/ShellScripts/Customized_msgs/install/node_manager/lib/node_manager/dotnet/System.Linq.Queryable.dll
[31.422s] -- Installing: C:/Users/Jorge/Documents/GitHub/ArtekmedRos2/ShellScripts/Customized_msgs/install/node_manager/lib/node_manager/dotnet/System.Net.dll
[31.453s] -- Installing: C:/Users/Jorge/Documents/GitHub/ArtekmedRos2/ShellScripts/Customized_msgs/install/node_manager/lib/node_manager/dotnet/System.Net.Http.dll
[31.484s] -- Installing: C:/Users/Jorge/Documents/GitHub/ArtekmedRos2/ShellScripts/Customized_msgs/install/node_manager/lib/node_manager/dotnet/System.Net.HttpListener.dll
[31.515s] -- Installing: C:/Users/Jorge/Documents/GitHub/ArtekmedRos2/ShellScripts/Customized_msgs/install/node_manager/lib/node_manager/dotnet/System.Net.Mail.dll
[31.547s] -- Installing: C:/Users/Jorge/Documents/GitHub/ArtekmedRos2/ShellScripts/Customized_msgs/install/node_manager/lib/node_manager/dotnet/System.Net.NameResolution.dll
[31.562s] -- Installing: C:/Users/Jorge/Documents/GitHub/ArtekmedRos2/ShellScripts/Customized_msgs/install/node_manager/lib/node_manager/dotnet/System.Net.NetworkInformation.dll
[31.593s] -- Installing: C:/Users/Jorge/Documents/GitHub/ArtekmedRos2/ShellScripts/Customized_msgs/install/node_manager/lib/node_manager/dotnet/System.Net.Ping.dll
[31.609s] -- Installing: C:/Users/Jorge/Documents/GitHub/ArtekmedRos2/ShellScripts/Customized_msgs/install/node_manager/lib/node_manager/dotnet/System.Net.Primitives.dll
[31.640s] -- Installing: C:/Users/Jorge/Documents/GitHub/ArtekmedRos2/ShellScripts/Customized_msgs/install/node_manager/lib/node_manager/dotnet/System.Net.Requests.dll
[31.656s] -- Installing: C:/Users/Jorge/Documents/GitHub/ArtekmedRos2/ShellScripts/Customized_msgs/install/node_manager/lib/node_manager/dotnet/System.Net.Security.dll
[31.687s] -- Installing: C:/Users/Jorge/Documents/GitHub/ArtekmedRos2/ShellScripts/Customized_msgs/install/node_manager/lib/node_manager/dotnet/System.Net.ServicePoint.dll
[31.718s] -- Installing: C:/Users/Jorge/Documents/GitHub/ArtekmedRos2/ShellScripts/Customized_msgs/install/node_manager/lib/node_manager/dotnet/System.Net.Sockets.dll
[31.750s] -- Installing: C:/Users/Jorge/Documents/GitHub/ArtekmedRos2/ShellScripts/Customized_msgs/install/node_manager/lib/node_manager/dotnet/System.Net.WebClient.dll
[31.765s] -- Installing: C:/Users/Jorge/Documents/GitHub/ArtekmedRos2/ShellScripts/Customized_msgs/install/node_manager/lib/node_manager/dotnet/System.Net.WebHeaderCollection.dll
[31.797s] -- Installing: C:/Users/Jorge/Documents/GitHub/ArtekmedRos2/ShellScripts/Customized_msgs/install/node_manager/lib/node_manager/dotnet/System.Net.WebProxy.dll
[31.812s] -- Installing: C:/Users/Jorge/Documents/GitHub/ArtekmedRos2/ShellScripts/Customized_msgs/install/node_manager/lib/node_manager/dotnet/System.Net.WebSockets.Client.dll
[31.843s] -- Installing: C:/Users/Jorge/Documents/GitHub/ArtekmedRos2/ShellScripts/Customized_msgs/install/node_manager/lib/node_manager/dotnet/System.Net.WebSockets.dll
[31.859s] -- Installing: C:/Users/Jorge/Documents/GitHub/ArtekmedRos2/ShellScripts/Customized_msgs/install/node_manager/lib/node_manager/dotnet/System.Numerics.dll
[31.875s] -- Installing: C:/Users/Jorge/Documents/GitHub/ArtekmedRos2/ShellScripts/Customized_msgs/install/node_manager/lib/node_manager/dotnet/System.Numerics.Vectors.dll
[31.890s] -- Installing: C:/Users/Jorge/Documents/GitHub/ArtekmedRos2/ShellScripts/Customized_msgs/install/node_manager/lib/node_manager/dotnet/System.ObjectModel.dll
[32.062s] -- Installing: C:/Users/Jorge/Documents/GitHub/ArtekmedRos2/ShellScripts/Customized_msgs/install/node_manager/lib/node_manager/dotnet/System.Private.CoreLib.dll
[32.125s] -- Installing: C:/Users/Jorge/Documents/GitHub/ArtekmedRos2/ShellScripts/Customized_msgs/install/node_manager/lib/node_manager/dotnet/System.Private.DataContractSerialization.dll
[32.156s] -- Installing: C:/Users/Jorge/Documents/GitHub/ArtekmedRos2/ShellScripts/Customized_msgs/install/node_manager/lib/node_manager/dotnet/System.Private.Uri.dll
[32.297s] -- Installing: C:/Users/Jorge/Documents/GitHub/ArtekmedRos2/ShellScripts/Customized_msgs/install/node_manager/lib/node_manager/dotnet/System.Private.Xml.dll
[32.328s] -- Installing: C:/Users/Jorge/Documents/GitHub/ArtekmedRos2/ShellScripts/Customized_msgs/install/node_manager/lib/node_manager/dotnet/System.Private.Xml.Linq.dll
[32.359s] -- Installing: C:/Users/Jorge/Documents/GitHub/ArtekmedRos2/ShellScripts/Customized_msgs/install/node_manager/lib/node_manager/dotnet/System.Reflection.DispatchProxy.dll
[32.375s] -- Installing: C:/Users/Jorge/Documents/GitHub/ArtekmedRos2/ShellScripts/Customized_msgs/install/node_manager/lib/node_manager/dotnet/System.Reflection.dll
[32.390s] -- Installing: C:/Users/Jorge/Documents/GitHub/ArtekmedRos2/ShellScripts/Customized_msgs/install/node_manager/lib/node_manager/dotnet/System.Reflection.Emit.dll
[32.406s] -- Installing: C:/Users/Jorge/Documents/GitHub/ArtekmedRos2/ShellScripts/Customized_msgs/install/node_manager/lib/node_manager/dotnet/System.Reflection.Emit.ILGeneration.dll
[32.422s] -- Installing: C:/Users/Jorge/Documents/GitHub/ArtekmedRos2/ShellScripts/Customized_msgs/install/node_manager/lib/node_manager/dotnet/System.Reflection.Emit.Lightweight.dll
[32.437s] -- Installing: C:/Users/Jorge/Documents/GitHub/ArtekmedRos2/ShellScripts/Customized_msgs/install/node_manager/lib/node_manager/dotnet/System.Reflection.Extensions.dll
[32.468s] -- Installing: C:/Users/Jorge/Documents/GitHub/ArtekmedRos2/ShellScripts/Customized_msgs/install/node_manager/lib/node_manager/dotnet/System.Reflection.Metadata.dll
[32.484s] -- Installing: C:/Users/Jorge/Documents/GitHub/ArtekmedRos2/ShellScripts/Customized_msgs/install/node_manager/lib/node_manager/dotnet/System.Reflection.Primitives.dll
[32.500s] -- Installing: C:/Users/Jorge/Documents/GitHub/ArtekmedRos2/ShellScripts/Customized_msgs/install/node_manager/lib/node_manager/dotnet/System.Reflection.TypeExtensions.dll
[32.515s] -- Installing: C:/Users/Jorge/Documents/GitHub/ArtekmedRos2/ShellScripts/Customized_msgs/install/node_manager/lib/node_manager/dotnet/System.Resources.Reader.dll
[32.531s] -- Installing: C:/Users/Jorge/Documents/GitHub/ArtekmedRos2/ShellScripts/Customized_msgs/install/node_manager/lib/node_manager/dotnet/System.Resources.ResourceManager.dll
[32.547s] -- Installing: C:/Users/Jorge/Documents/GitHub/ArtekmedRos2/ShellScripts/Customized_msgs/install/node_manager/lib/node_manager/dotnet/System.Resources.Writer.dll
[32.562s] -- Installing: C:/Users/Jorge/Documents/GitHub/ArtekmedRos2/ShellScripts/Customized_msgs/install/node_manager/lib/node_manager/dotnet/System.Runtime.CompilerServices.VisualC.dll
[32.578s] -- Installing: C:/Users/Jorge/Documents/GitHub/ArtekmedRos2/ShellScripts/Customized_msgs/install/node_manager/lib/node_manager/dotnet/System.Runtime.dll
[32.609s] -- Installing: C:/Users/Jorge/Documents/GitHub/ArtekmedRos2/ShellScripts/Customized_msgs/install/node_manager/lib/node_manager/dotnet/System.Runtime.Extensions.dll
[32.640s] -- Installing: C:/Users/Jorge/Documents/GitHub/ArtekmedRos2/ShellScripts/Customized_msgs/install/node_manager/lib/node_manager/dotnet/System.Runtime.Handles.dll
[32.656s] -- Installing: C:/Users/Jorge/Documents/GitHub/ArtekmedRos2/ShellScripts/Customized_msgs/install/node_manager/lib/node_manager/dotnet/System.Runtime.InteropServices.dll
[32.672s] -- Installing: C:/Users/Jorge/Documents/GitHub/ArtekmedRos2/ShellScripts/Customized_msgs/install/node_manager/lib/node_manager/dotnet/System.Runtime.InteropServices.RuntimeInformation.dll
[32.687s] -- Installing: C:/Users/Jorge/Documents/GitHub/ArtekmedRos2/ShellScripts/Customized_msgs/install/node_manager/lib/node_manager/dotnet/System.Runtime.InteropServices.WindowsRuntime.dll
[32.703s] -- Installing: C:/Users/Jorge/Documents/GitHub/ArtekmedRos2/ShellScripts/Customized_msgs/install/node_manager/lib/node_manager/dotnet/System.Runtime.Loader.dll
[32.734s] -- Installing: C:/Users/Jorge/Documents/GitHub/ArtekmedRos2/ShellScripts/Customized_msgs/install/node_manager/lib/node_manager/dotnet/System.Runtime.Numerics.dll
[32.750s] -- Installing: C:/Users/Jorge/Documents/GitHub/ArtekmedRos2/ShellScripts/Customized_msgs/install/node_manager/lib/node_manager/dotnet/System.Runtime.Serialization.dll
[32.781s] -- Installing: C:/Users/Jorge/Documents/GitHub/ArtekmedRos2/ShellScripts/Customized_msgs/install/node_manager/lib/node_manager/dotnet/System.Runtime.Serialization.Formatters.dll
[32.797s] -- Installing: C:/Users/Jorge/Documents/GitHub/ArtekmedRos2/ShellScripts/Customized_msgs/install/node_manager/lib/node_manager/dotnet/System.Runtime.Serialization.Json.dll
[32.812s] -- Installing: C:/Users/Jorge/Documents/GitHub/ArtekmedRos2/ShellScripts/Customized_msgs/install/node_manager/lib/node_manager/dotnet/System.Runtime.Serialization.Primitives.dll
[32.828s] -- Installing: C:/Users/Jorge/Documents/GitHub/ArtekmedRos2/ShellScripts/Customized_msgs/install/node_manager/lib/node_manager/dotnet/System.Runtime.Serialization.Xml.dll
[32.843s] -- Installing: C:/Users/Jorge/Documents/GitHub/ArtekmedRos2/ShellScripts/Customized_msgs/install/node_manager/lib/node_manager/dotnet/System.Security.AccessControl.dll
[32.875s] -- Installing: C:/Users/Jorge/Documents/GitHub/ArtekmedRos2/ShellScripts/Customized_msgs/install/node_manager/lib/node_manager/dotnet/System.Security.Claims.dll
[32.890s] -- Installing: C:/Users/Jorge/Documents/GitHub/ArtekmedRos2/ShellScripts/Customized_msgs/install/node_manager/lib/node_manager/dotnet/System.Security.Cryptography.Algorithms.dll
[32.906s] -- Installing: C:/Users/Jorge/Documents/GitHub/ArtekmedRos2/ShellScripts/Customized_msgs/install/node_manager/lib/node_manager/dotnet/System.Security.Cryptography.Cng.dll
[32.937s] -- Installing: C:/Users/Jorge/Documents/GitHub/ArtekmedRos2/ShellScripts/Customized_msgs/install/node_manager/lib/node_manager/dotnet/System.Security.Cryptography.Csp.dll
[32.953s] -- Installing: C:/Users/Jorge/Documents/GitHub/ArtekmedRos2/ShellScripts/Customized_msgs/install/node_manager/lib/node_manager/dotnet/System.Security.Cryptography.Encoding.dll
[32.968s] -- Installing: C:/Users/Jorge/Documents/GitHub/ArtekmedRos2/ShellScripts/Customized_msgs/install/node_manager/lib/node_manager/dotnet/System.Security.Cryptography.OpenSsl.dll
[33.000s] -- Installing: C:/Users/Jorge/Documents/GitHub/ArtekmedRos2/ShellScripts/Customized_msgs/install/node_manager/lib/node_manager/dotnet/System.Security.Cryptography.Primitives.dll
[33.015s] -- Installing: C:/Users/Jorge/Documents/GitHub/ArtekmedRos2/ShellScripts/Customized_msgs/install/node_manager/lib/node_manager/dotnet/System.Security.Cryptography.X509Certificates.dll
[33.031s] -- Installing: C:/Users/Jorge/Documents/GitHub/ArtekmedRos2/ShellScripts/Customized_msgs/install/node_manager/lib/node_manager/dotnet/System.Security.dll
[33.047s] -- Installing: C:/Users/Jorge/Documents/GitHub/ArtekmedRos2/ShellScripts/Customized_msgs/install/node_manager/lib/node_manager/dotnet/System.Security.Principal.dll
[33.062s] -- Installing: C:/Users/Jorge/Documents/GitHub/ArtekmedRos2/ShellScripts/Customized_msgs/install/node_manager/lib/node_manager/dotnet/System.Security.Principal.Windows.dll
[33.078s] -- Installing: C:/Users/Jorge/Documents/GitHub/ArtekmedRos2/ShellScripts/Customized_msgs/install/node_manager/lib/node_manager/dotnet/System.Security.SecureString.dll
[33.078s] -- Installing: C:/Users/Jorge/Documents/GitHub/ArtekmedRos2/ShellScripts/Customized_msgs/install/node_manager/lib/node_manager/dotnet/System.ServiceModel.Web.dll
[33.093s] -- Installing: C:/Users/Jorge/Documents/GitHub/ArtekmedRos2/ShellScripts/Customized_msgs/install/node_manager/lib/node_manager/dotnet/System.ServiceProcess.dll
[33.109s] -- Installing: C:/Users/Jorge/Documents/GitHub/ArtekmedRos2/ShellScripts/Customized_msgs/install/node_manager/lib/node_manager/dotnet/System.Text.Encoding.dll
[33.125s] -- Installing: C:/Users/Jorge/Documents/GitHub/ArtekmedRos2/ShellScripts/Customized_msgs/install/node_manager/lib/node_manager/dotnet/System.Text.Encoding.Extensions.dll
[33.140s] -- Installing: C:/Users/Jorge/Documents/GitHub/ArtekmedRos2/ShellScripts/Customized_msgs/install/node_manager/lib/node_manager/dotnet/System.Text.RegularExpressions.dll
[33.172s] -- Installing: C:/Users/Jorge/Documents/GitHub/ArtekmedRos2/ShellScripts/Customized_msgs/install/node_manager/lib/node_manager/dotnet/System.Threading.dll
[33.187s] -- Installing: C:/Users/Jorge/Documents/GitHub/ArtekmedRos2/ShellScripts/Customized_msgs/install/node_manager/lib/node_manager/dotnet/System.Threading.Overlapped.dll
[33.203s] -- Installing: C:/Users/Jorge/Documents/GitHub/ArtekmedRos2/ShellScripts/Customized_msgs/install/node_manager/lib/node_manager/dotnet/System.Threading.Tasks.Dataflow.dll
[33.218s] -- Installing: C:/Users/Jorge/Documents/GitHub/ArtekmedRos2/ShellScripts/Customized_msgs/install/node_manager/lib/node_manager/dotnet/System.Threading.Tasks.dll
[33.234s] -- Installing: C:/Users/Jorge/Documents/GitHub/ArtekmedRos2/ShellScripts/Customized_msgs/install/node_manager/lib/node_manager/dotnet/System.Threading.Tasks.Extensions.dll
[33.250s] -- Installing: C:/Users/Jorge/Documents/GitHub/ArtekmedRos2/ShellScripts/Customized_msgs/install/node_manager/lib/node_manager/dotnet/System.Threading.Tasks.Parallel.dll
[33.265s] -- Installing: C:/Users/Jorge/Documents/GitHub/ArtekmedRos2/ShellScripts/Customized_msgs/install/node_manager/lib/node_manager/dotnet/System.Threading.Thread.dll
[33.281s] -- Installing: C:/Users/Jorge/Documents/GitHub/ArtekmedRos2/ShellScripts/Customized_msgs/install/node_manager/lib/node_manager/dotnet/System.Threading.ThreadPool.dll
[33.297s] -- Installing: C:/Users/Jorge/Documents/GitHub/ArtekmedRos2/ShellScripts/Customized_msgs/install/node_manager/lib/node_manager/dotnet/System.Threading.Timer.dll
[33.312s] -- Installing: C:/Users/Jorge/Documents/GitHub/ArtekmedRos2/ShellScripts/Customized_msgs/install/node_manager/lib/node_manager/dotnet/System.Transactions.dll
[33.328s] -- Installing: C:/Users/Jorge/Documents/GitHub/ArtekmedRos2/ShellScripts/Customized_msgs/install/node_manager/lib/node_manager/dotnet/System.Transactions.Local.dll
[33.343s] -- Installing: C:/Users/Jorge/Documents/GitHub/ArtekmedRos2/ShellScripts/Customized_msgs/install/node_manager/lib/node_manager/dotnet/System.ValueTuple.dll
[33.359s] -- Installing: C:/Users/Jorge/Documents/GitHub/ArtekmedRos2/ShellScripts/Customized_msgs/install/node_manager/lib/node_manager/dotnet/System.Web.dll
[33.375s] -- Installing: C:/Users/Jorge/Documents/GitHub/ArtekmedRos2/ShellScripts/Customized_msgs/install/node_manager/lib/node_manager/dotnet/System.Web.HttpUtility.dll
[33.390s] -- Installing: C:/Users/Jorge/Documents/GitHub/ArtekmedRos2/ShellScripts/Customized_msgs/install/node_manager/lib/node_manager/dotnet/System.Windows.dll
[33.390s] -- Installing: C:/Users/Jorge/Documents/GitHub/ArtekmedRos2/ShellScripts/Customized_msgs/install/node_manager/lib/node_manager/dotnet/System.Xml.dll
[33.406s] -- Installing: C:/Users/Jorge/Documents/GitHub/ArtekmedRos2/ShellScripts/Customized_msgs/install/node_manager/lib/node_manager/dotnet/System.Xml.Linq.dll
[33.422s] -- Installing: C:/Users/Jorge/Documents/GitHub/ArtekmedRos2/ShellScripts/Customized_msgs/install/node_manager/lib/node_manager/dotnet/System.Xml.ReaderWriter.dll
[33.437s] -- Installing: C:/Users/Jorge/Documents/GitHub/ArtekmedRos2/ShellScripts/Customized_msgs/install/node_manager/lib/node_manager/dotnet/System.Xml.Serialization.dll
[33.453s] -- Installing: C:/Users/Jorge/Documents/GitHub/ArtekmedRos2/ShellScripts/Customized_msgs/install/node_manager/lib/node_manager/dotnet/System.Xml.XDocument.dll
[33.468s] -- Installing: C:/Users/Jorge/Documents/GitHub/ArtekmedRos2/ShellScripts/Customized_msgs/install/node_manager/lib/node_manager/dotnet/System.Xml.XmlDocument.dll
[33.484s] -- Installing: C:/Users/Jorge/Documents/GitHub/ArtekmedRos2/ShellScripts/Customized_msgs/install/node_manager/lib/node_manager/dotnet/System.Xml.XmlSerializer.dll
[33.484s] -- Installing: C:/Users/Jorge/Documents/GitHub/ArtekmedRos2/ShellScripts/Customized_msgs/install/node_manager/lib/node_manager/dotnet/System.Xml.XPath.dll
[33.500s] -- Installing: C:/Users/Jorge/Documents/GitHub/ArtekmedRos2/ShellScripts/Customized_msgs/install/node_manager/lib/node_manager/dotnet/System.Xml.XPath.XDocument.dll
[33.562s] -- Installing: C:/Users/Jorge/Documents/GitHub/ArtekmedRos2/ShellScripts/Customized_msgs/install/node_manager/lib/node_manager/dotnet/ucrtbase.dll
[33.578s] -- Installing: C:/Users/Jorge/Documents/GitHub/ArtekmedRos2/ShellScripts/Customized_msgs/install/node_manager/lib/node_manager/dotnet/WindowsBase.dll
[33.578s] -- Installing: C:/Users/Jorge/Documents/GitHub/ArtekmedRos2/ShellScripts/Customized_msgs/install/node_manager/lib/node_manager/node_manager.bat
[33.593s] -- Installing: C:/Users/Jorge/Documents/GitHub/ArtekmedRos2/ShellScripts/Customized_msgs/install/node_manager/share/ament_index/resource_index/package_run_dependencies/node_manager
[33.593s] -- Installing: C:/Users/Jorge/Documents/GitHub/ArtekmedRos2/ShellScripts/Customized_msgs/install/node_manager/share/ament_index/resource_index/parent_prefix_path/node_manager
[33.593s] -- Installing: C:/Users/Jorge/Documents/GitHub/ArtekmedRos2/ShellScripts/Customized_msgs/install/node_manager/share/node_manager/environment/ament_prefix_path.bat
[33.609s] -- Installing: C:/Users/Jorge/Documents/GitHub/ArtekmedRos2/ShellScripts/Customized_msgs/install/node_manager/share/node_manager/environment/ament_prefix_path.dsv
[33.609s] -- Installing: C:/Users/Jorge/Documents/GitHub/ArtekmedRos2/ShellScripts/Customized_msgs/install/node_manager/share/node_manager/environment/path.bat
[33.609s] -- Installing: C:/Users/Jorge/Documents/GitHub/ArtekmedRos2/ShellScripts/Customized_msgs/install/node_manager/share/node_manager/environment/path.dsv
[33.609s] -- Installing: C:/Users/Jorge/Documents/GitHub/ArtekmedRos2/ShellScripts/Customized_msgs/install/node_manager/share/node_manager/local_setup.bat
[33.625s] -- Installing: C:/Users/Jorge/Documents/GitHub/ArtekmedRos2/ShellScripts/Customized_msgs/install/node_manager/share/node_manager/local_setup.dsv
[33.625s] -- Installing: C:/Users/Jorge/Documents/GitHub/ArtekmedRos2/ShellScripts/Customized_msgs/install/node_manager/share/node_manager/package.dsv
[33.625s] -- Installing: C:/Users/Jorge/Documents/GitHub/ArtekmedRos2/ShellScripts/Customized_msgs/install/node_manager/share/ament_index/resource_index/packages/node_manager
[33.640s] -- Installing: C:/Users/Jorge/Documents/GitHub/ArtekmedRos2/ShellScripts/Customized_msgs/install/node_manager/share/node_manager/cmake/node_managerConfig.cmake
[33.640s] -- Installing: C:/Users/Jorge/Documents/GitHub/ArtekmedRos2/ShellScripts/Customized_msgs/install/node_manager/share/node_manager/cmake/node_managerConfig-version.cmake
[33.640s] -- Installing: C:/Users/Jorge/Documents/GitHub/ArtekmedRos2/ShellScripts/Customized_msgs/install/node_manager/share/node_manager/package.xml
[33.656s] Invoked command in 'c:\Users\Jorge\Documents\GitHub\ArtekmedRos2\ShellScripts\Customized_msgs\build\node_manager' returned '0': CMAKE_PREFIX_PATH=%CMAKE_PREFIX_PATH%;c:\opt\ros2_dotnet_ws\install\sensor_msgs_py c:\opt\ros\foxy\x64\Scripts\cmake.EXE --install c:\Users\Jorge\Documents\GitHub\ArtekmedRos2\ShellScripts\Customized_msgs\build\node_manager --config Release
