[0.469s] Invoking command in 'c:\Users\Jorge\Documents\GitHub\ArtekmedRos2\ShellScripts\string_msgs_multiple_functions_ddl\build\string_msgs_multiple_functions_ddl': CMAKE_PREFIX_PATH=%CMAKE_PREFIX_PATH%;c:\opt\ros2_dotnet_ws\install\sensor_msgs_py c:\opt\ros\foxy\x64\Scripts\cmake.EXE c:\Users\Jorge\Documents\GitHub\ArtekmedRos2\ShellScripts\string_msgs_multiple_functions_ddl -DCMAKE_INSTALL_PREFIX=c:\Users\Jorge\Documents\GitHub\ArtekmedRos2\ShellScripts\string_msgs_multiple_functions_ddl\install\string_msgs_multiple_functions_ddl
[0.953s] -- Selecting Windows SDK version 10.0.22000.0 to target Windows 10.0.22621.
[1.063s] -- Found ament_cmake: 0.9.9 (C:/opt/ros/foxy/x64/share/ament_cmake/cmake)
[1.297s] -- Using PYTHON_EXECUTABLE: C:/opt/ros/foxy/x64/python.exe
[3.172s] -- Found rcldotnet: 0.0.0 (C:/opt/ros2_dotnet_ws/install/rcldotnet/share/rcldotnet/cmake)
[3.625s] -- Found rosidl_adapter: 1.3.0 (C:/opt/ros2_dotnet_ws/install/rosidl_adapter/share/rosidl_adapter/cmake)
[3.828s] -- Using all available rosidl_typesupport_c: rosidl_typesupport_introspection_c;rosidl_typesupport_fastrtps_c
[4.531s] -- Using all available rosidl_typesupport_cpp: rosidl_typesupport_introspection_cpp;rosidl_typesupport_fastrtps_cpp
[4.938s] -- Found rmw_implementation_cmake: 1.0.3 (C:/opt/ros/foxy/x64/share/rmw_implementation_cmake/cmake)
[4.969s] -- Using RMW implementation 'rmw_fastrtps_cpp' as default
[5.141s] -- Found rcldotnet_common: 0.0.0 (C:/opt/ros2_dotnet_ws/install/rcldotnet_common/share/rcldotnet_common/cmake)
[5.156s] -- Found dotnet_cmake_module: 0.0.0 (C:/opt/ros2_dotnet_ws/install/dotnet_cmake_module/share/dotnet_cmake_module/cmake)
[5.578s] CMake Warning (dev) at C:/opt/ros/foxy/x64/Lib/site-packages/cmake/data/share/cmake-3.18/Modules/FindPackageHandleStandardArgs.cmake:273 (message):
[5.578s]   The package name passed to `find_package_handle_standard_args`
[5.578s]   (DOTNET_CORE) does not match the name of the calling package (DotNetCore).
[5.578s]   This can lead to problems in calling code that expects `find_package`
[5.578s]   result variables (e.g., `_FOUND`) to follow a certain pattern.
[5.578s] Call Stack (most recent call first):
[5.578s]   C:/opt/ros2_dotnet_ws/install/dotnet_cmake_module/share/dotnet_cmake_module/cmake/Modules/dotnet/FindDotNetCore.cmake:37 (find_package_handle_standard_args)
[5.594s]   C:/opt/ros2_dotnet_ws/install/dotnet_cmake_module/share/dotnet_cmake_module/cmake/Modules/FindCSBuild.cmake:20 (find_package)
[5.594s]   C:/opt/ros2_dotnet_ws/install/dotnet_cmake_module/share/dotnet_cmake_module/cmake/Modules/FindDotNETExtra.cmake:15 (find_package)
[5.594s]   CMakeLists.txt:24 (find_package)
[5.594s] This warning is for project developers.  Use -Wno-dev to suppress it.
[5.594s] 
[5.594s] -- Found .NET Core: 7.0.101
[5.594s] -- Using Framework: netcoreapp2.0
[5.594s] -- Using Framework: netcoreapp2.0
[5.594s] -- Using Runtime: win-x64
[5.594s] -- Found std_msgs: 2.0.5 (C:/opt/ros2_dotnet_ws/install/std_msgs/share/std_msgs/cmake)
[6.297s] -- Configuring done
[7.219s] -- Generating done
[7.250s] -- Build files have been written to: C:/Users/Jorge/Documents/GitHub/ArtekmedRos2/ShellScripts/string_msgs_multiple_functions_ddl/build/string_msgs_multiple_functions_ddl
[7.313s] Invoked command in 'c:\Users\Jorge\Documents\GitHub\ArtekmedRos2\ShellScripts\string_msgs_multiple_functions_ddl\build\string_msgs_multiple_functions_ddl' returned '0': CMAKE_PREFIX_PATH=%CMAKE_PREFIX_PATH%;c:\opt\ros2_dotnet_ws\install\sensor_msgs_py c:\opt\ros\foxy\x64\Scripts\cmake.EXE c:\Users\Jorge\Documents\GitHub\ArtekmedRos2\ShellScripts\string_msgs_multiple_functions_ddl -DCMAKE_INSTALL_PREFIX=c:\Users\Jorge\Documents\GitHub\ArtekmedRos2\ShellScripts\string_msgs_multiple_functions_ddl\install\string_msgs_multiple_functions_ddl
[7.313s] Invoking command in 'c:\Users\Jorge\Documents\GitHub\ArtekmedRos2\ShellScripts\string_msgs_multiple_functions_ddl\build\string_msgs_multiple_functions_ddl': CL=/MP CMAKE_PREFIX_PATH=%CMAKE_PREFIX_PATH%;c:\opt\ros2_dotnet_ws\install\sensor_msgs_py c:\opt\ros\foxy\x64\Scripts\cmake.EXE --build c:\Users\Jorge\Documents\GitHub\ArtekmedRos2\ShellScripts\string_msgs_multiple_functions_ddl\build\string_msgs_multiple_functions_ddl --config Release
[8.047s] Microsoft (R) Build Engine version 16.11.2+f32259642 for .NET Framework
[8.047s] Copyright (C) Microsoft Corporation. All rights reserved.
[8.047s] 
[9.734s]   C:/opt/ros/foxy/x64/Lib/site-packages/cmake/data/bin/cmake.exe;-version;C:/Program Files/dotnet/dotnet.exe restore;-r;win-x64 string_msgs_multiple_functions_ddl_dotnetcore.csproj; C:/Program Files/dotnet/dotnet.exe publish;-r;win-x64 string_msgs_multiple_functions_ddl_dotnetcore.csproj -> C:/Users/Jorge/Documents/GitHub/ArtekmedRos2/ShellScripts/string_msgs_multiple_functions_ddl/build/string_msgs_multiple_functions_ddl/string_msgs_multiple_functions_ddl
[10.063s]   cmake version 3.18.2
[10.063s]   
[10.063s]   CMake suite maintained and supported by Kitware (kitware.com/cmake).
[12.578s]     Determining projects to restore...
[12.641s] C:\Program Files\dotnet\sdk\7.0.101\Sdks\Microsoft.NET.Sdk\targets\Microsoft.NET.EolTargetFrameworks.targets(28,5): warning NETSDK1138: The target framework 'netcoreapp2.0' is out of support and will not receive security updates in the future. Please refer to https://aka.ms/dotnet-core-support for more information about the support policy. [C:\Users\Jorge\Documents\GitHub\ArtekmedRos2\ShellScripts\string_msgs_multiple_functions_ddl\build\string_msgs_multiple_functions_ddl\string_msgs_multiple_functions_ddl\string_msgs_multiple_functions_ddl_dotnetcore.csproj] [C:\Users\Jorge\Documents\GitHub\ArtekmedRos2\ShellScripts\string_msgs_multiple_functions_ddl\build\string_msgs_multiple_functions_ddl\string_msgs_multiple_functions_ddl.vcxproj]
[12.766s] C:\Program Files\dotnet\sdk\7.0.101\Sdks\Microsoft.NET.Sdk\targets\Microsoft.NET.EolTargetFrameworks.targets(28,5): warning NETSDK1138: The target framework 'netcoreapp2.0' is out of support and will not receive security updates in the future. Please refer to https://aka.ms/dotnet-core-support for more information about the support policy. [C:\Users\Jorge\Documents\GitHub\ArtekmedRos2\ShellScripts\string_msgs_multiple_functions_ddl\build\string_msgs_multiple_functions_ddl\string_msgs_multiple_functions_ddl\string_msgs_multiple_functions_ddl_dotnetcore.csproj] [C:\Users\Jorge\Documents\GitHub\ArtekmedRos2\ShellScripts\string_msgs_multiple_functions_ddl\build\string_msgs_multiple_functions_ddl\string_msgs_multiple_functions_ddl.vcxproj]
[14.031s]     Restored C:\Users\Jorge\Documents\GitHub\ArtekmedRos2\ShellScripts\string_msgs_multiple_functions_ddl\build\string_msgs_multiple_functions_ddl\string_msgs_multiple_functions_ddl\string_msgs_multiple_functions_ddl_dotnetcore.csproj (in 805 ms).
[16.281s]   MSBuild version 17.4.0+18d5aef85 for .NET
[17.391s]     Determining projects to restore...
[17.469s] C:\Program Files\dotnet\sdk\7.0.101\Sdks\Microsoft.NET.Sdk\targets\Microsoft.NET.EolTargetFrameworks.targets(28,5): warning NETSDK1138: The target framework 'netcoreapp2.0' is out of support and will not receive security updates in the future. Please refer to https://aka.ms/dotnet-core-support for more information about the support policy. [C:\Users\Jorge\Documents\GitHub\ArtekmedRos2\ShellScripts\string_msgs_multiple_functions_ddl\build\string_msgs_multiple_functions_ddl\string_msgs_multiple_functions_ddl\string_msgs_multiple_functions_ddl_dotnetcore.csproj] [C:\Users\Jorge\Documents\GitHub\ArtekmedRos2\ShellScripts\string_msgs_multiple_functions_ddl\build\string_msgs_multiple_functions_ddl\string_msgs_multiple_functions_ddl.vcxproj]
[17.703s] C:\Program Files\dotnet\sdk\7.0.101\Sdks\Microsoft.NET.Sdk\targets\Microsoft.NET.EolTargetFrameworks.targets(28,5): warning NETSDK1138: The target framework 'netcoreapp2.0' is out of support and will not receive security updates in the future. Please refer to https://aka.ms/dotnet-core-support for more information about the support policy. [C:\Users\Jorge\Documents\GitHub\ArtekmedRos2\ShellScripts\string_msgs_multiple_functions_ddl\build\string_msgs_multiple_functions_ddl\string_msgs_multiple_functions_ddl\string_msgs_multiple_functions_ddl_dotnetcore.csproj] [C:\Users\Jorge\Documents\GitHub\ArtekmedRos2\ShellScripts\string_msgs_multiple_functions_ddl\build\string_msgs_multiple_functions_ddl\string_msgs_multiple_functions_ddl.vcxproj]
[19.016s]     Restored C:\Users\Jorge\Documents\GitHub\ArtekmedRos2\ShellScripts\string_msgs_multiple_functions_ddl\build\string_msgs_multiple_functions_ddl\string_msgs_multiple_functions_ddl\string_msgs_multiple_functions_ddl_dotnetcore.csproj (in 814 ms).
[19.500s] C:\Program Files\dotnet\sdk\7.0.101\Sdks\Microsoft.NET.Sdk\targets\Microsoft.NET.EolTargetFrameworks.targets(28,5): warning NETSDK1138: The target framework 'netcoreapp2.0' is out of support and will not receive security updates in the future. Please refer to https://aka.ms/dotnet-core-support for more information about the support policy. [C:\Users\Jorge\Documents\GitHub\ArtekmedRos2\ShellScripts\string_msgs_multiple_functions_ddl\build\string_msgs_multiple_functions_ddl\string_msgs_multiple_functions_ddl\string_msgs_multiple_functions_ddl_dotnetcore.csproj] [C:\Users\Jorge\Documents\GitHub\ArtekmedRos2\ShellScripts\string_msgs_multiple_functions_ddl\build\string_msgs_multiple_functions_ddl\string_msgs_multiple_functions_ddl.vcxproj]
[24.078s] CSC : warning CS1668: Invalid search path 'C:\Program Files (x86)\Microsoft Visual Studio\2019\Community\VC\Tools\MSVC\14.29.30133\atlmfc\lib\x64' specified in 'LIB environment variable' -- 'directory does not exist' [C:\Users\Jorge\Documents\GitHub\ArtekmedRos2\ShellScripts\string_msgs_multiple_functions_ddl\build\string_msgs_multiple_functions_ddl\string_msgs_multiple_functions_ddl\string_msgs_multiple_functions_ddl_dotnetcore.csproj] [C:\Users\Jorge\Documents\GitHub\ArtekmedRos2\ShellScripts\string_msgs_multiple_functions_ddl\build\string_msgs_multiple_functions_ddl\string_msgs_multiple_functions_ddl.vcxproj]
[25.328s]     string_msgs_multiple_functions_ddl_dotnetcore -> C:\Users\Jorge\Documents\GitHub\ArtekmedRos2\ShellScripts\string_msgs_multiple_functions_ddl\build\string_msgs_multiple_functions_ddl\Release\netcoreapp2.0\win-x64\string_msgs_multiple_functions_ddl.dll
[25.484s]     string_msgs_multiple_functions_ddl_dotnetcore -> C:\Users\Jorge\Documents\GitHub\ArtekmedRos2\ShellScripts\string_msgs_multiple_functions_ddl\build\string_msgs_multiple_functions_ddl\Release\netcoreapp2.0\win-x64\publish\
[25.922s] Invoked command in 'c:\Users\Jorge\Documents\GitHub\ArtekmedRos2\ShellScripts\string_msgs_multiple_functions_ddl\build\string_msgs_multiple_functions_ddl' returned '0': CL=/MP CMAKE_PREFIX_PATH=%CMAKE_PREFIX_PATH%;c:\opt\ros2_dotnet_ws\install\sensor_msgs_py c:\opt\ros\foxy\x64\Scripts\cmake.EXE --build c:\Users\Jorge\Documents\GitHub\ArtekmedRos2\ShellScripts\string_msgs_multiple_functions_ddl\build\string_msgs_multiple_functions_ddl --config Release
[26.422s] Invoking command in 'c:\Users\Jorge\Documents\GitHub\ArtekmedRos2\ShellScripts\string_msgs_multiple_functions_ddl\build\string_msgs_multiple_functions_ddl': CMAKE_PREFIX_PATH=%CMAKE_PREFIX_PATH%;c:\opt\ros2_dotnet_ws\install\sensor_msgs_py c:\opt\ros\foxy\x64\Scripts\cmake.EXE --install c:\Users\Jorge\Documents\GitHub\ArtekmedRos2\ShellScripts\string_msgs_multiple_functions_ddl\build\string_msgs_multiple_functions_ddl --config Release
[26.813s] -- Up-to-date: C:/Users/Jorge/Documents/GitHub/ArtekmedRos2/ShellScripts/string_msgs_multiple_functions_ddl/install/string_msgs_multiple_functions_ddl/lib/string_msgs_multiple_functions_ddl/dotnet
[26.828s] -- Up-to-date: C:/Users/Jorge/Documents/GitHub/ArtekmedRos2/ShellScripts/string_msgs_multiple_functions_ddl/install/string_msgs_multiple_functions_ddl/lib/string_msgs_multiple_functions_ddl/dotnet/api-ms-win-core-console-l1-1-0.dll
[26.828s] -- Up-to-date: C:/Users/Jorge/Documents/GitHub/ArtekmedRos2/ShellScripts/string_msgs_multiple_functions_ddl/install/string_msgs_multiple_functions_ddl/lib/string_msgs_multiple_functions_ddl/dotnet/api-ms-win-core-datetime-l1-1-0.dll
[26.828s] -- Up-to-date: C:/Users/Jorge/Documents/GitHub/ArtekmedRos2/ShellScripts/string_msgs_multiple_functions_ddl/install/string_msgs_multiple_functions_ddl/lib/string_msgs_multiple_functions_ddl/dotnet/api-ms-win-core-debug-l1-1-0.dll
[26.828s] -- Up-to-date: C:/Users/Jorge/Documents/GitHub/ArtekmedRos2/ShellScripts/string_msgs_multiple_functions_ddl/install/string_msgs_multiple_functions_ddl/lib/string_msgs_multiple_functions_ddl/dotnet/api-ms-win-core-errorhandling-l1-1-0.dll
[26.844s] -- Up-to-date: C:/Users/Jorge/Documents/GitHub/ArtekmedRos2/ShellScripts/string_msgs_multiple_functions_ddl/install/string_msgs_multiple_functions_ddl/lib/string_msgs_multiple_functions_ddl/dotnet/api-ms-win-core-file-l1-1-0.dll
[26.859s] -- Up-to-date: C:/Users/Jorge/Documents/GitHub/ArtekmedRos2/ShellScripts/string_msgs_multiple_functions_ddl/install/string_msgs_multiple_functions_ddl/lib/string_msgs_multiple_functions_ddl/dotnet/api-ms-win-core-file-l1-2-0.dll
[26.859s] -- Up-to-date: C:/Users/Jorge/Documents/GitHub/ArtekmedRos2/ShellScripts/string_msgs_multiple_functions_ddl/install/string_msgs_multiple_functions_ddl/lib/string_msgs_multiple_functions_ddl/dotnet/api-ms-win-core-file-l2-1-0.dll
[26.875s] -- Up-to-date: C:/Users/Jorge/Documents/GitHub/ArtekmedRos2/ShellScripts/string_msgs_multiple_functions_ddl/install/string_msgs_multiple_functions_ddl/lib/string_msgs_multiple_functions_ddl/dotnet/api-ms-win-core-handle-l1-1-0.dll
[26.875s] -- Up-to-date: C:/Users/Jorge/Documents/GitHub/ArtekmedRos2/ShellScripts/string_msgs_multiple_functions_ddl/install/string_msgs_multiple_functions_ddl/lib/string_msgs_multiple_functions_ddl/dotnet/api-ms-win-core-heap-l1-1-0.dll
[26.875s] -- Up-to-date: C:/Users/Jorge/Documents/GitHub/ArtekmedRos2/ShellScripts/string_msgs_multiple_functions_ddl/install/string_msgs_multiple_functions_ddl/lib/string_msgs_multiple_functions_ddl/dotnet/api-ms-win-core-interlocked-l1-1-0.dll
[26.891s] -- Up-to-date: C:/Users/Jorge/Documents/GitHub/ArtekmedRos2/ShellScripts/string_msgs_multiple_functions_ddl/install/string_msgs_multiple_functions_ddl/lib/string_msgs_multiple_functions_ddl/dotnet/api-ms-win-core-libraryloader-l1-1-0.dll
[26.891s] -- Up-to-date: C:/Users/Jorge/Documents/GitHub/ArtekmedRos2/ShellScripts/string_msgs_multiple_functions_ddl/install/string_msgs_multiple_functions_ddl/lib/string_msgs_multiple_functions_ddl/dotnet/api-ms-win-core-localization-l1-2-0.dll
[26.906s] -- Up-to-date: C:/Users/Jorge/Documents/GitHub/ArtekmedRos2/ShellScripts/string_msgs_multiple_functions_ddl/install/string_msgs_multiple_functions_ddl/lib/string_msgs_multiple_functions_ddl/dotnet/api-ms-win-core-memory-l1-1-0.dll
[26.906s] -- Up-to-date: C:/Users/Jorge/Documents/GitHub/ArtekmedRos2/ShellScripts/string_msgs_multiple_functions_ddl/install/string_msgs_multiple_functions_ddl/lib/string_msgs_multiple_functions_ddl/dotnet/api-ms-win-core-namedpipe-l1-1-0.dll
[26.922s] -- Up-to-date: C:/Users/Jorge/Documents/GitHub/ArtekmedRos2/ShellScripts/string_msgs_multiple_functions_ddl/install/string_msgs_multiple_functions_ddl/lib/string_msgs_multiple_functions_ddl/dotnet/api-ms-win-core-processenvironment-l1-1-0.dll
[26.938s] -- Up-to-date: C:/Users/Jorge/Documents/GitHub/ArtekmedRos2/ShellScripts/string_msgs_multiple_functions_ddl/install/string_msgs_multiple_functions_ddl/lib/string_msgs_multiple_functions_ddl/dotnet/api-ms-win-core-processthreads-l1-1-0.dll
[26.938s] -- Up-to-date: C:/Users/Jorge/Documents/GitHub/ArtekmedRos2/ShellScripts/string_msgs_multiple_functions_ddl/install/string_msgs_multiple_functions_ddl/lib/string_msgs_multiple_functions_ddl/dotnet/api-ms-win-core-processthreads-l1-1-1.dll
[26.938s] -- Up-to-date: C:/Users/Jorge/Documents/GitHub/ArtekmedRos2/ShellScripts/string_msgs_multiple_functions_ddl/install/string_msgs_multiple_functions_ddl/lib/string_msgs_multiple_functions_ddl/dotnet/api-ms-win-core-profile-l1-1-0.dll
[26.953s] -- Up-to-date: C:/Users/Jorge/Documents/GitHub/ArtekmedRos2/ShellScripts/string_msgs_multiple_functions_ddl/install/string_msgs_multiple_functions_ddl/lib/string_msgs_multiple_functions_ddl/dotnet/api-ms-win-core-rtlsupport-l1-1-0.dll
[26.953s] -- Up-to-date: C:/Users/Jorge/Documents/GitHub/ArtekmedRos2/ShellScripts/string_msgs_multiple_functions_ddl/install/string_msgs_multiple_functions_ddl/lib/string_msgs_multiple_functions_ddl/dotnet/api-ms-win-core-string-l1-1-0.dll
[26.969s] -- Up-to-date: C:/Users/Jorge/Documents/GitHub/ArtekmedRos2/ShellScripts/string_msgs_multiple_functions_ddl/install/string_msgs_multiple_functions_ddl/lib/string_msgs_multiple_functions_ddl/dotnet/api-ms-win-core-synch-l1-1-0.dll
[26.984s] -- Up-to-date: C:/Users/Jorge/Documents/GitHub/ArtekmedRos2/ShellScripts/string_msgs_multiple_functions_ddl/install/string_msgs_multiple_functions_ddl/lib/string_msgs_multiple_functions_ddl/dotnet/api-ms-win-core-synch-l1-2-0.dll
[26.984s] -- Up-to-date: C:/Users/Jorge/Documents/GitHub/ArtekmedRos2/ShellScripts/string_msgs_multiple_functions_ddl/install/string_msgs_multiple_functions_ddl/lib/string_msgs_multiple_functions_ddl/dotnet/api-ms-win-core-sysinfo-l1-1-0.dll
[26.984s] -- Up-to-date: C:/Users/Jorge/Documents/GitHub/ArtekmedRos2/ShellScripts/string_msgs_multiple_functions_ddl/install/string_msgs_multiple_functions_ddl/lib/string_msgs_multiple_functions_ddl/dotnet/api-ms-win-core-timezone-l1-1-0.dll
[27.000s] -- Up-to-date: C:/Users/Jorge/Documents/GitHub/ArtekmedRos2/ShellScripts/string_msgs_multiple_functions_ddl/install/string_msgs_multiple_functions_ddl/lib/string_msgs_multiple_functions_ddl/dotnet/api-ms-win-core-util-l1-1-0.dll
[27.000s] -- Up-to-date: C:/Users/Jorge/Documents/GitHub/ArtekmedRos2/ShellScripts/string_msgs_multiple_functions_ddl/install/string_msgs_multiple_functions_ddl/lib/string_msgs_multiple_functions_ddl/dotnet/api-ms-win-crt-conio-l1-1-0.dll
[27.016s] -- Up-to-date: C:/Users/Jorge/Documents/GitHub/ArtekmedRos2/ShellScripts/string_msgs_multiple_functions_ddl/install/string_msgs_multiple_functions_ddl/lib/string_msgs_multiple_functions_ddl/dotnet/api-ms-win-crt-convert-l1-1-0.dll
[27.016s] -- Up-to-date: C:/Users/Jorge/Documents/GitHub/ArtekmedRos2/ShellScripts/string_msgs_multiple_functions_ddl/install/string_msgs_multiple_functions_ddl/lib/string_msgs_multiple_functions_ddl/dotnet/api-ms-win-crt-environment-l1-1-0.dll
[27.031s] -- Up-to-date: C:/Users/Jorge/Documents/GitHub/ArtekmedRos2/ShellScripts/string_msgs_multiple_functions_ddl/install/string_msgs_multiple_functions_ddl/lib/string_msgs_multiple_functions_ddl/dotnet/api-ms-win-crt-filesystem-l1-1-0.dll
[27.047s] -- Up-to-date: C:/Users/Jorge/Documents/GitHub/ArtekmedRos2/ShellScripts/string_msgs_multiple_functions_ddl/install/string_msgs_multiple_functions_ddl/lib/string_msgs_multiple_functions_ddl/dotnet/api-ms-win-crt-heap-l1-1-0.dll
[27.047s] -- Up-to-date: C:/Users/Jorge/Documents/GitHub/ArtekmedRos2/ShellScripts/string_msgs_multiple_functions_ddl/install/string_msgs_multiple_functions_ddl/lib/string_msgs_multiple_functions_ddl/dotnet/api-ms-win-crt-locale-l1-1-0.dll
[27.047s] -- Up-to-date: C:/Users/Jorge/Documents/GitHub/ArtekmedRos2/ShellScripts/string_msgs_multiple_functions_ddl/install/string_msgs_multiple_functions_ddl/lib/string_msgs_multiple_functions_ddl/dotnet/api-ms-win-crt-math-l1-1-0.dll
[27.063s] -- Up-to-date: C:/Users/Jorge/Documents/GitHub/ArtekmedRos2/ShellScripts/string_msgs_multiple_functions_ddl/install/string_msgs_multiple_functions_ddl/lib/string_msgs_multiple_functions_ddl/dotnet/api-ms-win-crt-multibyte-l1-1-0.dll
[27.063s] -- Up-to-date: C:/Users/Jorge/Documents/GitHub/ArtekmedRos2/ShellScripts/string_msgs_multiple_functions_ddl/install/string_msgs_multiple_functions_ddl/lib/string_msgs_multiple_functions_ddl/dotnet/api-ms-win-crt-private-l1-1-0.dll
[27.078s] -- Up-to-date: C:/Users/Jorge/Documents/GitHub/ArtekmedRos2/ShellScripts/string_msgs_multiple_functions_ddl/install/string_msgs_multiple_functions_ddl/lib/string_msgs_multiple_functions_ddl/dotnet/api-ms-win-crt-process-l1-1-0.dll
[27.078s] -- Up-to-date: C:/Users/Jorge/Documents/GitHub/ArtekmedRos2/ShellScripts/string_msgs_multiple_functions_ddl/install/string_msgs_multiple_functions_ddl/lib/string_msgs_multiple_functions_ddl/dotnet/api-ms-win-crt-runtime-l1-1-0.dll
[27.094s] -- Up-to-date: C:/Users/Jorge/Documents/GitHub/ArtekmedRos2/ShellScripts/string_msgs_multiple_functions_ddl/install/string_msgs_multiple_functions_ddl/lib/string_msgs_multiple_functions_ddl/dotnet/api-ms-win-crt-stdio-l1-1-0.dll
[27.094s] -- Up-to-date: C:/Users/Jorge/Documents/GitHub/ArtekmedRos2/ShellScripts/string_msgs_multiple_functions_ddl/install/string_msgs_multiple_functions_ddl/lib/string_msgs_multiple_functions_ddl/dotnet/api-ms-win-crt-string-l1-1-0.dll
[27.109s] -- Up-to-date: C:/Users/Jorge/Documents/GitHub/ArtekmedRos2/ShellScripts/string_msgs_multiple_functions_ddl/install/string_msgs_multiple_functions_ddl/lib/string_msgs_multiple_functions_ddl/dotnet/api-ms-win-crt-time-l1-1-0.dll
[27.109s] -- Up-to-date: C:/Users/Jorge/Documents/GitHub/ArtekmedRos2/ShellScripts/string_msgs_multiple_functions_ddl/install/string_msgs_multiple_functions_ddl/lib/string_msgs_multiple_functions_ddl/dotnet/api-ms-win-crt-utility-l1-1-0.dll
[27.109s] -- Up-to-date: C:/Users/Jorge/Documents/GitHub/ArtekmedRos2/ShellScripts/string_msgs_multiple_functions_ddl/install/string_msgs_multiple_functions_ddl/lib/string_msgs_multiple_functions_ddl/dotnet/builtin_interfaces_assemblies.dll
[27.109s] -- Up-to-date: C:/Users/Jorge/Documents/GitHub/ArtekmedRos2/ShellScripts/string_msgs_multiple_functions_ddl/install/string_msgs_multiple_functions_ddl/lib/string_msgs_multiple_functions_ddl/dotnet/builtin_interfaces_assemblies.pdb
[27.125s] -- Up-to-date: C:/Users/Jorge/Documents/GitHub/ArtekmedRos2/ShellScripts/string_msgs_multiple_functions_ddl/install/string_msgs_multiple_functions_ddl/lib/string_msgs_multiple_functions_ddl/dotnet/clrcompression.dll
[27.141s] -- Up-to-date: C:/Users/Jorge/Documents/GitHub/ArtekmedRos2/ShellScripts/string_msgs_multiple_functions_ddl/install/string_msgs_multiple_functions_ddl/lib/string_msgs_multiple_functions_ddl/dotnet/clretwrc.dll
[27.141s] -- Up-to-date: C:/Users/Jorge/Documents/GitHub/ArtekmedRos2/ShellScripts/string_msgs_multiple_functions_ddl/install/string_msgs_multiple_functions_ddl/lib/string_msgs_multiple_functions_ddl/dotnet/clrjit.dll
[27.141s] -- Up-to-date: C:/Users/Jorge/Documents/GitHub/ArtekmedRos2/ShellScripts/string_msgs_multiple_functions_ddl/install/string_msgs_multiple_functions_ddl/lib/string_msgs_multiple_functions_ddl/dotnet/coreclr.dll
[27.141s] -- Up-to-date: C:/Users/Jorge/Documents/GitHub/ArtekmedRos2/ShellScripts/string_msgs_multiple_functions_ddl/install/string_msgs_multiple_functions_ddl/lib/string_msgs_multiple_functions_ddl/dotnet/dbgshim.dll
[27.156s] -- Up-to-date: C:/Users/Jorge/Documents/GitHub/ArtekmedRos2/ShellScripts/string_msgs_multiple_functions_ddl/install/string_msgs_multiple_functions_ddl/lib/string_msgs_multiple_functions_ddl/dotnet/hostfxr.dll
[27.156s] -- Up-to-date: C:/Users/Jorge/Documents/GitHub/ArtekmedRos2/ShellScripts/string_msgs_multiple_functions_ddl/install/string_msgs_multiple_functions_ddl/lib/string_msgs_multiple_functions_ddl/dotnet/hostpolicy.dll
[27.172s] -- Up-to-date: C:/Users/Jorge/Documents/GitHub/ArtekmedRos2/ShellScripts/string_msgs_multiple_functions_ddl/install/string_msgs_multiple_functions_ddl/lib/string_msgs_multiple_functions_ddl/dotnet/Microsoft.CSharp.dll
[27.172s] -- Up-to-date: C:/Users/Jorge/Documents/GitHub/ArtekmedRos2/ShellScripts/string_msgs_multiple_functions_ddl/install/string_msgs_multiple_functions_ddl/lib/string_msgs_multiple_functions_ddl/dotnet/Microsoft.DiaSymReader.Native.amd64.dll
[27.172s] -- Up-to-date: C:/Users/Jorge/Documents/GitHub/ArtekmedRos2/ShellScripts/string_msgs_multiple_functions_ddl/install/string_msgs_multiple_functions_ddl/lib/string_msgs_multiple_functions_ddl/dotnet/Microsoft.VisualBasic.dll
[27.188s] -- Up-to-date: C:/Users/Jorge/Documents/GitHub/ArtekmedRos2/ShellScripts/string_msgs_multiple_functions_ddl/install/string_msgs_multiple_functions_ddl/lib/string_msgs_multiple_functions_ddl/dotnet/Microsoft.Win32.Primitives.dll
[27.188s] -- Up-to-date: C:/Users/Jorge/Documents/GitHub/ArtekmedRos2/ShellScripts/string_msgs_multiple_functions_ddl/install/string_msgs_multiple_functions_ddl/lib/string_msgs_multiple_functions_ddl/dotnet/Microsoft.Win32.Registry.dll
[27.203s] -- Up-to-date: C:/Users/Jorge/Documents/GitHub/ArtekmedRos2/ShellScripts/string_msgs_multiple_functions_ddl/install/string_msgs_multiple_functions_ddl/lib/string_msgs_multiple_functions_ddl/dotnet/mscordaccore.dll
[27.219s] -- Up-to-date: C:/Users/Jorge/Documents/GitHub/ArtekmedRos2/ShellScripts/string_msgs_multiple_functions_ddl/install/string_msgs_multiple_functions_ddl/lib/string_msgs_multiple_functions_ddl/dotnet/mscordaccore_amd64_amd64_4.6.26614.01.dll
[27.219s] -- Up-to-date: C:/Users/Jorge/Documents/GitHub/ArtekmedRos2/ShellScripts/string_msgs_multiple_functions_ddl/install/string_msgs_multiple_functions_ddl/lib/string_msgs_multiple_functions_ddl/dotnet/mscordbi.dll
[27.219s] -- Up-to-date: C:/Users/Jorge/Documents/GitHub/ArtekmedRos2/ShellScripts/string_msgs_multiple_functions_ddl/install/string_msgs_multiple_functions_ddl/lib/string_msgs_multiple_functions_ddl/dotnet/mscorlib.dll
[27.219s] -- Up-to-date: C:/Users/Jorge/Documents/GitHub/ArtekmedRos2/ShellScripts/string_msgs_multiple_functions_ddl/install/string_msgs_multiple_functions_ddl/lib/string_msgs_multiple_functions_ddl/dotnet/mscorrc.debug.dll
[27.219s] -- Up-to-date: C:/Users/Jorge/Documents/GitHub/ArtekmedRos2/ShellScripts/string_msgs_multiple_functions_ddl/install/string_msgs_multiple_functions_ddl/lib/string_msgs_multiple_functions_ddl/dotnet/mscorrc.dll
[27.234s] -- Up-to-date: C:/Users/Jorge/Documents/GitHub/ArtekmedRos2/ShellScripts/string_msgs_multiple_functions_ddl/install/string_msgs_multiple_functions_ddl/lib/string_msgs_multiple_functions_ddl/dotnet/netstandard.dll
[27.234s] -- Up-to-date: C:/Users/Jorge/Documents/GitHub/ArtekmedRos2/ShellScripts/string_msgs_multiple_functions_ddl/install/string_msgs_multiple_functions_ddl/lib/string_msgs_multiple_functions_ddl/dotnet/newtonsoft.json.dll
[27.234s] -- Up-to-date: C:/Users/Jorge/Documents/GitHub/ArtekmedRos2/ShellScripts/string_msgs_multiple_functions_ddl/install/string_msgs_multiple_functions_ddl/lib/string_msgs_multiple_functions_ddl/dotnet/newtonsoft.json.pdb
[27.250s] -- Up-to-date: C:/Users/Jorge/Documents/GitHub/ArtekmedRos2/ShellScripts/string_msgs_multiple_functions_ddl/install/string_msgs_multiple_functions_ddl/lib/string_msgs_multiple_functions_ddl/dotnet/newtonsoft.json.xml
[27.250s] -- Up-to-date: C:/Users/Jorge/Documents/GitHub/ArtekmedRos2/ShellScripts/string_msgs_multiple_functions_ddl/install/string_msgs_multiple_functions_ddl/lib/string_msgs_multiple_functions_ddl/dotnet/rcldotnet_assemblies.dll
[27.250s] -- Up-to-date: C:/Users/Jorge/Documents/GitHub/ArtekmedRos2/ShellScripts/string_msgs_multiple_functions_ddl/install/string_msgs_multiple_functions_ddl/lib/string_msgs_multiple_functions_ddl/dotnet/rcldotnet_assemblies.pdb
[27.250s] -- Up-to-date: C:/Users/Jorge/Documents/GitHub/ArtekmedRos2/ShellScripts/string_msgs_multiple_functions_ddl/install/string_msgs_multiple_functions_ddl/lib/string_msgs_multiple_functions_ddl/dotnet/rcldotnet_common.dll
[27.266s] -- Up-to-date: C:/Users/Jorge/Documents/GitHub/ArtekmedRos2/ShellScripts/string_msgs_multiple_functions_ddl/install/string_msgs_multiple_functions_ddl/lib/string_msgs_multiple_functions_ddl/dotnet/rcldotnet_common.pdb
[27.266s] -- Up-to-date: C:/Users/Jorge/Documents/GitHub/ArtekmedRos2/ShellScripts/string_msgs_multiple_functions_ddl/install/string_msgs_multiple_functions_ddl/lib/string_msgs_multiple_functions_ddl/dotnet/sos.dll
[27.266s] -- Up-to-date: C:/Users/Jorge/Documents/GitHub/ArtekmedRos2/ShellScripts/string_msgs_multiple_functions_ddl/install/string_msgs_multiple_functions_ddl/lib/string_msgs_multiple_functions_ddl/dotnet/SOS.NETCore.dll
[27.266s] -- Up-to-date: C:/Users/Jorge/Documents/GitHub/ArtekmedRos2/ShellScripts/string_msgs_multiple_functions_ddl/install/string_msgs_multiple_functions_ddl/lib/string_msgs_multiple_functions_ddl/dotnet/sos_amd64_amd64_4.6.26614.01.dll
[27.281s] -- Up-to-date: C:/Users/Jorge/Documents/GitHub/ArtekmedRos2/ShellScripts/string_msgs_multiple_functions_ddl/install/string_msgs_multiple_functions_ddl/lib/string_msgs_multiple_functions_ddl/dotnet/std_msgs_assemblies.dll
[27.297s] -- Up-to-date: C:/Users/Jorge/Documents/GitHub/ArtekmedRos2/ShellScripts/string_msgs_multiple_functions_ddl/install/string_msgs_multiple_functions_ddl/lib/string_msgs_multiple_functions_ddl/dotnet/std_msgs_assemblies.pdb
[27.328s] -- Installing: C:/Users/Jorge/Documents/GitHub/ArtekmedRos2/ShellScripts/string_msgs_multiple_functions_ddl/install/string_msgs_multiple_functions_ddl/lib/string_msgs_multiple_functions_ddl/dotnet/string_msgs_multiple_functions_ddl.deps.json
[27.516s] -- Installing: C:/Users/Jorge/Documents/GitHub/ArtekmedRos2/ShellScripts/string_msgs_multiple_functions_ddl/install/string_msgs_multiple_functions_ddl/lib/string_msgs_multiple_functions_ddl/dotnet/string_msgs_multiple_functions_ddl.dll
[27.641s] -- Installing: C:/Users/Jorge/Documents/GitHub/ArtekmedRos2/ShellScripts/string_msgs_multiple_functions_ddl/install/string_msgs_multiple_functions_ddl/lib/string_msgs_multiple_functions_ddl/dotnet/string_msgs_multiple_functions_ddl.exe
[27.719s] -- Installing: C:/Users/Jorge/Documents/GitHub/ArtekmedRos2/ShellScripts/string_msgs_multiple_functions_ddl/install/string_msgs_multiple_functions_ddl/lib/string_msgs_multiple_functions_ddl/dotnet/string_msgs_multiple_functions_ddl.pdb
[27.719s] -- Installing: C:/Users/Jorge/Documents/GitHub/ArtekmedRos2/ShellScripts/string_msgs_multiple_functions_ddl/install/string_msgs_multiple_functions_ddl/lib/string_msgs_multiple_functions_ddl/dotnet/string_msgs_multiple_functions_ddl.runtimeconfig.json
[27.734s] -- Up-to-date: C:/Users/Jorge/Documents/GitHub/ArtekmedRos2/ShellScripts/string_msgs_multiple_functions_ddl/install/string_msgs_multiple_functions_ddl/lib/string_msgs_multiple_functions_ddl/dotnet/System.AppContext.dll
[27.734s] -- Up-to-date: C:/Users/Jorge/Documents/GitHub/ArtekmedRos2/ShellScripts/string_msgs_multiple_functions_ddl/install/string_msgs_multiple_functions_ddl/lib/string_msgs_multiple_functions_ddl/dotnet/System.Buffers.dll
[27.750s] -- Up-to-date: C:/Users/Jorge/Documents/GitHub/ArtekmedRos2/ShellScripts/string_msgs_multiple_functions_ddl/install/string_msgs_multiple_functions_ddl/lib/string_msgs_multiple_functions_ddl/dotnet/System.Collections.Concurrent.dll
[27.750s] -- Up-to-date: C:/Users/Jorge/Documents/GitHub/ArtekmedRos2/ShellScripts/string_msgs_multiple_functions_ddl/install/string_msgs_multiple_functions_ddl/lib/string_msgs_multiple_functions_ddl/dotnet/System.Collections.dll
[27.766s] -- Up-to-date: C:/Users/Jorge/Documents/GitHub/ArtekmedRos2/ShellScripts/string_msgs_multiple_functions_ddl/install/string_msgs_multiple_functions_ddl/lib/string_msgs_multiple_functions_ddl/dotnet/System.Collections.Immutable.dll
[27.781s] -- Up-to-date: C:/Users/Jorge/Documents/GitHub/ArtekmedRos2/ShellScripts/string_msgs_multiple_functions_ddl/install/string_msgs_multiple_functions_ddl/lib/string_msgs_multiple_functions_ddl/dotnet/System.Collections.NonGeneric.dll
[27.781s] -- Up-to-date: C:/Users/Jorge/Documents/GitHub/ArtekmedRos2/ShellScripts/string_msgs_multiple_functions_ddl/install/string_msgs_multiple_functions_ddl/lib/string_msgs_multiple_functions_ddl/dotnet/System.Collections.Specialized.dll
[27.797s] -- Up-to-date: C:/Users/Jorge/Documents/GitHub/ArtekmedRos2/ShellScripts/string_msgs_multiple_functions_ddl/install/string_msgs_multiple_functions_ddl/lib/string_msgs_multiple_functions_ddl/dotnet/System.ComponentModel.Annotations.dll
[27.813s] -- Up-to-date: C:/Users/Jorge/Documents/GitHub/ArtekmedRos2/ShellScripts/string_msgs_multiple_functions_ddl/install/string_msgs_multiple_functions_ddl/lib/string_msgs_multiple_functions_ddl/dotnet/System.ComponentModel.Composition.dll
[27.813s] -- Up-to-date: C:/Users/Jorge/Documents/GitHub/ArtekmedRos2/ShellScripts/string_msgs_multiple_functions_ddl/install/string_msgs_multiple_functions_ddl/lib/string_msgs_multiple_functions_ddl/dotnet/System.ComponentModel.DataAnnotations.dll
[27.828s] -- Up-to-date: C:/Users/Jorge/Documents/GitHub/ArtekmedRos2/ShellScripts/string_msgs_multiple_functions_ddl/install/string_msgs_multiple_functions_ddl/lib/string_msgs_multiple_functions_ddl/dotnet/System.ComponentModel.dll
[27.844s] -- Up-to-date: C:/Users/Jorge/Documents/GitHub/ArtekmedRos2/ShellScripts/string_msgs_multiple_functions_ddl/install/string_msgs_multiple_functions_ddl/lib/string_msgs_multiple_functions_ddl/dotnet/System.ComponentModel.EventBasedAsync.dll
[27.844s] -- Up-to-date: C:/Users/Jorge/Documents/GitHub/ArtekmedRos2/ShellScripts/string_msgs_multiple_functions_ddl/install/string_msgs_multiple_functions_ddl/lib/string_msgs_multiple_functions_ddl/dotnet/System.ComponentModel.Primitives.dll
[27.844s] -- Up-to-date: C:/Users/Jorge/Documents/GitHub/ArtekmedRos2/ShellScripts/string_msgs_multiple_functions_ddl/install/string_msgs_multiple_functions_ddl/lib/string_msgs_multiple_functions_ddl/dotnet/System.ComponentModel.TypeConverter.dll
[27.859s] -- Up-to-date: C:/Users/Jorge/Documents/GitHub/ArtekmedRos2/ShellScripts/string_msgs_multiple_functions_ddl/install/string_msgs_multiple_functions_ddl/lib/string_msgs_multiple_functions_ddl/dotnet/System.Configuration.dll
[27.859s] -- Up-to-date: C:/Users/Jorge/Documents/GitHub/ArtekmedRos2/ShellScripts/string_msgs_multiple_functions_ddl/install/string_msgs_multiple_functions_ddl/lib/string_msgs_multiple_functions_ddl/dotnet/System.Console.dll
[27.859s] -- Up-to-date: C:/Users/Jorge/Documents/GitHub/ArtekmedRos2/ShellScripts/string_msgs_multiple_functions_ddl/install/string_msgs_multiple_functions_ddl/lib/string_msgs_multiple_functions_ddl/dotnet/System.Core.dll
[27.859s] -- Up-to-date: C:/Users/Jorge/Documents/GitHub/ArtekmedRos2/ShellScripts/string_msgs_multiple_functions_ddl/install/string_msgs_multiple_functions_ddl/lib/string_msgs_multiple_functions_ddl/dotnet/System.Data.Common.dll
[27.891s] -- Up-to-date: C:/Users/Jorge/Documents/GitHub/ArtekmedRos2/ShellScripts/string_msgs_multiple_functions_ddl/install/string_msgs_multiple_functions_ddl/lib/string_msgs_multiple_functions_ddl/dotnet/System.Data.dll
[27.891s] -- Up-to-date: C:/Users/Jorge/Documents/GitHub/ArtekmedRos2/ShellScripts/string_msgs_multiple_functions_ddl/install/string_msgs_multiple_functions_ddl/lib/string_msgs_multiple_functions_ddl/dotnet/System.Diagnostics.Contracts.dll
[27.906s] -- Up-to-date: C:/Users/Jorge/Documents/GitHub/ArtekmedRos2/ShellScripts/string_msgs_multiple_functions_ddl/install/string_msgs_multiple_functions_ddl/lib/string_msgs_multiple_functions_ddl/dotnet/System.Diagnostics.Debug.dll
[27.906s] -- Up-to-date: C:/Users/Jorge/Documents/GitHub/ArtekmedRos2/ShellScripts/string_msgs_multiple_functions_ddl/install/string_msgs_multiple_functions_ddl/lib/string_msgs_multiple_functions_ddl/dotnet/System.Diagnostics.DiagnosticSource.dll
[27.906s] -- Up-to-date: C:/Users/Jorge/Documents/GitHub/ArtekmedRos2/ShellScripts/string_msgs_multiple_functions_ddl/install/string_msgs_multiple_functions_ddl/lib/string_msgs_multiple_functions_ddl/dotnet/System.Diagnostics.FileVersionInfo.dll
[27.906s] -- Up-to-date: C:/Users/Jorge/Documents/GitHub/ArtekmedRos2/ShellScripts/string_msgs_multiple_functions_ddl/install/string_msgs_multiple_functions_ddl/lib/string_msgs_multiple_functions_ddl/dotnet/System.Diagnostics.Process.dll
[27.922s] -- Up-to-date: C:/Users/Jorge/Documents/GitHub/ArtekmedRos2/ShellScripts/string_msgs_multiple_functions_ddl/install/string_msgs_multiple_functions_ddl/lib/string_msgs_multiple_functions_ddl/dotnet/System.Diagnostics.StackTrace.dll
[27.922s] -- Up-to-date: C:/Users/Jorge/Documents/GitHub/ArtekmedRos2/ShellScripts/string_msgs_multiple_functions_ddl/install/string_msgs_multiple_functions_ddl/lib/string_msgs_multiple_functions_ddl/dotnet/System.Diagnostics.TextWriterTraceListener.dll
[27.938s] -- Up-to-date: C:/Users/Jorge/Documents/GitHub/ArtekmedRos2/ShellScripts/string_msgs_multiple_functions_ddl/install/string_msgs_multiple_functions_ddl/lib/string_msgs_multiple_functions_ddl/dotnet/System.Diagnostics.Tools.dll
[27.938s] -- Up-to-date: C:/Users/Jorge/Documents/GitHub/ArtekmedRos2/ShellScripts/string_msgs_multiple_functions_ddl/install/string_msgs_multiple_functions_ddl/lib/string_msgs_multiple_functions_ddl/dotnet/System.Diagnostics.TraceSource.dll
[27.938s] -- Up-to-date: C:/Users/Jorge/Documents/GitHub/ArtekmedRos2/ShellScripts/string_msgs_multiple_functions_ddl/install/string_msgs_multiple_functions_ddl/lib/string_msgs_multiple_functions_ddl/dotnet/System.Diagnostics.Tracing.dll
[27.953s] -- Up-to-date: C:/Users/Jorge/Documents/GitHub/ArtekmedRos2/ShellScripts/string_msgs_multiple_functions_ddl/install/string_msgs_multiple_functions_ddl/lib/string_msgs_multiple_functions_ddl/dotnet/System.dll
[27.969s] -- Up-to-date: C:/Users/Jorge/Documents/GitHub/ArtekmedRos2/ShellScripts/string_msgs_multiple_functions_ddl/install/string_msgs_multiple_functions_ddl/lib/string_msgs_multiple_functions_ddl/dotnet/System.Drawing.dll
[27.969s] -- Up-to-date: C:/Users/Jorge/Documents/GitHub/ArtekmedRos2/ShellScripts/string_msgs_multiple_functions_ddl/install/string_msgs_multiple_functions_ddl/lib/string_msgs_multiple_functions_ddl/dotnet/System.Drawing.Primitives.dll
[27.984s] -- Up-to-date: C:/Users/Jorge/Documents/GitHub/ArtekmedRos2/ShellScripts/string_msgs_multiple_functions_ddl/install/string_msgs_multiple_functions_ddl/lib/string_msgs_multiple_functions_ddl/dotnet/System.Dynamic.Runtime.dll
[27.984s] -- Up-to-date: C:/Users/Jorge/Documents/GitHub/ArtekmedRos2/ShellScripts/string_msgs_multiple_functions_ddl/install/string_msgs_multiple_functions_ddl/lib/string_msgs_multiple_functions_ddl/dotnet/System.Globalization.Calendars.dll
[28.000s] -- Up-to-date: C:/Users/Jorge/Documents/GitHub/ArtekmedRos2/ShellScripts/string_msgs_multiple_functions_ddl/install/string_msgs_multiple_functions_ddl/lib/string_msgs_multiple_functions_ddl/dotnet/System.Globalization.dll
[28.000s] -- Up-to-date: C:/Users/Jorge/Documents/GitHub/ArtekmedRos2/ShellScripts/string_msgs_multiple_functions_ddl/install/string_msgs_multiple_functions_ddl/lib/string_msgs_multiple_functions_ddl/dotnet/System.Globalization.Extensions.dll
[28.000s] -- Up-to-date: C:/Users/Jorge/Documents/GitHub/ArtekmedRos2/ShellScripts/string_msgs_multiple_functions_ddl/install/string_msgs_multiple_functions_ddl/lib/string_msgs_multiple_functions_ddl/dotnet/System.IO.Compression.dll
[28.031s] -- Up-to-date: C:/Users/Jorge/Documents/GitHub/ArtekmedRos2/ShellScripts/string_msgs_multiple_functions_ddl/install/string_msgs_multiple_functions_ddl/lib/string_msgs_multiple_functions_ddl/dotnet/System.IO.Compression.FileSystem.dll
[28.031s] -- Up-to-date: C:/Users/Jorge/Documents/GitHub/ArtekmedRos2/ShellScripts/string_msgs_multiple_functions_ddl/install/string_msgs_multiple_functions_ddl/lib/string_msgs_multiple_functions_ddl/dotnet/System.IO.Compression.ZipFile.dll
[28.047s] -- Up-to-date: C:/Users/Jorge/Documents/GitHub/ArtekmedRos2/ShellScripts/string_msgs_multiple_functions_ddl/install/string_msgs_multiple_functions_ddl/lib/string_msgs_multiple_functions_ddl/dotnet/System.IO.dll
[28.047s] -- Up-to-date: C:/Users/Jorge/Documents/GitHub/ArtekmedRos2/ShellScripts/string_msgs_multiple_functions_ddl/install/string_msgs_multiple_functions_ddl/lib/string_msgs_multiple_functions_ddl/dotnet/System.IO.FileSystem.AccessControl.dll
[28.063s] -- Up-to-date: C:/Users/Jorge/Documents/GitHub/ArtekmedRos2/ShellScripts/string_msgs_multiple_functions_ddl/install/string_msgs_multiple_functions_ddl/lib/string_msgs_multiple_functions_ddl/dotnet/System.IO.FileSystem.dll
[28.063s] -- Up-to-date: C:/Users/Jorge/Documents/GitHub/ArtekmedRos2/ShellScripts/string_msgs_multiple_functions_ddl/install/string_msgs_multiple_functions_ddl/lib/string_msgs_multiple_functions_ddl/dotnet/System.IO.FileSystem.DriveInfo.dll
[28.078s] -- Up-to-date: C:/Users/Jorge/Documents/GitHub/ArtekmedRos2/ShellScripts/string_msgs_multiple_functions_ddl/install/string_msgs_multiple_functions_ddl/lib/string_msgs_multiple_functions_ddl/dotnet/System.IO.FileSystem.Primitives.dll
[28.094s] -- Up-to-date: C:/Users/Jorge/Documents/GitHub/ArtekmedRos2/ShellScripts/string_msgs_multiple_functions_ddl/install/string_msgs_multiple_functions_ddl/lib/string_msgs_multiple_functions_ddl/dotnet/System.IO.FileSystem.Watcher.dll
[28.094s] -- Up-to-date: C:/Users/Jorge/Documents/GitHub/ArtekmedRos2/ShellScripts/string_msgs_multiple_functions_ddl/install/string_msgs_multiple_functions_ddl/lib/string_msgs_multiple_functions_ddl/dotnet/System.IO.IsolatedStorage.dll
[28.109s] -- Up-to-date: C:/Users/Jorge/Documents/GitHub/ArtekmedRos2/ShellScripts/string_msgs_multiple_functions_ddl/install/string_msgs_multiple_functions_ddl/lib/string_msgs_multiple_functions_ddl/dotnet/System.IO.MemoryMappedFiles.dll
[28.109s] -- Up-to-date: C:/Users/Jorge/Documents/GitHub/ArtekmedRos2/ShellScripts/string_msgs_multiple_functions_ddl/install/string_msgs_multiple_functions_ddl/lib/string_msgs_multiple_functions_ddl/dotnet/System.IO.Pipes.dll
[28.141s] -- Up-to-date: C:/Users/Jorge/Documents/GitHub/ArtekmedRos2/ShellScripts/string_msgs_multiple_functions_ddl/install/string_msgs_multiple_functions_ddl/lib/string_msgs_multiple_functions_ddl/dotnet/System.IO.UnmanagedMemoryStream.dll
[28.156s] -- Up-to-date: C:/Users/Jorge/Documents/GitHub/ArtekmedRos2/ShellScripts/string_msgs_multiple_functions_ddl/install/string_msgs_multiple_functions_ddl/lib/string_msgs_multiple_functions_ddl/dotnet/System.Linq.dll
[28.156s] -- Up-to-date: C:/Users/Jorge/Documents/GitHub/ArtekmedRos2/ShellScripts/string_msgs_multiple_functions_ddl/install/string_msgs_multiple_functions_ddl/lib/string_msgs_multiple_functions_ddl/dotnet/System.Linq.Expressions.dll
[28.156s] -- Up-to-date: C:/Users/Jorge/Documents/GitHub/ArtekmedRos2/ShellScripts/string_msgs_multiple_functions_ddl/install/string_msgs_multiple_functions_ddl/lib/string_msgs_multiple_functions_ddl/dotnet/System.Linq.Parallel.dll
[28.172s] -- Up-to-date: C:/Users/Jorge/Documents/GitHub/ArtekmedRos2/ShellScripts/string_msgs_multiple_functions_ddl/install/string_msgs_multiple_functions_ddl/lib/string_msgs_multiple_functions_ddl/dotnet/System.Linq.Queryable.dll
[28.172s] -- Up-to-date: C:/Users/Jorge/Documents/GitHub/ArtekmedRos2/ShellScripts/string_msgs_multiple_functions_ddl/install/string_msgs_multiple_functions_ddl/lib/string_msgs_multiple_functions_ddl/dotnet/System.Net.dll
[28.203s] -- Up-to-date: C:/Users/Jorge/Documents/GitHub/ArtekmedRos2/ShellScripts/string_msgs_multiple_functions_ddl/install/string_msgs_multiple_functions_ddl/lib/string_msgs_multiple_functions_ddl/dotnet/System.Net.Http.dll
[28.219s] -- Up-to-date: C:/Users/Jorge/Documents/GitHub/ArtekmedRos2/ShellScripts/string_msgs_multiple_functions_ddl/install/string_msgs_multiple_functions_ddl/lib/string_msgs_multiple_functions_ddl/dotnet/System.Net.HttpListener.dll
[28.219s] -- Up-to-date: C:/Users/Jorge/Documents/GitHub/ArtekmedRos2/ShellScripts/string_msgs_multiple_functions_ddl/install/string_msgs_multiple_functions_ddl/lib/string_msgs_multiple_functions_ddl/dotnet/System.Net.Mail.dll
[28.219s] -- Up-to-date: C:/Users/Jorge/Documents/GitHub/ArtekmedRos2/ShellScripts/string_msgs_multiple_functions_ddl/install/string_msgs_multiple_functions_ddl/lib/string_msgs_multiple_functions_ddl/dotnet/System.Net.NameResolution.dll
[28.234s] -- Up-to-date: C:/Users/Jorge/Documents/GitHub/ArtekmedRos2/ShellScripts/string_msgs_multiple_functions_ddl/install/string_msgs_multiple_functions_ddl/lib/string_msgs_multiple_functions_ddl/dotnet/System.Net.NetworkInformation.dll
[28.234s] -- Up-to-date: C:/Users/Jorge/Documents/GitHub/ArtekmedRos2/ShellScripts/string_msgs_multiple_functions_ddl/install/string_msgs_multiple_functions_ddl/lib/string_msgs_multiple_functions_ddl/dotnet/System.Net.Ping.dll
[28.250s] -- Up-to-date: C:/Users/Jorge/Documents/GitHub/ArtekmedRos2/ShellScripts/string_msgs_multiple_functions_ddl/install/string_msgs_multiple_functions_ddl/lib/string_msgs_multiple_functions_ddl/dotnet/System.Net.Primitives.dll
[28.266s] -- Up-to-date: C:/Users/Jorge/Documents/GitHub/ArtekmedRos2/ShellScripts/string_msgs_multiple_functions_ddl/install/string_msgs_multiple_functions_ddl/lib/string_msgs_multiple_functions_ddl/dotnet/System.Net.Requests.dll
[28.266s] -- Up-to-date: C:/Users/Jorge/Documents/GitHub/ArtekmedRos2/ShellScripts/string_msgs_multiple_functions_ddl/install/string_msgs_multiple_functions_ddl/lib/string_msgs_multiple_functions_ddl/dotnet/System.Net.Security.dll
[28.281s] -- Up-to-date: C:/Users/Jorge/Documents/GitHub/ArtekmedRos2/ShellScripts/string_msgs_multiple_functions_ddl/install/string_msgs_multiple_functions_ddl/lib/string_msgs_multiple_functions_ddl/dotnet/System.Net.ServicePoint.dll
[28.297s] -- Up-to-date: C:/Users/Jorge/Documents/GitHub/ArtekmedRos2/ShellScripts/string_msgs_multiple_functions_ddl/install/string_msgs_multiple_functions_ddl/lib/string_msgs_multiple_functions_ddl/dotnet/System.Net.Sockets.dll
[28.313s] -- Up-to-date: C:/Users/Jorge/Documents/GitHub/ArtekmedRos2/ShellScripts/string_msgs_multiple_functions_ddl/install/string_msgs_multiple_functions_ddl/lib/string_msgs_multiple_functions_ddl/dotnet/System.Net.WebClient.dll
[28.313s] -- Up-to-date: C:/Users/Jorge/Documents/GitHub/ArtekmedRos2/ShellScripts/string_msgs_multiple_functions_ddl/install/string_msgs_multiple_functions_ddl/lib/string_msgs_multiple_functions_ddl/dotnet/System.Net.WebHeaderCollection.dll
[28.313s] -- Up-to-date: C:/Users/Jorge/Documents/GitHub/ArtekmedRos2/ShellScripts/string_msgs_multiple_functions_ddl/install/string_msgs_multiple_functions_ddl/lib/string_msgs_multiple_functions_ddl/dotnet/System.Net.WebProxy.dll
[28.328s] -- Up-to-date: C:/Users/Jorge/Documents/GitHub/ArtekmedRos2/ShellScripts/string_msgs_multiple_functions_ddl/install/string_msgs_multiple_functions_ddl/lib/string_msgs_multiple_functions_ddl/dotnet/System.Net.WebSockets.Client.dll
[28.344s] -- Up-to-date: C:/Users/Jorge/Documents/GitHub/ArtekmedRos2/ShellScripts/string_msgs_multiple_functions_ddl/install/string_msgs_multiple_functions_ddl/lib/string_msgs_multiple_functions_ddl/dotnet/System.Net.WebSockets.dll
[28.344s] -- Up-to-date: C:/Users/Jorge/Documents/GitHub/ArtekmedRos2/ShellScripts/string_msgs_multiple_functions_ddl/install/string_msgs_multiple_functions_ddl/lib/string_msgs_multiple_functions_ddl/dotnet/System.Numerics.dll
[28.344s] -- Up-to-date: C:/Users/Jorge/Documents/GitHub/ArtekmedRos2/ShellScripts/string_msgs_multiple_functions_ddl/install/string_msgs_multiple_functions_ddl/lib/string_msgs_multiple_functions_ddl/dotnet/System.Numerics.Vectors.dll
[28.359s] -- Up-to-date: C:/Users/Jorge/Documents/GitHub/ArtekmedRos2/ShellScripts/string_msgs_multiple_functions_ddl/install/string_msgs_multiple_functions_ddl/lib/string_msgs_multiple_functions_ddl/dotnet/System.ObjectModel.dll
[28.359s] -- Up-to-date: C:/Users/Jorge/Documents/GitHub/ArtekmedRos2/ShellScripts/string_msgs_multiple_functions_ddl/install/string_msgs_multiple_functions_ddl/lib/string_msgs_multiple_functions_ddl/dotnet/System.Private.CoreLib.dll
[28.359s] -- Up-to-date: C:/Users/Jorge/Documents/GitHub/ArtekmedRos2/ShellScripts/string_msgs_multiple_functions_ddl/install/string_msgs_multiple_functions_ddl/lib/string_msgs_multiple_functions_ddl/dotnet/System.Private.DataContractSerialization.dll
[28.375s] -- Up-to-date: C:/Users/Jorge/Documents/GitHub/ArtekmedRos2/ShellScripts/string_msgs_multiple_functions_ddl/install/string_msgs_multiple_functions_ddl/lib/string_msgs_multiple_functions_ddl/dotnet/System.Private.Uri.dll
[28.391s] -- Up-to-date: C:/Users/Jorge/Documents/GitHub/ArtekmedRos2/ShellScripts/string_msgs_multiple_functions_ddl/install/string_msgs_multiple_functions_ddl/lib/string_msgs_multiple_functions_ddl/dotnet/System.Private.Xml.dll
[28.391s] -- Up-to-date: C:/Users/Jorge/Documents/GitHub/ArtekmedRos2/ShellScripts/string_msgs_multiple_functions_ddl/install/string_msgs_multiple_functions_ddl/lib/string_msgs_multiple_functions_ddl/dotnet/System.Private.Xml.Linq.dll
[28.391s] -- Up-to-date: C:/Users/Jorge/Documents/GitHub/ArtekmedRos2/ShellScripts/string_msgs_multiple_functions_ddl/install/string_msgs_multiple_functions_ddl/lib/string_msgs_multiple_functions_ddl/dotnet/System.Reflection.DispatchProxy.dll
[28.391s] -- Up-to-date: C:/Users/Jorge/Documents/GitHub/ArtekmedRos2/ShellScripts/string_msgs_multiple_functions_ddl/install/string_msgs_multiple_functions_ddl/lib/string_msgs_multiple_functions_ddl/dotnet/System.Reflection.dll
[28.406s] -- Up-to-date: C:/Users/Jorge/Documents/GitHub/ArtekmedRos2/ShellScripts/string_msgs_multiple_functions_ddl/install/string_msgs_multiple_functions_ddl/lib/string_msgs_multiple_functions_ddl/dotnet/System.Reflection.Emit.dll
[28.422s] -- Up-to-date: C:/Users/Jorge/Documents/GitHub/ArtekmedRos2/ShellScripts/string_msgs_multiple_functions_ddl/install/string_msgs_multiple_functions_ddl/lib/string_msgs_multiple_functions_ddl/dotnet/System.Reflection.Emit.ILGeneration.dll
[28.422s] -- Up-to-date: C:/Users/Jorge/Documents/GitHub/ArtekmedRos2/ShellScripts/string_msgs_multiple_functions_ddl/install/string_msgs_multiple_functions_ddl/lib/string_msgs_multiple_functions_ddl/dotnet/System.Reflection.Emit.Lightweight.dll
[28.422s] -- Up-to-date: C:/Users/Jorge/Documents/GitHub/ArtekmedRos2/ShellScripts/string_msgs_multiple_functions_ddl/install/string_msgs_multiple_functions_ddl/lib/string_msgs_multiple_functions_ddl/dotnet/System.Reflection.Extensions.dll
[28.422s] -- Up-to-date: C:/Users/Jorge/Documents/GitHub/ArtekmedRos2/ShellScripts/string_msgs_multiple_functions_ddl/install/string_msgs_multiple_functions_ddl/lib/string_msgs_multiple_functions_ddl/dotnet/System.Reflection.Metadata.dll
[28.438s] -- Up-to-date: C:/Users/Jorge/Documents/GitHub/ArtekmedRos2/ShellScripts/string_msgs_multiple_functions_ddl/install/string_msgs_multiple_functions_ddl/lib/string_msgs_multiple_functions_ddl/dotnet/System.Reflection.Primitives.dll
[28.453s] -- Up-to-date: C:/Users/Jorge/Documents/GitHub/ArtekmedRos2/ShellScripts/string_msgs_multiple_functions_ddl/install/string_msgs_multiple_functions_ddl/lib/string_msgs_multiple_functions_ddl/dotnet/System.Reflection.TypeExtensions.dll
[28.453s] -- Up-to-date: C:/Users/Jorge/Documents/GitHub/ArtekmedRos2/ShellScripts/string_msgs_multiple_functions_ddl/install/string_msgs_multiple_functions_ddl/lib/string_msgs_multiple_functions_ddl/dotnet/System.Resources.Reader.dll
[28.453s] -- Up-to-date: C:/Users/Jorge/Documents/GitHub/ArtekmedRos2/ShellScripts/string_msgs_multiple_functions_ddl/install/string_msgs_multiple_functions_ddl/lib/string_msgs_multiple_functions_ddl/dotnet/System.Resources.ResourceManager.dll
[28.453s] -- Up-to-date: C:/Users/Jorge/Documents/GitHub/ArtekmedRos2/ShellScripts/string_msgs_multiple_functions_ddl/install/string_msgs_multiple_functions_ddl/lib/string_msgs_multiple_functions_ddl/dotnet/System.Resources.Writer.dll
[28.453s] -- Up-to-date: C:/Users/Jorge/Documents/GitHub/ArtekmedRos2/ShellScripts/string_msgs_multiple_functions_ddl/install/string_msgs_multiple_functions_ddl/lib/string_msgs_multiple_functions_ddl/dotnet/System.Runtime.CompilerServices.VisualC.dll
[28.469s] -- Up-to-date: C:/Users/Jorge/Documents/GitHub/ArtekmedRos2/ShellScripts/string_msgs_multiple_functions_ddl/install/string_msgs_multiple_functions_ddl/lib/string_msgs_multiple_functions_ddl/dotnet/System.Runtime.dll
[28.484s] -- Up-to-date: C:/Users/Jorge/Documents/GitHub/ArtekmedRos2/ShellScripts/string_msgs_multiple_functions_ddl/install/string_msgs_multiple_functions_ddl/lib/string_msgs_multiple_functions_ddl/dotnet/System.Runtime.Extensions.dll
[28.484s] -- Up-to-date: C:/Users/Jorge/Documents/GitHub/ArtekmedRos2/ShellScripts/string_msgs_multiple_functions_ddl/install/string_msgs_multiple_functions_ddl/lib/string_msgs_multiple_functions_ddl/dotnet/System.Runtime.Handles.dll
[28.484s] -- Up-to-date: C:/Users/Jorge/Documents/GitHub/ArtekmedRos2/ShellScripts/string_msgs_multiple_functions_ddl/install/string_msgs_multiple_functions_ddl/lib/string_msgs_multiple_functions_ddl/dotnet/System.Runtime.InteropServices.dll
[28.484s] -- Up-to-date: C:/Users/Jorge/Documents/GitHub/ArtekmedRos2/ShellScripts/string_msgs_multiple_functions_ddl/install/string_msgs_multiple_functions_ddl/lib/string_msgs_multiple_functions_ddl/dotnet/System.Runtime.InteropServices.RuntimeInformation.dll
[28.484s] -- Up-to-date: C:/Users/Jorge/Documents/GitHub/ArtekmedRos2/ShellScripts/string_msgs_multiple_functions_ddl/install/string_msgs_multiple_functions_ddl/lib/string_msgs_multiple_functions_ddl/dotnet/System.Runtime.InteropServices.WindowsRuntime.dll
[28.500s] -- Up-to-date: C:/Users/Jorge/Documents/GitHub/ArtekmedRos2/ShellScripts/string_msgs_multiple_functions_ddl/install/string_msgs_multiple_functions_ddl/lib/string_msgs_multiple_functions_ddl/dotnet/System.Runtime.Loader.dll
[28.516s] -- Up-to-date: C:/Users/Jorge/Documents/GitHub/ArtekmedRos2/ShellScripts/string_msgs_multiple_functions_ddl/install/string_msgs_multiple_functions_ddl/lib/string_msgs_multiple_functions_ddl/dotnet/System.Runtime.Numerics.dll
[28.516s] -- Up-to-date: C:/Users/Jorge/Documents/GitHub/ArtekmedRos2/ShellScripts/string_msgs_multiple_functions_ddl/install/string_msgs_multiple_functions_ddl/lib/string_msgs_multiple_functions_ddl/dotnet/System.Runtime.Serialization.dll
[28.516s] -- Up-to-date: C:/Users/Jorge/Documents/GitHub/ArtekmedRos2/ShellScripts/string_msgs_multiple_functions_ddl/install/string_msgs_multiple_functions_ddl/lib/string_msgs_multiple_functions_ddl/dotnet/System.Runtime.Serialization.Formatters.dll
[28.516s] -- Up-to-date: C:/Users/Jorge/Documents/GitHub/ArtekmedRos2/ShellScripts/string_msgs_multiple_functions_ddl/install/string_msgs_multiple_functions_ddl/lib/string_msgs_multiple_functions_ddl/dotnet/System.Runtime.Serialization.Json.dll
[28.516s] -- Up-to-date: C:/Users/Jorge/Documents/GitHub/ArtekmedRos2/ShellScripts/string_msgs_multiple_functions_ddl/install/string_msgs_multiple_functions_ddl/lib/string_msgs_multiple_functions_ddl/dotnet/System.Runtime.Serialization.Primitives.dll
[28.516s] -- Up-to-date: C:/Users/Jorge/Documents/GitHub/ArtekmedRos2/ShellScripts/string_msgs_multiple_functions_ddl/install/string_msgs_multiple_functions_ddl/lib/string_msgs_multiple_functions_ddl/dotnet/System.Runtime.Serialization.Xml.dll
[28.531s] -- Up-to-date: C:/Users/Jorge/Documents/GitHub/ArtekmedRos2/ShellScripts/string_msgs_multiple_functions_ddl/install/string_msgs_multiple_functions_ddl/lib/string_msgs_multiple_functions_ddl/dotnet/System.Security.AccessControl.dll
[28.547s] -- Up-to-date: C:/Users/Jorge/Documents/GitHub/ArtekmedRos2/ShellScripts/string_msgs_multiple_functions_ddl/install/string_msgs_multiple_functions_ddl/lib/string_msgs_multiple_functions_ddl/dotnet/System.Security.Claims.dll
[28.563s] -- Up-to-date: C:/Users/Jorge/Documents/GitHub/ArtekmedRos2/ShellScripts/string_msgs_multiple_functions_ddl/install/string_msgs_multiple_functions_ddl/lib/string_msgs_multiple_functions_ddl/dotnet/System.Security.Cryptography.Algorithms.dll
[28.563s] -- Up-to-date: C:/Users/Jorge/Documents/GitHub/ArtekmedRos2/ShellScripts/string_msgs_multiple_functions_ddl/install/string_msgs_multiple_functions_ddl/lib/string_msgs_multiple_functions_ddl/dotnet/System.Security.Cryptography.Cng.dll
[28.563s] -- Up-to-date: C:/Users/Jorge/Documents/GitHub/ArtekmedRos2/ShellScripts/string_msgs_multiple_functions_ddl/install/string_msgs_multiple_functions_ddl/lib/string_msgs_multiple_functions_ddl/dotnet/System.Security.Cryptography.Csp.dll
[28.578s] -- Up-to-date: C:/Users/Jorge/Documents/GitHub/ArtekmedRos2/ShellScripts/string_msgs_multiple_functions_ddl/install/string_msgs_multiple_functions_ddl/lib/string_msgs_multiple_functions_ddl/dotnet/System.Security.Cryptography.Encoding.dll
[28.578s] -- Up-to-date: C:/Users/Jorge/Documents/GitHub/ArtekmedRos2/ShellScripts/string_msgs_multiple_functions_ddl/install/string_msgs_multiple_functions_ddl/lib/string_msgs_multiple_functions_ddl/dotnet/System.Security.Cryptography.OpenSsl.dll
[28.578s] -- Up-to-date: C:/Users/Jorge/Documents/GitHub/ArtekmedRos2/ShellScripts/string_msgs_multiple_functions_ddl/install/string_msgs_multiple_functions_ddl/lib/string_msgs_multiple_functions_ddl/dotnet/System.Security.Cryptography.Primitives.dll
[28.625s] -- Up-to-date: C:/Users/Jorge/Documents/GitHub/ArtekmedRos2/ShellScripts/string_msgs_multiple_functions_ddl/install/string_msgs_multiple_functions_ddl/lib/string_msgs_multiple_functions_ddl/dotnet/System.Security.Cryptography.X509Certificates.dll
[28.625s] -- Up-to-date: C:/Users/Jorge/Documents/GitHub/ArtekmedRos2/ShellScripts/string_msgs_multiple_functions_ddl/install/string_msgs_multiple_functions_ddl/lib/string_msgs_multiple_functions_ddl/dotnet/System.Security.dll
[28.625s] -- Up-to-date: C:/Users/Jorge/Documents/GitHub/ArtekmedRos2/ShellScripts/string_msgs_multiple_functions_ddl/install/string_msgs_multiple_functions_ddl/lib/string_msgs_multiple_functions_ddl/dotnet/System.Security.Principal.dll
[28.656s] -- Up-to-date: C:/Users/Jorge/Documents/GitHub/ArtekmedRos2/ShellScripts/string_msgs_multiple_functions_ddl/install/string_msgs_multiple_functions_ddl/lib/string_msgs_multiple_functions_ddl/dotnet/System.Security.Principal.Windows.dll
[28.656s] -- Up-to-date: C:/Users/Jorge/Documents/GitHub/ArtekmedRos2/ShellScripts/string_msgs_multiple_functions_ddl/install/string_msgs_multiple_functions_ddl/lib/string_msgs_multiple_functions_ddl/dotnet/System.Security.SecureString.dll
[28.656s] -- Up-to-date: C:/Users/Jorge/Documents/GitHub/ArtekmedRos2/ShellScripts/string_msgs_multiple_functions_ddl/install/string_msgs_multiple_functions_ddl/lib/string_msgs_multiple_functions_ddl/dotnet/System.ServiceModel.Web.dll
[28.672s] -- Up-to-date: C:/Users/Jorge/Documents/GitHub/ArtekmedRos2/ShellScripts/string_msgs_multiple_functions_ddl/install/string_msgs_multiple_functions_ddl/lib/string_msgs_multiple_functions_ddl/dotnet/System.ServiceProcess.dll
[28.672s] -- Up-to-date: C:/Users/Jorge/Documents/GitHub/ArtekmedRos2/ShellScripts/string_msgs_multiple_functions_ddl/install/string_msgs_multiple_functions_ddl/lib/string_msgs_multiple_functions_ddl/dotnet/System.Text.Encoding.dll
[28.688s] -- Up-to-date: C:/Users/Jorge/Documents/GitHub/ArtekmedRos2/ShellScripts/string_msgs_multiple_functions_ddl/install/string_msgs_multiple_functions_ddl/lib/string_msgs_multiple_functions_ddl/dotnet/System.Text.Encoding.Extensions.dll
[28.688s] -- Up-to-date: C:/Users/Jorge/Documents/GitHub/ArtekmedRos2/ShellScripts/string_msgs_multiple_functions_ddl/install/string_msgs_multiple_functions_ddl/lib/string_msgs_multiple_functions_ddl/dotnet/System.Text.RegularExpressions.dll
[28.703s] -- Up-to-date: C:/Users/Jorge/Documents/GitHub/ArtekmedRos2/ShellScripts/string_msgs_multiple_functions_ddl/install/string_msgs_multiple_functions_ddl/lib/string_msgs_multiple_functions_ddl/dotnet/System.Threading.dll
[28.719s] -- Up-to-date: C:/Users/Jorge/Documents/GitHub/ArtekmedRos2/ShellScripts/string_msgs_multiple_functions_ddl/install/string_msgs_multiple_functions_ddl/lib/string_msgs_multiple_functions_ddl/dotnet/System.Threading.Overlapped.dll
[28.719s] -- Up-to-date: C:/Users/Jorge/Documents/GitHub/ArtekmedRos2/ShellScripts/string_msgs_multiple_functions_ddl/install/string_msgs_multiple_functions_ddl/lib/string_msgs_multiple_functions_ddl/dotnet/System.Threading.Tasks.Dataflow.dll
[28.734s] -- Up-to-date: C:/Users/Jorge/Documents/GitHub/ArtekmedRos2/ShellScripts/string_msgs_multiple_functions_ddl/install/string_msgs_multiple_functions_ddl/lib/string_msgs_multiple_functions_ddl/dotnet/System.Threading.Tasks.dll
[28.734s] -- Up-to-date: C:/Users/Jorge/Documents/GitHub/ArtekmedRos2/ShellScripts/string_msgs_multiple_functions_ddl/install/string_msgs_multiple_functions_ddl/lib/string_msgs_multiple_functions_ddl/dotnet/System.Threading.Tasks.Extensions.dll
[28.734s] -- Up-to-date: C:/Users/Jorge/Documents/GitHub/ArtekmedRos2/ShellScripts/string_msgs_multiple_functions_ddl/install/string_msgs_multiple_functions_ddl/lib/string_msgs_multiple_functions_ddl/dotnet/System.Threading.Tasks.Parallel.dll
[28.750s] -- Up-to-date: C:/Users/Jorge/Documents/GitHub/ArtekmedRos2/ShellScripts/string_msgs_multiple_functions_ddl/install/string_msgs_multiple_functions_ddl/lib/string_msgs_multiple_functions_ddl/dotnet/System.Threading.Thread.dll
[28.750s] -- Up-to-date: C:/Users/Jorge/Documents/GitHub/ArtekmedRos2/ShellScripts/string_msgs_multiple_functions_ddl/install/string_msgs_multiple_functions_ddl/lib/string_msgs_multiple_functions_ddl/dotnet/System.Threading.ThreadPool.dll
[28.766s] -- Up-to-date: C:/Users/Jorge/Documents/GitHub/ArtekmedRos2/ShellScripts/string_msgs_multiple_functions_ddl/install/string_msgs_multiple_functions_ddl/lib/string_msgs_multiple_functions_ddl/dotnet/System.Threading.Timer.dll
[28.797s] -- Up-to-date: C:/Users/Jorge/Documents/GitHub/ArtekmedRos2/ShellScripts/string_msgs_multiple_functions_ddl/install/string_msgs_multiple_functions_ddl/lib/string_msgs_multiple_functions_ddl/dotnet/System.Transactions.dll
[28.797s] -- Up-to-date: C:/Users/Jorge/Documents/GitHub/ArtekmedRos2/ShellScripts/string_msgs_multiple_functions_ddl/install/string_msgs_multiple_functions_ddl/lib/string_msgs_multiple_functions_ddl/dotnet/System.Transactions.Local.dll
[28.797s] -- Up-to-date: C:/Users/Jorge/Documents/GitHub/ArtekmedRos2/ShellScripts/string_msgs_multiple_functions_ddl/install/string_msgs_multiple_functions_ddl/lib/string_msgs_multiple_functions_ddl/dotnet/System.ValueTuple.dll
[28.813s] -- Up-to-date: C:/Users/Jorge/Documents/GitHub/ArtekmedRos2/ShellScripts/string_msgs_multiple_functions_ddl/install/string_msgs_multiple_functions_ddl/lib/string_msgs_multiple_functions_ddl/dotnet/System.Web.dll
[28.844s] -- Up-to-date: C:/Users/Jorge/Documents/GitHub/ArtekmedRos2/ShellScripts/string_msgs_multiple_functions_ddl/install/string_msgs_multiple_functions_ddl/lib/string_msgs_multiple_functions_ddl/dotnet/System.Web.HttpUtility.dll
[28.844s] -- Up-to-date: C:/Users/Jorge/Documents/GitHub/ArtekmedRos2/ShellScripts/string_msgs_multiple_functions_ddl/install/string_msgs_multiple_functions_ddl/lib/string_msgs_multiple_functions_ddl/dotnet/System.Windows.dll
[28.844s] -- Up-to-date: C:/Users/Jorge/Documents/GitHub/ArtekmedRos2/ShellScripts/string_msgs_multiple_functions_ddl/install/string_msgs_multiple_functions_ddl/lib/string_msgs_multiple_functions_ddl/dotnet/System.Xml.dll
[28.859s] -- Up-to-date: C:/Users/Jorge/Documents/GitHub/ArtekmedRos2/ShellScripts/string_msgs_multiple_functions_ddl/install/string_msgs_multiple_functions_ddl/lib/string_msgs_multiple_functions_ddl/dotnet/System.Xml.Linq.dll
[28.891s] -- Up-to-date: C:/Users/Jorge/Documents/GitHub/ArtekmedRos2/ShellScripts/string_msgs_multiple_functions_ddl/install/string_msgs_multiple_functions_ddl/lib/string_msgs_multiple_functions_ddl/dotnet/System.Xml.ReaderWriter.dll
[28.891s] -- Up-to-date: C:/Users/Jorge/Documents/GitHub/ArtekmedRos2/ShellScripts/string_msgs_multiple_functions_ddl/install/string_msgs_multiple_functions_ddl/lib/string_msgs_multiple_functions_ddl/dotnet/System.Xml.Serialization.dll
[28.906s] -- Up-to-date: C:/Users/Jorge/Documents/GitHub/ArtekmedRos2/ShellScripts/string_msgs_multiple_functions_ddl/install/string_msgs_multiple_functions_ddl/lib/string_msgs_multiple_functions_ddl/dotnet/System.Xml.XDocument.dll
[28.922s] -- Up-to-date: C:/Users/Jorge/Documents/GitHub/ArtekmedRos2/ShellScripts/string_msgs_multiple_functions_ddl/install/string_msgs_multiple_functions_ddl/lib/string_msgs_multiple_functions_ddl/dotnet/System.Xml.XmlDocument.dll
[28.922s] -- Up-to-date: C:/Users/Jorge/Documents/GitHub/ArtekmedRos2/ShellScripts/string_msgs_multiple_functions_ddl/install/string_msgs_multiple_functions_ddl/lib/string_msgs_multiple_functions_ddl/dotnet/System.Xml.XmlSerializer.dll
[28.938s] -- Up-to-date: C:/Users/Jorge/Documents/GitHub/ArtekmedRos2/ShellScripts/string_msgs_multiple_functions_ddl/install/string_msgs_multiple_functions_ddl/lib/string_msgs_multiple_functions_ddl/dotnet/System.Xml.XPath.dll
[28.938s] -- Up-to-date: C:/Users/Jorge/Documents/GitHub/ArtekmedRos2/ShellScripts/string_msgs_multiple_functions_ddl/install/string_msgs_multiple_functions_ddl/lib/string_msgs_multiple_functions_ddl/dotnet/System.Xml.XPath.XDocument.dll
[28.938s] -- Up-to-date: C:/Users/Jorge/Documents/GitHub/ArtekmedRos2/ShellScripts/string_msgs_multiple_functions_ddl/install/string_msgs_multiple_functions_ddl/lib/string_msgs_multiple_functions_ddl/dotnet/ucrtbase.dll
[28.938s] -- Up-to-date: C:/Users/Jorge/Documents/GitHub/ArtekmedRos2/ShellScripts/string_msgs_multiple_functions_ddl/install/string_msgs_multiple_functions_ddl/lib/string_msgs_multiple_functions_ddl/dotnet/WindowsBase.dll
[28.953s] -- Up-to-date: C:/Users/Jorge/Documents/GitHub/ArtekmedRos2/ShellScripts/string_msgs_multiple_functions_ddl/install/string_msgs_multiple_functions_ddl/lib/string_msgs_multiple_functions_ddl/string_msgs_multiple_functions_ddl.bat
[28.969s] -- Up-to-date: C:/Users/Jorge/Documents/GitHub/ArtekmedRos2/ShellScripts/string_msgs_multiple_functions_ddl/install/string_msgs_multiple_functions_ddl/share/ament_index/resource_index/package_run_dependencies/string_msgs_multiple_functions_ddl
[28.969s] -- Up-to-date: C:/Users/Jorge/Documents/GitHub/ArtekmedRos2/ShellScripts/string_msgs_multiple_functions_ddl/install/string_msgs_multiple_functions_ddl/share/ament_index/resource_index/parent_prefix_path/string_msgs_multiple_functions_ddl
[28.969s] -- Up-to-date: C:/Users/Jorge/Documents/GitHub/ArtekmedRos2/ShellScripts/string_msgs_multiple_functions_ddl/install/string_msgs_multiple_functions_ddl/share/string_msgs_multiple_functions_ddl/environment/ament_prefix_path.bat
[28.984s] -- Installing: C:/Users/Jorge/Documents/GitHub/ArtekmedRos2/ShellScripts/string_msgs_multiple_functions_ddl/install/string_msgs_multiple_functions_ddl/share/string_msgs_multiple_functions_ddl/environment/ament_prefix_path.dsv
[29.000s] -- Up-to-date: C:/Users/Jorge/Documents/GitHub/ArtekmedRos2/ShellScripts/string_msgs_multiple_functions_ddl/install/string_msgs_multiple_functions_ddl/share/string_msgs_multiple_functions_ddl/environment/path.bat
[29.016s] -- Installing: C:/Users/Jorge/Documents/GitHub/ArtekmedRos2/ShellScripts/string_msgs_multiple_functions_ddl/install/string_msgs_multiple_functions_ddl/share/string_msgs_multiple_functions_ddl/environment/path.dsv
[29.031s] -- Up-to-date: C:/Users/Jorge/Documents/GitHub/ArtekmedRos2/ShellScripts/string_msgs_multiple_functions_ddl/install/string_msgs_multiple_functions_ddl/share/string_msgs_multiple_functions_ddl/local_setup.bat
[29.031s] -- Installing: C:/Users/Jorge/Documents/GitHub/ArtekmedRos2/ShellScripts/string_msgs_multiple_functions_ddl/install/string_msgs_multiple_functions_ddl/share/string_msgs_multiple_functions_ddl/local_setup.dsv
[29.063s] -- Installing: C:/Users/Jorge/Documents/GitHub/ArtekmedRos2/ShellScripts/string_msgs_multiple_functions_ddl/install/string_msgs_multiple_functions_ddl/share/string_msgs_multiple_functions_ddl/package.dsv
[29.078s] -- Up-to-date: C:/Users/Jorge/Documents/GitHub/ArtekmedRos2/ShellScripts/string_msgs_multiple_functions_ddl/install/string_msgs_multiple_functions_ddl/share/ament_index/resource_index/packages/string_msgs_multiple_functions_ddl
[29.078s] -- Up-to-date: C:/Users/Jorge/Documents/GitHub/ArtekmedRos2/ShellScripts/string_msgs_multiple_functions_ddl/install/string_msgs_multiple_functions_ddl/share/string_msgs_multiple_functions_ddl/cmake/string_msgs_multiple_functions_ddlConfig.cmake
[29.078s] -- Up-to-date: C:/Users/Jorge/Documents/GitHub/ArtekmedRos2/ShellScripts/string_msgs_multiple_functions_ddl/install/string_msgs_multiple_functions_ddl/share/string_msgs_multiple_functions_ddl/cmake/string_msgs_multiple_functions_ddlConfig-version.cmake
[29.094s] -- Up-to-date: C:/Users/Jorge/Documents/GitHub/ArtekmedRos2/ShellScripts/string_msgs_multiple_functions_ddl/install/string_msgs_multiple_functions_ddl/share/string_msgs_multiple_functions_ddl/package.xml
[29.141s] Invoked command in 'c:\Users\Jorge\Documents\GitHub\ArtekmedRos2\ShellScripts\string_msgs_multiple_functions_ddl\build\string_msgs_multiple_functions_ddl' returned '0': CMAKE_PREFIX_PATH=%CMAKE_PREFIX_PATH%;c:\opt\ros2_dotnet_ws\install\sensor_msgs_py c:\opt\ros\foxy\x64\Scripts\cmake.EXE --install c:\Users\Jorge\Documents\GitHub\ArtekmedRos2\ShellScripts\string_msgs_multiple_functions_ddl\build\string_msgs_multiple_functions_ddl --config Release
