[1.547s] Invoking command in 'C:\Users\Jorge\Documents\GitHub\ArtekmedRos2\Python\node_manager_trial': PYTHONPATH=C:\Users\Jorge\Documents\GitHub\ArtekmedRos2\Python\node_manager_trial\install\node_manager_trial\Lib\site-packages;%PYTHONPATH% c:\opt\ros\foxy\x64\python.exe setup.py egg_info --egg-base C:\Users\Jorge\Documents\GitHub\ArtekmedRos2\Python\node_manager_trial\build\node_manager_trial build --build-base C:\Users\Jorge\Documents\GitHub\ArtekmedRos2\Python\node_manager_trial\build\node_manager_trial\build install --prefix C:\Users\Jorge\Documents\GitHub\ArtekmedRos2\Python\node_manager_trial\install\node_manager_trial --record C:\Users\Jorge\Documents\GitHub\ArtekmedRos2\Python\node_manager_trial\build\node_manager_trial\install.log --single-version-externally-managed
[2.735s] running egg_info
[2.735s] writing C:\Users\Jorge\Documents\GitHub\ArtekmedRos2\Python\node_manager_trial\build\node_manager_trial\node_manager_trial.egg-info\PKG-INFO
[2.735s] writing dependency_links to C:\Users\Jorge\Documents\GitHub\ArtekmedRos2\Python\node_manager_trial\build\node_manager_trial\node_manager_trial.egg-info\dependency_links.txt
[2.750s] writing entry points to C:\Users\Jorge\Documents\GitHub\ArtekmedRos2\Python\node_manager_trial\build\node_manager_trial\node_manager_trial.egg-info\entry_points.txt
[2.750s] writing requirements to C:\Users\Jorge\Documents\GitHub\ArtekmedRos2\Python\node_manager_trial\build\node_manager_trial\node_manager_trial.egg-info\requires.txt
[2.750s] writing top-level names to C:\Users\Jorge\Documents\GitHub\ArtekmedRos2\Python\node_manager_trial\build\node_manager_trial\node_manager_trial.egg-info\top_level.txt
[2.797s] reading manifest file 'C:\Users\Jorge\Documents\GitHub\ArtekmedRos2\Python\node_manager_trial\build\node_manager_trial\node_manager_trial.egg-info\SOURCES.txt'
[2.797s] writing manifest file 'C:\Users\Jorge\Documents\GitHub\ArtekmedRos2\Python\node_manager_trial\build\node_manager_trial\node_manager_trial.egg-info\SOURCES.txt'
[2.797s] running build
[2.813s] running build_py
[2.813s] copying node_manager_trial\node_manager_trial.py -> C:\Users\Jorge\Documents\GitHub\ArtekmedRos2\Python\node_manager_trial\build\node_manager_trial\build\lib\node_manager_trial
[2.829s] running install
[2.829s] running install_lib
[2.829s] copying C:\Users\Jorge\Documents\GitHub\ArtekmedRos2\Python\node_manager_trial\build\node_manager_trial\build\lib\node_manager_trial\node_manager_trial.py -> C:\Users\Jorge\Documents\GitHub\ArtekmedRos2\Python\node_manager_trial\install\node_manager_trial\Lib\site-packages\node_manager_trial
[2.844s] writing byte-compilation script 'C:\Users\Jorge\AppData\Local\Temp\tmph60tres0.py'
[2.844s] c:\opt\ros\foxy\x64\python.exe C:\Users\Jorge\AppData\Local\Temp\tmph60tres0.py
[3.047s] removing C:\Users\Jorge\AppData\Local\Temp\tmph60tres0.py
[3.047s] running install_data
[3.063s] running install_egg_info
[3.079s] removing 'C:\Users\Jorge\Documents\GitHub\ArtekmedRos2\Python\node_manager_trial\install\node_manager_trial\Lib\site-packages\node_manager_trial-0.0.0-py3.8.egg-info' (and everything under it)
[3.079s] Copying C:\Users\Jorge\Documents\GitHub\ArtekmedRos2\Python\node_manager_trial\build\node_manager_trial\node_manager_trial.egg-info to C:\Users\Jorge\Documents\GitHub\ArtekmedRos2\Python\node_manager_trial\install\node_manager_trial\Lib\site-packages\node_manager_trial-0.0.0-py3.8.egg-info
[3.110s] running install_scripts
[3.157s] Installing node_manager_trial-script.py script to C:\Users\Jorge\Documents\GitHub\ArtekmedRos2\Python\node_manager_trial\install\node_manager_trial\lib\node_manager_trial
[3.157s] Installing node_manager_trial.exe script to C:\Users\Jorge\Documents\GitHub\ArtekmedRos2\Python\node_manager_trial\install\node_manager_trial\lib\node_manager_trial
[3.172s] writing list of installed files to 'C:\Users\Jorge\Documents\GitHub\ArtekmedRos2\Python\node_manager_trial\build\node_manager_trial\install.log'
[3.219s] Invoked command in 'C:\Users\Jorge\Documents\GitHub\ArtekmedRos2\Python\node_manager_trial' returned '0': PYTHONPATH=C:\Users\Jorge\Documents\GitHub\ArtekmedRos2\Python\node_manager_trial\install\node_manager_trial\Lib\site-packages;%PYTHONPATH% c:\opt\ros\foxy\x64\python.exe setup.py egg_info --egg-base C:\Users\Jorge\Documents\GitHub\ArtekmedRos2\Python\node_manager_trial\build\node_manager_trial build --build-base C:\Users\Jorge\Documents\GitHub\ArtekmedRos2\Python\node_manager_trial\build\node_manager_trial\build install --prefix C:\Users\Jorge\Documents\GitHub\ArtekmedRos2\Python\node_manager_trial\install\node_manager_trial --record C:\Users\Jorge\Documents\GitHub\ArtekmedRos2\Python\node_manager_trial\build\node_manager_trial\install.log --single-version-externally-managed
