[0.157s] Invoking command in 'C:\Users\Jorge\Documents\GitHub\ArtekmedRos2\ShellScripts\String_msgs_hololens\build\string_node_manager': CMAKE_PREFIX_PATH=%CMAKE_PREFIX_PATH%;c:\opt\ros2_dotnet_ws\install\sensor_msgs_py c:\opt\ros\foxy\x64\Scripts\cmake.EXE C:\Users\Jorge\Documents\GitHub\ArtekmedRos2\ShellScripts\String_msgs_hololens -DCMAKE_INSTALL_PREFIX=C:\Users\Jorge\Documents\GitHub\ArtekmedRos2\ShellScripts\String_msgs_hololens\install\string_node_manager -G Visual Studio 16 2019
[0.344s] -- Selecting Windows SDK version 10.0.22000.0 to target Windows 10.0.22621.
[2.516s] -- The C compiler identification is MSVC 19.29.30138.0
[3.735s] -- The CXX compiler identification is MSVC 19.29.30138.0
[3.907s] -- Detecting C compiler ABI info
[4.782s] -- Detecting C compiler ABI info - done
[4.797s] -- Check for working C compiler: C:/Program Files (x86)/Microsoft Visual Studio/2019/Community/VC/Tools/MSVC/14.29.30133/bin/Hostx64/x64/cl.exe - skipped
[4.797s] -- Detecting C compile features
[4.797s] -- Detecting C compile features - done
[4.829s] -- Detecting CXX compiler ABI info
[5.672s] -- Detecting CXX compiler ABI info - done
[5.672s] -- Check for working CXX compiler: C:/Program Files (x86)/Microsoft Visual Studio/2019/Community/VC/Tools/MSVC/14.29.30133/bin/Hostx64/x64/cl.exe - skipped
[5.672s] -- Detecting CXX compile features
[5.672s] -- Detecting CXX compile features - done
[5.797s] -- Found ament_cmake: 0.9.9 (C:/opt/ros/foxy/x64/share/ament_cmake/cmake)
[6.188s] -- Found PythonInterp: C:/opt/ros/foxy/x64/python.exe (found suitable version "3.8.3", minimum required is "3") 
[6.188s] -- Using PYTHON_EXECUTABLE: C:/opt/ros/foxy/x64/python.exe
[7.235s] -- Found rcldotnet: 0.0.0 (C:/opt/ros2_dotnet_ws/install/rcldotnet/share/rcldotnet/cmake)
[7.563s] -- Found rosidl_adapter: 1.3.0 (C:/opt/ros2_dotnet_ws/install/rosidl_adapter/share/rosidl_adapter/cmake)
[7.766s] -- Using all available rosidl_typesupport_c: rosidl_typesupport_introspection_c;rosidl_typesupport_fastrtps_c
[8.188s] -- Found OpenSSL: optimized;C:/opt/ros/foxy/x64/Lib/libcrypto.lib;debug;C:/Program Files/OpenSSL-Win64/lib/VC/libcrypto64MDd.lib (found version "1.1.1g")  
[8.344s] -- Found FastRTPS: C:/opt/ros/foxy/x64/include  
[8.625s] -- Using all available rosidl_typesupport_cpp: rosidl_typesupport_introspection_cpp;rosidl_typesupport_fastrtps_cpp
[9.235s] -- Found rmw_implementation_cmake: 1.0.3 (C:/opt/ros/foxy/x64/share/rmw_implementation_cmake/cmake)
[9.250s] -- Using RMW implementation 'rmw_fastrtps_cpp' as default
[9.282s] -- Looking for pthread.h
[10.000s] -- Looking for pthread.h - not found
[10.000s] -- Found Threads: TRUE  
[10.250s] -- Found rcldotnet_common: 0.0.0 (C:/opt/ros2_dotnet_ws/install/rcldotnet_common/share/rcldotnet_common/cmake)
[10.282s] -- Found dotnet_cmake_module: 0.0.0 (C:/opt/ros2_dotnet_ws/install/dotnet_cmake_module/share/dotnet_cmake_module/cmake)
[10.563s] CMake Warning (dev) at C:/opt/ros/foxy/x64/Lib/site-packages/cmake/data/share/cmake-3.18/Modules/FindPackageHandleStandardArgs.cmake:273 (message):
[10.563s]   The package name passed to `find_package_handle_standard_args`
[10.563s]   (DOTNET_CORE) does not match the name of the calling package (DotNetCore).
[10.563s]   This can lead to problems in calling code that expects `find_package`
[10.563s]   result variables (e.g., `_FOUND`) to follow a certain pattern.
[10.563s] Call Stack (most recent call first):
[10.563s]   C:/opt/ros2_dotnet_ws/install/dotnet_cmake_module/share/dotnet_cmake_module/cmake/Modules/dotnet/FindDotNetCore.cmake:37 (find_package_handle_standard_args)
[10.563s]   C:/opt/ros2_dotnet_ws/install/dotnet_cmake_module/share/dotnet_cmake_module/cmake/Modules/FindCSBuild.cmake:20 (find_package)
[10.563s]   C:/opt/ros2_dotnet_ws/install/dotnet_cmake_module/share/dotnet_cmake_module/cmake/Modules/FindDotNETExtra.cmake:15 (find_package)
[10.563s]   CMakeLists.txt:14 (find_package)
[10.563s] This warning is for project developers.  Use -Wno-dev to suppress it.
[10.563s] 
[10.563s] -- Found DOTNET_CORE: C:/Program Files/dotnet/dotnet.exe  
[10.563s] -- Found .NET Core: 7.0.101
[10.563s] -- Using Framework: netcoreapp2.0
[10.563s] -- Using Framework: netcoreapp2.0
[10.563s] -- Using Runtime: win-x64
[10.579s] -- Found std_msgs: 2.0.5 (C:/opt/ros2_dotnet_ws/install/std_msgs/share/std_msgs/cmake)
[10.813s] -- Configuring done
[11.000s] -- Generating done
[11.032s] -- Build files have been written to: C:/Users/Jorge/Documents/GitHub/ArtekmedRos2/ShellScripts/String_msgs_hololens/build/string_node_manager
[11.047s] Invoked command in 'C:\Users\Jorge\Documents\GitHub\ArtekmedRos2\ShellScripts\String_msgs_hololens\build\string_node_manager' returned '0': CMAKE_PREFIX_PATH=%CMAKE_PREFIX_PATH%;c:\opt\ros2_dotnet_ws\install\sensor_msgs_py c:\opt\ros\foxy\x64\Scripts\cmake.EXE C:\Users\Jorge\Documents\GitHub\ArtekmedRos2\ShellScripts\String_msgs_hololens -DCMAKE_INSTALL_PREFIX=C:\Users\Jorge\Documents\GitHub\ArtekmedRos2\ShellScripts\String_msgs_hololens\install\string_node_manager -G Visual Studio 16 2019
[11.047s] Invoking command in 'C:\Users\Jorge\Documents\GitHub\ArtekmedRos2\ShellScripts\String_msgs_hololens\build\string_node_manager': CL=/MP CMAKE_PREFIX_PATH=%CMAKE_PREFIX_PATH%;c:\opt\ros2_dotnet_ws\install\sensor_msgs_py c:\opt\ros\foxy\x64\Scripts\cmake.EXE --build C:\Users\Jorge\Documents\GitHub\ArtekmedRos2\ShellScripts\String_msgs_hololens\build\string_node_manager --config Release
[11.266s] Microsoft (R) Build Engine version 16.11.2+f32259642 for .NET Framework
[11.266s] Copyright (C) Microsoft Corporation. All rights reserved.
[11.266s] 
[11.672s]   Checking Build System
[11.875s]   C:/opt/ros/foxy/x64/Lib/site-packages/cmake/data/bin/cmake.exe;-version;C:/Program Files/dotnet/dotnet.exe restore;-r;win-x64 string_node_manager_dotnetcore.csproj; C:/Program Files/dotnet/dotnet.exe publish;-r;win-x64 string_node_manager_dotnetcore.csproj -> C:/Users/Jorge/Documents/GitHub/ArtekmedRos2/ShellScripts/String_msgs_hololens/build/string_node_manager/string_node_manager
[12.000s]   cmake version 3.18.2
[12.000s]   
[12.000s]   CMake suite maintained and supported by Kitware (kitware.com/cmake).
[12.860s]     Determining projects to restore...
[12.891s] C:\Program Files\dotnet\sdk\7.0.101\Sdks\Microsoft.NET.Sdk\targets\Microsoft.NET.EolTargetFrameworks.targets(28,5): warning NETSDK1138: The target framework 'netcoreapp2.0' is out of support and will not receive security updates in the future. Please refer to https://aka.ms/dotnet-core-support for more information about the support policy. [C:\Users\Jorge\Documents\GitHub\ArtekmedRos2\ShellScripts\String_msgs_hololens\build\string_node_manager\string_node_manager\string_node_manager_dotnetcore.csproj] [C:\Users\Jorge\Documents\GitHub\ArtekmedRos2\ShellScripts\String_msgs_hololens\build\string_node_manager\string_node_manager.vcxproj]
[12.954s] C:\Program Files\dotnet\sdk\7.0.101\Sdks\Microsoft.NET.Sdk\targets\Microsoft.NET.EolTargetFrameworks.targets(28,5): warning NETSDK1138: The target framework 'netcoreapp2.0' is out of support and will not receive security updates in the future. Please refer to https://aka.ms/dotnet-core-support for more information about the support policy. [C:\Users\Jorge\Documents\GitHub\ArtekmedRos2\ShellScripts\String_msgs_hololens\build\string_node_manager\string_node_manager\string_node_manager_dotnetcore.csproj] [C:\Users\Jorge\Documents\GitHub\ArtekmedRos2\ShellScripts\String_msgs_hololens\build\string_node_manager\string_node_manager.vcxproj]
[13.344s]     Restored C:\Users\Jorge\Documents\GitHub\ArtekmedRos2\ShellScripts\String_msgs_hololens\build\string_node_manager\string_node_manager\string_node_manager_dotnetcore.csproj (in 261 ms).
[14.016s]   MSBuild version 17.4.0+18d5aef85 for .NET
[14.313s]     Determining projects to restore...
[14.329s] C:\Program Files\dotnet\sdk\7.0.101\Sdks\Microsoft.NET.Sdk\targets\Microsoft.NET.EolTargetFrameworks.targets(28,5): warning NETSDK1138: The target framework 'netcoreapp2.0' is out of support and will not receive security updates in the future. Please refer to https://aka.ms/dotnet-core-support for more information about the support policy. [C:\Users\Jorge\Documents\GitHub\ArtekmedRos2\ShellScripts\String_msgs_hololens\build\string_node_manager\string_node_manager\string_node_manager_dotnetcore.csproj] [C:\Users\Jorge\Documents\GitHub\ArtekmedRos2\ShellScripts\String_msgs_hololens\build\string_node_manager\string_node_manager.vcxproj]
[14.407s] C:\Program Files\dotnet\sdk\7.0.101\Sdks\Microsoft.NET.Sdk\targets\Microsoft.NET.EolTargetFrameworks.targets(28,5): warning NETSDK1138: The target framework 'netcoreapp2.0' is out of support and will not receive security updates in the future. Please refer to https://aka.ms/dotnet-core-support for more information about the support policy. [C:\Users\Jorge\Documents\GitHub\ArtekmedRos2\ShellScripts\String_msgs_hololens\build\string_node_manager\string_node_manager\string_node_manager_dotnetcore.csproj] [C:\Users\Jorge\Documents\GitHub\ArtekmedRos2\ShellScripts\String_msgs_hololens\build\string_node_manager\string_node_manager.vcxproj]
[14.797s]     Restored C:\Users\Jorge\Documents\GitHub\ArtekmedRos2\ShellScripts\String_msgs_hololens\build\string_node_manager\string_node_manager\string_node_manager_dotnetcore.csproj (in 266 ms).
[14.938s] C:\Program Files\dotnet\sdk\7.0.101\Sdks\Microsoft.NET.Sdk\targets\Microsoft.NET.EolTargetFrameworks.targets(28,5): warning NETSDK1138: The target framework 'netcoreapp2.0' is out of support and will not receive security updates in the future. Please refer to https://aka.ms/dotnet-core-support for more information about the support policy. [C:\Users\Jorge\Documents\GitHub\ArtekmedRos2\ShellScripts\String_msgs_hololens\build\string_node_manager\string_node_manager\string_node_manager_dotnetcore.csproj] [C:\Users\Jorge\Documents\GitHub\ArtekmedRos2\ShellScripts\String_msgs_hololens\build\string_node_manager\string_node_manager.vcxproj]
[16.672s] CSC : warning CS1668: Invalid search path 'C:\Program Files (x86)\Microsoft Visual Studio\2019\Community\VC\Tools\MSVC\14.29.30133\atlmfc\lib\x64' specified in 'LIB environment variable' -- 'directory does not exist' [C:\Users\Jorge\Documents\GitHub\ArtekmedRos2\ShellScripts\String_msgs_hololens\build\string_node_manager\string_node_manager\string_node_manager_dotnetcore.csproj] [C:\Users\Jorge\Documents\GitHub\ArtekmedRos2\ShellScripts\String_msgs_hololens\build\string_node_manager\string_node_manager.vcxproj]
[17.297s]     string_node_manager_dotnetcore -> C:\Users\Jorge\Documents\GitHub\ArtekmedRos2\ShellScripts\String_msgs_hololens\build\string_node_manager\Release\netcoreapp2.0\win-x64\string_node_manager.dll
[17.532s]     string_node_manager_dotnetcore -> C:\Users\Jorge\Documents\GitHub\ArtekmedRos2\ShellScripts\String_msgs_hololens\build\string_node_manager\Release\netcoreapp2.0\win-x64\publish\
[17.688s]   Building Custom Rule C:/Users/Jorge/Documents/GitHub/ArtekmedRos2/ShellScripts/String_msgs_hololens/CMakeLists.txt
[17.844s]   Building Custom Rule C:/Users/Jorge/Documents/GitHub/ArtekmedRos2/ShellScripts/String_msgs_hololens/CMakeLists.txt
[17.954s] Invoked command in 'C:\Users\Jorge\Documents\GitHub\ArtekmedRos2\ShellScripts\String_msgs_hololens\build\string_node_manager' returned '0': CL=/MP CMAKE_PREFIX_PATH=%CMAKE_PREFIX_PATH%;c:\opt\ros2_dotnet_ws\install\sensor_msgs_py c:\opt\ros\foxy\x64\Scripts\cmake.EXE --build C:\Users\Jorge\Documents\GitHub\ArtekmedRos2\ShellScripts\String_msgs_hololens\build\string_node_manager --config Release
[18.110s] Invoking command in 'C:\Users\Jorge\Documents\GitHub\ArtekmedRos2\ShellScripts\String_msgs_hololens\build\string_node_manager': CMAKE_PREFIX_PATH=%CMAKE_PREFIX_PATH%;c:\opt\ros2_dotnet_ws\install\sensor_msgs_py c:\opt\ros\foxy\x64\Scripts\cmake.EXE --install C:\Users\Jorge\Documents\GitHub\ArtekmedRos2\ShellScripts\String_msgs_hololens\build\string_node_manager --config Release
[18.250s] -- Installing: C:/Users/Jorge/Documents/GitHub/ArtekmedRos2/ShellScripts/String_msgs_hololens/install/string_node_manager/lib/string_node_manager/dotnet
[18.266s] -- Installing: C:/Users/Jorge/Documents/GitHub/ArtekmedRos2/ShellScripts/String_msgs_hololens/install/string_node_manager/lib/string_node_manager/dotnet/api-ms-win-core-console-l1-1-0.dll
[18.282s] -- Installing: C:/Users/Jorge/Documents/GitHub/ArtekmedRos2/ShellScripts/String_msgs_hololens/install/string_node_manager/lib/string_node_manager/dotnet/api-ms-win-core-datetime-l1-1-0.dll
[18.282s] -- Installing: C:/Users/Jorge/Documents/GitHub/ArtekmedRos2/ShellScripts/String_msgs_hololens/install/string_node_manager/lib/string_node_manager/dotnet/api-ms-win-core-debug-l1-1-0.dll
[18.297s] -- Installing: C:/Users/Jorge/Documents/GitHub/ArtekmedRos2/ShellScripts/String_msgs_hololens/install/string_node_manager/lib/string_node_manager/dotnet/api-ms-win-core-errorhandling-l1-1-0.dll
[18.313s] -- Installing: C:/Users/Jorge/Documents/GitHub/ArtekmedRos2/ShellScripts/String_msgs_hololens/install/string_node_manager/lib/string_node_manager/dotnet/api-ms-win-core-file-l1-1-0.dll
[18.329s] -- Installing: C:/Users/Jorge/Documents/GitHub/ArtekmedRos2/ShellScripts/String_msgs_hololens/install/string_node_manager/lib/string_node_manager/dotnet/api-ms-win-core-file-l1-2-0.dll
[18.329s] -- Installing: C:/Users/Jorge/Documents/GitHub/ArtekmedRos2/ShellScripts/String_msgs_hololens/install/string_node_manager/lib/string_node_manager/dotnet/api-ms-win-core-file-l2-1-0.dll
[18.344s] -- Installing: C:/Users/Jorge/Documents/GitHub/ArtekmedRos2/ShellScripts/String_msgs_hololens/install/string_node_manager/lib/string_node_manager/dotnet/api-ms-win-core-handle-l1-1-0.dll
[18.360s] -- Installing: C:/Users/Jorge/Documents/GitHub/ArtekmedRos2/ShellScripts/String_msgs_hololens/install/string_node_manager/lib/string_node_manager/dotnet/api-ms-win-core-heap-l1-1-0.dll
[18.375s] -- Installing: C:/Users/Jorge/Documents/GitHub/ArtekmedRos2/ShellScripts/String_msgs_hololens/install/string_node_manager/lib/string_node_manager/dotnet/api-ms-win-core-interlocked-l1-1-0.dll
[18.375s] -- Installing: C:/Users/Jorge/Documents/GitHub/ArtekmedRos2/ShellScripts/String_msgs_hololens/install/string_node_manager/lib/string_node_manager/dotnet/api-ms-win-core-libraryloader-l1-1-0.dll
[18.391s] -- Installing: C:/Users/Jorge/Documents/GitHub/ArtekmedRos2/ShellScripts/String_msgs_hololens/install/string_node_manager/lib/string_node_manager/dotnet/api-ms-win-core-localization-l1-2-0.dll
[18.407s] -- Installing: C:/Users/Jorge/Documents/GitHub/ArtekmedRos2/ShellScripts/String_msgs_hololens/install/string_node_manager/lib/string_node_manager/dotnet/api-ms-win-core-memory-l1-1-0.dll
[18.422s] -- Installing: C:/Users/Jorge/Documents/GitHub/ArtekmedRos2/ShellScripts/String_msgs_hololens/install/string_node_manager/lib/string_node_manager/dotnet/api-ms-win-core-namedpipe-l1-1-0.dll
[18.422s] -- Installing: C:/Users/Jorge/Documents/GitHub/ArtekmedRos2/ShellScripts/String_msgs_hololens/install/string_node_manager/lib/string_node_manager/dotnet/api-ms-win-core-processenvironment-l1-1-0.dll
[18.438s] -- Installing: C:/Users/Jorge/Documents/GitHub/ArtekmedRos2/ShellScripts/String_msgs_hololens/install/string_node_manager/lib/string_node_manager/dotnet/api-ms-win-core-processthreads-l1-1-0.dll
[18.454s] -- Installing: C:/Users/Jorge/Documents/GitHub/ArtekmedRos2/ShellScripts/String_msgs_hololens/install/string_node_manager/lib/string_node_manager/dotnet/api-ms-win-core-processthreads-l1-1-1.dll
[18.469s] -- Installing: C:/Users/Jorge/Documents/GitHub/ArtekmedRos2/ShellScripts/String_msgs_hololens/install/string_node_manager/lib/string_node_manager/dotnet/api-ms-win-core-profile-l1-1-0.dll
[18.469s] -- Installing: C:/Users/Jorge/Documents/GitHub/ArtekmedRos2/ShellScripts/String_msgs_hololens/install/string_node_manager/lib/string_node_manager/dotnet/api-ms-win-core-rtlsupport-l1-1-0.dll
[18.485s] -- Installing: C:/Users/Jorge/Documents/GitHub/ArtekmedRos2/ShellScripts/String_msgs_hololens/install/string_node_manager/lib/string_node_manager/dotnet/api-ms-win-core-string-l1-1-0.dll
[18.500s] -- Installing: C:/Users/Jorge/Documents/GitHub/ArtekmedRos2/ShellScripts/String_msgs_hololens/install/string_node_manager/lib/string_node_manager/dotnet/api-ms-win-core-synch-l1-1-0.dll
[18.516s] -- Installing: C:/Users/Jorge/Documents/GitHub/ArtekmedRos2/ShellScripts/String_msgs_hololens/install/string_node_manager/lib/string_node_manager/dotnet/api-ms-win-core-synch-l1-2-0.dll
[18.516s] -- Installing: C:/Users/Jorge/Documents/GitHub/ArtekmedRos2/ShellScripts/String_msgs_hololens/install/string_node_manager/lib/string_node_manager/dotnet/api-ms-win-core-sysinfo-l1-1-0.dll
[18.532s] -- Installing: C:/Users/Jorge/Documents/GitHub/ArtekmedRos2/ShellScripts/String_msgs_hololens/install/string_node_manager/lib/string_node_manager/dotnet/api-ms-win-core-timezone-l1-1-0.dll
[18.547s] -- Installing: C:/Users/Jorge/Documents/GitHub/ArtekmedRos2/ShellScripts/String_msgs_hololens/install/string_node_manager/lib/string_node_manager/dotnet/api-ms-win-core-util-l1-1-0.dll
[18.547s] -- Installing: C:/Users/Jorge/Documents/GitHub/ArtekmedRos2/ShellScripts/String_msgs_hololens/install/string_node_manager/lib/string_node_manager/dotnet/api-ms-win-crt-conio-l1-1-0.dll
[18.563s] -- Installing: C:/Users/Jorge/Documents/GitHub/ArtekmedRos2/ShellScripts/String_msgs_hololens/install/string_node_manager/lib/string_node_manager/dotnet/api-ms-win-crt-convert-l1-1-0.dll
[18.563s] -- Installing: C:/Users/Jorge/Documents/GitHub/ArtekmedRos2/ShellScripts/String_msgs_hololens/install/string_node_manager/lib/string_node_manager/dotnet/api-ms-win-crt-environment-l1-1-0.dll
[18.579s] -- Installing: C:/Users/Jorge/Documents/GitHub/ArtekmedRos2/ShellScripts/String_msgs_hololens/install/string_node_manager/lib/string_node_manager/dotnet/api-ms-win-crt-filesystem-l1-1-0.dll
[18.594s] -- Installing: C:/Users/Jorge/Documents/GitHub/ArtekmedRos2/ShellScripts/String_msgs_hololens/install/string_node_manager/lib/string_node_manager/dotnet/api-ms-win-crt-heap-l1-1-0.dll
[18.610s] -- Installing: C:/Users/Jorge/Documents/GitHub/ArtekmedRos2/ShellScripts/String_msgs_hololens/install/string_node_manager/lib/string_node_manager/dotnet/api-ms-win-crt-locale-l1-1-0.dll
[18.610s] -- Installing: C:/Users/Jorge/Documents/GitHub/ArtekmedRos2/ShellScripts/String_msgs_hololens/install/string_node_manager/lib/string_node_manager/dotnet/api-ms-win-crt-math-l1-1-0.dll
[18.625s] -- Installing: C:/Users/Jorge/Documents/GitHub/ArtekmedRos2/ShellScripts/String_msgs_hololens/install/string_node_manager/lib/string_node_manager/dotnet/api-ms-win-crt-multibyte-l1-1-0.dll
[18.641s] -- Installing: C:/Users/Jorge/Documents/GitHub/ArtekmedRos2/ShellScripts/String_msgs_hololens/install/string_node_manager/lib/string_node_manager/dotnet/api-ms-win-crt-private-l1-1-0.dll
[18.657s] -- Installing: C:/Users/Jorge/Documents/GitHub/ArtekmedRos2/ShellScripts/String_msgs_hololens/install/string_node_manager/lib/string_node_manager/dotnet/api-ms-win-crt-process-l1-1-0.dll
[18.657s] -- Installing: C:/Users/Jorge/Documents/GitHub/ArtekmedRos2/ShellScripts/String_msgs_hololens/install/string_node_manager/lib/string_node_manager/dotnet/api-ms-win-crt-runtime-l1-1-0.dll
[18.672s] -- Installing: C:/Users/Jorge/Documents/GitHub/ArtekmedRos2/ShellScripts/String_msgs_hololens/install/string_node_manager/lib/string_node_manager/dotnet/api-ms-win-crt-stdio-l1-1-0.dll
[18.688s] -- Installing: C:/Users/Jorge/Documents/GitHub/ArtekmedRos2/ShellScripts/String_msgs_hololens/install/string_node_manager/lib/string_node_manager/dotnet/api-ms-win-crt-string-l1-1-0.dll
[18.688s] -- Installing: C:/Users/Jorge/Documents/GitHub/ArtekmedRos2/ShellScripts/String_msgs_hololens/install/string_node_manager/lib/string_node_manager/dotnet/api-ms-win-crt-time-l1-1-0.dll
[18.704s] -- Installing: C:/Users/Jorge/Documents/GitHub/ArtekmedRos2/ShellScripts/String_msgs_hololens/install/string_node_manager/lib/string_node_manager/dotnet/api-ms-win-crt-utility-l1-1-0.dll
[18.735s] -- Installing: C:/Users/Jorge/Documents/GitHub/ArtekmedRos2/ShellScripts/String_msgs_hololens/install/string_node_manager/lib/string_node_manager/dotnet/builtin_interfaces_assemblies.dll
[18.735s] -- Installing: C:/Users/Jorge/Documents/GitHub/ArtekmedRos2/ShellScripts/String_msgs_hololens/install/string_node_manager/lib/string_node_manager/dotnet/builtin_interfaces_assemblies.pdb
[18.766s] -- Installing: C:/Users/Jorge/Documents/GitHub/ArtekmedRos2/ShellScripts/String_msgs_hololens/install/string_node_manager/lib/string_node_manager/dotnet/clrcompression.dll
[18.766s] -- Installing: C:/Users/Jorge/Documents/GitHub/ArtekmedRos2/ShellScripts/String_msgs_hololens/install/string_node_manager/lib/string_node_manager/dotnet/clretwrc.dll
[18.797s] -- Installing: C:/Users/Jorge/Documents/GitHub/ArtekmedRos2/ShellScripts/String_msgs_hololens/install/string_node_manager/lib/string_node_manager/dotnet/clrjit.dll
[18.844s] -- Installing: C:/Users/Jorge/Documents/GitHub/ArtekmedRos2/ShellScripts/String_msgs_hololens/install/string_node_manager/lib/string_node_manager/dotnet/coreclr.dll
[18.891s] -- Installing: C:/Users/Jorge/Documents/GitHub/ArtekmedRos2/ShellScripts/String_msgs_hololens/install/string_node_manager/lib/string_node_manager/dotnet/dbgshim.dll
[18.922s] -- Installing: C:/Users/Jorge/Documents/GitHub/ArtekmedRos2/ShellScripts/String_msgs_hololens/install/string_node_manager/lib/string_node_manager/dotnet/hostfxr.dll
[18.938s] -- Installing: C:/Users/Jorge/Documents/GitHub/ArtekmedRos2/ShellScripts/String_msgs_hololens/install/string_node_manager/lib/string_node_manager/dotnet/hostpolicy.dll
[18.954s] -- Installing: C:/Users/Jorge/Documents/GitHub/ArtekmedRos2/ShellScripts/String_msgs_hololens/install/string_node_manager/lib/string_node_manager/dotnet/Microsoft.CSharp.dll
[18.985s] -- Installing: C:/Users/Jorge/Documents/GitHub/ArtekmedRos2/ShellScripts/String_msgs_hololens/install/string_node_manager/lib/string_node_manager/dotnet/Microsoft.DiaSymReader.Native.amd64.dll
[19.000s] -- Installing: C:/Users/Jorge/Documents/GitHub/ArtekmedRos2/ShellScripts/String_msgs_hololens/install/string_node_manager/lib/string_node_manager/dotnet/Microsoft.VisualBasic.dll
[19.016s] -- Installing: C:/Users/Jorge/Documents/GitHub/ArtekmedRos2/ShellScripts/String_msgs_hololens/install/string_node_manager/lib/string_node_manager/dotnet/Microsoft.Win32.Primitives.dll
[19.032s] -- Installing: C:/Users/Jorge/Documents/GitHub/ArtekmedRos2/ShellScripts/String_msgs_hololens/install/string_node_manager/lib/string_node_manager/dotnet/Microsoft.Win32.Registry.dll
[19.063s] -- Installing: C:/Users/Jorge/Documents/GitHub/ArtekmedRos2/ShellScripts/String_msgs_hololens/install/string_node_manager/lib/string_node_manager/dotnet/mscordaccore.dll
[19.094s] -- Installing: C:/Users/Jorge/Documents/GitHub/ArtekmedRos2/ShellScripts/String_msgs_hololens/install/string_node_manager/lib/string_node_manager/dotnet/mscordaccore_amd64_amd64_4.6.26614.01.dll
[19.125s] -- Installing: C:/Users/Jorge/Documents/GitHub/ArtekmedRos2/ShellScripts/String_msgs_hololens/install/string_node_manager/lib/string_node_manager/dotnet/mscordbi.dll
[19.157s] -- Installing: C:/Users/Jorge/Documents/GitHub/ArtekmedRos2/ShellScripts/String_msgs_hololens/install/string_node_manager/lib/string_node_manager/dotnet/mscorlib.dll
[19.172s] -- Installing: C:/Users/Jorge/Documents/GitHub/ArtekmedRos2/ShellScripts/String_msgs_hololens/install/string_node_manager/lib/string_node_manager/dotnet/mscorrc.debug.dll
[19.188s] -- Installing: C:/Users/Jorge/Documents/GitHub/ArtekmedRos2/ShellScripts/String_msgs_hololens/install/string_node_manager/lib/string_node_manager/dotnet/mscorrc.dll
[19.204s] -- Installing: C:/Users/Jorge/Documents/GitHub/ArtekmedRos2/ShellScripts/String_msgs_hololens/install/string_node_manager/lib/string_node_manager/dotnet/netstandard.dll
[19.235s] -- Installing: C:/Users/Jorge/Documents/GitHub/ArtekmedRos2/ShellScripts/String_msgs_hololens/install/string_node_manager/lib/string_node_manager/dotnet/rcldotnet_assemblies.dll
[19.250s] -- Installing: C:/Users/Jorge/Documents/GitHub/ArtekmedRos2/ShellScripts/String_msgs_hololens/install/string_node_manager/lib/string_node_manager/dotnet/rcldotnet_assemblies.pdb
[19.266s] -- Installing: C:/Users/Jorge/Documents/GitHub/ArtekmedRos2/ShellScripts/String_msgs_hololens/install/string_node_manager/lib/string_node_manager/dotnet/rcldotnet_common.dll
[19.282s] -- Installing: C:/Users/Jorge/Documents/GitHub/ArtekmedRos2/ShellScripts/String_msgs_hololens/install/string_node_manager/lib/string_node_manager/dotnet/rcldotnet_common.pdb
[19.297s] -- Installing: C:/Users/Jorge/Documents/GitHub/ArtekmedRos2/ShellScripts/String_msgs_hololens/install/string_node_manager/lib/string_node_manager/dotnet/sos.dll
[19.313s] -- Installing: C:/Users/Jorge/Documents/GitHub/ArtekmedRos2/ShellScripts/String_msgs_hololens/install/string_node_manager/lib/string_node_manager/dotnet/SOS.NETCore.dll
[19.329s] -- Installing: C:/Users/Jorge/Documents/GitHub/ArtekmedRos2/ShellScripts/String_msgs_hololens/install/string_node_manager/lib/string_node_manager/dotnet/sos_amd64_amd64_4.6.26614.01.dll
[19.454s] -- Installing: C:/Users/Jorge/Documents/GitHub/ArtekmedRos2/ShellScripts/String_msgs_hololens/install/string_node_manager/lib/string_node_manager/dotnet/std_msgs_assemblies.dll
[19.454s] -- Installing: C:/Users/Jorge/Documents/GitHub/ArtekmedRos2/ShellScripts/String_msgs_hololens/install/string_node_manager/lib/string_node_manager/dotnet/std_msgs_assemblies.pdb
[19.469s] -- Installing: C:/Users/Jorge/Documents/GitHub/ArtekmedRos2/ShellScripts/String_msgs_hololens/install/string_node_manager/lib/string_node_manager/dotnet/string_node_manager.deps.json
[19.485s] -- Installing: C:/Users/Jorge/Documents/GitHub/ArtekmedRos2/ShellScripts/String_msgs_hololens/install/string_node_manager/lib/string_node_manager/dotnet/string_node_manager.dll
[19.516s] -- Installing: C:/Users/Jorge/Documents/GitHub/ArtekmedRos2/ShellScripts/String_msgs_hololens/install/string_node_manager/lib/string_node_manager/dotnet/string_node_manager.exe
[19.532s] -- Installing: C:/Users/Jorge/Documents/GitHub/ArtekmedRos2/ShellScripts/String_msgs_hololens/install/string_node_manager/lib/string_node_manager/dotnet/string_node_manager.pdb
[19.532s] -- Installing: C:/Users/Jorge/Documents/GitHub/ArtekmedRos2/ShellScripts/String_msgs_hololens/install/string_node_manager/lib/string_node_manager/dotnet/string_node_manager.runtimeconfig.json
[19.547s] -- Installing: C:/Users/Jorge/Documents/GitHub/ArtekmedRos2/ShellScripts/String_msgs_hololens/install/string_node_manager/lib/string_node_manager/dotnet/System.AppContext.dll
[19.547s] -- Installing: C:/Users/Jorge/Documents/GitHub/ArtekmedRos2/ShellScripts/String_msgs_hololens/install/string_node_manager/lib/string_node_manager/dotnet/System.Buffers.dll
[19.563s] -- Installing: C:/Users/Jorge/Documents/GitHub/ArtekmedRos2/ShellScripts/String_msgs_hololens/install/string_node_manager/lib/string_node_manager/dotnet/System.Collections.Concurrent.dll
[19.579s] -- Installing: C:/Users/Jorge/Documents/GitHub/ArtekmedRos2/ShellScripts/String_msgs_hololens/install/string_node_manager/lib/string_node_manager/dotnet/System.Collections.dll
[19.610s] -- Installing: C:/Users/Jorge/Documents/GitHub/ArtekmedRos2/ShellScripts/String_msgs_hololens/install/string_node_manager/lib/string_node_manager/dotnet/System.Collections.Immutable.dll
[19.625s] -- Installing: C:/Users/Jorge/Documents/GitHub/ArtekmedRos2/ShellScripts/String_msgs_hololens/install/string_node_manager/lib/string_node_manager/dotnet/System.Collections.NonGeneric.dll
[19.641s] -- Installing: C:/Users/Jorge/Documents/GitHub/ArtekmedRos2/ShellScripts/String_msgs_hololens/install/string_node_manager/lib/string_node_manager/dotnet/System.Collections.Specialized.dll
[19.641s] -- Installing: C:/Users/Jorge/Documents/GitHub/ArtekmedRos2/ShellScripts/String_msgs_hololens/install/string_node_manager/lib/string_node_manager/dotnet/System.ComponentModel.Annotations.dll
[19.657s] -- Installing: C:/Users/Jorge/Documents/GitHub/ArtekmedRos2/ShellScripts/String_msgs_hololens/install/string_node_manager/lib/string_node_manager/dotnet/System.ComponentModel.Composition.dll
[19.672s] -- Installing: C:/Users/Jorge/Documents/GitHub/ArtekmedRos2/ShellScripts/String_msgs_hololens/install/string_node_manager/lib/string_node_manager/dotnet/System.ComponentModel.DataAnnotations.dll
[19.672s] -- Installing: C:/Users/Jorge/Documents/GitHub/ArtekmedRos2/ShellScripts/String_msgs_hololens/install/string_node_manager/lib/string_node_manager/dotnet/System.ComponentModel.dll
[19.688s] -- Installing: C:/Users/Jorge/Documents/GitHub/ArtekmedRos2/ShellScripts/String_msgs_hololens/install/string_node_manager/lib/string_node_manager/dotnet/System.ComponentModel.EventBasedAsync.dll
[19.704s] -- Installing: C:/Users/Jorge/Documents/GitHub/ArtekmedRos2/ShellScripts/String_msgs_hololens/install/string_node_manager/lib/string_node_manager/dotnet/System.ComponentModel.Primitives.dll
[19.735s] -- Installing: C:/Users/Jorge/Documents/GitHub/ArtekmedRos2/ShellScripts/String_msgs_hololens/install/string_node_manager/lib/string_node_manager/dotnet/System.ComponentModel.TypeConverter.dll
[19.750s] -- Installing: C:/Users/Jorge/Documents/GitHub/ArtekmedRos2/ShellScripts/String_msgs_hololens/install/string_node_manager/lib/string_node_manager/dotnet/System.Configuration.dll
[19.750s] -- Installing: C:/Users/Jorge/Documents/GitHub/ArtekmedRos2/ShellScripts/String_msgs_hololens/install/string_node_manager/lib/string_node_manager/dotnet/System.Console.dll
[19.766s] -- Installing: C:/Users/Jorge/Documents/GitHub/ArtekmedRos2/ShellScripts/String_msgs_hololens/install/string_node_manager/lib/string_node_manager/dotnet/System.Core.dll
[19.813s] -- Installing: C:/Users/Jorge/Documents/GitHub/ArtekmedRos2/ShellScripts/String_msgs_hololens/install/string_node_manager/lib/string_node_manager/dotnet/System.Data.Common.dll
[19.829s] -- Installing: C:/Users/Jorge/Documents/GitHub/ArtekmedRos2/ShellScripts/String_msgs_hololens/install/string_node_manager/lib/string_node_manager/dotnet/System.Data.dll
[19.844s] -- Installing: C:/Users/Jorge/Documents/GitHub/ArtekmedRos2/ShellScripts/String_msgs_hololens/install/string_node_manager/lib/string_node_manager/dotnet/System.Diagnostics.Contracts.dll
[19.860s] -- Installing: C:/Users/Jorge/Documents/GitHub/ArtekmedRos2/ShellScripts/String_msgs_hololens/install/string_node_manager/lib/string_node_manager/dotnet/System.Diagnostics.Debug.dll
[19.875s] -- Installing: C:/Users/Jorge/Documents/GitHub/ArtekmedRos2/ShellScripts/String_msgs_hololens/install/string_node_manager/lib/string_node_manager/dotnet/System.Diagnostics.DiagnosticSource.dll
[19.891s] -- Installing: C:/Users/Jorge/Documents/GitHub/ArtekmedRos2/ShellScripts/String_msgs_hololens/install/string_node_manager/lib/string_node_manager/dotnet/System.Diagnostics.FileVersionInfo.dll
[19.907s] -- Installing: C:/Users/Jorge/Documents/GitHub/ArtekmedRos2/ShellScripts/String_msgs_hololens/install/string_node_manager/lib/string_node_manager/dotnet/System.Diagnostics.Process.dll
[19.922s] -- Installing: C:/Users/Jorge/Documents/GitHub/ArtekmedRos2/ShellScripts/String_msgs_hololens/install/string_node_manager/lib/string_node_manager/dotnet/System.Diagnostics.StackTrace.dll
[19.938s] -- Installing: C:/Users/Jorge/Documents/GitHub/ArtekmedRos2/ShellScripts/String_msgs_hololens/install/string_node_manager/lib/string_node_manager/dotnet/System.Diagnostics.TextWriterTraceListener.dll
[19.938s] -- Installing: C:/Users/Jorge/Documents/GitHub/ArtekmedRos2/ShellScripts/String_msgs_hololens/install/string_node_manager/lib/string_node_manager/dotnet/System.Diagnostics.Tools.dll
[19.954s] -- Installing: C:/Users/Jorge/Documents/GitHub/ArtekmedRos2/ShellScripts/String_msgs_hololens/install/string_node_manager/lib/string_node_manager/dotnet/System.Diagnostics.TraceSource.dll
[19.969s] -- Installing: C:/Users/Jorge/Documents/GitHub/ArtekmedRos2/ShellScripts/String_msgs_hololens/install/string_node_manager/lib/string_node_manager/dotnet/System.Diagnostics.Tracing.dll
[19.985s] -- Installing: C:/Users/Jorge/Documents/GitHub/ArtekmedRos2/ShellScripts/String_msgs_hololens/install/string_node_manager/lib/string_node_manager/dotnet/System.dll
[20.000s] -- Installing: C:/Users/Jorge/Documents/GitHub/ArtekmedRos2/ShellScripts/String_msgs_hololens/install/string_node_manager/lib/string_node_manager/dotnet/System.Drawing.dll
[20.016s] -- Installing: C:/Users/Jorge/Documents/GitHub/ArtekmedRos2/ShellScripts/String_msgs_hololens/install/string_node_manager/lib/string_node_manager/dotnet/System.Drawing.Primitives.dll
[20.032s] -- Installing: C:/Users/Jorge/Documents/GitHub/ArtekmedRos2/ShellScripts/String_msgs_hololens/install/string_node_manager/lib/string_node_manager/dotnet/System.Dynamic.Runtime.dll
[20.032s] -- Installing: C:/Users/Jorge/Documents/GitHub/ArtekmedRos2/ShellScripts/String_msgs_hololens/install/string_node_manager/lib/string_node_manager/dotnet/System.Globalization.Calendars.dll
[20.047s] -- Installing: C:/Users/Jorge/Documents/GitHub/ArtekmedRos2/ShellScripts/String_msgs_hololens/install/string_node_manager/lib/string_node_manager/dotnet/System.Globalization.dll
[20.063s] -- Installing: C:/Users/Jorge/Documents/GitHub/ArtekmedRos2/ShellScripts/String_msgs_hololens/install/string_node_manager/lib/string_node_manager/dotnet/System.Globalization.Extensions.dll
[20.079s] -- Installing: C:/Users/Jorge/Documents/GitHub/ArtekmedRos2/ShellScripts/String_msgs_hololens/install/string_node_manager/lib/string_node_manager/dotnet/System.IO.Compression.dll
[20.079s] -- Installing: C:/Users/Jorge/Documents/GitHub/ArtekmedRos2/ShellScripts/String_msgs_hololens/install/string_node_manager/lib/string_node_manager/dotnet/System.IO.Compression.FileSystem.dll
[20.094s] -- Installing: C:/Users/Jorge/Documents/GitHub/ArtekmedRos2/ShellScripts/String_msgs_hololens/install/string_node_manager/lib/string_node_manager/dotnet/System.IO.Compression.ZipFile.dll
[20.110s] -- Installing: C:/Users/Jorge/Documents/GitHub/ArtekmedRos2/ShellScripts/String_msgs_hololens/install/string_node_manager/lib/string_node_manager/dotnet/System.IO.dll
[20.125s] -- Installing: C:/Users/Jorge/Documents/GitHub/ArtekmedRos2/ShellScripts/String_msgs_hololens/install/string_node_manager/lib/string_node_manager/dotnet/System.IO.FileSystem.AccessControl.dll
[20.157s] -- Installing: C:/Users/Jorge/Documents/GitHub/ArtekmedRos2/ShellScripts/String_msgs_hololens/install/string_node_manager/lib/string_node_manager/dotnet/System.IO.FileSystem.dll
[20.172s] -- Installing: C:/Users/Jorge/Documents/GitHub/ArtekmedRos2/ShellScripts/String_msgs_hololens/install/string_node_manager/lib/string_node_manager/dotnet/System.IO.FileSystem.DriveInfo.dll
[20.188s] -- Installing: C:/Users/Jorge/Documents/GitHub/ArtekmedRos2/ShellScripts/String_msgs_hololens/install/string_node_manager/lib/string_node_manager/dotnet/System.IO.FileSystem.Primitives.dll
[20.204s] -- Installing: C:/Users/Jorge/Documents/GitHub/ArtekmedRos2/ShellScripts/String_msgs_hololens/install/string_node_manager/lib/string_node_manager/dotnet/System.IO.FileSystem.Watcher.dll
[20.219s] -- Installing: C:/Users/Jorge/Documents/GitHub/ArtekmedRos2/ShellScripts/String_msgs_hololens/install/string_node_manager/lib/string_node_manager/dotnet/System.IO.IsolatedStorage.dll
[20.235s] -- Installing: C:/Users/Jorge/Documents/GitHub/ArtekmedRos2/ShellScripts/String_msgs_hololens/install/string_node_manager/lib/string_node_manager/dotnet/System.IO.MemoryMappedFiles.dll
[20.250s] -- Installing: C:/Users/Jorge/Documents/GitHub/ArtekmedRos2/ShellScripts/String_msgs_hololens/install/string_node_manager/lib/string_node_manager/dotnet/System.IO.Pipes.dll
[20.266s] -- Installing: C:/Users/Jorge/Documents/GitHub/ArtekmedRos2/ShellScripts/String_msgs_hololens/install/string_node_manager/lib/string_node_manager/dotnet/System.IO.UnmanagedMemoryStream.dll
[20.297s] -- Installing: C:/Users/Jorge/Documents/GitHub/ArtekmedRos2/ShellScripts/String_msgs_hololens/install/string_node_manager/lib/string_node_manager/dotnet/System.Linq.dll
[20.329s] -- Installing: C:/Users/Jorge/Documents/GitHub/ArtekmedRos2/ShellScripts/String_msgs_hololens/install/string_node_manager/lib/string_node_manager/dotnet/System.Linq.Expressions.dll
[20.344s] -- Installing: C:/Users/Jorge/Documents/GitHub/ArtekmedRos2/ShellScripts/String_msgs_hololens/install/string_node_manager/lib/string_node_manager/dotnet/System.Linq.Parallel.dll
[20.360s] -- Installing: C:/Users/Jorge/Documents/GitHub/ArtekmedRos2/ShellScripts/String_msgs_hololens/install/string_node_manager/lib/string_node_manager/dotnet/System.Linq.Queryable.dll
[20.375s] -- Installing: C:/Users/Jorge/Documents/GitHub/ArtekmedRos2/ShellScripts/String_msgs_hololens/install/string_node_manager/lib/string_node_manager/dotnet/System.Net.dll
[20.391s] -- Installing: C:/Users/Jorge/Documents/GitHub/ArtekmedRos2/ShellScripts/String_msgs_hololens/install/string_node_manager/lib/string_node_manager/dotnet/System.Net.Http.dll
[20.407s] -- Installing: C:/Users/Jorge/Documents/GitHub/ArtekmedRos2/ShellScripts/String_msgs_hololens/install/string_node_manager/lib/string_node_manager/dotnet/System.Net.HttpListener.dll
[20.438s] -- Installing: C:/Users/Jorge/Documents/GitHub/ArtekmedRos2/ShellScripts/String_msgs_hololens/install/string_node_manager/lib/string_node_manager/dotnet/System.Net.Mail.dll
[20.454s] -- Installing: C:/Users/Jorge/Documents/GitHub/ArtekmedRos2/ShellScripts/String_msgs_hololens/install/string_node_manager/lib/string_node_manager/dotnet/System.Net.NameResolution.dll
[20.469s] -- Installing: C:/Users/Jorge/Documents/GitHub/ArtekmedRos2/ShellScripts/String_msgs_hololens/install/string_node_manager/lib/string_node_manager/dotnet/System.Net.NetworkInformation.dll
[20.485s] -- Installing: C:/Users/Jorge/Documents/GitHub/ArtekmedRos2/ShellScripts/String_msgs_hololens/install/string_node_manager/lib/string_node_manager/dotnet/System.Net.Ping.dll
[20.500s] -- Installing: C:/Users/Jorge/Documents/GitHub/ArtekmedRos2/ShellScripts/String_msgs_hololens/install/string_node_manager/lib/string_node_manager/dotnet/System.Net.Primitives.dll
[20.500s] -- Installing: C:/Users/Jorge/Documents/GitHub/ArtekmedRos2/ShellScripts/String_msgs_hololens/install/string_node_manager/lib/string_node_manager/dotnet/System.Net.Requests.dll
[20.516s] -- Installing: C:/Users/Jorge/Documents/GitHub/ArtekmedRos2/ShellScripts/String_msgs_hololens/install/string_node_manager/lib/string_node_manager/dotnet/System.Net.Security.dll
[20.547s] -- Installing: C:/Users/Jorge/Documents/GitHub/ArtekmedRos2/ShellScripts/String_msgs_hololens/install/string_node_manager/lib/string_node_manager/dotnet/System.Net.ServicePoint.dll
[20.563s] -- Installing: C:/Users/Jorge/Documents/GitHub/ArtekmedRos2/ShellScripts/String_msgs_hololens/install/string_node_manager/lib/string_node_manager/dotnet/System.Net.Sockets.dll
[20.579s] -- Installing: C:/Users/Jorge/Documents/GitHub/ArtekmedRos2/ShellScripts/String_msgs_hololens/install/string_node_manager/lib/string_node_manager/dotnet/System.Net.WebClient.dll
[20.594s] -- Installing: C:/Users/Jorge/Documents/GitHub/ArtekmedRos2/ShellScripts/String_msgs_hololens/install/string_node_manager/lib/string_node_manager/dotnet/System.Net.WebHeaderCollection.dll
[20.610s] -- Installing: C:/Users/Jorge/Documents/GitHub/ArtekmedRos2/ShellScripts/String_msgs_hololens/install/string_node_manager/lib/string_node_manager/dotnet/System.Net.WebProxy.dll
[20.625s] -- Installing: C:/Users/Jorge/Documents/GitHub/ArtekmedRos2/ShellScripts/String_msgs_hololens/install/string_node_manager/lib/string_node_manager/dotnet/System.Net.WebSockets.Client.dll
[20.641s] -- Installing: C:/Users/Jorge/Documents/GitHub/ArtekmedRos2/ShellScripts/String_msgs_hololens/install/string_node_manager/lib/string_node_manager/dotnet/System.Net.WebSockets.dll
[20.641s] -- Installing: C:/Users/Jorge/Documents/GitHub/ArtekmedRos2/ShellScripts/String_msgs_hololens/install/string_node_manager/lib/string_node_manager/dotnet/System.Numerics.dll
[20.657s] -- Installing: C:/Users/Jorge/Documents/GitHub/ArtekmedRos2/ShellScripts/String_msgs_hololens/install/string_node_manager/lib/string_node_manager/dotnet/System.Numerics.Vectors.dll
[20.672s] -- Installing: C:/Users/Jorge/Documents/GitHub/ArtekmedRos2/ShellScripts/String_msgs_hololens/install/string_node_manager/lib/string_node_manager/dotnet/System.ObjectModel.dll
[20.782s] -- Installing: C:/Users/Jorge/Documents/GitHub/ArtekmedRos2/ShellScripts/String_msgs_hololens/install/string_node_manager/lib/string_node_manager/dotnet/System.Private.CoreLib.dll
[20.829s] -- Installing: C:/Users/Jorge/Documents/GitHub/ArtekmedRos2/ShellScripts/String_msgs_hololens/install/string_node_manager/lib/string_node_manager/dotnet/System.Private.DataContractSerialization.dll
[20.844s] -- Installing: C:/Users/Jorge/Documents/GitHub/ArtekmedRos2/ShellScripts/String_msgs_hololens/install/string_node_manager/lib/string_node_manager/dotnet/System.Private.Uri.dll
[20.907s] -- Installing: C:/Users/Jorge/Documents/GitHub/ArtekmedRos2/ShellScripts/String_msgs_hololens/install/string_node_manager/lib/string_node_manager/dotnet/System.Private.Xml.dll
[20.938s] -- Installing: C:/Users/Jorge/Documents/GitHub/ArtekmedRos2/ShellScripts/String_msgs_hololens/install/string_node_manager/lib/string_node_manager/dotnet/System.Private.Xml.Linq.dll
[20.954s] -- Installing: C:/Users/Jorge/Documents/GitHub/ArtekmedRos2/ShellScripts/String_msgs_hololens/install/string_node_manager/lib/string_node_manager/dotnet/System.Reflection.DispatchProxy.dll
[20.969s] -- Installing: C:/Users/Jorge/Documents/GitHub/ArtekmedRos2/ShellScripts/String_msgs_hololens/install/string_node_manager/lib/string_node_manager/dotnet/System.Reflection.dll
[20.985s] -- Installing: C:/Users/Jorge/Documents/GitHub/ArtekmedRos2/ShellScripts/String_msgs_hololens/install/string_node_manager/lib/string_node_manager/dotnet/System.Reflection.Emit.dll
[20.985s] -- Installing: C:/Users/Jorge/Documents/GitHub/ArtekmedRos2/ShellScripts/String_msgs_hololens/install/string_node_manager/lib/string_node_manager/dotnet/System.Reflection.Emit.ILGeneration.dll
[21.000s] -- Installing: C:/Users/Jorge/Documents/GitHub/ArtekmedRos2/ShellScripts/String_msgs_hololens/install/string_node_manager/lib/string_node_manager/dotnet/System.Reflection.Emit.Lightweight.dll
[21.016s] -- Installing: C:/Users/Jorge/Documents/GitHub/ArtekmedRos2/ShellScripts/String_msgs_hololens/install/string_node_manager/lib/string_node_manager/dotnet/System.Reflection.Extensions.dll
[21.032s] -- Installing: C:/Users/Jorge/Documents/GitHub/ArtekmedRos2/ShellScripts/String_msgs_hololens/install/string_node_manager/lib/string_node_manager/dotnet/System.Reflection.Metadata.dll
[21.047s] -- Installing: C:/Users/Jorge/Documents/GitHub/ArtekmedRos2/ShellScripts/String_msgs_hololens/install/string_node_manager/lib/string_node_manager/dotnet/System.Reflection.Primitives.dll
[21.063s] -- Installing: C:/Users/Jorge/Documents/GitHub/ArtekmedRos2/ShellScripts/String_msgs_hololens/install/string_node_manager/lib/string_node_manager/dotnet/System.Reflection.TypeExtensions.dll
[21.063s] -- Installing: C:/Users/Jorge/Documents/GitHub/ArtekmedRos2/ShellScripts/String_msgs_hololens/install/string_node_manager/lib/string_node_manager/dotnet/System.Resources.Reader.dll
[21.079s] -- Installing: C:/Users/Jorge/Documents/GitHub/ArtekmedRos2/ShellScripts/String_msgs_hololens/install/string_node_manager/lib/string_node_manager/dotnet/System.Resources.ResourceManager.dll
[21.094s] -- Installing: C:/Users/Jorge/Documents/GitHub/ArtekmedRos2/ShellScripts/String_msgs_hololens/install/string_node_manager/lib/string_node_manager/dotnet/System.Resources.Writer.dll
[21.110s] -- Installing: C:/Users/Jorge/Documents/GitHub/ArtekmedRos2/ShellScripts/String_msgs_hololens/install/string_node_manager/lib/string_node_manager/dotnet/System.Runtime.CompilerServices.VisualC.dll
[21.125s] -- Installing: C:/Users/Jorge/Documents/GitHub/ArtekmedRos2/ShellScripts/String_msgs_hololens/install/string_node_manager/lib/string_node_manager/dotnet/System.Runtime.dll
[21.141s] -- Installing: C:/Users/Jorge/Documents/GitHub/ArtekmedRos2/ShellScripts/String_msgs_hololens/install/string_node_manager/lib/string_node_manager/dotnet/System.Runtime.Extensions.dll
[21.157s] -- Installing: C:/Users/Jorge/Documents/GitHub/ArtekmedRos2/ShellScripts/String_msgs_hololens/install/string_node_manager/lib/string_node_manager/dotnet/System.Runtime.Handles.dll
[21.172s] -- Installing: C:/Users/Jorge/Documents/GitHub/ArtekmedRos2/ShellScripts/String_msgs_hololens/install/string_node_manager/lib/string_node_manager/dotnet/System.Runtime.InteropServices.dll
[21.188s] -- Installing: C:/Users/Jorge/Documents/GitHub/ArtekmedRos2/ShellScripts/String_msgs_hololens/install/string_node_manager/lib/string_node_manager/dotnet/System.Runtime.InteropServices.RuntimeInformation.dll
[21.204s] -- Installing: C:/Users/Jorge/Documents/GitHub/ArtekmedRos2/ShellScripts/String_msgs_hololens/install/string_node_manager/lib/string_node_manager/dotnet/System.Runtime.InteropServices.WindowsRuntime.dll
[21.204s] -- Installing: C:/Users/Jorge/Documents/GitHub/ArtekmedRos2/ShellScripts/String_msgs_hololens/install/string_node_manager/lib/string_node_manager/dotnet/System.Runtime.Loader.dll
[21.235s] -- Installing: C:/Users/Jorge/Documents/GitHub/ArtekmedRos2/ShellScripts/String_msgs_hololens/install/string_node_manager/lib/string_node_manager/dotnet/System.Runtime.Numerics.dll
[21.235s] -- Installing: C:/Users/Jorge/Documents/GitHub/ArtekmedRos2/ShellScripts/String_msgs_hololens/install/string_node_manager/lib/string_node_manager/dotnet/System.Runtime.Serialization.dll
[21.250s] -- Installing: C:/Users/Jorge/Documents/GitHub/ArtekmedRos2/ShellScripts/String_msgs_hololens/install/string_node_manager/lib/string_node_manager/dotnet/System.Runtime.Serialization.Formatters.dll
[21.266s] -- Installing: C:/Users/Jorge/Documents/GitHub/ArtekmedRos2/ShellScripts/String_msgs_hololens/install/string_node_manager/lib/string_node_manager/dotnet/System.Runtime.Serialization.Json.dll
[21.297s] -- Installing: C:/Users/Jorge/Documents/GitHub/ArtekmedRos2/ShellScripts/String_msgs_hololens/install/string_node_manager/lib/string_node_manager/dotnet/System.Runtime.Serialization.Primitives.dll
[21.313s] -- Installing: C:/Users/Jorge/Documents/GitHub/ArtekmedRos2/ShellScripts/String_msgs_hololens/install/string_node_manager/lib/string_node_manager/dotnet/System.Runtime.Serialization.Xml.dll
[21.329s] -- Installing: C:/Users/Jorge/Documents/GitHub/ArtekmedRos2/ShellScripts/String_msgs_hololens/install/string_node_manager/lib/string_node_manager/dotnet/System.Security.AccessControl.dll
[21.344s] -- Installing: C:/Users/Jorge/Documents/GitHub/ArtekmedRos2/ShellScripts/String_msgs_hololens/install/string_node_manager/lib/string_node_manager/dotnet/System.Security.Claims.dll
[21.360s] -- Installing: C:/Users/Jorge/Documents/GitHub/ArtekmedRos2/ShellScripts/String_msgs_hololens/install/string_node_manager/lib/string_node_manager/dotnet/System.Security.Cryptography.Algorithms.dll
[21.375s] -- Installing: C:/Users/Jorge/Documents/GitHub/ArtekmedRos2/ShellScripts/String_msgs_hololens/install/string_node_manager/lib/string_node_manager/dotnet/System.Security.Cryptography.Cng.dll
[21.391s] -- Installing: C:/Users/Jorge/Documents/GitHub/ArtekmedRos2/ShellScripts/String_msgs_hololens/install/string_node_manager/lib/string_node_manager/dotnet/System.Security.Cryptography.Csp.dll
[21.407s] -- Installing: C:/Users/Jorge/Documents/GitHub/ArtekmedRos2/ShellScripts/String_msgs_hololens/install/string_node_manager/lib/string_node_manager/dotnet/System.Security.Cryptography.Encoding.dll
[21.422s] -- Installing: C:/Users/Jorge/Documents/GitHub/ArtekmedRos2/ShellScripts/String_msgs_hololens/install/string_node_manager/lib/string_node_manager/dotnet/System.Security.Cryptography.OpenSsl.dll
[21.438s] -- Installing: C:/Users/Jorge/Documents/GitHub/ArtekmedRos2/ShellScripts/String_msgs_hololens/install/string_node_manager/lib/string_node_manager/dotnet/System.Security.Cryptography.Primitives.dll
[21.454s] -- Installing: C:/Users/Jorge/Documents/GitHub/ArtekmedRos2/ShellScripts/String_msgs_hololens/install/string_node_manager/lib/string_node_manager/dotnet/System.Security.Cryptography.X509Certificates.dll
[21.469s] -- Installing: C:/Users/Jorge/Documents/GitHub/ArtekmedRos2/ShellScripts/String_msgs_hololens/install/string_node_manager/lib/string_node_manager/dotnet/System.Security.dll
[21.485s] -- Installing: C:/Users/Jorge/Documents/GitHub/ArtekmedRos2/ShellScripts/String_msgs_hololens/install/string_node_manager/lib/string_node_manager/dotnet/System.Security.Principal.dll
[21.500s] -- Installing: C:/Users/Jorge/Documents/GitHub/ArtekmedRos2/ShellScripts/String_msgs_hololens/install/string_node_manager/lib/string_node_manager/dotnet/System.Security.Principal.Windows.dll
[21.500s] -- Installing: C:/Users/Jorge/Documents/GitHub/ArtekmedRos2/ShellScripts/String_msgs_hololens/install/string_node_manager/lib/string_node_manager/dotnet/System.Security.SecureString.dll
[21.516s] -- Installing: C:/Users/Jorge/Documents/GitHub/ArtekmedRos2/ShellScripts/String_msgs_hololens/install/string_node_manager/lib/string_node_manager/dotnet/System.ServiceModel.Web.dll
[21.532s] -- Installing: C:/Users/Jorge/Documents/GitHub/ArtekmedRos2/ShellScripts/String_msgs_hololens/install/string_node_manager/lib/string_node_manager/dotnet/System.ServiceProcess.dll
[21.547s] -- Installing: C:/Users/Jorge/Documents/GitHub/ArtekmedRos2/ShellScripts/String_msgs_hololens/install/string_node_manager/lib/string_node_manager/dotnet/System.Text.Encoding.dll
[21.563s] -- Installing: C:/Users/Jorge/Documents/GitHub/ArtekmedRos2/ShellScripts/String_msgs_hololens/install/string_node_manager/lib/string_node_manager/dotnet/System.Text.Encoding.Extensions.dll
[21.579s] -- Installing: C:/Users/Jorge/Documents/GitHub/ArtekmedRos2/ShellScripts/String_msgs_hololens/install/string_node_manager/lib/string_node_manager/dotnet/System.Text.RegularExpressions.dll
[21.594s] -- Installing: C:/Users/Jorge/Documents/GitHub/ArtekmedRos2/ShellScripts/String_msgs_hololens/install/string_node_manager/lib/string_node_manager/dotnet/System.Threading.dll
[21.610s] -- Installing: C:/Users/Jorge/Documents/GitHub/ArtekmedRos2/ShellScripts/String_msgs_hololens/install/string_node_manager/lib/string_node_manager/dotnet/System.Threading.Overlapped.dll
[21.625s] -- Installing: C:/Users/Jorge/Documents/GitHub/ArtekmedRos2/ShellScripts/String_msgs_hololens/install/string_node_manager/lib/string_node_manager/dotnet/System.Threading.Tasks.Dataflow.dll
[21.625s] -- Installing: C:/Users/Jorge/Documents/GitHub/ArtekmedRos2/ShellScripts/String_msgs_hololens/install/string_node_manager/lib/string_node_manager/dotnet/System.Threading.Tasks.dll
[21.641s] -- Installing: C:/Users/Jorge/Documents/GitHub/ArtekmedRos2/ShellScripts/String_msgs_hololens/install/string_node_manager/lib/string_node_manager/dotnet/System.Threading.Tasks.Extensions.dll
[21.657s] -- Installing: C:/Users/Jorge/Documents/GitHub/ArtekmedRos2/ShellScripts/String_msgs_hololens/install/string_node_manager/lib/string_node_manager/dotnet/System.Threading.Tasks.Parallel.dll
[21.672s] -- Installing: C:/Users/Jorge/Documents/GitHub/ArtekmedRos2/ShellScripts/String_msgs_hololens/install/string_node_manager/lib/string_node_manager/dotnet/System.Threading.Thread.dll
[21.688s] -- Installing: C:/Users/Jorge/Documents/GitHub/ArtekmedRos2/ShellScripts/String_msgs_hololens/install/string_node_manager/lib/string_node_manager/dotnet/System.Threading.ThreadPool.dll
[21.704s] -- Installing: C:/Users/Jorge/Documents/GitHub/ArtekmedRos2/ShellScripts/String_msgs_hololens/install/string_node_manager/lib/string_node_manager/dotnet/System.Threading.Timer.dll
[21.719s] -- Installing: C:/Users/Jorge/Documents/GitHub/ArtekmedRos2/ShellScripts/String_msgs_hololens/install/string_node_manager/lib/string_node_manager/dotnet/System.Transactions.dll
[21.735s] -- Installing: C:/Users/Jorge/Documents/GitHub/ArtekmedRos2/ShellScripts/String_msgs_hololens/install/string_node_manager/lib/string_node_manager/dotnet/System.Transactions.Local.dll
[21.735s] -- Installing: C:/Users/Jorge/Documents/GitHub/ArtekmedRos2/ShellScripts/String_msgs_hololens/install/string_node_manager/lib/string_node_manager/dotnet/System.ValueTuple.dll
[21.750s] -- Installing: C:/Users/Jorge/Documents/GitHub/ArtekmedRos2/ShellScripts/String_msgs_hololens/install/string_node_manager/lib/string_node_manager/dotnet/System.Web.dll
[21.766s] -- Installing: C:/Users/Jorge/Documents/GitHub/ArtekmedRos2/ShellScripts/String_msgs_hololens/install/string_node_manager/lib/string_node_manager/dotnet/System.Web.HttpUtility.dll
[21.782s] -- Installing: C:/Users/Jorge/Documents/GitHub/ArtekmedRos2/ShellScripts/String_msgs_hololens/install/string_node_manager/lib/string_node_manager/dotnet/System.Windows.dll
[21.782s] -- Installing: C:/Users/Jorge/Documents/GitHub/ArtekmedRos2/ShellScripts/String_msgs_hololens/install/string_node_manager/lib/string_node_manager/dotnet/System.Xml.dll
[21.797s] -- Installing: C:/Users/Jorge/Documents/GitHub/ArtekmedRos2/ShellScripts/String_msgs_hololens/install/string_node_manager/lib/string_node_manager/dotnet/System.Xml.Linq.dll
[21.813s] -- Installing: C:/Users/Jorge/Documents/GitHub/ArtekmedRos2/ShellScripts/String_msgs_hololens/install/string_node_manager/lib/string_node_manager/dotnet/System.Xml.ReaderWriter.dll
[21.829s] -- Installing: C:/Users/Jorge/Documents/GitHub/ArtekmedRos2/ShellScripts/String_msgs_hololens/install/string_node_manager/lib/string_node_manager/dotnet/System.Xml.Serialization.dll
[21.829s] -- Installing: C:/Users/Jorge/Documents/GitHub/ArtekmedRos2/ShellScripts/String_msgs_hololens/install/string_node_manager/lib/string_node_manager/dotnet/System.Xml.XDocument.dll
[21.844s] -- Installing: C:/Users/Jorge/Documents/GitHub/ArtekmedRos2/ShellScripts/String_msgs_hololens/install/string_node_manager/lib/string_node_manager/dotnet/System.Xml.XmlDocument.dll
[21.860s] -- Installing: C:/Users/Jorge/Documents/GitHub/ArtekmedRos2/ShellScripts/String_msgs_hololens/install/string_node_manager/lib/string_node_manager/dotnet/System.Xml.XmlSerializer.dll
[21.875s] -- Installing: C:/Users/Jorge/Documents/GitHub/ArtekmedRos2/ShellScripts/String_msgs_hololens/install/string_node_manager/lib/string_node_manager/dotnet/System.Xml.XPath.dll
[21.891s] -- Installing: C:/Users/Jorge/Documents/GitHub/ArtekmedRos2/ShellScripts/String_msgs_hololens/install/string_node_manager/lib/string_node_manager/dotnet/System.Xml.XPath.XDocument.dll
[21.922s] -- Installing: C:/Users/Jorge/Documents/GitHub/ArtekmedRos2/ShellScripts/String_msgs_hololens/install/string_node_manager/lib/string_node_manager/dotnet/ucrtbase.dll
[21.938s] -- Installing: C:/Users/Jorge/Documents/GitHub/ArtekmedRos2/ShellScripts/String_msgs_hololens/install/string_node_manager/lib/string_node_manager/dotnet/WindowsBase.dll
[21.938s] -- Installing: C:/Users/Jorge/Documents/GitHub/ArtekmedRos2/ShellScripts/String_msgs_hololens/install/string_node_manager/lib/string_node_manager/string_node_manager.bat
[21.938s] -- Installing: C:/Users/Jorge/Documents/GitHub/ArtekmedRos2/ShellScripts/String_msgs_hololens/install/string_node_manager/share/ament_index/resource_index/package_run_dependencies/string_node_manager
[21.954s] -- Installing: C:/Users/Jorge/Documents/GitHub/ArtekmedRos2/ShellScripts/String_msgs_hololens/install/string_node_manager/share/ament_index/resource_index/parent_prefix_path/string_node_manager
[21.954s] -- Installing: C:/Users/Jorge/Documents/GitHub/ArtekmedRos2/ShellScripts/String_msgs_hololens/install/string_node_manager/share/string_node_manager/environment/ament_prefix_path.bat
[21.954s] -- Installing: C:/Users/Jorge/Documents/GitHub/ArtekmedRos2/ShellScripts/String_msgs_hololens/install/string_node_manager/share/string_node_manager/environment/ament_prefix_path.dsv
[21.969s] -- Installing: C:/Users/Jorge/Documents/GitHub/ArtekmedRos2/ShellScripts/String_msgs_hololens/install/string_node_manager/share/string_node_manager/environment/path.bat
[21.969s] -- Installing: C:/Users/Jorge/Documents/GitHub/ArtekmedRos2/ShellScripts/String_msgs_hololens/install/string_node_manager/share/string_node_manager/environment/path.dsv
[21.969s] -- Installing: C:/Users/Jorge/Documents/GitHub/ArtekmedRos2/ShellScripts/String_msgs_hololens/install/string_node_manager/share/string_node_manager/local_setup.bat
[21.985s] -- Installing: C:/Users/Jorge/Documents/GitHub/ArtekmedRos2/ShellScripts/String_msgs_hololens/install/string_node_manager/share/string_node_manager/local_setup.dsv
[21.985s] -- Installing: C:/Users/Jorge/Documents/GitHub/ArtekmedRos2/ShellScripts/String_msgs_hololens/install/string_node_manager/share/string_node_manager/package.dsv
[21.985s] -- Installing: C:/Users/Jorge/Documents/GitHub/ArtekmedRos2/ShellScripts/String_msgs_hololens/install/string_node_manager/share/ament_index/resource_index/packages/string_node_manager
[21.985s] -- Installing: C:/Users/Jorge/Documents/GitHub/ArtekmedRos2/ShellScripts/String_msgs_hololens/install/string_node_manager/share/string_node_manager/cmake/string_node_managerConfig.cmake
[22.000s] -- Installing: C:/Users/Jorge/Documents/GitHub/ArtekmedRos2/ShellScripts/String_msgs_hololens/install/string_node_manager/share/string_node_manager/cmake/string_node_managerConfig-version.cmake
[22.000s] -- Installing: C:/Users/Jorge/Documents/GitHub/ArtekmedRos2/ShellScripts/String_msgs_hololens/install/string_node_manager/share/string_node_manager/package.xml
[22.016s] Invoked command in 'C:\Users\Jorge\Documents\GitHub\ArtekmedRos2\ShellScripts\String_msgs_hololens\build\string_node_manager' returned '0': CMAKE_PREFIX_PATH=%CMAKE_PREFIX_PATH%;c:\opt\ros2_dotnet_ws\install\sensor_msgs_py c:\opt\ros\foxy\x64\Scripts\cmake.EXE --install C:\Users\Jorge\Documents\GitHub\ArtekmedRos2\ShellScripts\String_msgs_hololens\build\string_node_manager --config Release
