[0.266s] Invoking command in 'c:\Users\Jorge\Documents\GitHub\ArtekmedRos2\ShellScripts\string_msgs_multiple_functions_ddl\build\string_msgs_multiple_functions_ddl': CMAKE_PREFIX_PATH=%CMAKE_PREFIX_PATH%;c:\opt\ros2_dotnet_ws\install\sensor_msgs_py c:\opt\ros\foxy\x64\Scripts\cmake.EXE c:\Users\Jorge\Documents\GitHub\ArtekmedRos2\ShellScripts\string_msgs_multiple_functions_ddl -DCMAKE_INSTALL_PREFIX=c:\Users\Jorge\Documents\GitHub\ArtekmedRos2\ShellScripts\string_msgs_multiple_functions_ddl\install\string_msgs_multiple_functions_ddl
[0.578s] -- Selecting Windows SDK version 10.0.22000.0 to target Windows 10.0.22621.
[0.688s] -- Found ament_cmake: 0.9.9 (C:/opt/ros/foxy/x64/share/ament_cmake/cmake)
[0.938s] -- Using PYTHON_EXECUTABLE: C:/opt/ros/foxy/x64/python.exe
[3.516s] -- Found rcldotnet: 0.0.0 (C:/opt/ros2_dotnet_ws/install/rcldotnet/share/rcldotnet/cmake)
[4.094s] -- Found rosidl_adapter: 1.3.0 (C:/opt/ros2_dotnet_ws/install/rosidl_adapter/share/rosidl_adapter/cmake)
[4.547s] -- Using all available rosidl_typesupport_c: rosidl_typesupport_introspection_c;rosidl_typesupport_fastrtps_c
[6.016s] -- Using all available rosidl_typesupport_cpp: rosidl_typesupport_introspection_cpp;rosidl_typesupport_fastrtps_cpp
[6.719s] -- Found rmw_implementation_cmake: 1.0.3 (C:/opt/ros/foxy/x64/share/rmw_implementation_cmake/cmake)
[6.813s] -- Using RMW implementation 'rmw_fastrtps_cpp' as default
[7.047s] -- Found rcldotnet_common: 0.0.0 (C:/opt/ros2_dotnet_ws/install/rcldotnet_common/share/rcldotnet_common/cmake)
[7.063s] -- Found dotnet_cmake_module: 0.0.0 (C:/opt/ros2_dotnet_ws/install/dotnet_cmake_module/share/dotnet_cmake_module/cmake)
[7.563s] CMake Warning (dev) at C:/opt/ros/foxy/x64/Lib/site-packages/cmake/data/share/cmake-3.18/Modules/FindPackageHandleStandardArgs.cmake:273 (message):
[7.563s]   The package name passed to `find_package_handle_standard_args`
[7.563s]   (DOTNET_CORE) does not match the name of the calling package (DotNetCore).
[7.578s]   This can lead to problems in calling code that expects `find_package`
[7.578s]   result variables (e.g., `_FOUND`) to follow a certain pattern.
[7.578s] Call Stack (most recent call first):
[7.578s]   C:/opt/ros2_dotnet_ws/install/dotnet_cmake_module/share/dotnet_cmake_module/cmake/Modules/dotnet/FindDotNetCore.cmake:37 (find_package_handle_standard_args)
[7.578s]   C:/opt/ros2_dotnet_ws/install/dotnet_cmake_module/share/dotnet_cmake_module/cmake/Modules/FindCSBuild.cmake:20 (find_package)
[7.578s]   C:/opt/ros2_dotnet_ws/install/dotnet_cmake_module/share/dotnet_cmake_module/cmake/Modules/FindDotNETExtra.cmake:15 (find_package)
[7.578s]   CMakeLists.txt:24 (find_package)
[7.594s] This warning is for project developers.  Use -Wno-dev to suppress it.
[7.594s] 
[7.594s] -- Found .NET Core: 7.0.101
[7.609s] -- Using Framework: netcoreapp2.0
[7.609s] -- Using Framework: netcoreapp2.0
[7.609s] -- Using Runtime: win-x64
[7.609s] -- Found std_msgs: 2.0.5 (C:/opt/ros2_dotnet_ws/install/std_msgs/share/std_msgs/cmake)
[8.203s] -- Configuring done
[8.906s] -- Generating done
[8.953s] -- Build files have been written to: C:/Users/Jorge/Documents/GitHub/ArtekmedRos2/ShellScripts/string_msgs_multiple_functions_ddl/build/string_msgs_multiple_functions_ddl
[9.000s] Invoked command in 'c:\Users\Jorge\Documents\GitHub\ArtekmedRos2\ShellScripts\string_msgs_multiple_functions_ddl\build\string_msgs_multiple_functions_ddl' returned '0': CMAKE_PREFIX_PATH=%CMAKE_PREFIX_PATH%;c:\opt\ros2_dotnet_ws\install\sensor_msgs_py c:\opt\ros\foxy\x64\Scripts\cmake.EXE c:\Users\Jorge\Documents\GitHub\ArtekmedRos2\ShellScripts\string_msgs_multiple_functions_ddl -DCMAKE_INSTALL_PREFIX=c:\Users\Jorge\Documents\GitHub\ArtekmedRos2\ShellScripts\string_msgs_multiple_functions_ddl\install\string_msgs_multiple_functions_ddl
[9.000s] Invoking command in 'c:\Users\Jorge\Documents\GitHub\ArtekmedRos2\ShellScripts\string_msgs_multiple_functions_ddl\build\string_msgs_multiple_functions_ddl': CL=/MP CMAKE_PREFIX_PATH=%CMAKE_PREFIX_PATH%;c:\opt\ros2_dotnet_ws\install\sensor_msgs_py c:\opt\ros\foxy\x64\Scripts\cmake.EXE --build c:\Users\Jorge\Documents\GitHub\ArtekmedRos2\ShellScripts\string_msgs_multiple_functions_ddl\build\string_msgs_multiple_functions_ddl --config Release
[9.609s] Microsoft (R) Build Engine version 16.11.2+f32259642 for .NET Framework
[9.609s] Copyright (C) Microsoft Corporation. All rights reserved.
[9.609s] 
[11.000s]   C:/opt/ros/foxy/x64/Lib/site-packages/cmake/data/bin/cmake.exe;-version;C:/Program Files/dotnet/dotnet.exe restore;-r;win-x64 string_msgs_multiple_functions_ddl_dotnetcore.csproj; C:/Program Files/dotnet/dotnet.exe publish;-r;win-x64 string_msgs_multiple_functions_ddl_dotnetcore.csproj -> C:/Users/Jorge/Documents/GitHub/ArtekmedRos2/ShellScripts/string_msgs_multiple_functions_ddl/build/string_msgs_multiple_functions_ddl/string_msgs_multiple_functions_ddl
[11.281s]   cmake version 3.18.2
[11.281s]   
[11.281s]   CMake suite maintained and supported by Kitware (kitware.com/cmake).
[13.313s]     Determining projects to restore...
[13.375s] C:\Program Files\dotnet\sdk\7.0.101\Sdks\Microsoft.NET.Sdk\targets\Microsoft.NET.EolTargetFrameworks.targets(28,5): warning NETSDK1138: The target framework 'netcoreapp2.0' is out of support and will not receive security updates in the future. Please refer to https://aka.ms/dotnet-core-support for more information about the support policy. [C:\Users\Jorge\Documents\GitHub\ArtekmedRos2\ShellScripts\string_msgs_multiple_functions_ddl\build\string_msgs_multiple_functions_ddl\string_msgs_multiple_functions_ddl\string_msgs_multiple_functions_ddl_dotnetcore.csproj] [C:\Users\Jorge\Documents\GitHub\ArtekmedRos2\ShellScripts\string_msgs_multiple_functions_ddl\build\string_msgs_multiple_functions_ddl\string_msgs_multiple_functions_ddl.vcxproj]
[13.500s] C:\Program Files\dotnet\sdk\7.0.101\Sdks\Microsoft.NET.Sdk\targets\Microsoft.NET.EolTargetFrameworks.targets(28,5): warning NETSDK1138: The target framework 'netcoreapp2.0' is out of support and will not receive security updates in the future. Please refer to https://aka.ms/dotnet-core-support for more information about the support policy. [C:\Users\Jorge\Documents\GitHub\ArtekmedRos2\ShellScripts\string_msgs_multiple_functions_ddl\build\string_msgs_multiple_functions_ddl\string_msgs_multiple_functions_ddl\string_msgs_multiple_functions_ddl_dotnetcore.csproj] [C:\Users\Jorge\Documents\GitHub\ArtekmedRos2\ShellScripts\string_msgs_multiple_functions_ddl\build\string_msgs_multiple_functions_ddl\string_msgs_multiple_functions_ddl.vcxproj]
[14.609s]     Restored C:\Users\Jorge\Documents\GitHub\ArtekmedRos2\ShellScripts\string_msgs_multiple_functions_ddl\build\string_msgs_multiple_functions_ddl\string_msgs_multiple_functions_ddl\string_msgs_multiple_functions_ddl_dotnetcore.csproj (in 781 ms).
[16.484s]   MSBuild version 17.4.0+18d5aef85 for .NET
[17.359s]     Determining projects to restore...
[17.422s] C:\Program Files\dotnet\sdk\7.0.101\Sdks\Microsoft.NET.Sdk\targets\Microsoft.NET.EolTargetFrameworks.targets(28,5): warning NETSDK1138: The target framework 'netcoreapp2.0' is out of support and will not receive security updates in the future. Please refer to https://aka.ms/dotnet-core-support for more information about the support policy. [C:\Users\Jorge\Documents\GitHub\ArtekmedRos2\ShellScripts\string_msgs_multiple_functions_ddl\build\string_msgs_multiple_functions_ddl\string_msgs_multiple_functions_ddl\string_msgs_multiple_functions_ddl_dotnetcore.csproj] [C:\Users\Jorge\Documents\GitHub\ArtekmedRos2\ShellScripts\string_msgs_multiple_functions_ddl\build\string_msgs_multiple_functions_ddl\string_msgs_multiple_functions_ddl.vcxproj]
[17.625s] C:\Program Files\dotnet\sdk\7.0.101\Sdks\Microsoft.NET.Sdk\targets\Microsoft.NET.EolTargetFrameworks.targets(28,5): warning NETSDK1138: The target framework 'netcoreapp2.0' is out of support and will not receive security updates in the future. Please refer to https://aka.ms/dotnet-core-support for more information about the support policy. [C:\Users\Jorge\Documents\GitHub\ArtekmedRos2\ShellScripts\string_msgs_multiple_functions_ddl\build\string_msgs_multiple_functions_ddl\string_msgs_multiple_functions_ddl\string_msgs_multiple_functions_ddl_dotnetcore.csproj] [C:\Users\Jorge\Documents\GitHub\ArtekmedRos2\ShellScripts\string_msgs_multiple_functions_ddl\build\string_msgs_multiple_functions_ddl\string_msgs_multiple_functions_ddl.vcxproj]
[18.656s]     Restored C:\Users\Jorge\Documents\GitHub\ArtekmedRos2\ShellScripts\string_msgs_multiple_functions_ddl\build\string_msgs_multiple_functions_ddl\string_msgs_multiple_functions_ddl\string_msgs_multiple_functions_ddl_dotnetcore.csproj (in 675 ms).
[19.109s] C:\Program Files\dotnet\sdk\7.0.101\Sdks\Microsoft.NET.Sdk\targets\Microsoft.NET.EolTargetFrameworks.targets(28,5): warning NETSDK1138: The target framework 'netcoreapp2.0' is out of support and will not receive security updates in the future. Please refer to https://aka.ms/dotnet-core-support for more information about the support policy. [C:\Users\Jorge\Documents\GitHub\ArtekmedRos2\ShellScripts\string_msgs_multiple_functions_ddl\build\string_msgs_multiple_functions_ddl\string_msgs_multiple_functions_ddl\string_msgs_multiple_functions_ddl_dotnetcore.csproj] [C:\Users\Jorge\Documents\GitHub\ArtekmedRos2\ShellScripts\string_msgs_multiple_functions_ddl\build\string_msgs_multiple_functions_ddl\string_msgs_multiple_functions_ddl.vcxproj]
[20.063s] CSC : warning CS1668: Invalid search path 'C:\Program Files (x86)\Microsoft Visual Studio\2019\Community\VC\Tools\MSVC\14.29.30133\atlmfc\lib\x64' specified in 'LIB environment variable' -- 'directory does not exist' [C:\Users\Jorge\Documents\GitHub\ArtekmedRos2\ShellScripts\string_msgs_multiple_functions_ddl\build\string_msgs_multiple_functions_ddl\string_msgs_multiple_functions_ddl\string_msgs_multiple_functions_ddl_dotnetcore.csproj] [C:\Users\Jorge\Documents\GitHub\ArtekmedRos2\ShellScripts\string_msgs_multiple_functions_ddl\build\string_msgs_multiple_functions_ddl\string_msgs_multiple_functions_ddl.vcxproj]
[21.984s]     string_msgs_multiple_functions_ddl_dotnetcore -> C:\Users\Jorge\Documents\GitHub\ArtekmedRos2\ShellScripts\string_msgs_multiple_functions_ddl\build\string_msgs_multiple_functions_ddl\Release\netcoreapp2.0\win-x64\string_msgs_multiple_functions_ddl.dll
[22.188s]     string_msgs_multiple_functions_ddl_dotnetcore -> C:\Users\Jorge\Documents\GitHub\ArtekmedRos2\ShellScripts\string_msgs_multiple_functions_ddl\build\string_msgs_multiple_functions_ddl\Release\netcoreapp2.0\win-x64\publish\
[22.516s] Invoked command in 'c:\Users\Jorge\Documents\GitHub\ArtekmedRos2\ShellScripts\string_msgs_multiple_functions_ddl\build\string_msgs_multiple_functions_ddl' returned '0': CL=/MP CMAKE_PREFIX_PATH=%CMAKE_PREFIX_PATH%;c:\opt\ros2_dotnet_ws\install\sensor_msgs_py c:\opt\ros\foxy\x64\Scripts\cmake.EXE --build c:\Users\Jorge\Documents\GitHub\ArtekmedRos2\ShellScripts\string_msgs_multiple_functions_ddl\build\string_msgs_multiple_functions_ddl --config Release
[22.875s] Invoking command in 'c:\Users\Jorge\Documents\GitHub\ArtekmedRos2\ShellScripts\string_msgs_multiple_functions_ddl\build\string_msgs_multiple_functions_ddl': CMAKE_PREFIX_PATH=%CMAKE_PREFIX_PATH%;c:\opt\ros2_dotnet_ws\install\sensor_msgs_py c:\opt\ros\foxy\x64\Scripts\cmake.EXE --install c:\Users\Jorge\Documents\GitHub\ArtekmedRos2\ShellScripts\string_msgs_multiple_functions_ddl\build\string_msgs_multiple_functions_ddl --config Release
[23.188s] -- Up-to-date: C:/Users/Jorge/Documents/GitHub/ArtekmedRos2/ShellScripts/string_msgs_multiple_functions_ddl/install/string_msgs_multiple_functions_ddl/lib/string_msgs_multiple_functions_ddl/dotnet
[23.188s] -- Up-to-date: C:/Users/Jorge/Documents/GitHub/ArtekmedRos2/ShellScripts/string_msgs_multiple_functions_ddl/install/string_msgs_multiple_functions_ddl/lib/string_msgs_multiple_functions_ddl/dotnet/api-ms-win-core-console-l1-1-0.dll
[23.188s] -- Up-to-date: C:/Users/Jorge/Documents/GitHub/ArtekmedRos2/ShellScripts/string_msgs_multiple_functions_ddl/install/string_msgs_multiple_functions_ddl/lib/string_msgs_multiple_functions_ddl/dotnet/api-ms-win-core-datetime-l1-1-0.dll
[23.203s] -- Up-to-date: C:/Users/Jorge/Documents/GitHub/ArtekmedRos2/ShellScripts/string_msgs_multiple_functions_ddl/install/string_msgs_multiple_functions_ddl/lib/string_msgs_multiple_functions_ddl/dotnet/api-ms-win-core-debug-l1-1-0.dll
[23.203s] -- Up-to-date: C:/Users/Jorge/Documents/GitHub/ArtekmedRos2/ShellScripts/string_msgs_multiple_functions_ddl/install/string_msgs_multiple_functions_ddl/lib/string_msgs_multiple_functions_ddl/dotnet/api-ms-win-core-errorhandling-l1-1-0.dll
[23.203s] -- Up-to-date: C:/Users/Jorge/Documents/GitHub/ArtekmedRos2/ShellScripts/string_msgs_multiple_functions_ddl/install/string_msgs_multiple_functions_ddl/lib/string_msgs_multiple_functions_ddl/dotnet/api-ms-win-core-file-l1-1-0.dll
[23.219s] -- Up-to-date: C:/Users/Jorge/Documents/GitHub/ArtekmedRos2/ShellScripts/string_msgs_multiple_functions_ddl/install/string_msgs_multiple_functions_ddl/lib/string_msgs_multiple_functions_ddl/dotnet/api-ms-win-core-file-l1-2-0.dll
[23.219s] -- Up-to-date: C:/Users/Jorge/Documents/GitHub/ArtekmedRos2/ShellScripts/string_msgs_multiple_functions_ddl/install/string_msgs_multiple_functions_ddl/lib/string_msgs_multiple_functions_ddl/dotnet/api-ms-win-core-file-l2-1-0.dll
[23.219s] -- Up-to-date: C:/Users/Jorge/Documents/GitHub/ArtekmedRos2/ShellScripts/string_msgs_multiple_functions_ddl/install/string_msgs_multiple_functions_ddl/lib/string_msgs_multiple_functions_ddl/dotnet/api-ms-win-core-handle-l1-1-0.dll
[23.219s] -- Up-to-date: C:/Users/Jorge/Documents/GitHub/ArtekmedRos2/ShellScripts/string_msgs_multiple_functions_ddl/install/string_msgs_multiple_functions_ddl/lib/string_msgs_multiple_functions_ddl/dotnet/api-ms-win-core-heap-l1-1-0.dll
[23.234s] -- Up-to-date: C:/Users/Jorge/Documents/GitHub/ArtekmedRos2/ShellScripts/string_msgs_multiple_functions_ddl/install/string_msgs_multiple_functions_ddl/lib/string_msgs_multiple_functions_ddl/dotnet/api-ms-win-core-interlocked-l1-1-0.dll
[23.234s] -- Up-to-date: C:/Users/Jorge/Documents/GitHub/ArtekmedRos2/ShellScripts/string_msgs_multiple_functions_ddl/install/string_msgs_multiple_functions_ddl/lib/string_msgs_multiple_functions_ddl/dotnet/api-ms-win-core-libraryloader-l1-1-0.dll
[23.234s] -- Up-to-date: C:/Users/Jorge/Documents/GitHub/ArtekmedRos2/ShellScripts/string_msgs_multiple_functions_ddl/install/string_msgs_multiple_functions_ddl/lib/string_msgs_multiple_functions_ddl/dotnet/api-ms-win-core-localization-l1-2-0.dll
[23.234s] -- Up-to-date: C:/Users/Jorge/Documents/GitHub/ArtekmedRos2/ShellScripts/string_msgs_multiple_functions_ddl/install/string_msgs_multiple_functions_ddl/lib/string_msgs_multiple_functions_ddl/dotnet/api-ms-win-core-memory-l1-1-0.dll
[23.250s] -- Up-to-date: C:/Users/Jorge/Documents/GitHub/ArtekmedRos2/ShellScripts/string_msgs_multiple_functions_ddl/install/string_msgs_multiple_functions_ddl/lib/string_msgs_multiple_functions_ddl/dotnet/api-ms-win-core-namedpipe-l1-1-0.dll
[23.250s] -- Up-to-date: C:/Users/Jorge/Documents/GitHub/ArtekmedRos2/ShellScripts/string_msgs_multiple_functions_ddl/install/string_msgs_multiple_functions_ddl/lib/string_msgs_multiple_functions_ddl/dotnet/api-ms-win-core-processenvironment-l1-1-0.dll
[23.250s] -- Up-to-date: C:/Users/Jorge/Documents/GitHub/ArtekmedRos2/ShellScripts/string_msgs_multiple_functions_ddl/install/string_msgs_multiple_functions_ddl/lib/string_msgs_multiple_functions_ddl/dotnet/api-ms-win-core-processthreads-l1-1-0.dll
[23.266s] -- Up-to-date: C:/Users/Jorge/Documents/GitHub/ArtekmedRos2/ShellScripts/string_msgs_multiple_functions_ddl/install/string_msgs_multiple_functions_ddl/lib/string_msgs_multiple_functions_ddl/dotnet/api-ms-win-core-processthreads-l1-1-1.dll
[23.266s] -- Up-to-date: C:/Users/Jorge/Documents/GitHub/ArtekmedRos2/ShellScripts/string_msgs_multiple_functions_ddl/install/string_msgs_multiple_functions_ddl/lib/string_msgs_multiple_functions_ddl/dotnet/api-ms-win-core-profile-l1-1-0.dll
[23.266s] -- Up-to-date: C:/Users/Jorge/Documents/GitHub/ArtekmedRos2/ShellScripts/string_msgs_multiple_functions_ddl/install/string_msgs_multiple_functions_ddl/lib/string_msgs_multiple_functions_ddl/dotnet/api-ms-win-core-rtlsupport-l1-1-0.dll
[23.281s] -- Up-to-date: C:/Users/Jorge/Documents/GitHub/ArtekmedRos2/ShellScripts/string_msgs_multiple_functions_ddl/install/string_msgs_multiple_functions_ddl/lib/string_msgs_multiple_functions_ddl/dotnet/api-ms-win-core-string-l1-1-0.dll
[23.281s] -- Up-to-date: C:/Users/Jorge/Documents/GitHub/ArtekmedRos2/ShellScripts/string_msgs_multiple_functions_ddl/install/string_msgs_multiple_functions_ddl/lib/string_msgs_multiple_functions_ddl/dotnet/api-ms-win-core-synch-l1-1-0.dll
[23.281s] -- Up-to-date: C:/Users/Jorge/Documents/GitHub/ArtekmedRos2/ShellScripts/string_msgs_multiple_functions_ddl/install/string_msgs_multiple_functions_ddl/lib/string_msgs_multiple_functions_ddl/dotnet/api-ms-win-core-synch-l1-2-0.dll
[23.297s] -- Up-to-date: C:/Users/Jorge/Documents/GitHub/ArtekmedRos2/ShellScripts/string_msgs_multiple_functions_ddl/install/string_msgs_multiple_functions_ddl/lib/string_msgs_multiple_functions_ddl/dotnet/api-ms-win-core-sysinfo-l1-1-0.dll
[23.297s] -- Up-to-date: C:/Users/Jorge/Documents/GitHub/ArtekmedRos2/ShellScripts/string_msgs_multiple_functions_ddl/install/string_msgs_multiple_functions_ddl/lib/string_msgs_multiple_functions_ddl/dotnet/api-ms-win-core-timezone-l1-1-0.dll
[23.297s] -- Up-to-date: C:/Users/Jorge/Documents/GitHub/ArtekmedRos2/ShellScripts/string_msgs_multiple_functions_ddl/install/string_msgs_multiple_functions_ddl/lib/string_msgs_multiple_functions_ddl/dotnet/api-ms-win-core-util-l1-1-0.dll
[23.297s] -- Up-to-date: C:/Users/Jorge/Documents/GitHub/ArtekmedRos2/ShellScripts/string_msgs_multiple_functions_ddl/install/string_msgs_multiple_functions_ddl/lib/string_msgs_multiple_functions_ddl/dotnet/api-ms-win-crt-conio-l1-1-0.dll
[23.313s] -- Up-to-date: C:/Users/Jorge/Documents/GitHub/ArtekmedRos2/ShellScripts/string_msgs_multiple_functions_ddl/install/string_msgs_multiple_functions_ddl/lib/string_msgs_multiple_functions_ddl/dotnet/api-ms-win-crt-convert-l1-1-0.dll
[23.313s] -- Up-to-date: C:/Users/Jorge/Documents/GitHub/ArtekmedRos2/ShellScripts/string_msgs_multiple_functions_ddl/install/string_msgs_multiple_functions_ddl/lib/string_msgs_multiple_functions_ddl/dotnet/api-ms-win-crt-environment-l1-1-0.dll
[23.313s] -- Up-to-date: C:/Users/Jorge/Documents/GitHub/ArtekmedRos2/ShellScripts/string_msgs_multiple_functions_ddl/install/string_msgs_multiple_functions_ddl/lib/string_msgs_multiple_functions_ddl/dotnet/api-ms-win-crt-filesystem-l1-1-0.dll
[23.313s] -- Up-to-date: C:/Users/Jorge/Documents/GitHub/ArtekmedRos2/ShellScripts/string_msgs_multiple_functions_ddl/install/string_msgs_multiple_functions_ddl/lib/string_msgs_multiple_functions_ddl/dotnet/api-ms-win-crt-heap-l1-1-0.dll
[23.328s] -- Up-to-date: C:/Users/Jorge/Documents/GitHub/ArtekmedRos2/ShellScripts/string_msgs_multiple_functions_ddl/install/string_msgs_multiple_functions_ddl/lib/string_msgs_multiple_functions_ddl/dotnet/api-ms-win-crt-locale-l1-1-0.dll
[23.328s] -- Up-to-date: C:/Users/Jorge/Documents/GitHub/ArtekmedRos2/ShellScripts/string_msgs_multiple_functions_ddl/install/string_msgs_multiple_functions_ddl/lib/string_msgs_multiple_functions_ddl/dotnet/api-ms-win-crt-math-l1-1-0.dll
[23.328s] -- Up-to-date: C:/Users/Jorge/Documents/GitHub/ArtekmedRos2/ShellScripts/string_msgs_multiple_functions_ddl/install/string_msgs_multiple_functions_ddl/lib/string_msgs_multiple_functions_ddl/dotnet/api-ms-win-crt-multibyte-l1-1-0.dll
[23.328s] -- Up-to-date: C:/Users/Jorge/Documents/GitHub/ArtekmedRos2/ShellScripts/string_msgs_multiple_functions_ddl/install/string_msgs_multiple_functions_ddl/lib/string_msgs_multiple_functions_ddl/dotnet/api-ms-win-crt-private-l1-1-0.dll
[23.344s] -- Up-to-date: C:/Users/Jorge/Documents/GitHub/ArtekmedRos2/ShellScripts/string_msgs_multiple_functions_ddl/install/string_msgs_multiple_functions_ddl/lib/string_msgs_multiple_functions_ddl/dotnet/api-ms-win-crt-process-l1-1-0.dll
[23.344s] -- Up-to-date: C:/Users/Jorge/Documents/GitHub/ArtekmedRos2/ShellScripts/string_msgs_multiple_functions_ddl/install/string_msgs_multiple_functions_ddl/lib/string_msgs_multiple_functions_ddl/dotnet/api-ms-win-crt-runtime-l1-1-0.dll
[23.344s] -- Up-to-date: C:/Users/Jorge/Documents/GitHub/ArtekmedRos2/ShellScripts/string_msgs_multiple_functions_ddl/install/string_msgs_multiple_functions_ddl/lib/string_msgs_multiple_functions_ddl/dotnet/api-ms-win-crt-stdio-l1-1-0.dll
[23.344s] -- Up-to-date: C:/Users/Jorge/Documents/GitHub/ArtekmedRos2/ShellScripts/string_msgs_multiple_functions_ddl/install/string_msgs_multiple_functions_ddl/lib/string_msgs_multiple_functions_ddl/dotnet/api-ms-win-crt-string-l1-1-0.dll
[23.359s] -- Up-to-date: C:/Users/Jorge/Documents/GitHub/ArtekmedRos2/ShellScripts/string_msgs_multiple_functions_ddl/install/string_msgs_multiple_functions_ddl/lib/string_msgs_multiple_functions_ddl/dotnet/api-ms-win-crt-time-l1-1-0.dll
[23.359s] -- Up-to-date: C:/Users/Jorge/Documents/GitHub/ArtekmedRos2/ShellScripts/string_msgs_multiple_functions_ddl/install/string_msgs_multiple_functions_ddl/lib/string_msgs_multiple_functions_ddl/dotnet/api-ms-win-crt-utility-l1-1-0.dll
[23.359s] -- Up-to-date: C:/Users/Jorge/Documents/GitHub/ArtekmedRos2/ShellScripts/string_msgs_multiple_functions_ddl/install/string_msgs_multiple_functions_ddl/lib/string_msgs_multiple_functions_ddl/dotnet/builtin_interfaces_assemblies.dll
[23.359s] -- Up-to-date: C:/Users/Jorge/Documents/GitHub/ArtekmedRos2/ShellScripts/string_msgs_multiple_functions_ddl/install/string_msgs_multiple_functions_ddl/lib/string_msgs_multiple_functions_ddl/dotnet/builtin_interfaces_assemblies.pdb
[23.359s] -- Up-to-date: C:/Users/Jorge/Documents/GitHub/ArtekmedRos2/ShellScripts/string_msgs_multiple_functions_ddl/install/string_msgs_multiple_functions_ddl/lib/string_msgs_multiple_functions_ddl/dotnet/clrcompression.dll
[23.359s] -- Up-to-date: C:/Users/Jorge/Documents/GitHub/ArtekmedRos2/ShellScripts/string_msgs_multiple_functions_ddl/install/string_msgs_multiple_functions_ddl/lib/string_msgs_multiple_functions_ddl/dotnet/clretwrc.dll
[23.375s] -- Up-to-date: C:/Users/Jorge/Documents/GitHub/ArtekmedRos2/ShellScripts/string_msgs_multiple_functions_ddl/install/string_msgs_multiple_functions_ddl/lib/string_msgs_multiple_functions_ddl/dotnet/clrjit.dll
[23.375s] -- Up-to-date: C:/Users/Jorge/Documents/GitHub/ArtekmedRos2/ShellScripts/string_msgs_multiple_functions_ddl/install/string_msgs_multiple_functions_ddl/lib/string_msgs_multiple_functions_ddl/dotnet/coreclr.dll
[23.375s] -- Up-to-date: C:/Users/Jorge/Documents/GitHub/ArtekmedRos2/ShellScripts/string_msgs_multiple_functions_ddl/install/string_msgs_multiple_functions_ddl/lib/string_msgs_multiple_functions_ddl/dotnet/dbgshim.dll
[23.375s] -- Up-to-date: C:/Users/Jorge/Documents/GitHub/ArtekmedRos2/ShellScripts/string_msgs_multiple_functions_ddl/install/string_msgs_multiple_functions_ddl/lib/string_msgs_multiple_functions_ddl/dotnet/hostfxr.dll
[23.391s] -- Up-to-date: C:/Users/Jorge/Documents/GitHub/ArtekmedRos2/ShellScripts/string_msgs_multiple_functions_ddl/install/string_msgs_multiple_functions_ddl/lib/string_msgs_multiple_functions_ddl/dotnet/hostpolicy.dll
[23.391s] -- Up-to-date: C:/Users/Jorge/Documents/GitHub/ArtekmedRos2/ShellScripts/string_msgs_multiple_functions_ddl/install/string_msgs_multiple_functions_ddl/lib/string_msgs_multiple_functions_ddl/dotnet/Microsoft.CSharp.dll
[23.391s] -- Up-to-date: C:/Users/Jorge/Documents/GitHub/ArtekmedRos2/ShellScripts/string_msgs_multiple_functions_ddl/install/string_msgs_multiple_functions_ddl/lib/string_msgs_multiple_functions_ddl/dotnet/Microsoft.DiaSymReader.Native.amd64.dll
[23.391s] -- Up-to-date: C:/Users/Jorge/Documents/GitHub/ArtekmedRos2/ShellScripts/string_msgs_multiple_functions_ddl/install/string_msgs_multiple_functions_ddl/lib/string_msgs_multiple_functions_ddl/dotnet/Microsoft.VisualBasic.dll
[23.406s] -- Up-to-date: C:/Users/Jorge/Documents/GitHub/ArtekmedRos2/ShellScripts/string_msgs_multiple_functions_ddl/install/string_msgs_multiple_functions_ddl/lib/string_msgs_multiple_functions_ddl/dotnet/Microsoft.Win32.Primitives.dll
[23.406s] -- Up-to-date: C:/Users/Jorge/Documents/GitHub/ArtekmedRos2/ShellScripts/string_msgs_multiple_functions_ddl/install/string_msgs_multiple_functions_ddl/lib/string_msgs_multiple_functions_ddl/dotnet/Microsoft.Win32.Registry.dll
[23.406s] -- Up-to-date: C:/Users/Jorge/Documents/GitHub/ArtekmedRos2/ShellScripts/string_msgs_multiple_functions_ddl/install/string_msgs_multiple_functions_ddl/lib/string_msgs_multiple_functions_ddl/dotnet/mscordaccore.dll
[23.406s] -- Up-to-date: C:/Users/Jorge/Documents/GitHub/ArtekmedRos2/ShellScripts/string_msgs_multiple_functions_ddl/install/string_msgs_multiple_functions_ddl/lib/string_msgs_multiple_functions_ddl/dotnet/mscordaccore_amd64_amd64_4.6.26614.01.dll
[23.422s] -- Up-to-date: C:/Users/Jorge/Documents/GitHub/ArtekmedRos2/ShellScripts/string_msgs_multiple_functions_ddl/install/string_msgs_multiple_functions_ddl/lib/string_msgs_multiple_functions_ddl/dotnet/mscordbi.dll
[23.422s] -- Up-to-date: C:/Users/Jorge/Documents/GitHub/ArtekmedRos2/ShellScripts/string_msgs_multiple_functions_ddl/install/string_msgs_multiple_functions_ddl/lib/string_msgs_multiple_functions_ddl/dotnet/mscorlib.dll
[23.422s] -- Up-to-date: C:/Users/Jorge/Documents/GitHub/ArtekmedRos2/ShellScripts/string_msgs_multiple_functions_ddl/install/string_msgs_multiple_functions_ddl/lib/string_msgs_multiple_functions_ddl/dotnet/mscorrc.debug.dll
[23.422s] -- Up-to-date: C:/Users/Jorge/Documents/GitHub/ArtekmedRos2/ShellScripts/string_msgs_multiple_functions_ddl/install/string_msgs_multiple_functions_ddl/lib/string_msgs_multiple_functions_ddl/dotnet/mscorrc.dll
[23.422s] -- Up-to-date: C:/Users/Jorge/Documents/GitHub/ArtekmedRos2/ShellScripts/string_msgs_multiple_functions_ddl/install/string_msgs_multiple_functions_ddl/lib/string_msgs_multiple_functions_ddl/dotnet/netstandard.dll
[23.438s] -- Up-to-date: C:/Users/Jorge/Documents/GitHub/ArtekmedRos2/ShellScripts/string_msgs_multiple_functions_ddl/install/string_msgs_multiple_functions_ddl/lib/string_msgs_multiple_functions_ddl/dotnet/newtonsoft.json.dll
[23.438s] -- Up-to-date: C:/Users/Jorge/Documents/GitHub/ArtekmedRos2/ShellScripts/string_msgs_multiple_functions_ddl/install/string_msgs_multiple_functions_ddl/lib/string_msgs_multiple_functions_ddl/dotnet/newtonsoft.json.pdb
[23.438s] -- Up-to-date: C:/Users/Jorge/Documents/GitHub/ArtekmedRos2/ShellScripts/string_msgs_multiple_functions_ddl/install/string_msgs_multiple_functions_ddl/lib/string_msgs_multiple_functions_ddl/dotnet/newtonsoft.json.xml
[23.453s] -- Up-to-date: C:/Users/Jorge/Documents/GitHub/ArtekmedRos2/ShellScripts/string_msgs_multiple_functions_ddl/install/string_msgs_multiple_functions_ddl/lib/string_msgs_multiple_functions_ddl/dotnet/rcldotnet_assemblies.dll
[23.469s] -- Up-to-date: C:/Users/Jorge/Documents/GitHub/ArtekmedRos2/ShellScripts/string_msgs_multiple_functions_ddl/install/string_msgs_multiple_functions_ddl/lib/string_msgs_multiple_functions_ddl/dotnet/rcldotnet_assemblies.pdb
[23.484s] -- Up-to-date: C:/Users/Jorge/Documents/GitHub/ArtekmedRos2/ShellScripts/string_msgs_multiple_functions_ddl/install/string_msgs_multiple_functions_ddl/lib/string_msgs_multiple_functions_ddl/dotnet/rcldotnet_common.dll
[23.500s] -- Up-to-date: C:/Users/Jorge/Documents/GitHub/ArtekmedRos2/ShellScripts/string_msgs_multiple_functions_ddl/install/string_msgs_multiple_functions_ddl/lib/string_msgs_multiple_functions_ddl/dotnet/rcldotnet_common.pdb
[23.500s] -- Up-to-date: C:/Users/Jorge/Documents/GitHub/ArtekmedRos2/ShellScripts/string_msgs_multiple_functions_ddl/install/string_msgs_multiple_functions_ddl/lib/string_msgs_multiple_functions_ddl/dotnet/sos.dll
[23.516s] -- Up-to-date: C:/Users/Jorge/Documents/GitHub/ArtekmedRos2/ShellScripts/string_msgs_multiple_functions_ddl/install/string_msgs_multiple_functions_ddl/lib/string_msgs_multiple_functions_ddl/dotnet/SOS.NETCore.dll
[23.516s] -- Up-to-date: C:/Users/Jorge/Documents/GitHub/ArtekmedRos2/ShellScripts/string_msgs_multiple_functions_ddl/install/string_msgs_multiple_functions_ddl/lib/string_msgs_multiple_functions_ddl/dotnet/sos_amd64_amd64_4.6.26614.01.dll
[23.516s] -- Up-to-date: C:/Users/Jorge/Documents/GitHub/ArtekmedRos2/ShellScripts/string_msgs_multiple_functions_ddl/install/string_msgs_multiple_functions_ddl/lib/string_msgs_multiple_functions_ddl/dotnet/std_msgs_assemblies.dll
[23.516s] -- Up-to-date: C:/Users/Jorge/Documents/GitHub/ArtekmedRos2/ShellScripts/string_msgs_multiple_functions_ddl/install/string_msgs_multiple_functions_ddl/lib/string_msgs_multiple_functions_ddl/dotnet/std_msgs_assemblies.pdb
[23.531s] -- Installing: C:/Users/Jorge/Documents/GitHub/ArtekmedRos2/ShellScripts/string_msgs_multiple_functions_ddl/install/string_msgs_multiple_functions_ddl/lib/string_msgs_multiple_functions_ddl/dotnet/string_msgs_multiple_functions_ddl.deps.json
[23.703s] -- Installing: C:/Users/Jorge/Documents/GitHub/ArtekmedRos2/ShellScripts/string_msgs_multiple_functions_ddl/install/string_msgs_multiple_functions_ddl/lib/string_msgs_multiple_functions_ddl/dotnet/string_msgs_multiple_functions_ddl.dll
[23.828s] -- Installing: C:/Users/Jorge/Documents/GitHub/ArtekmedRos2/ShellScripts/string_msgs_multiple_functions_ddl/install/string_msgs_multiple_functions_ddl/lib/string_msgs_multiple_functions_ddl/dotnet/string_msgs_multiple_functions_ddl.exe
[23.891s] -- Installing: C:/Users/Jorge/Documents/GitHub/ArtekmedRos2/ShellScripts/string_msgs_multiple_functions_ddl/install/string_msgs_multiple_functions_ddl/lib/string_msgs_multiple_functions_ddl/dotnet/string_msgs_multiple_functions_ddl.pdb
[23.891s] -- Installing: C:/Users/Jorge/Documents/GitHub/ArtekmedRos2/ShellScripts/string_msgs_multiple_functions_ddl/install/string_msgs_multiple_functions_ddl/lib/string_msgs_multiple_functions_ddl/dotnet/string_msgs_multiple_functions_ddl.runtimeconfig.json
[23.906s] -- Up-to-date: C:/Users/Jorge/Documents/GitHub/ArtekmedRos2/ShellScripts/string_msgs_multiple_functions_ddl/install/string_msgs_multiple_functions_ddl/lib/string_msgs_multiple_functions_ddl/dotnet/System.AppContext.dll
[23.906s] -- Up-to-date: C:/Users/Jorge/Documents/GitHub/ArtekmedRos2/ShellScripts/string_msgs_multiple_functions_ddl/install/string_msgs_multiple_functions_ddl/lib/string_msgs_multiple_functions_ddl/dotnet/System.Buffers.dll
[23.906s] -- Up-to-date: C:/Users/Jorge/Documents/GitHub/ArtekmedRos2/ShellScripts/string_msgs_multiple_functions_ddl/install/string_msgs_multiple_functions_ddl/lib/string_msgs_multiple_functions_ddl/dotnet/System.Collections.Concurrent.dll
[23.906s] -- Up-to-date: C:/Users/Jorge/Documents/GitHub/ArtekmedRos2/ShellScripts/string_msgs_multiple_functions_ddl/install/string_msgs_multiple_functions_ddl/lib/string_msgs_multiple_functions_ddl/dotnet/System.Collections.dll
[23.906s] -- Up-to-date: C:/Users/Jorge/Documents/GitHub/ArtekmedRos2/ShellScripts/string_msgs_multiple_functions_ddl/install/string_msgs_multiple_functions_ddl/lib/string_msgs_multiple_functions_ddl/dotnet/System.Collections.Immutable.dll
[23.922s] -- Up-to-date: C:/Users/Jorge/Documents/GitHub/ArtekmedRos2/ShellScripts/string_msgs_multiple_functions_ddl/install/string_msgs_multiple_functions_ddl/lib/string_msgs_multiple_functions_ddl/dotnet/System.Collections.NonGeneric.dll
[23.922s] -- Up-to-date: C:/Users/Jorge/Documents/GitHub/ArtekmedRos2/ShellScripts/string_msgs_multiple_functions_ddl/install/string_msgs_multiple_functions_ddl/lib/string_msgs_multiple_functions_ddl/dotnet/System.Collections.Specialized.dll
[23.922s] -- Up-to-date: C:/Users/Jorge/Documents/GitHub/ArtekmedRos2/ShellScripts/string_msgs_multiple_functions_ddl/install/string_msgs_multiple_functions_ddl/lib/string_msgs_multiple_functions_ddl/dotnet/System.ComponentModel.Annotations.dll
[23.922s] -- Up-to-date: C:/Users/Jorge/Documents/GitHub/ArtekmedRos2/ShellScripts/string_msgs_multiple_functions_ddl/install/string_msgs_multiple_functions_ddl/lib/string_msgs_multiple_functions_ddl/dotnet/System.ComponentModel.Composition.dll
[23.938s] -- Up-to-date: C:/Users/Jorge/Documents/GitHub/ArtekmedRos2/ShellScripts/string_msgs_multiple_functions_ddl/install/string_msgs_multiple_functions_ddl/lib/string_msgs_multiple_functions_ddl/dotnet/System.ComponentModel.DataAnnotations.dll
[23.938s] -- Up-to-date: C:/Users/Jorge/Documents/GitHub/ArtekmedRos2/ShellScripts/string_msgs_multiple_functions_ddl/install/string_msgs_multiple_functions_ddl/lib/string_msgs_multiple_functions_ddl/dotnet/System.ComponentModel.dll
[23.938s] -- Up-to-date: C:/Users/Jorge/Documents/GitHub/ArtekmedRos2/ShellScripts/string_msgs_multiple_functions_ddl/install/string_msgs_multiple_functions_ddl/lib/string_msgs_multiple_functions_ddl/dotnet/System.ComponentModel.EventBasedAsync.dll
[23.938s] -- Up-to-date: C:/Users/Jorge/Documents/GitHub/ArtekmedRos2/ShellScripts/string_msgs_multiple_functions_ddl/install/string_msgs_multiple_functions_ddl/lib/string_msgs_multiple_functions_ddl/dotnet/System.ComponentModel.Primitives.dll
[23.938s] -- Up-to-date: C:/Users/Jorge/Documents/GitHub/ArtekmedRos2/ShellScripts/string_msgs_multiple_functions_ddl/install/string_msgs_multiple_functions_ddl/lib/string_msgs_multiple_functions_ddl/dotnet/System.ComponentModel.TypeConverter.dll
[23.953s] -- Up-to-date: C:/Users/Jorge/Documents/GitHub/ArtekmedRos2/ShellScripts/string_msgs_multiple_functions_ddl/install/string_msgs_multiple_functions_ddl/lib/string_msgs_multiple_functions_ddl/dotnet/System.Configuration.dll
[23.953s] -- Up-to-date: C:/Users/Jorge/Documents/GitHub/ArtekmedRos2/ShellScripts/string_msgs_multiple_functions_ddl/install/string_msgs_multiple_functions_ddl/lib/string_msgs_multiple_functions_ddl/dotnet/System.Console.dll
[23.953s] -- Up-to-date: C:/Users/Jorge/Documents/GitHub/ArtekmedRos2/ShellScripts/string_msgs_multiple_functions_ddl/install/string_msgs_multiple_functions_ddl/lib/string_msgs_multiple_functions_ddl/dotnet/System.Core.dll
[23.953s] -- Up-to-date: C:/Users/Jorge/Documents/GitHub/ArtekmedRos2/ShellScripts/string_msgs_multiple_functions_ddl/install/string_msgs_multiple_functions_ddl/lib/string_msgs_multiple_functions_ddl/dotnet/System.Data.Common.dll
[23.969s] -- Up-to-date: C:/Users/Jorge/Documents/GitHub/ArtekmedRos2/ShellScripts/string_msgs_multiple_functions_ddl/install/string_msgs_multiple_functions_ddl/lib/string_msgs_multiple_functions_ddl/dotnet/System.Data.dll
[23.969s] -- Up-to-date: C:/Users/Jorge/Documents/GitHub/ArtekmedRos2/ShellScripts/string_msgs_multiple_functions_ddl/install/string_msgs_multiple_functions_ddl/lib/string_msgs_multiple_functions_ddl/dotnet/System.Diagnostics.Contracts.dll
[23.984s] -- Up-to-date: C:/Users/Jorge/Documents/GitHub/ArtekmedRos2/ShellScripts/string_msgs_multiple_functions_ddl/install/string_msgs_multiple_functions_ddl/lib/string_msgs_multiple_functions_ddl/dotnet/System.Diagnostics.Debug.dll
[23.984s] -- Up-to-date: C:/Users/Jorge/Documents/GitHub/ArtekmedRos2/ShellScripts/string_msgs_multiple_functions_ddl/install/string_msgs_multiple_functions_ddl/lib/string_msgs_multiple_functions_ddl/dotnet/System.Diagnostics.DiagnosticSource.dll
[23.984s] -- Up-to-date: C:/Users/Jorge/Documents/GitHub/ArtekmedRos2/ShellScripts/string_msgs_multiple_functions_ddl/install/string_msgs_multiple_functions_ddl/lib/string_msgs_multiple_functions_ddl/dotnet/System.Diagnostics.FileVersionInfo.dll
[24.000s] -- Up-to-date: C:/Users/Jorge/Documents/GitHub/ArtekmedRos2/ShellScripts/string_msgs_multiple_functions_ddl/install/string_msgs_multiple_functions_ddl/lib/string_msgs_multiple_functions_ddl/dotnet/System.Diagnostics.Process.dll
[24.000s] -- Up-to-date: C:/Users/Jorge/Documents/GitHub/ArtekmedRos2/ShellScripts/string_msgs_multiple_functions_ddl/install/string_msgs_multiple_functions_ddl/lib/string_msgs_multiple_functions_ddl/dotnet/System.Diagnostics.StackTrace.dll
[24.000s] -- Up-to-date: C:/Users/Jorge/Documents/GitHub/ArtekmedRos2/ShellScripts/string_msgs_multiple_functions_ddl/install/string_msgs_multiple_functions_ddl/lib/string_msgs_multiple_functions_ddl/dotnet/System.Diagnostics.TextWriterTraceListener.dll
[24.000s] -- Up-to-date: C:/Users/Jorge/Documents/GitHub/ArtekmedRos2/ShellScripts/string_msgs_multiple_functions_ddl/install/string_msgs_multiple_functions_ddl/lib/string_msgs_multiple_functions_ddl/dotnet/System.Diagnostics.Tools.dll
[24.000s] -- Up-to-date: C:/Users/Jorge/Documents/GitHub/ArtekmedRos2/ShellScripts/string_msgs_multiple_functions_ddl/install/string_msgs_multiple_functions_ddl/lib/string_msgs_multiple_functions_ddl/dotnet/System.Diagnostics.TraceSource.dll
[24.016s] -- Up-to-date: C:/Users/Jorge/Documents/GitHub/ArtekmedRos2/ShellScripts/string_msgs_multiple_functions_ddl/install/string_msgs_multiple_functions_ddl/lib/string_msgs_multiple_functions_ddl/dotnet/System.Diagnostics.Tracing.dll
[24.016s] -- Up-to-date: C:/Users/Jorge/Documents/GitHub/ArtekmedRos2/ShellScripts/string_msgs_multiple_functions_ddl/install/string_msgs_multiple_functions_ddl/lib/string_msgs_multiple_functions_ddl/dotnet/System.dll
[24.016s] -- Up-to-date: C:/Users/Jorge/Documents/GitHub/ArtekmedRos2/ShellScripts/string_msgs_multiple_functions_ddl/install/string_msgs_multiple_functions_ddl/lib/string_msgs_multiple_functions_ddl/dotnet/System.Drawing.dll
[24.031s] -- Up-to-date: C:/Users/Jorge/Documents/GitHub/ArtekmedRos2/ShellScripts/string_msgs_multiple_functions_ddl/install/string_msgs_multiple_functions_ddl/lib/string_msgs_multiple_functions_ddl/dotnet/System.Drawing.Primitives.dll
[24.031s] -- Up-to-date: C:/Users/Jorge/Documents/GitHub/ArtekmedRos2/ShellScripts/string_msgs_multiple_functions_ddl/install/string_msgs_multiple_functions_ddl/lib/string_msgs_multiple_functions_ddl/dotnet/System.Dynamic.Runtime.dll
[24.031s] -- Up-to-date: C:/Users/Jorge/Documents/GitHub/ArtekmedRos2/ShellScripts/string_msgs_multiple_functions_ddl/install/string_msgs_multiple_functions_ddl/lib/string_msgs_multiple_functions_ddl/dotnet/System.Globalization.Calendars.dll
[24.031s] -- Up-to-date: C:/Users/Jorge/Documents/GitHub/ArtekmedRos2/ShellScripts/string_msgs_multiple_functions_ddl/install/string_msgs_multiple_functions_ddl/lib/string_msgs_multiple_functions_ddl/dotnet/System.Globalization.dll
[24.047s] -- Up-to-date: C:/Users/Jorge/Documents/GitHub/ArtekmedRos2/ShellScripts/string_msgs_multiple_functions_ddl/install/string_msgs_multiple_functions_ddl/lib/string_msgs_multiple_functions_ddl/dotnet/System.Globalization.Extensions.dll
[24.063s] -- Up-to-date: C:/Users/Jorge/Documents/GitHub/ArtekmedRos2/ShellScripts/string_msgs_multiple_functions_ddl/install/string_msgs_multiple_functions_ddl/lib/string_msgs_multiple_functions_ddl/dotnet/System.IO.Compression.dll
[24.078s] -- Up-to-date: C:/Users/Jorge/Documents/GitHub/ArtekmedRos2/ShellScripts/string_msgs_multiple_functions_ddl/install/string_msgs_multiple_functions_ddl/lib/string_msgs_multiple_functions_ddl/dotnet/System.IO.Compression.FileSystem.dll
[24.094s] -- Up-to-date: C:/Users/Jorge/Documents/GitHub/ArtekmedRos2/ShellScripts/string_msgs_multiple_functions_ddl/install/string_msgs_multiple_functions_ddl/lib/string_msgs_multiple_functions_ddl/dotnet/System.IO.Compression.ZipFile.dll
[24.109s] -- Up-to-date: C:/Users/Jorge/Documents/GitHub/ArtekmedRos2/ShellScripts/string_msgs_multiple_functions_ddl/install/string_msgs_multiple_functions_ddl/lib/string_msgs_multiple_functions_ddl/dotnet/System.IO.dll
[24.109s] -- Up-to-date: C:/Users/Jorge/Documents/GitHub/ArtekmedRos2/ShellScripts/string_msgs_multiple_functions_ddl/install/string_msgs_multiple_functions_ddl/lib/string_msgs_multiple_functions_ddl/dotnet/System.IO.FileSystem.AccessControl.dll
[24.125s] -- Up-to-date: C:/Users/Jorge/Documents/GitHub/ArtekmedRos2/ShellScripts/string_msgs_multiple_functions_ddl/install/string_msgs_multiple_functions_ddl/lib/string_msgs_multiple_functions_ddl/dotnet/System.IO.FileSystem.dll
[24.125s] -- Up-to-date: C:/Users/Jorge/Documents/GitHub/ArtekmedRos2/ShellScripts/string_msgs_multiple_functions_ddl/install/string_msgs_multiple_functions_ddl/lib/string_msgs_multiple_functions_ddl/dotnet/System.IO.FileSystem.DriveInfo.dll
[24.125s] -- Up-to-date: C:/Users/Jorge/Documents/GitHub/ArtekmedRos2/ShellScripts/string_msgs_multiple_functions_ddl/install/string_msgs_multiple_functions_ddl/lib/string_msgs_multiple_functions_ddl/dotnet/System.IO.FileSystem.Primitives.dll
[24.125s] -- Up-to-date: C:/Users/Jorge/Documents/GitHub/ArtekmedRos2/ShellScripts/string_msgs_multiple_functions_ddl/install/string_msgs_multiple_functions_ddl/lib/string_msgs_multiple_functions_ddl/dotnet/System.IO.FileSystem.Watcher.dll
[24.141s] -- Up-to-date: C:/Users/Jorge/Documents/GitHub/ArtekmedRos2/ShellScripts/string_msgs_multiple_functions_ddl/install/string_msgs_multiple_functions_ddl/lib/string_msgs_multiple_functions_ddl/dotnet/System.IO.IsolatedStorage.dll
[24.141s] -- Up-to-date: C:/Users/Jorge/Documents/GitHub/ArtekmedRos2/ShellScripts/string_msgs_multiple_functions_ddl/install/string_msgs_multiple_functions_ddl/lib/string_msgs_multiple_functions_ddl/dotnet/System.IO.MemoryMappedFiles.dll
[24.141s] -- Up-to-date: C:/Users/Jorge/Documents/GitHub/ArtekmedRos2/ShellScripts/string_msgs_multiple_functions_ddl/install/string_msgs_multiple_functions_ddl/lib/string_msgs_multiple_functions_ddl/dotnet/System.IO.Pipes.dll
[24.141s] -- Up-to-date: C:/Users/Jorge/Documents/GitHub/ArtekmedRos2/ShellScripts/string_msgs_multiple_functions_ddl/install/string_msgs_multiple_functions_ddl/lib/string_msgs_multiple_functions_ddl/dotnet/System.IO.UnmanagedMemoryStream.dll
[24.141s] -- Up-to-date: C:/Users/Jorge/Documents/GitHub/ArtekmedRos2/ShellScripts/string_msgs_multiple_functions_ddl/install/string_msgs_multiple_functions_ddl/lib/string_msgs_multiple_functions_ddl/dotnet/System.Linq.dll
[24.141s] -- Up-to-date: C:/Users/Jorge/Documents/GitHub/ArtekmedRos2/ShellScripts/string_msgs_multiple_functions_ddl/install/string_msgs_multiple_functions_ddl/lib/string_msgs_multiple_functions_ddl/dotnet/System.Linq.Expressions.dll
[24.141s] -- Up-to-date: C:/Users/Jorge/Documents/GitHub/ArtekmedRos2/ShellScripts/string_msgs_multiple_functions_ddl/install/string_msgs_multiple_functions_ddl/lib/string_msgs_multiple_functions_ddl/dotnet/System.Linq.Parallel.dll
[24.156s] -- Up-to-date: C:/Users/Jorge/Documents/GitHub/ArtekmedRos2/ShellScripts/string_msgs_multiple_functions_ddl/install/string_msgs_multiple_functions_ddl/lib/string_msgs_multiple_functions_ddl/dotnet/System.Linq.Queryable.dll
[24.156s] -- Up-to-date: C:/Users/Jorge/Documents/GitHub/ArtekmedRos2/ShellScripts/string_msgs_multiple_functions_ddl/install/string_msgs_multiple_functions_ddl/lib/string_msgs_multiple_functions_ddl/dotnet/System.Net.dll
[24.156s] -- Up-to-date: C:/Users/Jorge/Documents/GitHub/ArtekmedRos2/ShellScripts/string_msgs_multiple_functions_ddl/install/string_msgs_multiple_functions_ddl/lib/string_msgs_multiple_functions_ddl/dotnet/System.Net.Http.dll
[24.172s] -- Up-to-date: C:/Users/Jorge/Documents/GitHub/ArtekmedRos2/ShellScripts/string_msgs_multiple_functions_ddl/install/string_msgs_multiple_functions_ddl/lib/string_msgs_multiple_functions_ddl/dotnet/System.Net.HttpListener.dll
[24.172s] -- Up-to-date: C:/Users/Jorge/Documents/GitHub/ArtekmedRos2/ShellScripts/string_msgs_multiple_functions_ddl/install/string_msgs_multiple_functions_ddl/lib/string_msgs_multiple_functions_ddl/dotnet/System.Net.Mail.dll
[24.172s] -- Up-to-date: C:/Users/Jorge/Documents/GitHub/ArtekmedRos2/ShellScripts/string_msgs_multiple_functions_ddl/install/string_msgs_multiple_functions_ddl/lib/string_msgs_multiple_functions_ddl/dotnet/System.Net.NameResolution.dll
[24.172s] -- Up-to-date: C:/Users/Jorge/Documents/GitHub/ArtekmedRos2/ShellScripts/string_msgs_multiple_functions_ddl/install/string_msgs_multiple_functions_ddl/lib/string_msgs_multiple_functions_ddl/dotnet/System.Net.NetworkInformation.dll
[24.188s] -- Up-to-date: C:/Users/Jorge/Documents/GitHub/ArtekmedRos2/ShellScripts/string_msgs_multiple_functions_ddl/install/string_msgs_multiple_functions_ddl/lib/string_msgs_multiple_functions_ddl/dotnet/System.Net.Ping.dll
[24.188s] -- Up-to-date: C:/Users/Jorge/Documents/GitHub/ArtekmedRos2/ShellScripts/string_msgs_multiple_functions_ddl/install/string_msgs_multiple_functions_ddl/lib/string_msgs_multiple_functions_ddl/dotnet/System.Net.Primitives.dll
[24.188s] -- Up-to-date: C:/Users/Jorge/Documents/GitHub/ArtekmedRos2/ShellScripts/string_msgs_multiple_functions_ddl/install/string_msgs_multiple_functions_ddl/lib/string_msgs_multiple_functions_ddl/dotnet/System.Net.Requests.dll
[24.188s] -- Up-to-date: C:/Users/Jorge/Documents/GitHub/ArtekmedRos2/ShellScripts/string_msgs_multiple_functions_ddl/install/string_msgs_multiple_functions_ddl/lib/string_msgs_multiple_functions_ddl/dotnet/System.Net.Security.dll
[24.203s] -- Up-to-date: C:/Users/Jorge/Documents/GitHub/ArtekmedRos2/ShellScripts/string_msgs_multiple_functions_ddl/install/string_msgs_multiple_functions_ddl/lib/string_msgs_multiple_functions_ddl/dotnet/System.Net.ServicePoint.dll
[24.203s] -- Up-to-date: C:/Users/Jorge/Documents/GitHub/ArtekmedRos2/ShellScripts/string_msgs_multiple_functions_ddl/install/string_msgs_multiple_functions_ddl/lib/string_msgs_multiple_functions_ddl/dotnet/System.Net.Sockets.dll
[24.203s] -- Up-to-date: C:/Users/Jorge/Documents/GitHub/ArtekmedRos2/ShellScripts/string_msgs_multiple_functions_ddl/install/string_msgs_multiple_functions_ddl/lib/string_msgs_multiple_functions_ddl/dotnet/System.Net.WebClient.dll
[24.203s] -- Up-to-date: C:/Users/Jorge/Documents/GitHub/ArtekmedRos2/ShellScripts/string_msgs_multiple_functions_ddl/install/string_msgs_multiple_functions_ddl/lib/string_msgs_multiple_functions_ddl/dotnet/System.Net.WebHeaderCollection.dll
[24.219s] -- Up-to-date: C:/Users/Jorge/Documents/GitHub/ArtekmedRos2/ShellScripts/string_msgs_multiple_functions_ddl/install/string_msgs_multiple_functions_ddl/lib/string_msgs_multiple_functions_ddl/dotnet/System.Net.WebProxy.dll
[24.219s] -- Up-to-date: C:/Users/Jorge/Documents/GitHub/ArtekmedRos2/ShellScripts/string_msgs_multiple_functions_ddl/install/string_msgs_multiple_functions_ddl/lib/string_msgs_multiple_functions_ddl/dotnet/System.Net.WebSockets.Client.dll
[24.219s] -- Up-to-date: C:/Users/Jorge/Documents/GitHub/ArtekmedRos2/ShellScripts/string_msgs_multiple_functions_ddl/install/string_msgs_multiple_functions_ddl/lib/string_msgs_multiple_functions_ddl/dotnet/System.Net.WebSockets.dll
[24.219s] -- Up-to-date: C:/Users/Jorge/Documents/GitHub/ArtekmedRos2/ShellScripts/string_msgs_multiple_functions_ddl/install/string_msgs_multiple_functions_ddl/lib/string_msgs_multiple_functions_ddl/dotnet/System.Numerics.dll
[24.219s] -- Up-to-date: C:/Users/Jorge/Documents/GitHub/ArtekmedRos2/ShellScripts/string_msgs_multiple_functions_ddl/install/string_msgs_multiple_functions_ddl/lib/string_msgs_multiple_functions_ddl/dotnet/System.Numerics.Vectors.dll
[24.234s] -- Up-to-date: C:/Users/Jorge/Documents/GitHub/ArtekmedRos2/ShellScripts/string_msgs_multiple_functions_ddl/install/string_msgs_multiple_functions_ddl/lib/string_msgs_multiple_functions_ddl/dotnet/System.ObjectModel.dll
[24.234s] -- Up-to-date: C:/Users/Jorge/Documents/GitHub/ArtekmedRos2/ShellScripts/string_msgs_multiple_functions_ddl/install/string_msgs_multiple_functions_ddl/lib/string_msgs_multiple_functions_ddl/dotnet/System.Private.CoreLib.dll
[24.234s] -- Up-to-date: C:/Users/Jorge/Documents/GitHub/ArtekmedRos2/ShellScripts/string_msgs_multiple_functions_ddl/install/string_msgs_multiple_functions_ddl/lib/string_msgs_multiple_functions_ddl/dotnet/System.Private.DataContractSerialization.dll
[24.250s] -- Up-to-date: C:/Users/Jorge/Documents/GitHub/ArtekmedRos2/ShellScripts/string_msgs_multiple_functions_ddl/install/string_msgs_multiple_functions_ddl/lib/string_msgs_multiple_functions_ddl/dotnet/System.Private.Uri.dll
[24.266s] -- Up-to-date: C:/Users/Jorge/Documents/GitHub/ArtekmedRos2/ShellScripts/string_msgs_multiple_functions_ddl/install/string_msgs_multiple_functions_ddl/lib/string_msgs_multiple_functions_ddl/dotnet/System.Private.Xml.dll
[24.281s] -- Up-to-date: C:/Users/Jorge/Documents/GitHub/ArtekmedRos2/ShellScripts/string_msgs_multiple_functions_ddl/install/string_msgs_multiple_functions_ddl/lib/string_msgs_multiple_functions_ddl/dotnet/System.Private.Xml.Linq.dll
[24.281s] -- Up-to-date: C:/Users/Jorge/Documents/GitHub/ArtekmedRos2/ShellScripts/string_msgs_multiple_functions_ddl/install/string_msgs_multiple_functions_ddl/lib/string_msgs_multiple_functions_ddl/dotnet/System.Reflection.DispatchProxy.dll
[24.297s] -- Up-to-date: C:/Users/Jorge/Documents/GitHub/ArtekmedRos2/ShellScripts/string_msgs_multiple_functions_ddl/install/string_msgs_multiple_functions_ddl/lib/string_msgs_multiple_functions_ddl/dotnet/System.Reflection.dll
[24.313s] -- Up-to-date: C:/Users/Jorge/Documents/GitHub/ArtekmedRos2/ShellScripts/string_msgs_multiple_functions_ddl/install/string_msgs_multiple_functions_ddl/lib/string_msgs_multiple_functions_ddl/dotnet/System.Reflection.Emit.dll
[24.313s] -- Up-to-date: C:/Users/Jorge/Documents/GitHub/ArtekmedRos2/ShellScripts/string_msgs_multiple_functions_ddl/install/string_msgs_multiple_functions_ddl/lib/string_msgs_multiple_functions_ddl/dotnet/System.Reflection.Emit.ILGeneration.dll
[24.313s] -- Up-to-date: C:/Users/Jorge/Documents/GitHub/ArtekmedRos2/ShellScripts/string_msgs_multiple_functions_ddl/install/string_msgs_multiple_functions_ddl/lib/string_msgs_multiple_functions_ddl/dotnet/System.Reflection.Emit.Lightweight.dll
[24.328s] -- Up-to-date: C:/Users/Jorge/Documents/GitHub/ArtekmedRos2/ShellScripts/string_msgs_multiple_functions_ddl/install/string_msgs_multiple_functions_ddl/lib/string_msgs_multiple_functions_ddl/dotnet/System.Reflection.Extensions.dll
[24.328s] -- Up-to-date: C:/Users/Jorge/Documents/GitHub/ArtekmedRos2/ShellScripts/string_msgs_multiple_functions_ddl/install/string_msgs_multiple_functions_ddl/lib/string_msgs_multiple_functions_ddl/dotnet/System.Reflection.Metadata.dll
[24.328s] -- Up-to-date: C:/Users/Jorge/Documents/GitHub/ArtekmedRos2/ShellScripts/string_msgs_multiple_functions_ddl/install/string_msgs_multiple_functions_ddl/lib/string_msgs_multiple_functions_ddl/dotnet/System.Reflection.Primitives.dll
[24.328s] -- Up-to-date: C:/Users/Jorge/Documents/GitHub/ArtekmedRos2/ShellScripts/string_msgs_multiple_functions_ddl/install/string_msgs_multiple_functions_ddl/lib/string_msgs_multiple_functions_ddl/dotnet/System.Reflection.TypeExtensions.dll
[24.328s] -- Up-to-date: C:/Users/Jorge/Documents/GitHub/ArtekmedRos2/ShellScripts/string_msgs_multiple_functions_ddl/install/string_msgs_multiple_functions_ddl/lib/string_msgs_multiple_functions_ddl/dotnet/System.Resources.Reader.dll
[24.344s] -- Up-to-date: C:/Users/Jorge/Documents/GitHub/ArtekmedRos2/ShellScripts/string_msgs_multiple_functions_ddl/install/string_msgs_multiple_functions_ddl/lib/string_msgs_multiple_functions_ddl/dotnet/System.Resources.ResourceManager.dll
[24.344s] -- Up-to-date: C:/Users/Jorge/Documents/GitHub/ArtekmedRos2/ShellScripts/string_msgs_multiple_functions_ddl/install/string_msgs_multiple_functions_ddl/lib/string_msgs_multiple_functions_ddl/dotnet/System.Resources.Writer.dll
[24.344s] -- Up-to-date: C:/Users/Jorge/Documents/GitHub/ArtekmedRos2/ShellScripts/string_msgs_multiple_functions_ddl/install/string_msgs_multiple_functions_ddl/lib/string_msgs_multiple_functions_ddl/dotnet/System.Runtime.CompilerServices.VisualC.dll
[24.344s] -- Up-to-date: C:/Users/Jorge/Documents/GitHub/ArtekmedRos2/ShellScripts/string_msgs_multiple_functions_ddl/install/string_msgs_multiple_functions_ddl/lib/string_msgs_multiple_functions_ddl/dotnet/System.Runtime.dll
[24.359s] -- Up-to-date: C:/Users/Jorge/Documents/GitHub/ArtekmedRos2/ShellScripts/string_msgs_multiple_functions_ddl/install/string_msgs_multiple_functions_ddl/lib/string_msgs_multiple_functions_ddl/dotnet/System.Runtime.Extensions.dll
[24.359s] -- Up-to-date: C:/Users/Jorge/Documents/GitHub/ArtekmedRos2/ShellScripts/string_msgs_multiple_functions_ddl/install/string_msgs_multiple_functions_ddl/lib/string_msgs_multiple_functions_ddl/dotnet/System.Runtime.Handles.dll
[24.359s] -- Up-to-date: C:/Users/Jorge/Documents/GitHub/ArtekmedRos2/ShellScripts/string_msgs_multiple_functions_ddl/install/string_msgs_multiple_functions_ddl/lib/string_msgs_multiple_functions_ddl/dotnet/System.Runtime.InteropServices.dll
[24.359s] -- Up-to-date: C:/Users/Jorge/Documents/GitHub/ArtekmedRos2/ShellScripts/string_msgs_multiple_functions_ddl/install/string_msgs_multiple_functions_ddl/lib/string_msgs_multiple_functions_ddl/dotnet/System.Runtime.InteropServices.RuntimeInformation.dll
[24.359s] -- Up-to-date: C:/Users/Jorge/Documents/GitHub/ArtekmedRos2/ShellScripts/string_msgs_multiple_functions_ddl/install/string_msgs_multiple_functions_ddl/lib/string_msgs_multiple_functions_ddl/dotnet/System.Runtime.InteropServices.WindowsRuntime.dll
[24.375s] -- Up-to-date: C:/Users/Jorge/Documents/GitHub/ArtekmedRos2/ShellScripts/string_msgs_multiple_functions_ddl/install/string_msgs_multiple_functions_ddl/lib/string_msgs_multiple_functions_ddl/dotnet/System.Runtime.Loader.dll
[24.375s] -- Up-to-date: C:/Users/Jorge/Documents/GitHub/ArtekmedRos2/ShellScripts/string_msgs_multiple_functions_ddl/install/string_msgs_multiple_functions_ddl/lib/string_msgs_multiple_functions_ddl/dotnet/System.Runtime.Numerics.dll
[24.375s] -- Up-to-date: C:/Users/Jorge/Documents/GitHub/ArtekmedRos2/ShellScripts/string_msgs_multiple_functions_ddl/install/string_msgs_multiple_functions_ddl/lib/string_msgs_multiple_functions_ddl/dotnet/System.Runtime.Serialization.dll
[24.375s] -- Up-to-date: C:/Users/Jorge/Documents/GitHub/ArtekmedRos2/ShellScripts/string_msgs_multiple_functions_ddl/install/string_msgs_multiple_functions_ddl/lib/string_msgs_multiple_functions_ddl/dotnet/System.Runtime.Serialization.Formatters.dll
[24.391s] -- Up-to-date: C:/Users/Jorge/Documents/GitHub/ArtekmedRos2/ShellScripts/string_msgs_multiple_functions_ddl/install/string_msgs_multiple_functions_ddl/lib/string_msgs_multiple_functions_ddl/dotnet/System.Runtime.Serialization.Json.dll
[24.391s] -- Up-to-date: C:/Users/Jorge/Documents/GitHub/ArtekmedRos2/ShellScripts/string_msgs_multiple_functions_ddl/install/string_msgs_multiple_functions_ddl/lib/string_msgs_multiple_functions_ddl/dotnet/System.Runtime.Serialization.Primitives.dll
[24.391s] -- Up-to-date: C:/Users/Jorge/Documents/GitHub/ArtekmedRos2/ShellScripts/string_msgs_multiple_functions_ddl/install/string_msgs_multiple_functions_ddl/lib/string_msgs_multiple_functions_ddl/dotnet/System.Runtime.Serialization.Xml.dll
[24.391s] -- Up-to-date: C:/Users/Jorge/Documents/GitHub/ArtekmedRos2/ShellScripts/string_msgs_multiple_functions_ddl/install/string_msgs_multiple_functions_ddl/lib/string_msgs_multiple_functions_ddl/dotnet/System.Security.AccessControl.dll
[24.406s] -- Up-to-date: C:/Users/Jorge/Documents/GitHub/ArtekmedRos2/ShellScripts/string_msgs_multiple_functions_ddl/install/string_msgs_multiple_functions_ddl/lib/string_msgs_multiple_functions_ddl/dotnet/System.Security.Claims.dll
[24.406s] -- Up-to-date: C:/Users/Jorge/Documents/GitHub/ArtekmedRos2/ShellScripts/string_msgs_multiple_functions_ddl/install/string_msgs_multiple_functions_ddl/lib/string_msgs_multiple_functions_ddl/dotnet/System.Security.Cryptography.Algorithms.dll
[24.406s] -- Up-to-date: C:/Users/Jorge/Documents/GitHub/ArtekmedRos2/ShellScripts/string_msgs_multiple_functions_ddl/install/string_msgs_multiple_functions_ddl/lib/string_msgs_multiple_functions_ddl/dotnet/System.Security.Cryptography.Cng.dll
[24.406s] -- Up-to-date: C:/Users/Jorge/Documents/GitHub/ArtekmedRos2/ShellScripts/string_msgs_multiple_functions_ddl/install/string_msgs_multiple_functions_ddl/lib/string_msgs_multiple_functions_ddl/dotnet/System.Security.Cryptography.Csp.dll
[24.422s] -- Up-to-date: C:/Users/Jorge/Documents/GitHub/ArtekmedRos2/ShellScripts/string_msgs_multiple_functions_ddl/install/string_msgs_multiple_functions_ddl/lib/string_msgs_multiple_functions_ddl/dotnet/System.Security.Cryptography.Encoding.dll
[24.422s] -- Up-to-date: C:/Users/Jorge/Documents/GitHub/ArtekmedRos2/ShellScripts/string_msgs_multiple_functions_ddl/install/string_msgs_multiple_functions_ddl/lib/string_msgs_multiple_functions_ddl/dotnet/System.Security.Cryptography.OpenSsl.dll
[24.422s] -- Up-to-date: C:/Users/Jorge/Documents/GitHub/ArtekmedRos2/ShellScripts/string_msgs_multiple_functions_ddl/install/string_msgs_multiple_functions_ddl/lib/string_msgs_multiple_functions_ddl/dotnet/System.Security.Cryptography.Primitives.dll
[24.422s] -- Up-to-date: C:/Users/Jorge/Documents/GitHub/ArtekmedRos2/ShellScripts/string_msgs_multiple_functions_ddl/install/string_msgs_multiple_functions_ddl/lib/string_msgs_multiple_functions_ddl/dotnet/System.Security.Cryptography.X509Certificates.dll
[24.438s] -- Up-to-date: C:/Users/Jorge/Documents/GitHub/ArtekmedRos2/ShellScripts/string_msgs_multiple_functions_ddl/install/string_msgs_multiple_functions_ddl/lib/string_msgs_multiple_functions_ddl/dotnet/System.Security.dll
[24.438s] -- Up-to-date: C:/Users/Jorge/Documents/GitHub/ArtekmedRos2/ShellScripts/string_msgs_multiple_functions_ddl/install/string_msgs_multiple_functions_ddl/lib/string_msgs_multiple_functions_ddl/dotnet/System.Security.Principal.dll
[24.453s] -- Up-to-date: C:/Users/Jorge/Documents/GitHub/ArtekmedRos2/ShellScripts/string_msgs_multiple_functions_ddl/install/string_msgs_multiple_functions_ddl/lib/string_msgs_multiple_functions_ddl/dotnet/System.Security.Principal.Windows.dll
[24.453s] -- Up-to-date: C:/Users/Jorge/Documents/GitHub/ArtekmedRos2/ShellScripts/string_msgs_multiple_functions_ddl/install/string_msgs_multiple_functions_ddl/lib/string_msgs_multiple_functions_ddl/dotnet/System.Security.SecureString.dll
[24.453s] -- Up-to-date: C:/Users/Jorge/Documents/GitHub/ArtekmedRos2/ShellScripts/string_msgs_multiple_functions_ddl/install/string_msgs_multiple_functions_ddl/lib/string_msgs_multiple_functions_ddl/dotnet/System.ServiceModel.Web.dll
[24.469s] -- Up-to-date: C:/Users/Jorge/Documents/GitHub/ArtekmedRos2/ShellScripts/string_msgs_multiple_functions_ddl/install/string_msgs_multiple_functions_ddl/lib/string_msgs_multiple_functions_ddl/dotnet/System.ServiceProcess.dll
[24.469s] -- Up-to-date: C:/Users/Jorge/Documents/GitHub/ArtekmedRos2/ShellScripts/string_msgs_multiple_functions_ddl/install/string_msgs_multiple_functions_ddl/lib/string_msgs_multiple_functions_ddl/dotnet/System.Text.Encoding.dll
[24.484s] -- Up-to-date: C:/Users/Jorge/Documents/GitHub/ArtekmedRos2/ShellScripts/string_msgs_multiple_functions_ddl/install/string_msgs_multiple_functions_ddl/lib/string_msgs_multiple_functions_ddl/dotnet/System.Text.Encoding.Extensions.dll
[24.500s] -- Up-to-date: C:/Users/Jorge/Documents/GitHub/ArtekmedRos2/ShellScripts/string_msgs_multiple_functions_ddl/install/string_msgs_multiple_functions_ddl/lib/string_msgs_multiple_functions_ddl/dotnet/System.Text.RegularExpressions.dll
[24.516s] -- Up-to-date: C:/Users/Jorge/Documents/GitHub/ArtekmedRos2/ShellScripts/string_msgs_multiple_functions_ddl/install/string_msgs_multiple_functions_ddl/lib/string_msgs_multiple_functions_ddl/dotnet/System.Threading.dll
[24.516s] -- Up-to-date: C:/Users/Jorge/Documents/GitHub/ArtekmedRos2/ShellScripts/string_msgs_multiple_functions_ddl/install/string_msgs_multiple_functions_ddl/lib/string_msgs_multiple_functions_ddl/dotnet/System.Threading.Overlapped.dll
[24.516s] -- Up-to-date: C:/Users/Jorge/Documents/GitHub/ArtekmedRos2/ShellScripts/string_msgs_multiple_functions_ddl/install/string_msgs_multiple_functions_ddl/lib/string_msgs_multiple_functions_ddl/dotnet/System.Threading.Tasks.Dataflow.dll
[24.531s] -- Up-to-date: C:/Users/Jorge/Documents/GitHub/ArtekmedRos2/ShellScripts/string_msgs_multiple_functions_ddl/install/string_msgs_multiple_functions_ddl/lib/string_msgs_multiple_functions_ddl/dotnet/System.Threading.Tasks.dll
[24.531s] -- Up-to-date: C:/Users/Jorge/Documents/GitHub/ArtekmedRos2/ShellScripts/string_msgs_multiple_functions_ddl/install/string_msgs_multiple_functions_ddl/lib/string_msgs_multiple_functions_ddl/dotnet/System.Threading.Tasks.Extensions.dll
[24.531s] -- Up-to-date: C:/Users/Jorge/Documents/GitHub/ArtekmedRos2/ShellScripts/string_msgs_multiple_functions_ddl/install/string_msgs_multiple_functions_ddl/lib/string_msgs_multiple_functions_ddl/dotnet/System.Threading.Tasks.Parallel.dll
[24.531s] -- Up-to-date: C:/Users/Jorge/Documents/GitHub/ArtekmedRos2/ShellScripts/string_msgs_multiple_functions_ddl/install/string_msgs_multiple_functions_ddl/lib/string_msgs_multiple_functions_ddl/dotnet/System.Threading.Thread.dll
[24.531s] -- Up-to-date: C:/Users/Jorge/Documents/GitHub/ArtekmedRos2/ShellScripts/string_msgs_multiple_functions_ddl/install/string_msgs_multiple_functions_ddl/lib/string_msgs_multiple_functions_ddl/dotnet/System.Threading.ThreadPool.dll
[24.547s] -- Up-to-date: C:/Users/Jorge/Documents/GitHub/ArtekmedRos2/ShellScripts/string_msgs_multiple_functions_ddl/install/string_msgs_multiple_functions_ddl/lib/string_msgs_multiple_functions_ddl/dotnet/System.Threading.Timer.dll
[24.547s] -- Up-to-date: C:/Users/Jorge/Documents/GitHub/ArtekmedRos2/ShellScripts/string_msgs_multiple_functions_ddl/install/string_msgs_multiple_functions_ddl/lib/string_msgs_multiple_functions_ddl/dotnet/System.Transactions.dll
[24.547s] -- Up-to-date: C:/Users/Jorge/Documents/GitHub/ArtekmedRos2/ShellScripts/string_msgs_multiple_functions_ddl/install/string_msgs_multiple_functions_ddl/lib/string_msgs_multiple_functions_ddl/dotnet/System.Transactions.Local.dll
[24.547s] -- Up-to-date: C:/Users/Jorge/Documents/GitHub/ArtekmedRos2/ShellScripts/string_msgs_multiple_functions_ddl/install/string_msgs_multiple_functions_ddl/lib/string_msgs_multiple_functions_ddl/dotnet/System.ValueTuple.dll
[24.563s] -- Up-to-date: C:/Users/Jorge/Documents/GitHub/ArtekmedRos2/ShellScripts/string_msgs_multiple_functions_ddl/install/string_msgs_multiple_functions_ddl/lib/string_msgs_multiple_functions_ddl/dotnet/System.Web.dll
[24.563s] -- Up-to-date: C:/Users/Jorge/Documents/GitHub/ArtekmedRos2/ShellScripts/string_msgs_multiple_functions_ddl/install/string_msgs_multiple_functions_ddl/lib/string_msgs_multiple_functions_ddl/dotnet/System.Web.HttpUtility.dll
[24.563s] -- Up-to-date: C:/Users/Jorge/Documents/GitHub/ArtekmedRos2/ShellScripts/string_msgs_multiple_functions_ddl/install/string_msgs_multiple_functions_ddl/lib/string_msgs_multiple_functions_ddl/dotnet/System.Windows.dll
[24.563s] -- Up-to-date: C:/Users/Jorge/Documents/GitHub/ArtekmedRos2/ShellScripts/string_msgs_multiple_functions_ddl/install/string_msgs_multiple_functions_ddl/lib/string_msgs_multiple_functions_ddl/dotnet/System.Xml.dll
[24.563s] -- Up-to-date: C:/Users/Jorge/Documents/GitHub/ArtekmedRos2/ShellScripts/string_msgs_multiple_functions_ddl/install/string_msgs_multiple_functions_ddl/lib/string_msgs_multiple_functions_ddl/dotnet/System.Xml.Linq.dll
[24.578s] -- Up-to-date: C:/Users/Jorge/Documents/GitHub/ArtekmedRos2/ShellScripts/string_msgs_multiple_functions_ddl/install/string_msgs_multiple_functions_ddl/lib/string_msgs_multiple_functions_ddl/dotnet/System.Xml.ReaderWriter.dll
[24.578s] -- Up-to-date: C:/Users/Jorge/Documents/GitHub/ArtekmedRos2/ShellScripts/string_msgs_multiple_functions_ddl/install/string_msgs_multiple_functions_ddl/lib/string_msgs_multiple_functions_ddl/dotnet/System.Xml.Serialization.dll
[24.578s] -- Up-to-date: C:/Users/Jorge/Documents/GitHub/ArtekmedRos2/ShellScripts/string_msgs_multiple_functions_ddl/install/string_msgs_multiple_functions_ddl/lib/string_msgs_multiple_functions_ddl/dotnet/System.Xml.XDocument.dll
[24.578s] -- Up-to-date: C:/Users/Jorge/Documents/GitHub/ArtekmedRos2/ShellScripts/string_msgs_multiple_functions_ddl/install/string_msgs_multiple_functions_ddl/lib/string_msgs_multiple_functions_ddl/dotnet/System.Xml.XmlDocument.dll
[24.578s] -- Up-to-date: C:/Users/Jorge/Documents/GitHub/ArtekmedRos2/ShellScripts/string_msgs_multiple_functions_ddl/install/string_msgs_multiple_functions_ddl/lib/string_msgs_multiple_functions_ddl/dotnet/System.Xml.XmlSerializer.dll
[24.578s] -- Up-to-date: C:/Users/Jorge/Documents/GitHub/ArtekmedRos2/ShellScripts/string_msgs_multiple_functions_ddl/install/string_msgs_multiple_functions_ddl/lib/string_msgs_multiple_functions_ddl/dotnet/System.Xml.XPath.dll
[24.594s] -- Up-to-date: C:/Users/Jorge/Documents/GitHub/ArtekmedRos2/ShellScripts/string_msgs_multiple_functions_ddl/install/string_msgs_multiple_functions_ddl/lib/string_msgs_multiple_functions_ddl/dotnet/System.Xml.XPath.XDocument.dll
[24.594s] -- Up-to-date: C:/Users/Jorge/Documents/GitHub/ArtekmedRos2/ShellScripts/string_msgs_multiple_functions_ddl/install/string_msgs_multiple_functions_ddl/lib/string_msgs_multiple_functions_ddl/dotnet/ucrtbase.dll
[24.594s] -- Up-to-date: C:/Users/Jorge/Documents/GitHub/ArtekmedRos2/ShellScripts/string_msgs_multiple_functions_ddl/install/string_msgs_multiple_functions_ddl/lib/string_msgs_multiple_functions_ddl/dotnet/WindowsBase.dll
[24.594s] -- Up-to-date: C:/Users/Jorge/Documents/GitHub/ArtekmedRos2/ShellScripts/string_msgs_multiple_functions_ddl/install/string_msgs_multiple_functions_ddl/lib/string_msgs_multiple_functions_ddl/string_msgs_multiple_functions_ddl.bat
[24.594s] -- Up-to-date: C:/Users/Jorge/Documents/GitHub/ArtekmedRos2/ShellScripts/string_msgs_multiple_functions_ddl/install/string_msgs_multiple_functions_ddl/share/ament_index/resource_index/package_run_dependencies/string_msgs_multiple_functions_ddl
[24.609s] -- Up-to-date: C:/Users/Jorge/Documents/GitHub/ArtekmedRos2/ShellScripts/string_msgs_multiple_functions_ddl/install/string_msgs_multiple_functions_ddl/share/ament_index/resource_index/parent_prefix_path/string_msgs_multiple_functions_ddl
[24.609s] -- Up-to-date: C:/Users/Jorge/Documents/GitHub/ArtekmedRos2/ShellScripts/string_msgs_multiple_functions_ddl/install/string_msgs_multiple_functions_ddl/share/string_msgs_multiple_functions_ddl/environment/ament_prefix_path.bat
[24.625s] -- Installing: C:/Users/Jorge/Documents/GitHub/ArtekmedRos2/ShellScripts/string_msgs_multiple_functions_ddl/install/string_msgs_multiple_functions_ddl/share/string_msgs_multiple_functions_ddl/environment/ament_prefix_path.dsv
[24.625s] -- Up-to-date: C:/Users/Jorge/Documents/GitHub/ArtekmedRos2/ShellScripts/string_msgs_multiple_functions_ddl/install/string_msgs_multiple_functions_ddl/share/string_msgs_multiple_functions_ddl/environment/path.bat
[24.641s] -- Installing: C:/Users/Jorge/Documents/GitHub/ArtekmedRos2/ShellScripts/string_msgs_multiple_functions_ddl/install/string_msgs_multiple_functions_ddl/share/string_msgs_multiple_functions_ddl/environment/path.dsv
[24.641s] -- Up-to-date: C:/Users/Jorge/Documents/GitHub/ArtekmedRos2/ShellScripts/string_msgs_multiple_functions_ddl/install/string_msgs_multiple_functions_ddl/share/string_msgs_multiple_functions_ddl/local_setup.bat
[24.656s] -- Installing: C:/Users/Jorge/Documents/GitHub/ArtekmedRos2/ShellScripts/string_msgs_multiple_functions_ddl/install/string_msgs_multiple_functions_ddl/share/string_msgs_multiple_functions_ddl/local_setup.dsv
[24.672s] -- Installing: C:/Users/Jorge/Documents/GitHub/ArtekmedRos2/ShellScripts/string_msgs_multiple_functions_ddl/install/string_msgs_multiple_functions_ddl/share/string_msgs_multiple_functions_ddl/package.dsv
[24.672s] -- Up-to-date: C:/Users/Jorge/Documents/GitHub/ArtekmedRos2/ShellScripts/string_msgs_multiple_functions_ddl/install/string_msgs_multiple_functions_ddl/share/ament_index/resource_index/packages/string_msgs_multiple_functions_ddl
[24.688s] -- Up-to-date: C:/Users/Jorge/Documents/GitHub/ArtekmedRos2/ShellScripts/string_msgs_multiple_functions_ddl/install/string_msgs_multiple_functions_ddl/share/string_msgs_multiple_functions_ddl/cmake/string_msgs_multiple_functions_ddlConfig.cmake
[24.703s] -- Up-to-date: C:/Users/Jorge/Documents/GitHub/ArtekmedRos2/ShellScripts/string_msgs_multiple_functions_ddl/install/string_msgs_multiple_functions_ddl/share/string_msgs_multiple_functions_ddl/cmake/string_msgs_multiple_functions_ddlConfig-version.cmake
[24.703s] -- Up-to-date: C:/Users/Jorge/Documents/GitHub/ArtekmedRos2/ShellScripts/string_msgs_multiple_functions_ddl/install/string_msgs_multiple_functions_ddl/share/string_msgs_multiple_functions_ddl/package.xml
[24.750s] Invoked command in 'c:\Users\Jorge\Documents\GitHub\ArtekmedRos2\ShellScripts\string_msgs_multiple_functions_ddl\build\string_msgs_multiple_functions_ddl' returned '0': CMAKE_PREFIX_PATH=%CMAKE_PREFIX_PATH%;c:\opt\ros2_dotnet_ws\install\sensor_msgs_py c:\opt\ros\foxy\x64\Scripts\cmake.EXE --install c:\Users\Jorge\Documents\GitHub\ArtekmedRos2\ShellScripts\string_msgs_multiple_functions_ddl\build\string_msgs_multiple_functions_ddl --config Release
