[0.188s] Invoking command in 'c:\Users\Jorge\Documents\GitHub\ArtekmedRos2\ShellScripts\string_msgs_multiple_functions_ddl\build\string_msgs_multiple_functions_ddl': CMAKE_PREFIX_PATH=%CMAKE_PREFIX_PATH%;c:\opt\ros2_dotnet_ws\install\sensor_msgs_py c:\opt\ros\foxy\x64\Scripts\cmake.EXE c:\Users\Jorge\Documents\GitHub\ArtekmedRos2\ShellScripts\string_msgs_multiple_functions_ddl -DCMAKE_INSTALL_PREFIX=c:\Users\Jorge\Documents\GitHub\ArtekmedRos2\ShellScripts\string_msgs_multiple_functions_ddl\install\string_msgs_multiple_functions_ddl
[0.407s] -- Selecting Windows SDK version 10.0.22000.0 to target Windows 10.0.22621.
[0.453s] -- Found ament_cmake: 0.9.9 (C:/opt/ros/foxy/x64/share/ament_cmake/cmake)
[0.578s] -- Using PYTHON_EXECUTABLE: C:/opt/ros/foxy/x64/python.exe
[1.438s] -- Found rcldotnet: 0.0.0 (C:/opt/ros2_dotnet_ws/install/rcldotnet/share/rcldotnet/cmake)
[1.625s] -- Found rosidl_adapter: 1.3.0 (C:/opt/ros2_dotnet_ws/install/rosidl_adapter/share/rosidl_adapter/cmake)
[1.703s] -- Using all available rosidl_typesupport_c: rosidl_typesupport_introspection_c;rosidl_typesupport_fastrtps_c
[2.000s] -- Using all available rosidl_typesupport_cpp: rosidl_typesupport_introspection_cpp;rosidl_typesupport_fastrtps_cpp
[2.157s] -- Found rmw_implementation_cmake: 1.0.3 (C:/opt/ros/foxy/x64/share/rmw_implementation_cmake/cmake)
[2.172s] -- Using RMW implementation 'rmw_fastrtps_cpp' as default
[2.235s] -- Found rcldotnet_common: 0.0.0 (C:/opt/ros2_dotnet_ws/install/rcldotnet_common/share/rcldotnet_common/cmake)
[2.235s] -- Found dotnet_cmake_module: 0.0.0 (C:/opt/ros2_dotnet_ws/install/dotnet_cmake_module/share/dotnet_cmake_module/cmake)
[2.469s] CMake Warning (dev) at C:/opt/ros/foxy/x64/Lib/site-packages/cmake/data/share/cmake-3.18/Modules/FindPackageHandleStandardArgs.cmake:273 (message):
[2.469s]   The package name passed to `find_package_handle_standard_args`
[2.469s]   (DOTNET_CORE) does not match the name of the calling package (DotNetCore).
[2.469s]   This can lead to problems in calling code that expects `find_package`
[2.469s]   result variables (e.g., `_FOUND`) to follow a certain pattern.
[2.485s] Call Stack (most recent call first):
[2.485s]   C:/opt/ros2_dotnet_ws/install/dotnet_cmake_module/share/dotnet_cmake_module/cmake/Modules/dotnet/FindDotNetCore.cmake:37 (find_package_handle_standard_args)
[2.485s]   C:/opt/ros2_dotnet_ws/install/dotnet_cmake_module/share/dotnet_cmake_module/cmake/Modules/FindCSBuild.cmake:20 (find_package)
[2.485s]   C:/opt/ros2_dotnet_ws/install/dotnet_cmake_module/share/dotnet_cmake_module/cmake/Modules/FindDotNETExtra.cmake:15 (find_package)
[2.485s]   CMakeLists.txt:24 (find_package)
[2.485s] This warning is for project developers.  Use -Wno-dev to suppress it.
[2.485s] 
[2.485s] -- Found .NET Core: 7.0.101
[2.485s] -- Using Framework: netcoreapp2.0
[2.485s] -- Using Framework: netcoreapp2.0
[2.485s] -- Using Runtime: win-x64
[2.485s] -- Found std_msgs: 2.0.5 (C:/opt/ros2_dotnet_ws/install/std_msgs/share/std_msgs/cmake)
[2.828s] -- Configuring done
[3.250s] -- Generating done
[3.266s] -- Build files have been written to: C:/Users/Jorge/Documents/GitHub/ArtekmedRos2/ShellScripts/string_msgs_multiple_functions_ddl/build/string_msgs_multiple_functions_ddl
[3.297s] Invoked command in 'c:\Users\Jorge\Documents\GitHub\ArtekmedRos2\ShellScripts\string_msgs_multiple_functions_ddl\build\string_msgs_multiple_functions_ddl' returned '0': CMAKE_PREFIX_PATH=%CMAKE_PREFIX_PATH%;c:\opt\ros2_dotnet_ws\install\sensor_msgs_py c:\opt\ros\foxy\x64\Scripts\cmake.EXE c:\Users\Jorge\Documents\GitHub\ArtekmedRos2\ShellScripts\string_msgs_multiple_functions_ddl -DCMAKE_INSTALL_PREFIX=c:\Users\Jorge\Documents\GitHub\ArtekmedRos2\ShellScripts\string_msgs_multiple_functions_ddl\install\string_msgs_multiple_functions_ddl
[3.297s] Invoking command in 'c:\Users\Jorge\Documents\GitHub\ArtekmedRos2\ShellScripts\string_msgs_multiple_functions_ddl\build\string_msgs_multiple_functions_ddl': CL=/MP CMAKE_PREFIX_PATH=%CMAKE_PREFIX_PATH%;c:\opt\ros2_dotnet_ws\install\sensor_msgs_py c:\opt\ros\foxy\x64\Scripts\cmake.EXE --build c:\Users\Jorge\Documents\GitHub\ArtekmedRos2\ShellScripts\string_msgs_multiple_functions_ddl\build\string_msgs_multiple_functions_ddl --config Release
[3.797s] Microsoft (R) Build Engine version 16.11.2+f32259642 for .NET Framework
[3.797s] Copyright (C) Microsoft Corporation. All rights reserved.
[3.797s] 
[4.657s]   C:/opt/ros/foxy/x64/Lib/site-packages/cmake/data/bin/cmake.exe;-version;C:/Program Files/dotnet/dotnet.exe restore;-r;win-x64 string_msgs_multiple_functions_ddl_dotnetcore.csproj; C:/Program Files/dotnet/dotnet.exe publish;-r;win-x64 string_msgs_multiple_functions_ddl_dotnetcore.csproj -> C:/Users/Jorge/Documents/GitHub/ArtekmedRos2/ShellScripts/string_msgs_multiple_functions_ddl/build/string_msgs_multiple_functions_ddl/string_msgs_multiple_functions_ddl
[4.813s]   cmake version 3.18.2
[4.813s]   
[4.813s]   CMake suite maintained and supported by Kitware (kitware.com/cmake).
[5.922s]     Determining projects to restore...
[5.969s] C:\Program Files\dotnet\sdk\7.0.101\Sdks\Microsoft.NET.Sdk\targets\Microsoft.NET.EolTargetFrameworks.targets(28,5): warning NETSDK1138: The target framework 'netcoreapp2.0' is out of support and will not receive security updates in the future. Please refer to https://aka.ms/dotnet-core-support for more information about the support policy. [C:\Users\Jorge\Documents\GitHub\ArtekmedRos2\ShellScripts\string_msgs_multiple_functions_ddl\build\string_msgs_multiple_functions_ddl\string_msgs_multiple_functions_ddl\string_msgs_multiple_functions_ddl_dotnetcore.csproj] [C:\Users\Jorge\Documents\GitHub\ArtekmedRos2\ShellScripts\string_msgs_multiple_functions_ddl\build\string_msgs_multiple_functions_ddl\string_msgs_multiple_functions_ddl.vcxproj]
[6.032s] C:\Program Files\dotnet\sdk\7.0.101\Sdks\Microsoft.NET.Sdk\targets\Microsoft.NET.EolTargetFrameworks.targets(28,5): warning NETSDK1138: The target framework 'netcoreapp2.0' is out of support and will not receive security updates in the future. Please refer to https://aka.ms/dotnet-core-support for more information about the support policy. [C:\Users\Jorge\Documents\GitHub\ArtekmedRos2\ShellScripts\string_msgs_multiple_functions_ddl\build\string_msgs_multiple_functions_ddl\string_msgs_multiple_functions_ddl\string_msgs_multiple_functions_ddl_dotnetcore.csproj] [C:\Users\Jorge\Documents\GitHub\ArtekmedRos2\ShellScripts\string_msgs_multiple_functions_ddl\build\string_msgs_multiple_functions_ddl\string_msgs_multiple_functions_ddl.vcxproj]
[6.610s]     Restored C:\Users\Jorge\Documents\GitHub\ArtekmedRos2\ShellScripts\string_msgs_multiple_functions_ddl\build\string_msgs_multiple_functions_ddl\string_msgs_multiple_functions_ddl\string_msgs_multiple_functions_ddl_dotnetcore.csproj (in 374 ms).
[7.641s]   MSBuild version 17.4.0+18d5aef85 for .NET
[8.094s]     Determining projects to restore...
[8.110s] C:\Program Files\dotnet\sdk\7.0.101\Sdks\Microsoft.NET.Sdk\targets\Microsoft.NET.EolTargetFrameworks.targets(28,5): warning NETSDK1138: The target framework 'netcoreapp2.0' is out of support and will not receive security updates in the future. Please refer to https://aka.ms/dotnet-core-support for more information about the support policy. [C:\Users\Jorge\Documents\GitHub\ArtekmedRos2\ShellScripts\string_msgs_multiple_functions_ddl\build\string_msgs_multiple_functions_ddl\string_msgs_multiple_functions_ddl\string_msgs_multiple_functions_ddl_dotnetcore.csproj] [C:\Users\Jorge\Documents\GitHub\ArtekmedRos2\ShellScripts\string_msgs_multiple_functions_ddl\build\string_msgs_multiple_functions_ddl\string_msgs_multiple_functions_ddl.vcxproj]
[8.235s] C:\Program Files\dotnet\sdk\7.0.101\Sdks\Microsoft.NET.Sdk\targets\Microsoft.NET.EolTargetFrameworks.targets(28,5): warning NETSDK1138: The target framework 'netcoreapp2.0' is out of support and will not receive security updates in the future. Please refer to https://aka.ms/dotnet-core-support for more information about the support policy. [C:\Users\Jorge\Documents\GitHub\ArtekmedRos2\ShellScripts\string_msgs_multiple_functions_ddl\build\string_msgs_multiple_functions_ddl\string_msgs_multiple_functions_ddl\string_msgs_multiple_functions_ddl_dotnetcore.csproj] [C:\Users\Jorge\Documents\GitHub\ArtekmedRos2\ShellScripts\string_msgs_multiple_functions_ddl\build\string_msgs_multiple_functions_ddl\string_msgs_multiple_functions_ddl.vcxproj]
[8.797s]     Restored C:\Users\Jorge\Documents\GitHub\ArtekmedRos2\ShellScripts\string_msgs_multiple_functions_ddl\build\string_msgs_multiple_functions_ddl\string_msgs_multiple_functions_ddl\string_msgs_multiple_functions_ddl_dotnetcore.csproj (in 368 ms).
[9.016s] C:\Program Files\dotnet\sdk\7.0.101\Sdks\Microsoft.NET.Sdk\targets\Microsoft.NET.EolTargetFrameworks.targets(28,5): warning NETSDK1138: The target framework 'netcoreapp2.0' is out of support and will not receive security updates in the future. Please refer to https://aka.ms/dotnet-core-support for more information about the support policy. [C:\Users\Jorge\Documents\GitHub\ArtekmedRos2\ShellScripts\string_msgs_multiple_functions_ddl\build\string_msgs_multiple_functions_ddl\string_msgs_multiple_functions_ddl\string_msgs_multiple_functions_ddl_dotnetcore.csproj] [C:\Users\Jorge\Documents\GitHub\ArtekmedRos2\ShellScripts\string_msgs_multiple_functions_ddl\build\string_msgs_multiple_functions_ddl\string_msgs_multiple_functions_ddl.vcxproj]
[9.610s] CSC : warning CS1668: Invalid search path 'C:\Program Files (x86)\Microsoft Visual Studio\2019\Community\VC\Tools\MSVC\14.29.30133\atlmfc\lib\x64' specified in 'LIB environment variable' -- 'directory does not exist' [C:\Users\Jorge\Documents\GitHub\ArtekmedRos2\ShellScripts\string_msgs_multiple_functions_ddl\build\string_msgs_multiple_functions_ddl\string_msgs_multiple_functions_ddl\string_msgs_multiple_functions_ddl_dotnetcore.csproj] [C:\Users\Jorge\Documents\GitHub\ArtekmedRos2\ShellScripts\string_msgs_multiple_functions_ddl\build\string_msgs_multiple_functions_ddl\string_msgs_multiple_functions_ddl.vcxproj]
[9.625s] C:\Users\Jorge\Documents\GitHub\ArtekmedRos2\ShellScripts\string_msgs_multiple_functions_ddl\src\string_msgs_multiple_functions_ddl.cs(175,13): error CS0103: The name 'tempObj' does not exist in the current context [C:\Users\Jorge\Documents\GitHub\ArtekmedRos2\ShellScripts\string_msgs_multiple_functions_ddl\build\string_msgs_multiple_functions_ddl\string_msgs_multiple_functions_ddl\string_msgs_multiple_functions_ddl_dotnetcore.csproj] [C:\Users\Jorge\Documents\GitHub\ArtekmedRos2\ShellScripts\string_msgs_multiple_functions_ddl\build\string_msgs_multiple_functions_ddl\string_msgs_multiple_functions_ddl.vcxproj]
[9.625s] C:\Users\Jorge\Documents\GitHub\ArtekmedRos2\ShellScripts\string_msgs_multiple_functions_ddl\src\string_msgs_multiple_functions_ddl.cs(176,13): error CS0103: The name 'tempObj' does not exist in the current context [C:\Users\Jorge\Documents\GitHub\ArtekmedRos2\ShellScripts\string_msgs_multiple_functions_ddl\build\string_msgs_multiple_functions_ddl\string_msgs_multiple_functions_ddl\string_msgs_multiple_functions_ddl_dotnetcore.csproj] [C:\Users\Jorge\Documents\GitHub\ArtekmedRos2\ShellScripts\string_msgs_multiple_functions_ddl\build\string_msgs_multiple_functions_ddl\string_msgs_multiple_functions_ddl.vcxproj]
[9.625s] C:\Users\Jorge\Documents\GitHub\ArtekmedRos2\ShellScripts\string_msgs_multiple_functions_ddl\src\string_msgs_multiple_functions_ddl.cs(177,13): error CS0103: The name 'tempObj' does not exist in the current context [C:\Users\Jorge\Documents\GitHub\ArtekmedRos2\ShellScripts\string_msgs_multiple_functions_ddl\build\string_msgs_multiple_functions_ddl\string_msgs_multiple_functions_ddl\string_msgs_multiple_functions_ddl_dotnetcore.csproj] [C:\Users\Jorge\Documents\GitHub\ArtekmedRos2\ShellScripts\string_msgs_multiple_functions_ddl\build\string_msgs_multiple_functions_ddl\string_msgs_multiple_functions_ddl.vcxproj]
[9.625s] C:\Users\Jorge\Documents\GitHub\ArtekmedRos2\ShellScripts\string_msgs_multiple_functions_ddl\src\string_msgs_multiple_functions_ddl.cs(178,13): error CS0103: The name 'tempObj' does not exist in the current context [C:\Users\Jorge\Documents\GitHub\ArtekmedRos2\ShellScripts\string_msgs_multiple_functions_ddl\build\string_msgs_multiple_functions_ddl\string_msgs_multiple_functions_ddl\string_msgs_multiple_functions_ddl_dotnetcore.csproj] [C:\Users\Jorge\Documents\GitHub\ArtekmedRos2\ShellScripts\string_msgs_multiple_functions_ddl\build\string_msgs_multiple_functions_ddl\string_msgs_multiple_functions_ddl.vcxproj]
[9.625s] C:\Users\Jorge\Documents\GitHub\ArtekmedRos2\ShellScripts\string_msgs_multiple_functions_ddl\src\string_msgs_multiple_functions_ddl.cs(179,13): error CS0103: The name 'tempObj' does not exist in the current context [C:\Users\Jorge\Documents\GitHub\ArtekmedRos2\ShellScripts\string_msgs_multiple_functions_ddl\build\string_msgs_multiple_functions_ddl\string_msgs_multiple_functions_ddl\string_msgs_multiple_functions_ddl_dotnetcore.csproj] [C:\Users\Jorge\Documents\GitHub\ArtekmedRos2\ShellScripts\string_msgs_multiple_functions_ddl\build\string_msgs_multiple_functions_ddl\string_msgs_multiple_functions_ddl.vcxproj]
[9.625s] C:\Users\Jorge\Documents\GitHub\ArtekmedRos2\ShellScripts\string_msgs_multiple_functions_ddl\src\string_msgs_multiple_functions_ddl.cs(180,13): error CS0103: The name 'tempObj' does not exist in the current context [C:\Users\Jorge\Documents\GitHub\ArtekmedRos2\ShellScripts\string_msgs_multiple_functions_ddl\build\string_msgs_multiple_functions_ddl\string_msgs_multiple_functions_ddl\string_msgs_multiple_functions_ddl_dotnetcore.csproj] [C:\Users\Jorge\Documents\GitHub\ArtekmedRos2\ShellScripts\string_msgs_multiple_functions_ddl\build\string_msgs_multiple_functions_ddl\string_msgs_multiple_functions_ddl.vcxproj]
[9.625s] C:\Users\Jorge\Documents\GitHub\ArtekmedRos2\ShellScripts\string_msgs_multiple_functions_ddl\src\string_msgs_multiple_functions_ddl.cs(182,36): error CS0103: The name 'tempObj' does not exist in the current context [C:\Users\Jorge\Documents\GitHub\ArtekmedRos2\ShellScripts\string_msgs_multiple_functions_ddl\build\string_msgs_multiple_functions_ddl\string_msgs_multiple_functions_ddl\string_msgs_multiple_functions_ddl_dotnetcore.csproj] [C:\Users\Jorge\Documents\GitHub\ArtekmedRos2\ShellScripts\string_msgs_multiple_functions_ddl\build\string_msgs_multiple_functions_ddl\string_msgs_multiple_functions_ddl.vcxproj]
[9.625s] C:\Users\Jorge\Documents\GitHub\ArtekmedRos2\ShellScripts\string_msgs_multiple_functions_ddl\src\string_msgs_multiple_functions_ddl.cs(185,13): error CS0103: The name 'msg' does not exist in the current context [C:\Users\Jorge\Documents\GitHub\ArtekmedRos2\ShellScripts\string_msgs_multiple_functions_ddl\build\string_msgs_multiple_functions_ddl\string_msgs_multiple_functions_ddl\string_msgs_multiple_functions_ddl_dotnetcore.csproj] [C:\Users\Jorge\Documents\GitHub\ArtekmedRos2\ShellScripts\string_msgs_multiple_functions_ddl\build\string_msgs_multiple_functions_ddl\string_msgs_multiple_functions_ddl.vcxproj]
[9.641s] C:\Users\Jorge\Documents\GitHub\ArtekmedRos2\ShellScripts\string_msgs_multiple_functions_ddl\src\string_msgs_multiple_functions_ddl.cs(187,32): error CS0103: The name 'rosMsg' does not exist in the current context [C:\Users\Jorge\Documents\GitHub\ArtekmedRos2\ShellScripts\string_msgs_multiple_functions_ddl\build\string_msgs_multiple_functions_ddl\string_msgs_multiple_functions_ddl\string_msgs_multiple_functions_ddl_dotnetcore.csproj] [C:\Users\Jorge\Documents\GitHub\ArtekmedRos2\ShellScripts\string_msgs_multiple_functions_ddl\build\string_msgs_multiple_functions_ddl\string_msgs_multiple_functions_ddl.vcxproj]
[9.719s] C:\Program Files (x86)\Microsoft Visual Studio\2019\Community\MSBuild\Microsoft\VC\v160\Microsoft.CppCommon.targets(241,5): error MSB8066: Custom build for 'C:\Users\Jorge\Documents\GitHub\ArtekmedRos2\ShellScripts\string_msgs_multiple_functions_ddl\build\string_msgs_multiple_functions_ddl\CMakeFiles\09ea34ae1fb2615c0bf17f3570cb44a7\string_msgs_multiple_functions_ddl.rule' exited with code 1. [C:\Users\Jorge\Documents\GitHub\ArtekmedRos2\ShellScripts\string_msgs_multiple_functions_ddl\build\string_msgs_multiple_functions_ddl\string_msgs_multiple_functions_ddl.vcxproj]
[9.766s] Invoked command in 'c:\Users\Jorge\Documents\GitHub\ArtekmedRos2\ShellScripts\string_msgs_multiple_functions_ddl\build\string_msgs_multiple_functions_ddl' returned '1': CL=/MP CMAKE_PREFIX_PATH=%CMAKE_PREFIX_PATH%;c:\opt\ros2_dotnet_ws\install\sensor_msgs_py c:\opt\ros\foxy\x64\Scripts\cmake.EXE --build c:\Users\Jorge\Documents\GitHub\ArtekmedRos2\ShellScripts\string_msgs_multiple_functions_ddl\build\string_msgs_multiple_functions_ddl --config Release
