[0.187s] Invoking command in 'c:\Users\Jorge\Documents\GitHub\ArtekmedRos2\ShellScripts\string_msgs_multiple_functions_ddl\build\string_msgs_multiple_functions_ddl': CMAKE_PREFIX_PATH=%CMAKE_PREFIX_PATH%;c:\opt\ros2_dotnet_ws\install\sensor_msgs_py c:\opt\ros\foxy\x64\Scripts\cmake.EXE c:\Users\Jorge\Documents\GitHub\ArtekmedRos2\ShellScripts\string_msgs_multiple_functions_ddl -DCMAKE_INSTALL_PREFIX=c:\Users\Jorge\Documents\GitHub\ArtekmedRos2\ShellScripts\string_msgs_multiple_functions_ddl\install\string_msgs_multiple_functions_ddl
[0.375s] -- Selecting Windows SDK version 10.0.22000.0 to target Windows 10.0.22621.
[0.422s] -- Found ament_cmake: 0.9.9 (C:/opt/ros/foxy/x64/share/ament_cmake/cmake)
[0.531s] -- Using PYTHON_EXECUTABLE: C:/opt/ros/foxy/x64/python.exe
[1.703s] -- Found rcldotnet: 0.0.0 (C:/opt/ros2_dotnet_ws/install/rcldotnet/share/rcldotnet/cmake)
[1.906s] -- Found rosidl_adapter: 1.3.0 (C:/opt/ros2_dotnet_ws/install/rosidl_adapter/share/rosidl_adapter/cmake)
[2.000s] -- Using all available rosidl_typesupport_c: rosidl_typesupport_introspection_c;rosidl_typesupport_fastrtps_c
[2.469s] -- Using all available rosidl_typesupport_cpp: rosidl_typesupport_introspection_cpp;rosidl_typesupport_fastrtps_cpp
[2.734s] -- Found rmw_implementation_cmake: 1.0.3 (C:/opt/ros/foxy/x64/share/rmw_implementation_cmake/cmake)
[2.750s] -- Using RMW implementation 'rmw_fastrtps_cpp' as default
[2.828s] -- Found rcldotnet_common: 0.0.0 (C:/opt/ros2_dotnet_ws/install/rcldotnet_common/share/rcldotnet_common/cmake)
[2.844s] -- Found dotnet_cmake_module: 0.0.0 (C:/opt/ros2_dotnet_ws/install/dotnet_cmake_module/share/dotnet_cmake_module/cmake)
[3.109s] CMake Warning (dev) at C:/opt/ros/foxy/x64/Lib/site-packages/cmake/data/share/cmake-3.18/Modules/FindPackageHandleStandardArgs.cmake:273 (message):
[3.109s]   The package name passed to `find_package_handle_standard_args`
[3.125s]   (DOTNET_CORE) does not match the name of the calling package (DotNetCore).
[3.125s]   This can lead to problems in calling code that expects `find_package`
[3.125s]   result variables (e.g., `_FOUND`) to follow a certain pattern.
[3.125s] Call Stack (most recent call first):
[3.125s]   C:/opt/ros2_dotnet_ws/install/dotnet_cmake_module/share/dotnet_cmake_module/cmake/Modules/dotnet/FindDotNetCore.cmake:37 (find_package_handle_standard_args)
[3.125s]   C:/opt/ros2_dotnet_ws/install/dotnet_cmake_module/share/dotnet_cmake_module/cmake/Modules/FindCSBuild.cmake:20 (find_package)
[3.125s]   C:/opt/ros2_dotnet_ws/install/dotnet_cmake_module/share/dotnet_cmake_module/cmake/Modules/FindDotNETExtra.cmake:15 (find_package)
[3.140s]   CMakeLists.txt:24 (find_package)
[3.140s] This warning is for project developers.  Use -Wno-dev to suppress it.
[3.140s] 
[3.140s] -- Found .NET Core: 7.0.101
[3.140s] -- Using Framework: netcoreapp2.0
[3.140s] -- Using Framework: netcoreapp2.0
[3.140s] -- Using Runtime: win-x64
[3.140s] -- Found std_msgs: 2.0.5 (C:/opt/ros2_dotnet_ws/install/std_msgs/share/std_msgs/cmake)
[3.484s] -- Configuring done
[4.047s] -- Generating done
[4.078s] -- Build files have been written to: C:/Users/Jorge/Documents/GitHub/ArtekmedRos2/ShellScripts/string_msgs_multiple_functions_ddl/build/string_msgs_multiple_functions_ddl
[4.125s] Invoked command in 'c:\Users\Jorge\Documents\GitHub\ArtekmedRos2\ShellScripts\string_msgs_multiple_functions_ddl\build\string_msgs_multiple_functions_ddl' returned '0': CMAKE_PREFIX_PATH=%CMAKE_PREFIX_PATH%;c:\opt\ros2_dotnet_ws\install\sensor_msgs_py c:\opt\ros\foxy\x64\Scripts\cmake.EXE c:\Users\Jorge\Documents\GitHub\ArtekmedRos2\ShellScripts\string_msgs_multiple_functions_ddl -DCMAKE_INSTALL_PREFIX=c:\Users\Jorge\Documents\GitHub\ArtekmedRos2\ShellScripts\string_msgs_multiple_functions_ddl\install\string_msgs_multiple_functions_ddl
[4.125s] Invoking command in 'c:\Users\Jorge\Documents\GitHub\ArtekmedRos2\ShellScripts\string_msgs_multiple_functions_ddl\build\string_msgs_multiple_functions_ddl': CL=/MP CMAKE_PREFIX_PATH=%CMAKE_PREFIX_PATH%;c:\opt\ros2_dotnet_ws\install\sensor_msgs_py c:\opt\ros\foxy\x64\Scripts\cmake.EXE --build c:\Users\Jorge\Documents\GitHub\ArtekmedRos2\ShellScripts\string_msgs_multiple_functions_ddl\build\string_msgs_multiple_functions_ddl --config Release
[4.656s] Microsoft (R) Build Engine version 16.11.2+f32259642 for .NET Framework
[4.656s] Copyright (C) Microsoft Corporation. All rights reserved.
[4.656s] 
[6.062s]   C:/opt/ros/foxy/x64/Lib/site-packages/cmake/data/bin/cmake.exe;-version;C:/Program Files/dotnet/dotnet.exe restore;-r;win-x64 string_msgs_multiple_functions_ddl_dotnetcore.csproj; C:/Program Files/dotnet/dotnet.exe publish;-r;win-x64 string_msgs_multiple_functions_ddl_dotnetcore.csproj -> C:/Users/Jorge/Documents/GitHub/ArtekmedRos2/ShellScripts/string_msgs_multiple_functions_ddl/build/string_msgs_multiple_functions_ddl/string_msgs_multiple_functions_ddl
[6.281s]   cmake version 3.18.2
[6.281s]   
[6.297s]   CMake suite maintained and supported by Kitware (kitware.com/cmake).
[8.000s]     Determining projects to restore...
[8.062s] C:\Program Files\dotnet\sdk\7.0.101\Sdks\Microsoft.NET.Sdk\targets\Microsoft.NET.EolTargetFrameworks.targets(28,5): warning NETSDK1138: The target framework 'netcoreapp2.0' is out of support and will not receive security updates in the future. Please refer to https://aka.ms/dotnet-core-support for more information about the support policy. [C:\Users\Jorge\Documents\GitHub\ArtekmedRos2\ShellScripts\string_msgs_multiple_functions_ddl\build\string_msgs_multiple_functions_ddl\string_msgs_multiple_functions_ddl\string_msgs_multiple_functions_ddl_dotnetcore.csproj] [C:\Users\Jorge\Documents\GitHub\ArtekmedRos2\ShellScripts\string_msgs_multiple_functions_ddl\build\string_msgs_multiple_functions_ddl\string_msgs_multiple_functions_ddl.vcxproj]
[8.172s] C:\Program Files\dotnet\sdk\7.0.101\Sdks\Microsoft.NET.Sdk\targets\Microsoft.NET.EolTargetFrameworks.targets(28,5): warning NETSDK1138: The target framework 'netcoreapp2.0' is out of support and will not receive security updates in the future. Please refer to https://aka.ms/dotnet-core-support for more information about the support policy. [C:\Users\Jorge\Documents\GitHub\ArtekmedRos2\ShellScripts\string_msgs_multiple_functions_ddl\build\string_msgs_multiple_functions_ddl\string_msgs_multiple_functions_ddl\string_msgs_multiple_functions_ddl_dotnetcore.csproj] [C:\Users\Jorge\Documents\GitHub\ArtekmedRos2\ShellScripts\string_msgs_multiple_functions_ddl\build\string_msgs_multiple_functions_ddl\string_msgs_multiple_functions_ddl.vcxproj]
[9.015s]     Restored C:\Users\Jorge\Documents\GitHub\ArtekmedRos2\ShellScripts\string_msgs_multiple_functions_ddl\build\string_msgs_multiple_functions_ddl\string_msgs_multiple_functions_ddl\string_msgs_multiple_functions_ddl_dotnetcore.csproj (in 583 ms).
[10.250s]   MSBuild version 17.4.0+18d5aef85 for .NET
[10.765s]     Determining projects to restore...
[10.797s] C:\Program Files\dotnet\sdk\7.0.101\Sdks\Microsoft.NET.Sdk\targets\Microsoft.NET.EolTargetFrameworks.targets(28,5): warning NETSDK1138: The target framework 'netcoreapp2.0' is out of support and will not receive security updates in the future. Please refer to https://aka.ms/dotnet-core-support for more information about the support policy. [C:\Users\Jorge\Documents\GitHub\ArtekmedRos2\ShellScripts\string_msgs_multiple_functions_ddl\build\string_msgs_multiple_functions_ddl\string_msgs_multiple_functions_ddl\string_msgs_multiple_functions_ddl_dotnetcore.csproj] [C:\Users\Jorge\Documents\GitHub\ArtekmedRos2\ShellScripts\string_msgs_multiple_functions_ddl\build\string_msgs_multiple_functions_ddl\string_msgs_multiple_functions_ddl.vcxproj]
[11.000s] C:\Program Files\dotnet\sdk\7.0.101\Sdks\Microsoft.NET.Sdk\targets\Microsoft.NET.EolTargetFrameworks.targets(28,5): warning NETSDK1138: The target framework 'netcoreapp2.0' is out of support and will not receive security updates in the future. Please refer to https://aka.ms/dotnet-core-support for more information about the support policy. [C:\Users\Jorge\Documents\GitHub\ArtekmedRos2\ShellScripts\string_msgs_multiple_functions_ddl\build\string_msgs_multiple_functions_ddl\string_msgs_multiple_functions_ddl\string_msgs_multiple_functions_ddl_dotnetcore.csproj] [C:\Users\Jorge\Documents\GitHub\ArtekmedRos2\ShellScripts\string_msgs_multiple_functions_ddl\build\string_msgs_multiple_functions_ddl\string_msgs_multiple_functions_ddl.vcxproj]
[11.828s]     Restored C:\Users\Jorge\Documents\GitHub\ArtekmedRos2\ShellScripts\string_msgs_multiple_functions_ddl\build\string_msgs_multiple_functions_ddl\string_msgs_multiple_functions_ddl\string_msgs_multiple_functions_ddl_dotnetcore.csproj (in 549 ms).
[12.250s] C:\Program Files\dotnet\sdk\7.0.101\Sdks\Microsoft.NET.Sdk\targets\Microsoft.NET.EolTargetFrameworks.targets(28,5): warning NETSDK1138: The target framework 'netcoreapp2.0' is out of support and will not receive security updates in the future. Please refer to https://aka.ms/dotnet-core-support for more information about the support policy. [C:\Users\Jorge\Documents\GitHub\ArtekmedRos2\ShellScripts\string_msgs_multiple_functions_ddl\build\string_msgs_multiple_functions_ddl\string_msgs_multiple_functions_ddl\string_msgs_multiple_functions_ddl_dotnetcore.csproj] [C:\Users\Jorge\Documents\GitHub\ArtekmedRos2\ShellScripts\string_msgs_multiple_functions_ddl\build\string_msgs_multiple_functions_ddl\string_msgs_multiple_functions_ddl.vcxproj]
[16.656s] CSC : warning CS1668: Invalid search path 'C:\Program Files (x86)\Microsoft Visual Studio\2019\Community\VC\Tools\MSVC\14.29.30133\atlmfc\lib\x64' specified in 'LIB environment variable' -- 'directory does not exist' [C:\Users\Jorge\Documents\GitHub\ArtekmedRos2\ShellScripts\string_msgs_multiple_functions_ddl\build\string_msgs_multiple_functions_ddl\string_msgs_multiple_functions_ddl\string_msgs_multiple_functions_ddl_dotnetcore.csproj] [C:\Users\Jorge\Documents\GitHub\ArtekmedRos2\ShellScripts\string_msgs_multiple_functions_ddl\build\string_msgs_multiple_functions_ddl\string_msgs_multiple_functions_ddl.vcxproj]
[18.250s]     string_msgs_multiple_functions_ddl_dotnetcore -> C:\Users\Jorge\Documents\GitHub\ArtekmedRos2\ShellScripts\string_msgs_multiple_functions_ddl\build\string_msgs_multiple_functions_ddl\Release\netcoreapp2.0\win-x64\string_msgs_multiple_functions_ddl.dll
[18.500s]     string_msgs_multiple_functions_ddl_dotnetcore -> C:\Users\Jorge\Documents\GitHub\ArtekmedRos2\ShellScripts\string_msgs_multiple_functions_ddl\build\string_msgs_multiple_functions_ddl\Release\netcoreapp2.0\win-x64\publish\
[19.015s] Invoked command in 'c:\Users\Jorge\Documents\GitHub\ArtekmedRos2\ShellScripts\string_msgs_multiple_functions_ddl\build\string_msgs_multiple_functions_ddl' returned '0': CL=/MP CMAKE_PREFIX_PATH=%CMAKE_PREFIX_PATH%;c:\opt\ros2_dotnet_ws\install\sensor_msgs_py c:\opt\ros\foxy\x64\Scripts\cmake.EXE --build c:\Users\Jorge\Documents\GitHub\ArtekmedRos2\ShellScripts\string_msgs_multiple_functions_ddl\build\string_msgs_multiple_functions_ddl --config Release
[19.515s] Invoking command in 'c:\Users\Jorge\Documents\GitHub\ArtekmedRos2\ShellScripts\string_msgs_multiple_functions_ddl\build\string_msgs_multiple_functions_ddl': CMAKE_PREFIX_PATH=%CMAKE_PREFIX_PATH%;c:\opt\ros2_dotnet_ws\install\sensor_msgs_py c:\opt\ros\foxy\x64\Scripts\cmake.EXE --install c:\Users\Jorge\Documents\GitHub\ArtekmedRos2\ShellScripts\string_msgs_multiple_functions_ddl\build\string_msgs_multiple_functions_ddl --config Release
[19.953s] -- Up-to-date: C:/Users/Jorge/Documents/GitHub/ArtekmedRos2/ShellScripts/string_msgs_multiple_functions_ddl/install/string_msgs_multiple_functions_ddl/lib/string_msgs_multiple_functions_ddl/dotnet
[19.953s] -- Up-to-date: C:/Users/Jorge/Documents/GitHub/ArtekmedRos2/ShellScripts/string_msgs_multiple_functions_ddl/install/string_msgs_multiple_functions_ddl/lib/string_msgs_multiple_functions_ddl/dotnet/api-ms-win-core-console-l1-1-0.dll
[19.953s] -- Up-to-date: C:/Users/Jorge/Documents/GitHub/ArtekmedRos2/ShellScripts/string_msgs_multiple_functions_ddl/install/string_msgs_multiple_functions_ddl/lib/string_msgs_multiple_functions_ddl/dotnet/api-ms-win-core-datetime-l1-1-0.dll
[19.953s] -- Up-to-date: C:/Users/Jorge/Documents/GitHub/ArtekmedRos2/ShellScripts/string_msgs_multiple_functions_ddl/install/string_msgs_multiple_functions_ddl/lib/string_msgs_multiple_functions_ddl/dotnet/api-ms-win-core-debug-l1-1-0.dll
[19.969s] -- Up-to-date: C:/Users/Jorge/Documents/GitHub/ArtekmedRos2/ShellScripts/string_msgs_multiple_functions_ddl/install/string_msgs_multiple_functions_ddl/lib/string_msgs_multiple_functions_ddl/dotnet/api-ms-win-core-errorhandling-l1-1-0.dll
[19.969s] -- Up-to-date: C:/Users/Jorge/Documents/GitHub/ArtekmedRos2/ShellScripts/string_msgs_multiple_functions_ddl/install/string_msgs_multiple_functions_ddl/lib/string_msgs_multiple_functions_ddl/dotnet/api-ms-win-core-file-l1-1-0.dll
[19.969s] -- Up-to-date: C:/Users/Jorge/Documents/GitHub/ArtekmedRos2/ShellScripts/string_msgs_multiple_functions_ddl/install/string_msgs_multiple_functions_ddl/lib/string_msgs_multiple_functions_ddl/dotnet/api-ms-win-core-file-l1-2-0.dll
[19.984s] -- Up-to-date: C:/Users/Jorge/Documents/GitHub/ArtekmedRos2/ShellScripts/string_msgs_multiple_functions_ddl/install/string_msgs_multiple_functions_ddl/lib/string_msgs_multiple_functions_ddl/dotnet/api-ms-win-core-file-l2-1-0.dll
[20.000s] -- Up-to-date: C:/Users/Jorge/Documents/GitHub/ArtekmedRos2/ShellScripts/string_msgs_multiple_functions_ddl/install/string_msgs_multiple_functions_ddl/lib/string_msgs_multiple_functions_ddl/dotnet/api-ms-win-core-handle-l1-1-0.dll
[20.000s] -- Up-to-date: C:/Users/Jorge/Documents/GitHub/ArtekmedRos2/ShellScripts/string_msgs_multiple_functions_ddl/install/string_msgs_multiple_functions_ddl/lib/string_msgs_multiple_functions_ddl/dotnet/api-ms-win-core-heap-l1-1-0.dll
[20.015s] -- Up-to-date: C:/Users/Jorge/Documents/GitHub/ArtekmedRos2/ShellScripts/string_msgs_multiple_functions_ddl/install/string_msgs_multiple_functions_ddl/lib/string_msgs_multiple_functions_ddl/dotnet/api-ms-win-core-interlocked-l1-1-0.dll
[20.015s] -- Up-to-date: C:/Users/Jorge/Documents/GitHub/ArtekmedRos2/ShellScripts/string_msgs_multiple_functions_ddl/install/string_msgs_multiple_functions_ddl/lib/string_msgs_multiple_functions_ddl/dotnet/api-ms-win-core-libraryloader-l1-1-0.dll
[20.015s] -- Up-to-date: C:/Users/Jorge/Documents/GitHub/ArtekmedRos2/ShellScripts/string_msgs_multiple_functions_ddl/install/string_msgs_multiple_functions_ddl/lib/string_msgs_multiple_functions_ddl/dotnet/api-ms-win-core-localization-l1-2-0.dll
[20.031s] -- Up-to-date: C:/Users/Jorge/Documents/GitHub/ArtekmedRos2/ShellScripts/string_msgs_multiple_functions_ddl/install/string_msgs_multiple_functions_ddl/lib/string_msgs_multiple_functions_ddl/dotnet/api-ms-win-core-memory-l1-1-0.dll
[20.031s] -- Up-to-date: C:/Users/Jorge/Documents/GitHub/ArtekmedRos2/ShellScripts/string_msgs_multiple_functions_ddl/install/string_msgs_multiple_functions_ddl/lib/string_msgs_multiple_functions_ddl/dotnet/api-ms-win-core-namedpipe-l1-1-0.dll
[20.031s] -- Up-to-date: C:/Users/Jorge/Documents/GitHub/ArtekmedRos2/ShellScripts/string_msgs_multiple_functions_ddl/install/string_msgs_multiple_functions_ddl/lib/string_msgs_multiple_functions_ddl/dotnet/api-ms-win-core-processenvironment-l1-1-0.dll
[20.031s] -- Up-to-date: C:/Users/Jorge/Documents/GitHub/ArtekmedRos2/ShellScripts/string_msgs_multiple_functions_ddl/install/string_msgs_multiple_functions_ddl/lib/string_msgs_multiple_functions_ddl/dotnet/api-ms-win-core-processthreads-l1-1-0.dll
[20.047s] -- Up-to-date: C:/Users/Jorge/Documents/GitHub/ArtekmedRos2/ShellScripts/string_msgs_multiple_functions_ddl/install/string_msgs_multiple_functions_ddl/lib/string_msgs_multiple_functions_ddl/dotnet/api-ms-win-core-processthreads-l1-1-1.dll
[20.047s] -- Up-to-date: C:/Users/Jorge/Documents/GitHub/ArtekmedRos2/ShellScripts/string_msgs_multiple_functions_ddl/install/string_msgs_multiple_functions_ddl/lib/string_msgs_multiple_functions_ddl/dotnet/api-ms-win-core-profile-l1-1-0.dll
[20.047s] -- Up-to-date: C:/Users/Jorge/Documents/GitHub/ArtekmedRos2/ShellScripts/string_msgs_multiple_functions_ddl/install/string_msgs_multiple_functions_ddl/lib/string_msgs_multiple_functions_ddl/dotnet/api-ms-win-core-rtlsupport-l1-1-0.dll
[20.062s] -- Up-to-date: C:/Users/Jorge/Documents/GitHub/ArtekmedRos2/ShellScripts/string_msgs_multiple_functions_ddl/install/string_msgs_multiple_functions_ddl/lib/string_msgs_multiple_functions_ddl/dotnet/api-ms-win-core-string-l1-1-0.dll
[20.078s] -- Up-to-date: C:/Users/Jorge/Documents/GitHub/ArtekmedRos2/ShellScripts/string_msgs_multiple_functions_ddl/install/string_msgs_multiple_functions_ddl/lib/string_msgs_multiple_functions_ddl/dotnet/api-ms-win-core-synch-l1-1-0.dll
[20.094s] -- Up-to-date: C:/Users/Jorge/Documents/GitHub/ArtekmedRos2/ShellScripts/string_msgs_multiple_functions_ddl/install/string_msgs_multiple_functions_ddl/lib/string_msgs_multiple_functions_ddl/dotnet/api-ms-win-core-synch-l1-2-0.dll
[20.125s] -- Up-to-date: C:/Users/Jorge/Documents/GitHub/ArtekmedRos2/ShellScripts/string_msgs_multiple_functions_ddl/install/string_msgs_multiple_functions_ddl/lib/string_msgs_multiple_functions_ddl/dotnet/api-ms-win-core-sysinfo-l1-1-0.dll
[20.125s] -- Up-to-date: C:/Users/Jorge/Documents/GitHub/ArtekmedRos2/ShellScripts/string_msgs_multiple_functions_ddl/install/string_msgs_multiple_functions_ddl/lib/string_msgs_multiple_functions_ddl/dotnet/api-ms-win-core-timezone-l1-1-0.dll
[20.140s] -- Up-to-date: C:/Users/Jorge/Documents/GitHub/ArtekmedRos2/ShellScripts/string_msgs_multiple_functions_ddl/install/string_msgs_multiple_functions_ddl/lib/string_msgs_multiple_functions_ddl/dotnet/api-ms-win-core-util-l1-1-0.dll
[20.156s] -- Up-to-date: C:/Users/Jorge/Documents/GitHub/ArtekmedRos2/ShellScripts/string_msgs_multiple_functions_ddl/install/string_msgs_multiple_functions_ddl/lib/string_msgs_multiple_functions_ddl/dotnet/api-ms-win-crt-conio-l1-1-0.dll
[20.156s] -- Up-to-date: C:/Users/Jorge/Documents/GitHub/ArtekmedRos2/ShellScripts/string_msgs_multiple_functions_ddl/install/string_msgs_multiple_functions_ddl/lib/string_msgs_multiple_functions_ddl/dotnet/api-ms-win-crt-convert-l1-1-0.dll
[20.172s] -- Up-to-date: C:/Users/Jorge/Documents/GitHub/ArtekmedRos2/ShellScripts/string_msgs_multiple_functions_ddl/install/string_msgs_multiple_functions_ddl/lib/string_msgs_multiple_functions_ddl/dotnet/api-ms-win-crt-environment-l1-1-0.dll
[20.172s] -- Up-to-date: C:/Users/Jorge/Documents/GitHub/ArtekmedRos2/ShellScripts/string_msgs_multiple_functions_ddl/install/string_msgs_multiple_functions_ddl/lib/string_msgs_multiple_functions_ddl/dotnet/api-ms-win-crt-filesystem-l1-1-0.dll
[20.187s] -- Up-to-date: C:/Users/Jorge/Documents/GitHub/ArtekmedRos2/ShellScripts/string_msgs_multiple_functions_ddl/install/string_msgs_multiple_functions_ddl/lib/string_msgs_multiple_functions_ddl/dotnet/api-ms-win-crt-heap-l1-1-0.dll
[20.187s] -- Up-to-date: C:/Users/Jorge/Documents/GitHub/ArtekmedRos2/ShellScripts/string_msgs_multiple_functions_ddl/install/string_msgs_multiple_functions_ddl/lib/string_msgs_multiple_functions_ddl/dotnet/api-ms-win-crt-locale-l1-1-0.dll
[20.203s] -- Up-to-date: C:/Users/Jorge/Documents/GitHub/ArtekmedRos2/ShellScripts/string_msgs_multiple_functions_ddl/install/string_msgs_multiple_functions_ddl/lib/string_msgs_multiple_functions_ddl/dotnet/api-ms-win-crt-math-l1-1-0.dll
[20.203s] -- Up-to-date: C:/Users/Jorge/Documents/GitHub/ArtekmedRos2/ShellScripts/string_msgs_multiple_functions_ddl/install/string_msgs_multiple_functions_ddl/lib/string_msgs_multiple_functions_ddl/dotnet/api-ms-win-crt-multibyte-l1-1-0.dll
[20.203s] -- Up-to-date: C:/Users/Jorge/Documents/GitHub/ArtekmedRos2/ShellScripts/string_msgs_multiple_functions_ddl/install/string_msgs_multiple_functions_ddl/lib/string_msgs_multiple_functions_ddl/dotnet/api-ms-win-crt-private-l1-1-0.dll
[20.219s] -- Up-to-date: C:/Users/Jorge/Documents/GitHub/ArtekmedRos2/ShellScripts/string_msgs_multiple_functions_ddl/install/string_msgs_multiple_functions_ddl/lib/string_msgs_multiple_functions_ddl/dotnet/api-ms-win-crt-process-l1-1-0.dll
[20.219s] -- Up-to-date: C:/Users/Jorge/Documents/GitHub/ArtekmedRos2/ShellScripts/string_msgs_multiple_functions_ddl/install/string_msgs_multiple_functions_ddl/lib/string_msgs_multiple_functions_ddl/dotnet/api-ms-win-crt-runtime-l1-1-0.dll
[20.234s] -- Up-to-date: C:/Users/Jorge/Documents/GitHub/ArtekmedRos2/ShellScripts/string_msgs_multiple_functions_ddl/install/string_msgs_multiple_functions_ddl/lib/string_msgs_multiple_functions_ddl/dotnet/api-ms-win-crt-stdio-l1-1-0.dll
[20.234s] -- Up-to-date: C:/Users/Jorge/Documents/GitHub/ArtekmedRos2/ShellScripts/string_msgs_multiple_functions_ddl/install/string_msgs_multiple_functions_ddl/lib/string_msgs_multiple_functions_ddl/dotnet/api-ms-win-crt-string-l1-1-0.dll
[20.234s] -- Up-to-date: C:/Users/Jorge/Documents/GitHub/ArtekmedRos2/ShellScripts/string_msgs_multiple_functions_ddl/install/string_msgs_multiple_functions_ddl/lib/string_msgs_multiple_functions_ddl/dotnet/api-ms-win-crt-time-l1-1-0.dll
[20.250s] -- Up-to-date: C:/Users/Jorge/Documents/GitHub/ArtekmedRos2/ShellScripts/string_msgs_multiple_functions_ddl/install/string_msgs_multiple_functions_ddl/lib/string_msgs_multiple_functions_ddl/dotnet/api-ms-win-crt-utility-l1-1-0.dll
[20.250s] -- Up-to-date: C:/Users/Jorge/Documents/GitHub/ArtekmedRos2/ShellScripts/string_msgs_multiple_functions_ddl/install/string_msgs_multiple_functions_ddl/lib/string_msgs_multiple_functions_ddl/dotnet/builtin_interfaces_assemblies.dll
[20.250s] -- Up-to-date: C:/Users/Jorge/Documents/GitHub/ArtekmedRos2/ShellScripts/string_msgs_multiple_functions_ddl/install/string_msgs_multiple_functions_ddl/lib/string_msgs_multiple_functions_ddl/dotnet/builtin_interfaces_assemblies.pdb
[20.265s] -- Up-to-date: C:/Users/Jorge/Documents/GitHub/ArtekmedRos2/ShellScripts/string_msgs_multiple_functions_ddl/install/string_msgs_multiple_functions_ddl/lib/string_msgs_multiple_functions_ddl/dotnet/clrcompression.dll
[20.265s] -- Up-to-date: C:/Users/Jorge/Documents/GitHub/ArtekmedRos2/ShellScripts/string_msgs_multiple_functions_ddl/install/string_msgs_multiple_functions_ddl/lib/string_msgs_multiple_functions_ddl/dotnet/clretwrc.dll
[20.281s] -- Up-to-date: C:/Users/Jorge/Documents/GitHub/ArtekmedRos2/ShellScripts/string_msgs_multiple_functions_ddl/install/string_msgs_multiple_functions_ddl/lib/string_msgs_multiple_functions_ddl/dotnet/clrjit.dll
[20.281s] -- Up-to-date: C:/Users/Jorge/Documents/GitHub/ArtekmedRos2/ShellScripts/string_msgs_multiple_functions_ddl/install/string_msgs_multiple_functions_ddl/lib/string_msgs_multiple_functions_ddl/dotnet/coreclr.dll
[20.281s] -- Up-to-date: C:/Users/Jorge/Documents/GitHub/ArtekmedRos2/ShellScripts/string_msgs_multiple_functions_ddl/install/string_msgs_multiple_functions_ddl/lib/string_msgs_multiple_functions_ddl/dotnet/dbgshim.dll
[20.281s] -- Up-to-date: C:/Users/Jorge/Documents/GitHub/ArtekmedRos2/ShellScripts/string_msgs_multiple_functions_ddl/install/string_msgs_multiple_functions_ddl/lib/string_msgs_multiple_functions_ddl/dotnet/hostfxr.dll
[20.297s] -- Up-to-date: C:/Users/Jorge/Documents/GitHub/ArtekmedRos2/ShellScripts/string_msgs_multiple_functions_ddl/install/string_msgs_multiple_functions_ddl/lib/string_msgs_multiple_functions_ddl/dotnet/hostpolicy.dll
[20.297s] -- Up-to-date: C:/Users/Jorge/Documents/GitHub/ArtekmedRos2/ShellScripts/string_msgs_multiple_functions_ddl/install/string_msgs_multiple_functions_ddl/lib/string_msgs_multiple_functions_ddl/dotnet/Microsoft.CSharp.dll
[20.312s] -- Up-to-date: C:/Users/Jorge/Documents/GitHub/ArtekmedRos2/ShellScripts/string_msgs_multiple_functions_ddl/install/string_msgs_multiple_functions_ddl/lib/string_msgs_multiple_functions_ddl/dotnet/Microsoft.DiaSymReader.Native.amd64.dll
[20.328s] -- Up-to-date: C:/Users/Jorge/Documents/GitHub/ArtekmedRos2/ShellScripts/string_msgs_multiple_functions_ddl/install/string_msgs_multiple_functions_ddl/lib/string_msgs_multiple_functions_ddl/dotnet/Microsoft.VisualBasic.dll
[20.328s] -- Up-to-date: C:/Users/Jorge/Documents/GitHub/ArtekmedRos2/ShellScripts/string_msgs_multiple_functions_ddl/install/string_msgs_multiple_functions_ddl/lib/string_msgs_multiple_functions_ddl/dotnet/Microsoft.Win32.Primitives.dll
[20.344s] -- Up-to-date: C:/Users/Jorge/Documents/GitHub/ArtekmedRos2/ShellScripts/string_msgs_multiple_functions_ddl/install/string_msgs_multiple_functions_ddl/lib/string_msgs_multiple_functions_ddl/dotnet/Microsoft.Win32.Registry.dll
[20.359s] -- Up-to-date: C:/Users/Jorge/Documents/GitHub/ArtekmedRos2/ShellScripts/string_msgs_multiple_functions_ddl/install/string_msgs_multiple_functions_ddl/lib/string_msgs_multiple_functions_ddl/dotnet/mscordaccore.dll
[20.375s] -- Up-to-date: C:/Users/Jorge/Documents/GitHub/ArtekmedRos2/ShellScripts/string_msgs_multiple_functions_ddl/install/string_msgs_multiple_functions_ddl/lib/string_msgs_multiple_functions_ddl/dotnet/mscordaccore_amd64_amd64_4.6.26614.01.dll
[20.390s] -- Up-to-date: C:/Users/Jorge/Documents/GitHub/ArtekmedRos2/ShellScripts/string_msgs_multiple_functions_ddl/install/string_msgs_multiple_functions_ddl/lib/string_msgs_multiple_functions_ddl/dotnet/mscordbi.dll
[20.390s] -- Up-to-date: C:/Users/Jorge/Documents/GitHub/ArtekmedRos2/ShellScripts/string_msgs_multiple_functions_ddl/install/string_msgs_multiple_functions_ddl/lib/string_msgs_multiple_functions_ddl/dotnet/mscorlib.dll
[20.390s] -- Up-to-date: C:/Users/Jorge/Documents/GitHub/ArtekmedRos2/ShellScripts/string_msgs_multiple_functions_ddl/install/string_msgs_multiple_functions_ddl/lib/string_msgs_multiple_functions_ddl/dotnet/mscorrc.debug.dll
[20.406s] -- Up-to-date: C:/Users/Jorge/Documents/GitHub/ArtekmedRos2/ShellScripts/string_msgs_multiple_functions_ddl/install/string_msgs_multiple_functions_ddl/lib/string_msgs_multiple_functions_ddl/dotnet/mscorrc.dll
[20.406s] -- Up-to-date: C:/Users/Jorge/Documents/GitHub/ArtekmedRos2/ShellScripts/string_msgs_multiple_functions_ddl/install/string_msgs_multiple_functions_ddl/lib/string_msgs_multiple_functions_ddl/dotnet/netstandard.dll
[20.406s] -- Up-to-date: C:/Users/Jorge/Documents/GitHub/ArtekmedRos2/ShellScripts/string_msgs_multiple_functions_ddl/install/string_msgs_multiple_functions_ddl/lib/string_msgs_multiple_functions_ddl/dotnet/newtonsoft.json.dll
[20.422s] -- Up-to-date: C:/Users/Jorge/Documents/GitHub/ArtekmedRos2/ShellScripts/string_msgs_multiple_functions_ddl/install/string_msgs_multiple_functions_ddl/lib/string_msgs_multiple_functions_ddl/dotnet/newtonsoft.json.pdb
[20.422s] -- Up-to-date: C:/Users/Jorge/Documents/GitHub/ArtekmedRos2/ShellScripts/string_msgs_multiple_functions_ddl/install/string_msgs_multiple_functions_ddl/lib/string_msgs_multiple_functions_ddl/dotnet/newtonsoft.json.xml
[20.437s] -- Up-to-date: C:/Users/Jorge/Documents/GitHub/ArtekmedRos2/ShellScripts/string_msgs_multiple_functions_ddl/install/string_msgs_multiple_functions_ddl/lib/string_msgs_multiple_functions_ddl/dotnet/rcldotnet_assemblies.dll
[20.437s] -- Up-to-date: C:/Users/Jorge/Documents/GitHub/ArtekmedRos2/ShellScripts/string_msgs_multiple_functions_ddl/install/string_msgs_multiple_functions_ddl/lib/string_msgs_multiple_functions_ddl/dotnet/rcldotnet_assemblies.pdb
[20.437s] -- Up-to-date: C:/Users/Jorge/Documents/GitHub/ArtekmedRos2/ShellScripts/string_msgs_multiple_functions_ddl/install/string_msgs_multiple_functions_ddl/lib/string_msgs_multiple_functions_ddl/dotnet/rcldotnet_common.dll
[20.453s] -- Up-to-date: C:/Users/Jorge/Documents/GitHub/ArtekmedRos2/ShellScripts/string_msgs_multiple_functions_ddl/install/string_msgs_multiple_functions_ddl/lib/string_msgs_multiple_functions_ddl/dotnet/rcldotnet_common.pdb
[20.453s] -- Up-to-date: C:/Users/Jorge/Documents/GitHub/ArtekmedRos2/ShellScripts/string_msgs_multiple_functions_ddl/install/string_msgs_multiple_functions_ddl/lib/string_msgs_multiple_functions_ddl/dotnet/sos.dll
[20.453s] -- Up-to-date: C:/Users/Jorge/Documents/GitHub/ArtekmedRos2/ShellScripts/string_msgs_multiple_functions_ddl/install/string_msgs_multiple_functions_ddl/lib/string_msgs_multiple_functions_ddl/dotnet/SOS.NETCore.dll
[20.469s] -- Up-to-date: C:/Users/Jorge/Documents/GitHub/ArtekmedRos2/ShellScripts/string_msgs_multiple_functions_ddl/install/string_msgs_multiple_functions_ddl/lib/string_msgs_multiple_functions_ddl/dotnet/sos_amd64_amd64_4.6.26614.01.dll
[20.469s] -- Up-to-date: C:/Users/Jorge/Documents/GitHub/ArtekmedRos2/ShellScripts/string_msgs_multiple_functions_ddl/install/string_msgs_multiple_functions_ddl/lib/string_msgs_multiple_functions_ddl/dotnet/std_msgs_assemblies.dll
[20.469s] -- Up-to-date: C:/Users/Jorge/Documents/GitHub/ArtekmedRos2/ShellScripts/string_msgs_multiple_functions_ddl/install/string_msgs_multiple_functions_ddl/lib/string_msgs_multiple_functions_ddl/dotnet/std_msgs_assemblies.pdb
[20.500s] -- Installing: C:/Users/Jorge/Documents/GitHub/ArtekmedRos2/ShellScripts/string_msgs_multiple_functions_ddl/install/string_msgs_multiple_functions_ddl/lib/string_msgs_multiple_functions_ddl/dotnet/string_msgs_multiple_functions_ddl.deps.json
[20.625s] -- Installing: C:/Users/Jorge/Documents/GitHub/ArtekmedRos2/ShellScripts/string_msgs_multiple_functions_ddl/install/string_msgs_multiple_functions_ddl/lib/string_msgs_multiple_functions_ddl/dotnet/string_msgs_multiple_functions_ddl.dll
[20.765s] -- Installing: C:/Users/Jorge/Documents/GitHub/ArtekmedRos2/ShellScripts/string_msgs_multiple_functions_ddl/install/string_msgs_multiple_functions_ddl/lib/string_msgs_multiple_functions_ddl/dotnet/string_msgs_multiple_functions_ddl.exe
[20.844s] -- Installing: C:/Users/Jorge/Documents/GitHub/ArtekmedRos2/ShellScripts/string_msgs_multiple_functions_ddl/install/string_msgs_multiple_functions_ddl/lib/string_msgs_multiple_functions_ddl/dotnet/string_msgs_multiple_functions_ddl.pdb
[20.844s] -- Installing: C:/Users/Jorge/Documents/GitHub/ArtekmedRos2/ShellScripts/string_msgs_multiple_functions_ddl/install/string_msgs_multiple_functions_ddl/lib/string_msgs_multiple_functions_ddl/dotnet/string_msgs_multiple_functions_ddl.runtimeconfig.json
[20.859s] -- Up-to-date: C:/Users/Jorge/Documents/GitHub/ArtekmedRos2/ShellScripts/string_msgs_multiple_functions_ddl/install/string_msgs_multiple_functions_ddl/lib/string_msgs_multiple_functions_ddl/dotnet/System.AppContext.dll
[20.859s] -- Up-to-date: C:/Users/Jorge/Documents/GitHub/ArtekmedRos2/ShellScripts/string_msgs_multiple_functions_ddl/install/string_msgs_multiple_functions_ddl/lib/string_msgs_multiple_functions_ddl/dotnet/System.Buffers.dll
[20.859s] -- Up-to-date: C:/Users/Jorge/Documents/GitHub/ArtekmedRos2/ShellScripts/string_msgs_multiple_functions_ddl/install/string_msgs_multiple_functions_ddl/lib/string_msgs_multiple_functions_ddl/dotnet/System.Collections.Concurrent.dll
[20.859s] -- Up-to-date: C:/Users/Jorge/Documents/GitHub/ArtekmedRos2/ShellScripts/string_msgs_multiple_functions_ddl/install/string_msgs_multiple_functions_ddl/lib/string_msgs_multiple_functions_ddl/dotnet/System.Collections.dll
[20.875s] -- Up-to-date: C:/Users/Jorge/Documents/GitHub/ArtekmedRos2/ShellScripts/string_msgs_multiple_functions_ddl/install/string_msgs_multiple_functions_ddl/lib/string_msgs_multiple_functions_ddl/dotnet/System.Collections.Immutable.dll
[20.875s] -- Up-to-date: C:/Users/Jorge/Documents/GitHub/ArtekmedRos2/ShellScripts/string_msgs_multiple_functions_ddl/install/string_msgs_multiple_functions_ddl/lib/string_msgs_multiple_functions_ddl/dotnet/System.Collections.NonGeneric.dll
[20.890s] -- Up-to-date: C:/Users/Jorge/Documents/GitHub/ArtekmedRos2/ShellScripts/string_msgs_multiple_functions_ddl/install/string_msgs_multiple_functions_ddl/lib/string_msgs_multiple_functions_ddl/dotnet/System.Collections.Specialized.dll
[20.890s] -- Up-to-date: C:/Users/Jorge/Documents/GitHub/ArtekmedRos2/ShellScripts/string_msgs_multiple_functions_ddl/install/string_msgs_multiple_functions_ddl/lib/string_msgs_multiple_functions_ddl/dotnet/System.ComponentModel.Annotations.dll
[20.906s] -- Up-to-date: C:/Users/Jorge/Documents/GitHub/ArtekmedRos2/ShellScripts/string_msgs_multiple_functions_ddl/install/string_msgs_multiple_functions_ddl/lib/string_msgs_multiple_functions_ddl/dotnet/System.ComponentModel.Composition.dll
[20.906s] -- Up-to-date: C:/Users/Jorge/Documents/GitHub/ArtekmedRos2/ShellScripts/string_msgs_multiple_functions_ddl/install/string_msgs_multiple_functions_ddl/lib/string_msgs_multiple_functions_ddl/dotnet/System.ComponentModel.DataAnnotations.dll
[20.906s] -- Up-to-date: C:/Users/Jorge/Documents/GitHub/ArtekmedRos2/ShellScripts/string_msgs_multiple_functions_ddl/install/string_msgs_multiple_functions_ddl/lib/string_msgs_multiple_functions_ddl/dotnet/System.ComponentModel.dll
[20.922s] -- Up-to-date: C:/Users/Jorge/Documents/GitHub/ArtekmedRos2/ShellScripts/string_msgs_multiple_functions_ddl/install/string_msgs_multiple_functions_ddl/lib/string_msgs_multiple_functions_ddl/dotnet/System.ComponentModel.EventBasedAsync.dll
[20.922s] -- Up-to-date: C:/Users/Jorge/Documents/GitHub/ArtekmedRos2/ShellScripts/string_msgs_multiple_functions_ddl/install/string_msgs_multiple_functions_ddl/lib/string_msgs_multiple_functions_ddl/dotnet/System.ComponentModel.Primitives.dll
[20.937s] -- Up-to-date: C:/Users/Jorge/Documents/GitHub/ArtekmedRos2/ShellScripts/string_msgs_multiple_functions_ddl/install/string_msgs_multiple_functions_ddl/lib/string_msgs_multiple_functions_ddl/dotnet/System.ComponentModel.TypeConverter.dll
[20.953s] -- Up-to-date: C:/Users/Jorge/Documents/GitHub/ArtekmedRos2/ShellScripts/string_msgs_multiple_functions_ddl/install/string_msgs_multiple_functions_ddl/lib/string_msgs_multiple_functions_ddl/dotnet/System.Configuration.dll
[20.953s] -- Up-to-date: C:/Users/Jorge/Documents/GitHub/ArtekmedRos2/ShellScripts/string_msgs_multiple_functions_ddl/install/string_msgs_multiple_functions_ddl/lib/string_msgs_multiple_functions_ddl/dotnet/System.Console.dll
[20.969s] -- Up-to-date: C:/Users/Jorge/Documents/GitHub/ArtekmedRos2/ShellScripts/string_msgs_multiple_functions_ddl/install/string_msgs_multiple_functions_ddl/lib/string_msgs_multiple_functions_ddl/dotnet/System.Core.dll
[20.984s] -- Up-to-date: C:/Users/Jorge/Documents/GitHub/ArtekmedRos2/ShellScripts/string_msgs_multiple_functions_ddl/install/string_msgs_multiple_functions_ddl/lib/string_msgs_multiple_functions_ddl/dotnet/System.Data.Common.dll
[21.000s] -- Up-to-date: C:/Users/Jorge/Documents/GitHub/ArtekmedRos2/ShellScripts/string_msgs_multiple_functions_ddl/install/string_msgs_multiple_functions_ddl/lib/string_msgs_multiple_functions_ddl/dotnet/System.Data.dll
[21.000s] -- Up-to-date: C:/Users/Jorge/Documents/GitHub/ArtekmedRos2/ShellScripts/string_msgs_multiple_functions_ddl/install/string_msgs_multiple_functions_ddl/lib/string_msgs_multiple_functions_ddl/dotnet/System.Diagnostics.Contracts.dll
[21.015s] -- Up-to-date: C:/Users/Jorge/Documents/GitHub/ArtekmedRos2/ShellScripts/string_msgs_multiple_functions_ddl/install/string_msgs_multiple_functions_ddl/lib/string_msgs_multiple_functions_ddl/dotnet/System.Diagnostics.Debug.dll
[21.015s] -- Up-to-date: C:/Users/Jorge/Documents/GitHub/ArtekmedRos2/ShellScripts/string_msgs_multiple_functions_ddl/install/string_msgs_multiple_functions_ddl/lib/string_msgs_multiple_functions_ddl/dotnet/System.Diagnostics.DiagnosticSource.dll
[21.015s] -- Up-to-date: C:/Users/Jorge/Documents/GitHub/ArtekmedRos2/ShellScripts/string_msgs_multiple_functions_ddl/install/string_msgs_multiple_functions_ddl/lib/string_msgs_multiple_functions_ddl/dotnet/System.Diagnostics.FileVersionInfo.dll
[21.031s] -- Up-to-date: C:/Users/Jorge/Documents/GitHub/ArtekmedRos2/ShellScripts/string_msgs_multiple_functions_ddl/install/string_msgs_multiple_functions_ddl/lib/string_msgs_multiple_functions_ddl/dotnet/System.Diagnostics.Process.dll
[21.031s] -- Up-to-date: C:/Users/Jorge/Documents/GitHub/ArtekmedRos2/ShellScripts/string_msgs_multiple_functions_ddl/install/string_msgs_multiple_functions_ddl/lib/string_msgs_multiple_functions_ddl/dotnet/System.Diagnostics.StackTrace.dll
[21.047s] -- Up-to-date: C:/Users/Jorge/Documents/GitHub/ArtekmedRos2/ShellScripts/string_msgs_multiple_functions_ddl/install/string_msgs_multiple_functions_ddl/lib/string_msgs_multiple_functions_ddl/dotnet/System.Diagnostics.TextWriterTraceListener.dll
[21.047s] -- Up-to-date: C:/Users/Jorge/Documents/GitHub/ArtekmedRos2/ShellScripts/string_msgs_multiple_functions_ddl/install/string_msgs_multiple_functions_ddl/lib/string_msgs_multiple_functions_ddl/dotnet/System.Diagnostics.Tools.dll
[21.047s] -- Up-to-date: C:/Users/Jorge/Documents/GitHub/ArtekmedRos2/ShellScripts/string_msgs_multiple_functions_ddl/install/string_msgs_multiple_functions_ddl/lib/string_msgs_multiple_functions_ddl/dotnet/System.Diagnostics.TraceSource.dll
[21.047s] -- Up-to-date: C:/Users/Jorge/Documents/GitHub/ArtekmedRos2/ShellScripts/string_msgs_multiple_functions_ddl/install/string_msgs_multiple_functions_ddl/lib/string_msgs_multiple_functions_ddl/dotnet/System.Diagnostics.Tracing.dll
[21.047s] -- Up-to-date: C:/Users/Jorge/Documents/GitHub/ArtekmedRos2/ShellScripts/string_msgs_multiple_functions_ddl/install/string_msgs_multiple_functions_ddl/lib/string_msgs_multiple_functions_ddl/dotnet/System.dll
[21.062s] -- Up-to-date: C:/Users/Jorge/Documents/GitHub/ArtekmedRos2/ShellScripts/string_msgs_multiple_functions_ddl/install/string_msgs_multiple_functions_ddl/lib/string_msgs_multiple_functions_ddl/dotnet/System.Drawing.dll
[21.062s] -- Up-to-date: C:/Users/Jorge/Documents/GitHub/ArtekmedRos2/ShellScripts/string_msgs_multiple_functions_ddl/install/string_msgs_multiple_functions_ddl/lib/string_msgs_multiple_functions_ddl/dotnet/System.Drawing.Primitives.dll
[21.078s] -- Up-to-date: C:/Users/Jorge/Documents/GitHub/ArtekmedRos2/ShellScripts/string_msgs_multiple_functions_ddl/install/string_msgs_multiple_functions_ddl/lib/string_msgs_multiple_functions_ddl/dotnet/System.Dynamic.Runtime.dll
[21.078s] -- Up-to-date: C:/Users/Jorge/Documents/GitHub/ArtekmedRos2/ShellScripts/string_msgs_multiple_functions_ddl/install/string_msgs_multiple_functions_ddl/lib/string_msgs_multiple_functions_ddl/dotnet/System.Globalization.Calendars.dll
[21.094s] -- Up-to-date: C:/Users/Jorge/Documents/GitHub/ArtekmedRos2/ShellScripts/string_msgs_multiple_functions_ddl/install/string_msgs_multiple_functions_ddl/lib/string_msgs_multiple_functions_ddl/dotnet/System.Globalization.dll
[21.094s] -- Up-to-date: C:/Users/Jorge/Documents/GitHub/ArtekmedRos2/ShellScripts/string_msgs_multiple_functions_ddl/install/string_msgs_multiple_functions_ddl/lib/string_msgs_multiple_functions_ddl/dotnet/System.Globalization.Extensions.dll
[21.109s] -- Up-to-date: C:/Users/Jorge/Documents/GitHub/ArtekmedRos2/ShellScripts/string_msgs_multiple_functions_ddl/install/string_msgs_multiple_functions_ddl/lib/string_msgs_multiple_functions_ddl/dotnet/System.IO.Compression.dll
[21.109s] -- Up-to-date: C:/Users/Jorge/Documents/GitHub/ArtekmedRos2/ShellScripts/string_msgs_multiple_functions_ddl/install/string_msgs_multiple_functions_ddl/lib/string_msgs_multiple_functions_ddl/dotnet/System.IO.Compression.FileSystem.dll
[21.125s] -- Up-to-date: C:/Users/Jorge/Documents/GitHub/ArtekmedRos2/ShellScripts/string_msgs_multiple_functions_ddl/install/string_msgs_multiple_functions_ddl/lib/string_msgs_multiple_functions_ddl/dotnet/System.IO.Compression.ZipFile.dll
[21.125s] -- Up-to-date: C:/Users/Jorge/Documents/GitHub/ArtekmedRos2/ShellScripts/string_msgs_multiple_functions_ddl/install/string_msgs_multiple_functions_ddl/lib/string_msgs_multiple_functions_ddl/dotnet/System.IO.dll
[21.125s] -- Up-to-date: C:/Users/Jorge/Documents/GitHub/ArtekmedRos2/ShellScripts/string_msgs_multiple_functions_ddl/install/string_msgs_multiple_functions_ddl/lib/string_msgs_multiple_functions_ddl/dotnet/System.IO.FileSystem.AccessControl.dll
[21.140s] -- Up-to-date: C:/Users/Jorge/Documents/GitHub/ArtekmedRos2/ShellScripts/string_msgs_multiple_functions_ddl/install/string_msgs_multiple_functions_ddl/lib/string_msgs_multiple_functions_ddl/dotnet/System.IO.FileSystem.dll
[21.140s] -- Up-to-date: C:/Users/Jorge/Documents/GitHub/ArtekmedRos2/ShellScripts/string_msgs_multiple_functions_ddl/install/string_msgs_multiple_functions_ddl/lib/string_msgs_multiple_functions_ddl/dotnet/System.IO.FileSystem.DriveInfo.dll
[21.140s] -- Up-to-date: C:/Users/Jorge/Documents/GitHub/ArtekmedRos2/ShellScripts/string_msgs_multiple_functions_ddl/install/string_msgs_multiple_functions_ddl/lib/string_msgs_multiple_functions_ddl/dotnet/System.IO.FileSystem.Primitives.dll
[21.156s] -- Up-to-date: C:/Users/Jorge/Documents/GitHub/ArtekmedRos2/ShellScripts/string_msgs_multiple_functions_ddl/install/string_msgs_multiple_functions_ddl/lib/string_msgs_multiple_functions_ddl/dotnet/System.IO.FileSystem.Watcher.dll
[21.156s] -- Up-to-date: C:/Users/Jorge/Documents/GitHub/ArtekmedRos2/ShellScripts/string_msgs_multiple_functions_ddl/install/string_msgs_multiple_functions_ddl/lib/string_msgs_multiple_functions_ddl/dotnet/System.IO.IsolatedStorage.dll
[21.156s] -- Up-to-date: C:/Users/Jorge/Documents/GitHub/ArtekmedRos2/ShellScripts/string_msgs_multiple_functions_ddl/install/string_msgs_multiple_functions_ddl/lib/string_msgs_multiple_functions_ddl/dotnet/System.IO.MemoryMappedFiles.dll
[21.172s] -- Up-to-date: C:/Users/Jorge/Documents/GitHub/ArtekmedRos2/ShellScripts/string_msgs_multiple_functions_ddl/install/string_msgs_multiple_functions_ddl/lib/string_msgs_multiple_functions_ddl/dotnet/System.IO.Pipes.dll
[21.203s] -- Up-to-date: C:/Users/Jorge/Documents/GitHub/ArtekmedRos2/ShellScripts/string_msgs_multiple_functions_ddl/install/string_msgs_multiple_functions_ddl/lib/string_msgs_multiple_functions_ddl/dotnet/System.IO.UnmanagedMemoryStream.dll
[21.219s] -- Up-to-date: C:/Users/Jorge/Documents/GitHub/ArtekmedRos2/ShellScripts/string_msgs_multiple_functions_ddl/install/string_msgs_multiple_functions_ddl/lib/string_msgs_multiple_functions_ddl/dotnet/System.Linq.dll
[21.219s] -- Up-to-date: C:/Users/Jorge/Documents/GitHub/ArtekmedRos2/ShellScripts/string_msgs_multiple_functions_ddl/install/string_msgs_multiple_functions_ddl/lib/string_msgs_multiple_functions_ddl/dotnet/System.Linq.Expressions.dll
[21.234s] -- Up-to-date: C:/Users/Jorge/Documents/GitHub/ArtekmedRos2/ShellScripts/string_msgs_multiple_functions_ddl/install/string_msgs_multiple_functions_ddl/lib/string_msgs_multiple_functions_ddl/dotnet/System.Linq.Parallel.dll
[21.250s] -- Up-to-date: C:/Users/Jorge/Documents/GitHub/ArtekmedRos2/ShellScripts/string_msgs_multiple_functions_ddl/install/string_msgs_multiple_functions_ddl/lib/string_msgs_multiple_functions_ddl/dotnet/System.Linq.Queryable.dll
[21.250s] -- Up-to-date: C:/Users/Jorge/Documents/GitHub/ArtekmedRos2/ShellScripts/string_msgs_multiple_functions_ddl/install/string_msgs_multiple_functions_ddl/lib/string_msgs_multiple_functions_ddl/dotnet/System.Net.dll
[21.250s] -- Up-to-date: C:/Users/Jorge/Documents/GitHub/ArtekmedRos2/ShellScripts/string_msgs_multiple_functions_ddl/install/string_msgs_multiple_functions_ddl/lib/string_msgs_multiple_functions_ddl/dotnet/System.Net.Http.dll
[21.250s] -- Up-to-date: C:/Users/Jorge/Documents/GitHub/ArtekmedRos2/ShellScripts/string_msgs_multiple_functions_ddl/install/string_msgs_multiple_functions_ddl/lib/string_msgs_multiple_functions_ddl/dotnet/System.Net.HttpListener.dll
[21.265s] -- Up-to-date: C:/Users/Jorge/Documents/GitHub/ArtekmedRos2/ShellScripts/string_msgs_multiple_functions_ddl/install/string_msgs_multiple_functions_ddl/lib/string_msgs_multiple_functions_ddl/dotnet/System.Net.Mail.dll
[21.265s] -- Up-to-date: C:/Users/Jorge/Documents/GitHub/ArtekmedRos2/ShellScripts/string_msgs_multiple_functions_ddl/install/string_msgs_multiple_functions_ddl/lib/string_msgs_multiple_functions_ddl/dotnet/System.Net.NameResolution.dll
[21.265s] -- Up-to-date: C:/Users/Jorge/Documents/GitHub/ArtekmedRos2/ShellScripts/string_msgs_multiple_functions_ddl/install/string_msgs_multiple_functions_ddl/lib/string_msgs_multiple_functions_ddl/dotnet/System.Net.NetworkInformation.dll
[21.281s] -- Up-to-date: C:/Users/Jorge/Documents/GitHub/ArtekmedRos2/ShellScripts/string_msgs_multiple_functions_ddl/install/string_msgs_multiple_functions_ddl/lib/string_msgs_multiple_functions_ddl/dotnet/System.Net.Ping.dll
[21.281s] -- Up-to-date: C:/Users/Jorge/Documents/GitHub/ArtekmedRos2/ShellScripts/string_msgs_multiple_functions_ddl/install/string_msgs_multiple_functions_ddl/lib/string_msgs_multiple_functions_ddl/dotnet/System.Net.Primitives.dll
[21.297s] -- Up-to-date: C:/Users/Jorge/Documents/GitHub/ArtekmedRos2/ShellScripts/string_msgs_multiple_functions_ddl/install/string_msgs_multiple_functions_ddl/lib/string_msgs_multiple_functions_ddl/dotnet/System.Net.Requests.dll
[21.297s] -- Up-to-date: C:/Users/Jorge/Documents/GitHub/ArtekmedRos2/ShellScripts/string_msgs_multiple_functions_ddl/install/string_msgs_multiple_functions_ddl/lib/string_msgs_multiple_functions_ddl/dotnet/System.Net.Security.dll
[21.312s] -- Up-to-date: C:/Users/Jorge/Documents/GitHub/ArtekmedRos2/ShellScripts/string_msgs_multiple_functions_ddl/install/string_msgs_multiple_functions_ddl/lib/string_msgs_multiple_functions_ddl/dotnet/System.Net.ServicePoint.dll
[21.312s] -- Up-to-date: C:/Users/Jorge/Documents/GitHub/ArtekmedRos2/ShellScripts/string_msgs_multiple_functions_ddl/install/string_msgs_multiple_functions_ddl/lib/string_msgs_multiple_functions_ddl/dotnet/System.Net.Sockets.dll
[21.328s] -- Up-to-date: C:/Users/Jorge/Documents/GitHub/ArtekmedRos2/ShellScripts/string_msgs_multiple_functions_ddl/install/string_msgs_multiple_functions_ddl/lib/string_msgs_multiple_functions_ddl/dotnet/System.Net.WebClient.dll
[21.328s] -- Up-to-date: C:/Users/Jorge/Documents/GitHub/ArtekmedRos2/ShellScripts/string_msgs_multiple_functions_ddl/install/string_msgs_multiple_functions_ddl/lib/string_msgs_multiple_functions_ddl/dotnet/System.Net.WebHeaderCollection.dll
[21.328s] -- Up-to-date: C:/Users/Jorge/Documents/GitHub/ArtekmedRos2/ShellScripts/string_msgs_multiple_functions_ddl/install/string_msgs_multiple_functions_ddl/lib/string_msgs_multiple_functions_ddl/dotnet/System.Net.WebProxy.dll
[21.344s] -- Up-to-date: C:/Users/Jorge/Documents/GitHub/ArtekmedRos2/ShellScripts/string_msgs_multiple_functions_ddl/install/string_msgs_multiple_functions_ddl/lib/string_msgs_multiple_functions_ddl/dotnet/System.Net.WebSockets.Client.dll
[21.344s] -- Up-to-date: C:/Users/Jorge/Documents/GitHub/ArtekmedRos2/ShellScripts/string_msgs_multiple_functions_ddl/install/string_msgs_multiple_functions_ddl/lib/string_msgs_multiple_functions_ddl/dotnet/System.Net.WebSockets.dll
[21.359s] -- Up-to-date: C:/Users/Jorge/Documents/GitHub/ArtekmedRos2/ShellScripts/string_msgs_multiple_functions_ddl/install/string_msgs_multiple_functions_ddl/lib/string_msgs_multiple_functions_ddl/dotnet/System.Numerics.dll
[21.359s] -- Up-to-date: C:/Users/Jorge/Documents/GitHub/ArtekmedRos2/ShellScripts/string_msgs_multiple_functions_ddl/install/string_msgs_multiple_functions_ddl/lib/string_msgs_multiple_functions_ddl/dotnet/System.Numerics.Vectors.dll
[21.359s] -- Up-to-date: C:/Users/Jorge/Documents/GitHub/ArtekmedRos2/ShellScripts/string_msgs_multiple_functions_ddl/install/string_msgs_multiple_functions_ddl/lib/string_msgs_multiple_functions_ddl/dotnet/System.ObjectModel.dll
[21.406s] -- Up-to-date: C:/Users/Jorge/Documents/GitHub/ArtekmedRos2/ShellScripts/string_msgs_multiple_functions_ddl/install/string_msgs_multiple_functions_ddl/lib/string_msgs_multiple_functions_ddl/dotnet/System.Private.CoreLib.dll
[21.406s] -- Up-to-date: C:/Users/Jorge/Documents/GitHub/ArtekmedRos2/ShellScripts/string_msgs_multiple_functions_ddl/install/string_msgs_multiple_functions_ddl/lib/string_msgs_multiple_functions_ddl/dotnet/System.Private.DataContractSerialization.dll
[21.422s] -- Up-to-date: C:/Users/Jorge/Documents/GitHub/ArtekmedRos2/ShellScripts/string_msgs_multiple_functions_ddl/install/string_msgs_multiple_functions_ddl/lib/string_msgs_multiple_functions_ddl/dotnet/System.Private.Uri.dll
[21.437s] -- Up-to-date: C:/Users/Jorge/Documents/GitHub/ArtekmedRos2/ShellScripts/string_msgs_multiple_functions_ddl/install/string_msgs_multiple_functions_ddl/lib/string_msgs_multiple_functions_ddl/dotnet/System.Private.Xml.dll
[21.437s] -- Up-to-date: C:/Users/Jorge/Documents/GitHub/ArtekmedRos2/ShellScripts/string_msgs_multiple_functions_ddl/install/string_msgs_multiple_functions_ddl/lib/string_msgs_multiple_functions_ddl/dotnet/System.Private.Xml.Linq.dll
[21.453s] -- Up-to-date: C:/Users/Jorge/Documents/GitHub/ArtekmedRos2/ShellScripts/string_msgs_multiple_functions_ddl/install/string_msgs_multiple_functions_ddl/lib/string_msgs_multiple_functions_ddl/dotnet/System.Reflection.DispatchProxy.dll
[21.453s] -- Up-to-date: C:/Users/Jorge/Documents/GitHub/ArtekmedRos2/ShellScripts/string_msgs_multiple_functions_ddl/install/string_msgs_multiple_functions_ddl/lib/string_msgs_multiple_functions_ddl/dotnet/System.Reflection.dll
[21.453s] -- Up-to-date: C:/Users/Jorge/Documents/GitHub/ArtekmedRos2/ShellScripts/string_msgs_multiple_functions_ddl/install/string_msgs_multiple_functions_ddl/lib/string_msgs_multiple_functions_ddl/dotnet/System.Reflection.Emit.dll
[21.453s] -- Up-to-date: C:/Users/Jorge/Documents/GitHub/ArtekmedRos2/ShellScripts/string_msgs_multiple_functions_ddl/install/string_msgs_multiple_functions_ddl/lib/string_msgs_multiple_functions_ddl/dotnet/System.Reflection.Emit.ILGeneration.dll
[21.453s] -- Up-to-date: C:/Users/Jorge/Documents/GitHub/ArtekmedRos2/ShellScripts/string_msgs_multiple_functions_ddl/install/string_msgs_multiple_functions_ddl/lib/string_msgs_multiple_functions_ddl/dotnet/System.Reflection.Emit.Lightweight.dll
[21.469s] -- Up-to-date: C:/Users/Jorge/Documents/GitHub/ArtekmedRos2/ShellScripts/string_msgs_multiple_functions_ddl/install/string_msgs_multiple_functions_ddl/lib/string_msgs_multiple_functions_ddl/dotnet/System.Reflection.Extensions.dll
[21.469s] -- Up-to-date: C:/Users/Jorge/Documents/GitHub/ArtekmedRos2/ShellScripts/string_msgs_multiple_functions_ddl/install/string_msgs_multiple_functions_ddl/lib/string_msgs_multiple_functions_ddl/dotnet/System.Reflection.Metadata.dll
[21.469s] -- Up-to-date: C:/Users/Jorge/Documents/GitHub/ArtekmedRos2/ShellScripts/string_msgs_multiple_functions_ddl/install/string_msgs_multiple_functions_ddl/lib/string_msgs_multiple_functions_ddl/dotnet/System.Reflection.Primitives.dll
[21.484s] -- Up-to-date: C:/Users/Jorge/Documents/GitHub/ArtekmedRos2/ShellScripts/string_msgs_multiple_functions_ddl/install/string_msgs_multiple_functions_ddl/lib/string_msgs_multiple_functions_ddl/dotnet/System.Reflection.TypeExtensions.dll
[21.484s] -- Up-to-date: C:/Users/Jorge/Documents/GitHub/ArtekmedRos2/ShellScripts/string_msgs_multiple_functions_ddl/install/string_msgs_multiple_functions_ddl/lib/string_msgs_multiple_functions_ddl/dotnet/System.Resources.Reader.dll
[21.484s] -- Up-to-date: C:/Users/Jorge/Documents/GitHub/ArtekmedRos2/ShellScripts/string_msgs_multiple_functions_ddl/install/string_msgs_multiple_functions_ddl/lib/string_msgs_multiple_functions_ddl/dotnet/System.Resources.ResourceManager.dll
[21.484s] -- Up-to-date: C:/Users/Jorge/Documents/GitHub/ArtekmedRos2/ShellScripts/string_msgs_multiple_functions_ddl/install/string_msgs_multiple_functions_ddl/lib/string_msgs_multiple_functions_ddl/dotnet/System.Resources.Writer.dll
[21.500s] -- Up-to-date: C:/Users/Jorge/Documents/GitHub/ArtekmedRos2/ShellScripts/string_msgs_multiple_functions_ddl/install/string_msgs_multiple_functions_ddl/lib/string_msgs_multiple_functions_ddl/dotnet/System.Runtime.CompilerServices.VisualC.dll
[21.515s] -- Up-to-date: C:/Users/Jorge/Documents/GitHub/ArtekmedRos2/ShellScripts/string_msgs_multiple_functions_ddl/install/string_msgs_multiple_functions_ddl/lib/string_msgs_multiple_functions_ddl/dotnet/System.Runtime.dll
[21.515s] -- Up-to-date: C:/Users/Jorge/Documents/GitHub/ArtekmedRos2/ShellScripts/string_msgs_multiple_functions_ddl/install/string_msgs_multiple_functions_ddl/lib/string_msgs_multiple_functions_ddl/dotnet/System.Runtime.Extensions.dll
[21.515s] -- Up-to-date: C:/Users/Jorge/Documents/GitHub/ArtekmedRos2/ShellScripts/string_msgs_multiple_functions_ddl/install/string_msgs_multiple_functions_ddl/lib/string_msgs_multiple_functions_ddl/dotnet/System.Runtime.Handles.dll
[21.531s] -- Up-to-date: C:/Users/Jorge/Documents/GitHub/ArtekmedRos2/ShellScripts/string_msgs_multiple_functions_ddl/install/string_msgs_multiple_functions_ddl/lib/string_msgs_multiple_functions_ddl/dotnet/System.Runtime.InteropServices.dll
[21.531s] -- Up-to-date: C:/Users/Jorge/Documents/GitHub/ArtekmedRos2/ShellScripts/string_msgs_multiple_functions_ddl/install/string_msgs_multiple_functions_ddl/lib/string_msgs_multiple_functions_ddl/dotnet/System.Runtime.InteropServices.RuntimeInformation.dll
[21.547s] -- Up-to-date: C:/Users/Jorge/Documents/GitHub/ArtekmedRos2/ShellScripts/string_msgs_multiple_functions_ddl/install/string_msgs_multiple_functions_ddl/lib/string_msgs_multiple_functions_ddl/dotnet/System.Runtime.InteropServices.WindowsRuntime.dll
[21.547s] -- Up-to-date: C:/Users/Jorge/Documents/GitHub/ArtekmedRos2/ShellScripts/string_msgs_multiple_functions_ddl/install/string_msgs_multiple_functions_ddl/lib/string_msgs_multiple_functions_ddl/dotnet/System.Runtime.Loader.dll
[21.547s] -- Up-to-date: C:/Users/Jorge/Documents/GitHub/ArtekmedRos2/ShellScripts/string_msgs_multiple_functions_ddl/install/string_msgs_multiple_functions_ddl/lib/string_msgs_multiple_functions_ddl/dotnet/System.Runtime.Numerics.dll
[21.562s] -- Up-to-date: C:/Users/Jorge/Documents/GitHub/ArtekmedRos2/ShellScripts/string_msgs_multiple_functions_ddl/install/string_msgs_multiple_functions_ddl/lib/string_msgs_multiple_functions_ddl/dotnet/System.Runtime.Serialization.dll
[21.562s] -- Up-to-date: C:/Users/Jorge/Documents/GitHub/ArtekmedRos2/ShellScripts/string_msgs_multiple_functions_ddl/install/string_msgs_multiple_functions_ddl/lib/string_msgs_multiple_functions_ddl/dotnet/System.Runtime.Serialization.Formatters.dll
[21.578s] -- Up-to-date: C:/Users/Jorge/Documents/GitHub/ArtekmedRos2/ShellScripts/string_msgs_multiple_functions_ddl/install/string_msgs_multiple_functions_ddl/lib/string_msgs_multiple_functions_ddl/dotnet/System.Runtime.Serialization.Json.dll
[21.578s] -- Up-to-date: C:/Users/Jorge/Documents/GitHub/ArtekmedRos2/ShellScripts/string_msgs_multiple_functions_ddl/install/string_msgs_multiple_functions_ddl/lib/string_msgs_multiple_functions_ddl/dotnet/System.Runtime.Serialization.Primitives.dll
[21.594s] -- Up-to-date: C:/Users/Jorge/Documents/GitHub/ArtekmedRos2/ShellScripts/string_msgs_multiple_functions_ddl/install/string_msgs_multiple_functions_ddl/lib/string_msgs_multiple_functions_ddl/dotnet/System.Runtime.Serialization.Xml.dll
[21.594s] -- Up-to-date: C:/Users/Jorge/Documents/GitHub/ArtekmedRos2/ShellScripts/string_msgs_multiple_functions_ddl/install/string_msgs_multiple_functions_ddl/lib/string_msgs_multiple_functions_ddl/dotnet/System.Security.AccessControl.dll
[21.594s] -- Up-to-date: C:/Users/Jorge/Documents/GitHub/ArtekmedRos2/ShellScripts/string_msgs_multiple_functions_ddl/install/string_msgs_multiple_functions_ddl/lib/string_msgs_multiple_functions_ddl/dotnet/System.Security.Claims.dll
[21.594s] -- Up-to-date: C:/Users/Jorge/Documents/GitHub/ArtekmedRos2/ShellScripts/string_msgs_multiple_functions_ddl/install/string_msgs_multiple_functions_ddl/lib/string_msgs_multiple_functions_ddl/dotnet/System.Security.Cryptography.Algorithms.dll
[21.609s] -- Up-to-date: C:/Users/Jorge/Documents/GitHub/ArtekmedRos2/ShellScripts/string_msgs_multiple_functions_ddl/install/string_msgs_multiple_functions_ddl/lib/string_msgs_multiple_functions_ddl/dotnet/System.Security.Cryptography.Cng.dll
[21.609s] -- Up-to-date: C:/Users/Jorge/Documents/GitHub/ArtekmedRos2/ShellScripts/string_msgs_multiple_functions_ddl/install/string_msgs_multiple_functions_ddl/lib/string_msgs_multiple_functions_ddl/dotnet/System.Security.Cryptography.Csp.dll
[21.625s] -- Up-to-date: C:/Users/Jorge/Documents/GitHub/ArtekmedRos2/ShellScripts/string_msgs_multiple_functions_ddl/install/string_msgs_multiple_functions_ddl/lib/string_msgs_multiple_functions_ddl/dotnet/System.Security.Cryptography.Encoding.dll
[21.625s] -- Up-to-date: C:/Users/Jorge/Documents/GitHub/ArtekmedRos2/ShellScripts/string_msgs_multiple_functions_ddl/install/string_msgs_multiple_functions_ddl/lib/string_msgs_multiple_functions_ddl/dotnet/System.Security.Cryptography.OpenSsl.dll
[21.625s] -- Up-to-date: C:/Users/Jorge/Documents/GitHub/ArtekmedRos2/ShellScripts/string_msgs_multiple_functions_ddl/install/string_msgs_multiple_functions_ddl/lib/string_msgs_multiple_functions_ddl/dotnet/System.Security.Cryptography.Primitives.dll
[21.625s] -- Up-to-date: C:/Users/Jorge/Documents/GitHub/ArtekmedRos2/ShellScripts/string_msgs_multiple_functions_ddl/install/string_msgs_multiple_functions_ddl/lib/string_msgs_multiple_functions_ddl/dotnet/System.Security.Cryptography.X509Certificates.dll
[21.640s] -- Up-to-date: C:/Users/Jorge/Documents/GitHub/ArtekmedRos2/ShellScripts/string_msgs_multiple_functions_ddl/install/string_msgs_multiple_functions_ddl/lib/string_msgs_multiple_functions_ddl/dotnet/System.Security.dll
[21.640s] -- Up-to-date: C:/Users/Jorge/Documents/GitHub/ArtekmedRos2/ShellScripts/string_msgs_multiple_functions_ddl/install/string_msgs_multiple_functions_ddl/lib/string_msgs_multiple_functions_ddl/dotnet/System.Security.Principal.dll
[21.640s] -- Up-to-date: C:/Users/Jorge/Documents/GitHub/ArtekmedRos2/ShellScripts/string_msgs_multiple_functions_ddl/install/string_msgs_multiple_functions_ddl/lib/string_msgs_multiple_functions_ddl/dotnet/System.Security.Principal.Windows.dll
[21.656s] -- Up-to-date: C:/Users/Jorge/Documents/GitHub/ArtekmedRos2/ShellScripts/string_msgs_multiple_functions_ddl/install/string_msgs_multiple_functions_ddl/lib/string_msgs_multiple_functions_ddl/dotnet/System.Security.SecureString.dll
[21.656s] -- Up-to-date: C:/Users/Jorge/Documents/GitHub/ArtekmedRos2/ShellScripts/string_msgs_multiple_functions_ddl/install/string_msgs_multiple_functions_ddl/lib/string_msgs_multiple_functions_ddl/dotnet/System.ServiceModel.Web.dll
[21.656s] -- Up-to-date: C:/Users/Jorge/Documents/GitHub/ArtekmedRos2/ShellScripts/string_msgs_multiple_functions_ddl/install/string_msgs_multiple_functions_ddl/lib/string_msgs_multiple_functions_ddl/dotnet/System.ServiceProcess.dll
[21.656s] -- Up-to-date: C:/Users/Jorge/Documents/GitHub/ArtekmedRos2/ShellScripts/string_msgs_multiple_functions_ddl/install/string_msgs_multiple_functions_ddl/lib/string_msgs_multiple_functions_ddl/dotnet/System.Text.Encoding.dll
[21.672s] -- Up-to-date: C:/Users/Jorge/Documents/GitHub/ArtekmedRos2/ShellScripts/string_msgs_multiple_functions_ddl/install/string_msgs_multiple_functions_ddl/lib/string_msgs_multiple_functions_ddl/dotnet/System.Text.Encoding.Extensions.dll
[21.672s] -- Up-to-date: C:/Users/Jorge/Documents/GitHub/ArtekmedRos2/ShellScripts/string_msgs_multiple_functions_ddl/install/string_msgs_multiple_functions_ddl/lib/string_msgs_multiple_functions_ddl/dotnet/System.Text.RegularExpressions.dll
[21.672s] -- Up-to-date: C:/Users/Jorge/Documents/GitHub/ArtekmedRos2/ShellScripts/string_msgs_multiple_functions_ddl/install/string_msgs_multiple_functions_ddl/lib/string_msgs_multiple_functions_ddl/dotnet/System.Threading.dll
[21.672s] -- Up-to-date: C:/Users/Jorge/Documents/GitHub/ArtekmedRos2/ShellScripts/string_msgs_multiple_functions_ddl/install/string_msgs_multiple_functions_ddl/lib/string_msgs_multiple_functions_ddl/dotnet/System.Threading.Overlapped.dll
[21.687s] -- Up-to-date: C:/Users/Jorge/Documents/GitHub/ArtekmedRos2/ShellScripts/string_msgs_multiple_functions_ddl/install/string_msgs_multiple_functions_ddl/lib/string_msgs_multiple_functions_ddl/dotnet/System.Threading.Tasks.Dataflow.dll
[21.687s] -- Up-to-date: C:/Users/Jorge/Documents/GitHub/ArtekmedRos2/ShellScripts/string_msgs_multiple_functions_ddl/install/string_msgs_multiple_functions_ddl/lib/string_msgs_multiple_functions_ddl/dotnet/System.Threading.Tasks.dll
[21.687s] -- Up-to-date: C:/Users/Jorge/Documents/GitHub/ArtekmedRos2/ShellScripts/string_msgs_multiple_functions_ddl/install/string_msgs_multiple_functions_ddl/lib/string_msgs_multiple_functions_ddl/dotnet/System.Threading.Tasks.Extensions.dll
[21.703s] -- Up-to-date: C:/Users/Jorge/Documents/GitHub/ArtekmedRos2/ShellScripts/string_msgs_multiple_functions_ddl/install/string_msgs_multiple_functions_ddl/lib/string_msgs_multiple_functions_ddl/dotnet/System.Threading.Tasks.Parallel.dll
[21.703s] -- Up-to-date: C:/Users/Jorge/Documents/GitHub/ArtekmedRos2/ShellScripts/string_msgs_multiple_functions_ddl/install/string_msgs_multiple_functions_ddl/lib/string_msgs_multiple_functions_ddl/dotnet/System.Threading.Thread.dll
[21.703s] -- Up-to-date: C:/Users/Jorge/Documents/GitHub/ArtekmedRos2/ShellScripts/string_msgs_multiple_functions_ddl/install/string_msgs_multiple_functions_ddl/lib/string_msgs_multiple_functions_ddl/dotnet/System.Threading.ThreadPool.dll
[21.703s] -- Up-to-date: C:/Users/Jorge/Documents/GitHub/ArtekmedRos2/ShellScripts/string_msgs_multiple_functions_ddl/install/string_msgs_multiple_functions_ddl/lib/string_msgs_multiple_functions_ddl/dotnet/System.Threading.Timer.dll
[21.703s] -- Up-to-date: C:/Users/Jorge/Documents/GitHub/ArtekmedRos2/ShellScripts/string_msgs_multiple_functions_ddl/install/string_msgs_multiple_functions_ddl/lib/string_msgs_multiple_functions_ddl/dotnet/System.Transactions.dll
[21.719s] -- Up-to-date: C:/Users/Jorge/Documents/GitHub/ArtekmedRos2/ShellScripts/string_msgs_multiple_functions_ddl/install/string_msgs_multiple_functions_ddl/lib/string_msgs_multiple_functions_ddl/dotnet/System.Transactions.Local.dll
[21.719s] -- Up-to-date: C:/Users/Jorge/Documents/GitHub/ArtekmedRos2/ShellScripts/string_msgs_multiple_functions_ddl/install/string_msgs_multiple_functions_ddl/lib/string_msgs_multiple_functions_ddl/dotnet/System.ValueTuple.dll
[21.719s] -- Up-to-date: C:/Users/Jorge/Documents/GitHub/ArtekmedRos2/ShellScripts/string_msgs_multiple_functions_ddl/install/string_msgs_multiple_functions_ddl/lib/string_msgs_multiple_functions_ddl/dotnet/System.Web.dll
[21.734s] -- Up-to-date: C:/Users/Jorge/Documents/GitHub/ArtekmedRos2/ShellScripts/string_msgs_multiple_functions_ddl/install/string_msgs_multiple_functions_ddl/lib/string_msgs_multiple_functions_ddl/dotnet/System.Web.HttpUtility.dll
[21.734s] -- Up-to-date: C:/Users/Jorge/Documents/GitHub/ArtekmedRos2/ShellScripts/string_msgs_multiple_functions_ddl/install/string_msgs_multiple_functions_ddl/lib/string_msgs_multiple_functions_ddl/dotnet/System.Windows.dll
[21.734s] -- Up-to-date: C:/Users/Jorge/Documents/GitHub/ArtekmedRos2/ShellScripts/string_msgs_multiple_functions_ddl/install/string_msgs_multiple_functions_ddl/lib/string_msgs_multiple_functions_ddl/dotnet/System.Xml.dll
[21.750s] -- Up-to-date: C:/Users/Jorge/Documents/GitHub/ArtekmedRos2/ShellScripts/string_msgs_multiple_functions_ddl/install/string_msgs_multiple_functions_ddl/lib/string_msgs_multiple_functions_ddl/dotnet/System.Xml.Linq.dll
[21.750s] -- Up-to-date: C:/Users/Jorge/Documents/GitHub/ArtekmedRos2/ShellScripts/string_msgs_multiple_functions_ddl/install/string_msgs_multiple_functions_ddl/lib/string_msgs_multiple_functions_ddl/dotnet/System.Xml.ReaderWriter.dll
[21.750s] -- Up-to-date: C:/Users/Jorge/Documents/GitHub/ArtekmedRos2/ShellScripts/string_msgs_multiple_functions_ddl/install/string_msgs_multiple_functions_ddl/lib/string_msgs_multiple_functions_ddl/dotnet/System.Xml.Serialization.dll
[21.765s] -- Up-to-date: C:/Users/Jorge/Documents/GitHub/ArtekmedRos2/ShellScripts/string_msgs_multiple_functions_ddl/install/string_msgs_multiple_functions_ddl/lib/string_msgs_multiple_functions_ddl/dotnet/System.Xml.XDocument.dll
[21.781s] -- Up-to-date: C:/Users/Jorge/Documents/GitHub/ArtekmedRos2/ShellScripts/string_msgs_multiple_functions_ddl/install/string_msgs_multiple_functions_ddl/lib/string_msgs_multiple_functions_ddl/dotnet/System.Xml.XmlDocument.dll
[21.781s] -- Up-to-date: C:/Users/Jorge/Documents/GitHub/ArtekmedRos2/ShellScripts/string_msgs_multiple_functions_ddl/install/string_msgs_multiple_functions_ddl/lib/string_msgs_multiple_functions_ddl/dotnet/System.Xml.XmlSerializer.dll
[21.797s] -- Up-to-date: C:/Users/Jorge/Documents/GitHub/ArtekmedRos2/ShellScripts/string_msgs_multiple_functions_ddl/install/string_msgs_multiple_functions_ddl/lib/string_msgs_multiple_functions_ddl/dotnet/System.Xml.XPath.dll
[21.797s] -- Up-to-date: C:/Users/Jorge/Documents/GitHub/ArtekmedRos2/ShellScripts/string_msgs_multiple_functions_ddl/install/string_msgs_multiple_functions_ddl/lib/string_msgs_multiple_functions_ddl/dotnet/System.Xml.XPath.XDocument.dll
[21.812s] -- Up-to-date: C:/Users/Jorge/Documents/GitHub/ArtekmedRos2/ShellScripts/string_msgs_multiple_functions_ddl/install/string_msgs_multiple_functions_ddl/lib/string_msgs_multiple_functions_ddl/dotnet/ucrtbase.dll
[21.828s] -- Up-to-date: C:/Users/Jorge/Documents/GitHub/ArtekmedRos2/ShellScripts/string_msgs_multiple_functions_ddl/install/string_msgs_multiple_functions_ddl/lib/string_msgs_multiple_functions_ddl/dotnet/WindowsBase.dll
[21.844s] -- Up-to-date: C:/Users/Jorge/Documents/GitHub/ArtekmedRos2/ShellScripts/string_msgs_multiple_functions_ddl/install/string_msgs_multiple_functions_ddl/lib/string_msgs_multiple_functions_ddl/string_msgs_multiple_functions_ddl.bat
[21.859s] -- Up-to-date: C:/Users/Jorge/Documents/GitHub/ArtekmedRos2/ShellScripts/string_msgs_multiple_functions_ddl/install/string_msgs_multiple_functions_ddl/share/ament_index/resource_index/package_run_dependencies/string_msgs_multiple_functions_ddl
[21.859s] -- Up-to-date: C:/Users/Jorge/Documents/GitHub/ArtekmedRos2/ShellScripts/string_msgs_multiple_functions_ddl/install/string_msgs_multiple_functions_ddl/share/ament_index/resource_index/parent_prefix_path/string_msgs_multiple_functions_ddl
[21.859s] -- Up-to-date: C:/Users/Jorge/Documents/GitHub/ArtekmedRos2/ShellScripts/string_msgs_multiple_functions_ddl/install/string_msgs_multiple_functions_ddl/share/string_msgs_multiple_functions_ddl/environment/ament_prefix_path.bat
[21.875s] -- Installing: C:/Users/Jorge/Documents/GitHub/ArtekmedRos2/ShellScripts/string_msgs_multiple_functions_ddl/install/string_msgs_multiple_functions_ddl/share/string_msgs_multiple_functions_ddl/environment/ament_prefix_path.dsv
[21.875s] -- Up-to-date: C:/Users/Jorge/Documents/GitHub/ArtekmedRos2/ShellScripts/string_msgs_multiple_functions_ddl/install/string_msgs_multiple_functions_ddl/share/string_msgs_multiple_functions_ddl/environment/path.bat
[21.890s] -- Installing: C:/Users/Jorge/Documents/GitHub/ArtekmedRos2/ShellScripts/string_msgs_multiple_functions_ddl/install/string_msgs_multiple_functions_ddl/share/string_msgs_multiple_functions_ddl/environment/path.dsv
[21.906s] -- Up-to-date: C:/Users/Jorge/Documents/GitHub/ArtekmedRos2/ShellScripts/string_msgs_multiple_functions_ddl/install/string_msgs_multiple_functions_ddl/share/string_msgs_multiple_functions_ddl/local_setup.bat
[21.906s] -- Installing: C:/Users/Jorge/Documents/GitHub/ArtekmedRos2/ShellScripts/string_msgs_multiple_functions_ddl/install/string_msgs_multiple_functions_ddl/share/string_msgs_multiple_functions_ddl/local_setup.dsv
[21.922s] -- Installing: C:/Users/Jorge/Documents/GitHub/ArtekmedRos2/ShellScripts/string_msgs_multiple_functions_ddl/install/string_msgs_multiple_functions_ddl/share/string_msgs_multiple_functions_ddl/package.dsv
[21.937s] -- Up-to-date: C:/Users/Jorge/Documents/GitHub/ArtekmedRos2/ShellScripts/string_msgs_multiple_functions_ddl/install/string_msgs_multiple_functions_ddl/share/ament_index/resource_index/packages/string_msgs_multiple_functions_ddl
[21.937s] -- Up-to-date: C:/Users/Jorge/Documents/GitHub/ArtekmedRos2/ShellScripts/string_msgs_multiple_functions_ddl/install/string_msgs_multiple_functions_ddl/share/string_msgs_multiple_functions_ddl/cmake/string_msgs_multiple_functions_ddlConfig.cmake
[21.937s] -- Up-to-date: C:/Users/Jorge/Documents/GitHub/ArtekmedRos2/ShellScripts/string_msgs_multiple_functions_ddl/install/string_msgs_multiple_functions_ddl/share/string_msgs_multiple_functions_ddl/cmake/string_msgs_multiple_functions_ddlConfig-version.cmake
[21.953s] -- Up-to-date: C:/Users/Jorge/Documents/GitHub/ArtekmedRos2/ShellScripts/string_msgs_multiple_functions_ddl/install/string_msgs_multiple_functions_ddl/share/string_msgs_multiple_functions_ddl/package.xml
[22.015s] Invoked command in 'c:\Users\Jorge\Documents\GitHub\ArtekmedRos2\ShellScripts\string_msgs_multiple_functions_ddl\build\string_msgs_multiple_functions_ddl' returned '0': CMAKE_PREFIX_PATH=%CMAKE_PREFIX_PATH%;c:\opt\ros2_dotnet_ws\install\sensor_msgs_py c:\opt\ros\foxy\x64\Scripts\cmake.EXE --install c:\Users\Jorge\Documents\GitHub\ArtekmedRos2\ShellScripts\string_msgs_multiple_functions_ddl\build\string_msgs_multiple_functions_ddl --config Release
