[0.094s] Invoking command in 'C:\Users\Jorge\Documents\GitHub\ArtekmedRos2\ShellScripts\String_msgs_multiple_functions\build\string_node_manager': CMAKE_PREFIX_PATH=%CMAKE_PREFIX_PATH%;c:\opt\ros2_dotnet_ws\install\sensor_msgs_py c:\opt\ros\foxy\x64\Scripts\cmake.EXE C:\Users\Jorge\Documents\GitHub\ArtekmedRos2\ShellScripts\String_msgs_multiple_functions -DCMAKE_INSTALL_PREFIX=C:\Users\Jorge\Documents\GitHub\ArtekmedRos2\ShellScripts\String_msgs_multiple_functions\install\string_node_manager
[0.219s] -- Selecting Windows SDK version 10.0.22000.0 to target Windows 10.0.22621.
[0.235s] -- Found ament_cmake: 0.9.9 (C:/opt/ros/foxy/x64/share/ament_cmake/cmake)
[0.297s] -- Using PYTHON_EXECUTABLE: C:/opt/ros/foxy/x64/python.exe
[0.797s] -- Found rcldotnet: 0.0.0 (C:/opt/ros2_dotnet_ws/install/rcldotnet/share/rcldotnet/cmake)
[1.125s] -- Found rosidl_adapter: 1.3.0 (C:/opt/ros2_dotnet_ws/install/rosidl_adapter/share/rosidl_adapter/cmake)
[1.375s] -- Using all available rosidl_typesupport_c: rosidl_typesupport_introspection_c;rosidl_typesupport_fastrtps_c
[1.813s] -- Found OpenSSL: optimized;C:/opt/ros/foxy/x64/Lib/libcrypto.lib;debug;C:/Program Files/OpenSSL-Win64/lib/VC/libcrypto64MDd.lib (found version "1.1.1g")  
[1.922s] -- Found FastRTPS: C:/opt/ros/foxy/x64/include  
[2.188s] -- Using all available rosidl_typesupport_cpp: rosidl_typesupport_introspection_cpp;rosidl_typesupport_fastrtps_cpp
[2.594s] -- Found rmw_implementation_cmake: 1.0.3 (C:/opt/ros/foxy/x64/share/rmw_implementation_cmake/cmake)
[2.610s] -- Using RMW implementation 'rmw_fastrtps_cpp' as default
[2.625s] -- Looking for pthread.h
[3.391s] -- Looking for pthread.h - not found
[3.391s] -- Found Threads: TRUE  
[3.657s] -- Found rcldotnet_common: 0.0.0 (C:/opt/ros2_dotnet_ws/install/rcldotnet_common/share/rcldotnet_common/cmake)
[3.688s] -- Found dotnet_cmake_module: 0.0.0 (C:/opt/ros2_dotnet_ws/install/dotnet_cmake_module/share/dotnet_cmake_module/cmake)
[3.922s] CMake Warning (dev) at C:/opt/ros/foxy/x64/Lib/site-packages/cmake/data/share/cmake-3.18/Modules/FindPackageHandleStandardArgs.cmake:273 (message):
[3.922s]   The package name passed to `find_package_handle_standard_args`
[3.922s]   (DOTNET_CORE) does not match the name of the calling package (DotNetCore).
[3.922s]   This can lead to problems in calling code that expects `find_package`
[3.922s]   result variables (e.g., `_FOUND`) to follow a certain pattern.
[3.922s] Call Stack (most recent call first):
[3.922s]   C:/opt/ros2_dotnet_ws/install/dotnet_cmake_module/share/dotnet_cmake_module/cmake/Modules/dotnet/FindDotNetCore.cmake:37 (find_package_handle_standard_args)
[3.922s]   C:/opt/ros2_dotnet_ws/install/dotnet_cmake_module/share/dotnet_cmake_module/cmake/Modules/FindCSBuild.cmake:20 (find_package)
[3.922s]   C:/opt/ros2_dotnet_ws/install/dotnet_cmake_module/share/dotnet_cmake_module/cmake/Modules/FindDotNETExtra.cmake:15 (find_package)
[3.922s]   CMakeLists.txt:14 (find_package)
[3.922s] This warning is for project developers.  Use -Wno-dev to suppress it.
[3.922s] 
[3.922s] -- Found DOTNET_CORE: C:/Program Files/dotnet/dotnet.exe  
[3.922s] -- Found .NET Core: 7.0.101
[3.922s] -- Using Framework: netcoreapp2.0
[3.922s] -- Using Framework: netcoreapp2.0
[3.922s] -- Using Runtime: win-x64
[3.938s] -- Found std_msgs: 2.0.5 (C:/opt/ros2_dotnet_ws/install/std_msgs/share/std_msgs/cmake)
[4.157s] -- Configuring done
[4.297s] -- Generating done
[4.313s] -- Build files have been written to: C:/Users/Jorge/Documents/GitHub/ArtekmedRos2/ShellScripts/String_msgs_multiple_functions/build/string_node_manager
[4.328s] Invoked command in 'C:\Users\Jorge\Documents\GitHub\ArtekmedRos2\ShellScripts\String_msgs_multiple_functions\build\string_node_manager' returned '0': CMAKE_PREFIX_PATH=%CMAKE_PREFIX_PATH%;c:\opt\ros2_dotnet_ws\install\sensor_msgs_py c:\opt\ros\foxy\x64\Scripts\cmake.EXE C:\Users\Jorge\Documents\GitHub\ArtekmedRos2\ShellScripts\String_msgs_multiple_functions -DCMAKE_INSTALL_PREFIX=C:\Users\Jorge\Documents\GitHub\ArtekmedRos2\ShellScripts\String_msgs_multiple_functions\install\string_node_manager
[4.344s] Invoking command in 'C:\Users\Jorge\Documents\GitHub\ArtekmedRos2\ShellScripts\String_msgs_multiple_functions\build\string_node_manager': CL=/MP CMAKE_PREFIX_PATH=%CMAKE_PREFIX_PATH%;c:\opt\ros2_dotnet_ws\install\sensor_msgs_py c:\opt\ros\foxy\x64\Scripts\cmake.EXE --build C:\Users\Jorge\Documents\GitHub\ArtekmedRos2\ShellScripts\String_msgs_multiple_functions\build\string_node_manager --config Release
[4.578s] Microsoft (R) Build Engine version 16.11.2+f32259642 for .NET Framework
[4.578s] Copyright (C) Microsoft Corporation. All rights reserved.
[4.578s] 
[4.953s]   Checking Build System
[5.157s]   C:/opt/ros/foxy/x64/Lib/site-packages/cmake/data/bin/cmake.exe;-version;C:/Program Files/dotnet/dotnet.exe restore;-r;win-x64 string_node_manager_dotnetcore.csproj; C:/Program Files/dotnet/dotnet.exe publish;-r;win-x64 string_node_manager_dotnetcore.csproj -> C:/Users/Jorge/Documents/GitHub/ArtekmedRos2/ShellScripts/String_msgs_multiple_functions/build/string_node_manager/string_node_manager
[5.266s]   cmake version 3.18.2
[5.266s]   
[5.266s]   CMake suite maintained and supported by Kitware (kitware.com/cmake).
[6.125s]     Determining projects to restore...
[6.157s] C:\Program Files\dotnet\sdk\7.0.101\Sdks\Microsoft.NET.Sdk\targets\Microsoft.NET.EolTargetFrameworks.targets(28,5): warning NETSDK1138: The target framework 'netcoreapp2.0' is out of support and will not receive security updates in the future. Please refer to https://aka.ms/dotnet-core-support for more information about the support policy. [C:\Users\Jorge\Documents\GitHub\ArtekmedRos2\ShellScripts\String_msgs_multiple_functions\build\string_node_manager\string_node_manager\string_node_manager_dotnetcore.csproj] [C:\Users\Jorge\Documents\GitHub\ArtekmedRos2\ShellScripts\String_msgs_multiple_functions\build\string_node_manager\string_node_manager.vcxproj]
[6.235s] C:\Program Files\dotnet\sdk\7.0.101\Sdks\Microsoft.NET.Sdk\targets\Microsoft.NET.EolTargetFrameworks.targets(28,5): warning NETSDK1138: The target framework 'netcoreapp2.0' is out of support and will not receive security updates in the future. Please refer to https://aka.ms/dotnet-core-support for more information about the support policy. [C:\Users\Jorge\Documents\GitHub\ArtekmedRos2\ShellScripts\String_msgs_multiple_functions\build\string_node_manager\string_node_manager\string_node_manager_dotnetcore.csproj] [C:\Users\Jorge\Documents\GitHub\ArtekmedRos2\ShellScripts\String_msgs_multiple_functions\build\string_node_manager\string_node_manager.vcxproj]
[6.610s]     Restored C:\Users\Jorge\Documents\GitHub\ArtekmedRos2\ShellScripts\String_msgs_multiple_functions\build\string_node_manager\string_node_manager\string_node_manager_dotnetcore.csproj (in 232 ms).
[7.282s]   MSBuild version 17.4.0+18d5aef85 for .NET
[7.594s]     Determining projects to restore...
[7.610s] C:\Program Files\dotnet\sdk\7.0.101\Sdks\Microsoft.NET.Sdk\targets\Microsoft.NET.EolTargetFrameworks.targets(28,5): warning NETSDK1138: The target framework 'netcoreapp2.0' is out of support and will not receive security updates in the future. Please refer to https://aka.ms/dotnet-core-support for more information about the support policy. [C:\Users\Jorge\Documents\GitHub\ArtekmedRos2\ShellScripts\String_msgs_multiple_functions\build\string_node_manager\string_node_manager\string_node_manager_dotnetcore.csproj] [C:\Users\Jorge\Documents\GitHub\ArtekmedRos2\ShellScripts\String_msgs_multiple_functions\build\string_node_manager\string_node_manager.vcxproj]
[7.657s] C:\Program Files\dotnet\sdk\7.0.101\Sdks\Microsoft.NET.Sdk\targets\Microsoft.NET.EolTargetFrameworks.targets(28,5): warning NETSDK1138: The target framework 'netcoreapp2.0' is out of support and will not receive security updates in the future. Please refer to https://aka.ms/dotnet-core-support for more information about the support policy. [C:\Users\Jorge\Documents\GitHub\ArtekmedRos2\ShellScripts\String_msgs_multiple_functions\build\string_node_manager\string_node_manager\string_node_manager_dotnetcore.csproj] [C:\Users\Jorge\Documents\GitHub\ArtekmedRos2\ShellScripts\String_msgs_multiple_functions\build\string_node_manager\string_node_manager.vcxproj]
[8.078s]     Restored C:\Users\Jorge\Documents\GitHub\ArtekmedRos2\ShellScripts\String_msgs_multiple_functions\build\string_node_manager\string_node_manager\string_node_manager_dotnetcore.csproj (in 300 ms).
[8.203s] C:\Program Files\dotnet\sdk\7.0.101\Sdks\Microsoft.NET.Sdk\targets\Microsoft.NET.EolTargetFrameworks.targets(28,5): warning NETSDK1138: The target framework 'netcoreapp2.0' is out of support and will not receive security updates in the future. Please refer to https://aka.ms/dotnet-core-support for more information about the support policy. [C:\Users\Jorge\Documents\GitHub\ArtekmedRos2\ShellScripts\String_msgs_multiple_functions\build\string_node_manager\string_node_manager\string_node_manager_dotnetcore.csproj] [C:\Users\Jorge\Documents\GitHub\ArtekmedRos2\ShellScripts\String_msgs_multiple_functions\build\string_node_manager\string_node_manager.vcxproj]
[9.938s] CSC : warning CS1668: Invalid search path 'C:\Program Files (x86)\Microsoft Visual Studio\2019\Community\VC\Tools\MSVC\14.29.30133\atlmfc\lib\x64' specified in 'LIB environment variable' -- 'directory does not exist' [C:\Users\Jorge\Documents\GitHub\ArtekmedRos2\ShellScripts\String_msgs_multiple_functions\build\string_node_manager\string_node_manager\string_node_manager_dotnetcore.csproj] [C:\Users\Jorge\Documents\GitHub\ArtekmedRos2\ShellScripts\String_msgs_multiple_functions\build\string_node_manager\string_node_manager.vcxproj]
[10.516s]     string_node_manager_dotnetcore -> C:\Users\Jorge\Documents\GitHub\ArtekmedRos2\ShellScripts\String_msgs_multiple_functions\build\string_node_manager\Release\netcoreapp2.0\win-x64\string_node_manager.dll
[14.266s]     string_node_manager_dotnetcore -> C:\Users\Jorge\Documents\GitHub\ArtekmedRos2\ShellScripts\String_msgs_multiple_functions\build\string_node_manager\Release\netcoreapp2.0\win-x64\publish\
[14.469s]   Building Custom Rule C:/Users/Jorge/Documents/GitHub/ArtekmedRos2/ShellScripts/String_msgs_multiple_functions/CMakeLists.txt
[14.625s]   Building Custom Rule C:/Users/Jorge/Documents/GitHub/ArtekmedRos2/ShellScripts/String_msgs_multiple_functions/CMakeLists.txt
[14.750s] Invoked command in 'C:\Users\Jorge\Documents\GitHub\ArtekmedRos2\ShellScripts\String_msgs_multiple_functions\build\string_node_manager' returned '0': CL=/MP CMAKE_PREFIX_PATH=%CMAKE_PREFIX_PATH%;c:\opt\ros2_dotnet_ws\install\sensor_msgs_py c:\opt\ros\foxy\x64\Scripts\cmake.EXE --build C:\Users\Jorge\Documents\GitHub\ArtekmedRos2\ShellScripts\String_msgs_multiple_functions\build\string_node_manager --config Release
[15.297s] Invoking command in 'C:\Users\Jorge\Documents\GitHub\ArtekmedRos2\ShellScripts\String_msgs_multiple_functions\build\string_node_manager': CMAKE_PREFIX_PATH=%CMAKE_PREFIX_PATH%;c:\opt\ros2_dotnet_ws\install\sensor_msgs_py c:\opt\ros\foxy\x64\Scripts\cmake.EXE --install C:\Users\Jorge\Documents\GitHub\ArtekmedRos2\ShellScripts\String_msgs_multiple_functions\build\string_node_manager --config Release
[15.547s] -- Installing: C:/Users/Jorge/Documents/GitHub/ArtekmedRos2/ShellScripts/String_msgs_multiple_functions/install/string_node_manager/lib/string_node_manager/dotnet
[15.594s] -- Installing: C:/Users/Jorge/Documents/GitHub/ArtekmedRos2/ShellScripts/String_msgs_multiple_functions/install/string_node_manager/lib/string_node_manager/dotnet/api-ms-win-core-console-l1-1-0.dll
[15.610s] -- Installing: C:/Users/Jorge/Documents/GitHub/ArtekmedRos2/ShellScripts/String_msgs_multiple_functions/install/string_node_manager/lib/string_node_manager/dotnet/api-ms-win-core-datetime-l1-1-0.dll
[15.625s] -- Installing: C:/Users/Jorge/Documents/GitHub/ArtekmedRos2/ShellScripts/String_msgs_multiple_functions/install/string_node_manager/lib/string_node_manager/dotnet/api-ms-win-core-debug-l1-1-0.dll
[15.641s] -- Installing: C:/Users/Jorge/Documents/GitHub/ArtekmedRos2/ShellScripts/String_msgs_multiple_functions/install/string_node_manager/lib/string_node_manager/dotnet/api-ms-win-core-errorhandling-l1-1-0.dll
[15.672s] -- Installing: C:/Users/Jorge/Documents/GitHub/ArtekmedRos2/ShellScripts/String_msgs_multiple_functions/install/string_node_manager/lib/string_node_manager/dotnet/api-ms-win-core-file-l1-1-0.dll
[15.672s] -- Installing: C:/Users/Jorge/Documents/GitHub/ArtekmedRos2/ShellScripts/String_msgs_multiple_functions/install/string_node_manager/lib/string_node_manager/dotnet/api-ms-win-core-file-l1-2-0.dll
[15.688s] -- Installing: C:/Users/Jorge/Documents/GitHub/ArtekmedRos2/ShellScripts/String_msgs_multiple_functions/install/string_node_manager/lib/string_node_manager/dotnet/api-ms-win-core-file-l2-1-0.dll
[15.703s] -- Installing: C:/Users/Jorge/Documents/GitHub/ArtekmedRos2/ShellScripts/String_msgs_multiple_functions/install/string_node_manager/lib/string_node_manager/dotnet/api-ms-win-core-handle-l1-1-0.dll
[15.719s] -- Installing: C:/Users/Jorge/Documents/GitHub/ArtekmedRos2/ShellScripts/String_msgs_multiple_functions/install/string_node_manager/lib/string_node_manager/dotnet/api-ms-win-core-heap-l1-1-0.dll
[15.735s] -- Installing: C:/Users/Jorge/Documents/GitHub/ArtekmedRos2/ShellScripts/String_msgs_multiple_functions/install/string_node_manager/lib/string_node_manager/dotnet/api-ms-win-core-interlocked-l1-1-0.dll
[15.750s] -- Installing: C:/Users/Jorge/Documents/GitHub/ArtekmedRos2/ShellScripts/String_msgs_multiple_functions/install/string_node_manager/lib/string_node_manager/dotnet/api-ms-win-core-libraryloader-l1-1-0.dll
[15.750s] -- Installing: C:/Users/Jorge/Documents/GitHub/ArtekmedRos2/ShellScripts/String_msgs_multiple_functions/install/string_node_manager/lib/string_node_manager/dotnet/api-ms-win-core-localization-l1-2-0.dll
[15.766s] -- Installing: C:/Users/Jorge/Documents/GitHub/ArtekmedRos2/ShellScripts/String_msgs_multiple_functions/install/string_node_manager/lib/string_node_manager/dotnet/api-ms-win-core-memory-l1-1-0.dll
[15.782s] -- Installing: C:/Users/Jorge/Documents/GitHub/ArtekmedRos2/ShellScripts/String_msgs_multiple_functions/install/string_node_manager/lib/string_node_manager/dotnet/api-ms-win-core-namedpipe-l1-1-0.dll
[15.797s] -- Installing: C:/Users/Jorge/Documents/GitHub/ArtekmedRos2/ShellScripts/String_msgs_multiple_functions/install/string_node_manager/lib/string_node_manager/dotnet/api-ms-win-core-processenvironment-l1-1-0.dll
[15.797s] -- Installing: C:/Users/Jorge/Documents/GitHub/ArtekmedRos2/ShellScripts/String_msgs_multiple_functions/install/string_node_manager/lib/string_node_manager/dotnet/api-ms-win-core-processthreads-l1-1-0.dll
[15.813s] -- Installing: C:/Users/Jorge/Documents/GitHub/ArtekmedRos2/ShellScripts/String_msgs_multiple_functions/install/string_node_manager/lib/string_node_manager/dotnet/api-ms-win-core-processthreads-l1-1-1.dll
[15.828s] -- Installing: C:/Users/Jorge/Documents/GitHub/ArtekmedRos2/ShellScripts/String_msgs_multiple_functions/install/string_node_manager/lib/string_node_manager/dotnet/api-ms-win-core-profile-l1-1-0.dll
[15.844s] -- Installing: C:/Users/Jorge/Documents/GitHub/ArtekmedRos2/ShellScripts/String_msgs_multiple_functions/install/string_node_manager/lib/string_node_manager/dotnet/api-ms-win-core-rtlsupport-l1-1-0.dll
[15.844s] -- Installing: C:/Users/Jorge/Documents/GitHub/ArtekmedRos2/ShellScripts/String_msgs_multiple_functions/install/string_node_manager/lib/string_node_manager/dotnet/api-ms-win-core-string-l1-1-0.dll
[15.860s] -- Installing: C:/Users/Jorge/Documents/GitHub/ArtekmedRos2/ShellScripts/String_msgs_multiple_functions/install/string_node_manager/lib/string_node_manager/dotnet/api-ms-win-core-synch-l1-1-0.dll
[15.875s] -- Installing: C:/Users/Jorge/Documents/GitHub/ArtekmedRos2/ShellScripts/String_msgs_multiple_functions/install/string_node_manager/lib/string_node_manager/dotnet/api-ms-win-core-synch-l1-2-0.dll
[15.891s] -- Installing: C:/Users/Jorge/Documents/GitHub/ArtekmedRos2/ShellScripts/String_msgs_multiple_functions/install/string_node_manager/lib/string_node_manager/dotnet/api-ms-win-core-sysinfo-l1-1-0.dll
[15.891s] -- Installing: C:/Users/Jorge/Documents/GitHub/ArtekmedRos2/ShellScripts/String_msgs_multiple_functions/install/string_node_manager/lib/string_node_manager/dotnet/api-ms-win-core-timezone-l1-1-0.dll
[15.907s] -- Installing: C:/Users/Jorge/Documents/GitHub/ArtekmedRos2/ShellScripts/String_msgs_multiple_functions/install/string_node_manager/lib/string_node_manager/dotnet/api-ms-win-core-util-l1-1-0.dll
[15.922s] -- Installing: C:/Users/Jorge/Documents/GitHub/ArtekmedRos2/ShellScripts/String_msgs_multiple_functions/install/string_node_manager/lib/string_node_manager/dotnet/api-ms-win-crt-conio-l1-1-0.dll
[15.922s] -- Installing: C:/Users/Jorge/Documents/GitHub/ArtekmedRos2/ShellScripts/String_msgs_multiple_functions/install/string_node_manager/lib/string_node_manager/dotnet/api-ms-win-crt-convert-l1-1-0.dll
[15.938s] -- Installing: C:/Users/Jorge/Documents/GitHub/ArtekmedRos2/ShellScripts/String_msgs_multiple_functions/install/string_node_manager/lib/string_node_manager/dotnet/api-ms-win-crt-environment-l1-1-0.dll
[15.953s] -- Installing: C:/Users/Jorge/Documents/GitHub/ArtekmedRos2/ShellScripts/String_msgs_multiple_functions/install/string_node_manager/lib/string_node_manager/dotnet/api-ms-win-crt-filesystem-l1-1-0.dll
[15.969s] -- Installing: C:/Users/Jorge/Documents/GitHub/ArtekmedRos2/ShellScripts/String_msgs_multiple_functions/install/string_node_manager/lib/string_node_manager/dotnet/api-ms-win-crt-heap-l1-1-0.dll
[15.969s] -- Installing: C:/Users/Jorge/Documents/GitHub/ArtekmedRos2/ShellScripts/String_msgs_multiple_functions/install/string_node_manager/lib/string_node_manager/dotnet/api-ms-win-crt-locale-l1-1-0.dll
[15.985s] -- Installing: C:/Users/Jorge/Documents/GitHub/ArtekmedRos2/ShellScripts/String_msgs_multiple_functions/install/string_node_manager/lib/string_node_manager/dotnet/api-ms-win-crt-math-l1-1-0.dll
[16.000s] -- Installing: C:/Users/Jorge/Documents/GitHub/ArtekmedRos2/ShellScripts/String_msgs_multiple_functions/install/string_node_manager/lib/string_node_manager/dotnet/api-ms-win-crt-multibyte-l1-1-0.dll
[16.016s] -- Installing: C:/Users/Jorge/Documents/GitHub/ArtekmedRos2/ShellScripts/String_msgs_multiple_functions/install/string_node_manager/lib/string_node_manager/dotnet/api-ms-win-crt-private-l1-1-0.dll
[16.016s] -- Installing: C:/Users/Jorge/Documents/GitHub/ArtekmedRos2/ShellScripts/String_msgs_multiple_functions/install/string_node_manager/lib/string_node_manager/dotnet/api-ms-win-crt-process-l1-1-0.dll
[16.032s] -- Installing: C:/Users/Jorge/Documents/GitHub/ArtekmedRos2/ShellScripts/String_msgs_multiple_functions/install/string_node_manager/lib/string_node_manager/dotnet/api-ms-win-crt-runtime-l1-1-0.dll
[16.047s] -- Installing: C:/Users/Jorge/Documents/GitHub/ArtekmedRos2/ShellScripts/String_msgs_multiple_functions/install/string_node_manager/lib/string_node_manager/dotnet/api-ms-win-crt-stdio-l1-1-0.dll
[16.063s] -- Installing: C:/Users/Jorge/Documents/GitHub/ArtekmedRos2/ShellScripts/String_msgs_multiple_functions/install/string_node_manager/lib/string_node_manager/dotnet/api-ms-win-crt-string-l1-1-0.dll
[16.063s] -- Installing: C:/Users/Jorge/Documents/GitHub/ArtekmedRos2/ShellScripts/String_msgs_multiple_functions/install/string_node_manager/lib/string_node_manager/dotnet/api-ms-win-crt-time-l1-1-0.dll
[16.078s] -- Installing: C:/Users/Jorge/Documents/GitHub/ArtekmedRos2/ShellScripts/String_msgs_multiple_functions/install/string_node_manager/lib/string_node_manager/dotnet/api-ms-win-crt-utility-l1-1-0.dll
[16.110s] -- Installing: C:/Users/Jorge/Documents/GitHub/ArtekmedRos2/ShellScripts/String_msgs_multiple_functions/install/string_node_manager/lib/string_node_manager/dotnet/builtin_interfaces_assemblies.dll
[16.110s] -- Installing: C:/Users/Jorge/Documents/GitHub/ArtekmedRos2/ShellScripts/String_msgs_multiple_functions/install/string_node_manager/lib/string_node_manager/dotnet/builtin_interfaces_assemblies.pdb
[16.125s] -- Installing: C:/Users/Jorge/Documents/GitHub/ArtekmedRos2/ShellScripts/String_msgs_multiple_functions/install/string_node_manager/lib/string_node_manager/dotnet/clrcompression.dll
[16.141s] -- Installing: C:/Users/Jorge/Documents/GitHub/ArtekmedRos2/ShellScripts/String_msgs_multiple_functions/install/string_node_manager/lib/string_node_manager/dotnet/clretwrc.dll
[16.203s] -- Installing: C:/Users/Jorge/Documents/GitHub/ArtekmedRos2/ShellScripts/String_msgs_multiple_functions/install/string_node_manager/lib/string_node_manager/dotnet/clrjit.dll
[16.266s] -- Installing: C:/Users/Jorge/Documents/GitHub/ArtekmedRos2/ShellScripts/String_msgs_multiple_functions/install/string_node_manager/lib/string_node_manager/dotnet/coreclr.dll
[16.313s] -- Installing: C:/Users/Jorge/Documents/GitHub/ArtekmedRos2/ShellScripts/String_msgs_multiple_functions/install/string_node_manager/lib/string_node_manager/dotnet/dbgshim.dll
[16.344s] -- Installing: C:/Users/Jorge/Documents/GitHub/ArtekmedRos2/ShellScripts/String_msgs_multiple_functions/install/string_node_manager/lib/string_node_manager/dotnet/hostfxr.dll
[16.375s] -- Installing: C:/Users/Jorge/Documents/GitHub/ArtekmedRos2/ShellScripts/String_msgs_multiple_functions/install/string_node_manager/lib/string_node_manager/dotnet/hostpolicy.dll
[16.391s] -- Installing: C:/Users/Jorge/Documents/GitHub/ArtekmedRos2/ShellScripts/String_msgs_multiple_functions/install/string_node_manager/lib/string_node_manager/dotnet/Microsoft.CSharp.dll
[16.422s] -- Installing: C:/Users/Jorge/Documents/GitHub/ArtekmedRos2/ShellScripts/String_msgs_multiple_functions/install/string_node_manager/lib/string_node_manager/dotnet/Microsoft.DiaSymReader.Native.amd64.dll
[16.453s] -- Installing: C:/Users/Jorge/Documents/GitHub/ArtekmedRos2/ShellScripts/String_msgs_multiple_functions/install/string_node_manager/lib/string_node_manager/dotnet/Microsoft.VisualBasic.dll
[16.469s] -- Installing: C:/Users/Jorge/Documents/GitHub/ArtekmedRos2/ShellScripts/String_msgs_multiple_functions/install/string_node_manager/lib/string_node_manager/dotnet/Microsoft.Win32.Primitives.dll
[16.485s] -- Installing: C:/Users/Jorge/Documents/GitHub/ArtekmedRos2/ShellScripts/String_msgs_multiple_functions/install/string_node_manager/lib/string_node_manager/dotnet/Microsoft.Win32.Registry.dll
[16.516s] -- Installing: C:/Users/Jorge/Documents/GitHub/ArtekmedRos2/ShellScripts/String_msgs_multiple_functions/install/string_node_manager/lib/string_node_manager/dotnet/mscordaccore.dll
[16.547s] -- Installing: C:/Users/Jorge/Documents/GitHub/ArtekmedRos2/ShellScripts/String_msgs_multiple_functions/install/string_node_manager/lib/string_node_manager/dotnet/mscordaccore_amd64_amd64_4.6.26614.01.dll
[16.594s] -- Installing: C:/Users/Jorge/Documents/GitHub/ArtekmedRos2/ShellScripts/String_msgs_multiple_functions/install/string_node_manager/lib/string_node_manager/dotnet/mscordbi.dll
[16.625s] -- Installing: C:/Users/Jorge/Documents/GitHub/ArtekmedRos2/ShellScripts/String_msgs_multiple_functions/install/string_node_manager/lib/string_node_manager/dotnet/mscorlib.dll
[16.641s] -- Installing: C:/Users/Jorge/Documents/GitHub/ArtekmedRos2/ShellScripts/String_msgs_multiple_functions/install/string_node_manager/lib/string_node_manager/dotnet/mscorrc.debug.dll
[16.657s] -- Installing: C:/Users/Jorge/Documents/GitHub/ArtekmedRos2/ShellScripts/String_msgs_multiple_functions/install/string_node_manager/lib/string_node_manager/dotnet/mscorrc.dll
[16.672s] -- Installing: C:/Users/Jorge/Documents/GitHub/ArtekmedRos2/ShellScripts/String_msgs_multiple_functions/install/string_node_manager/lib/string_node_manager/dotnet/netstandard.dll
[16.703s] -- Installing: C:/Users/Jorge/Documents/GitHub/ArtekmedRos2/ShellScripts/String_msgs_multiple_functions/install/string_node_manager/lib/string_node_manager/dotnet/rcldotnet_assemblies.dll
[16.703s] -- Installing: C:/Users/Jorge/Documents/GitHub/ArtekmedRos2/ShellScripts/String_msgs_multiple_functions/install/string_node_manager/lib/string_node_manager/dotnet/rcldotnet_assemblies.pdb
[16.750s] -- Installing: C:/Users/Jorge/Documents/GitHub/ArtekmedRos2/ShellScripts/String_msgs_multiple_functions/install/string_node_manager/lib/string_node_manager/dotnet/rcldotnet_common.dll
[16.766s] -- Installing: C:/Users/Jorge/Documents/GitHub/ArtekmedRos2/ShellScripts/String_msgs_multiple_functions/install/string_node_manager/lib/string_node_manager/dotnet/rcldotnet_common.pdb
[16.813s] -- Installing: C:/Users/Jorge/Documents/GitHub/ArtekmedRos2/ShellScripts/String_msgs_multiple_functions/install/string_node_manager/lib/string_node_manager/dotnet/sos.dll
[16.844s] -- Installing: C:/Users/Jorge/Documents/GitHub/ArtekmedRos2/ShellScripts/String_msgs_multiple_functions/install/string_node_manager/lib/string_node_manager/dotnet/SOS.NETCore.dll
[16.860s] -- Installing: C:/Users/Jorge/Documents/GitHub/ArtekmedRos2/ShellScripts/String_msgs_multiple_functions/install/string_node_manager/lib/string_node_manager/dotnet/sos_amd64_amd64_4.6.26614.01.dll
[16.985s] -- Installing: C:/Users/Jorge/Documents/GitHub/ArtekmedRos2/ShellScripts/String_msgs_multiple_functions/install/string_node_manager/lib/string_node_manager/dotnet/std_msgs_assemblies.dll
[16.985s] -- Installing: C:/Users/Jorge/Documents/GitHub/ArtekmedRos2/ShellScripts/String_msgs_multiple_functions/install/string_node_manager/lib/string_node_manager/dotnet/std_msgs_assemblies.pdb
[17.000s] -- Installing: C:/Users/Jorge/Documents/GitHub/ArtekmedRos2/ShellScripts/String_msgs_multiple_functions/install/string_node_manager/lib/string_node_manager/dotnet/string_node_manager.deps.json
[17.016s] -- Installing: C:/Users/Jorge/Documents/GitHub/ArtekmedRos2/ShellScripts/String_msgs_multiple_functions/install/string_node_manager/lib/string_node_manager/dotnet/string_node_manager.dll
[17.047s] -- Installing: C:/Users/Jorge/Documents/GitHub/ArtekmedRos2/ShellScripts/String_msgs_multiple_functions/install/string_node_manager/lib/string_node_manager/dotnet/string_node_manager.exe
[17.063s] -- Installing: C:/Users/Jorge/Documents/GitHub/ArtekmedRos2/ShellScripts/String_msgs_multiple_functions/install/string_node_manager/lib/string_node_manager/dotnet/string_node_manager.pdb
[17.063s] -- Installing: C:/Users/Jorge/Documents/GitHub/ArtekmedRos2/ShellScripts/String_msgs_multiple_functions/install/string_node_manager/lib/string_node_manager/dotnet/string_node_manager.runtimeconfig.json
[17.078s] -- Installing: C:/Users/Jorge/Documents/GitHub/ArtekmedRos2/ShellScripts/String_msgs_multiple_functions/install/string_node_manager/lib/string_node_manager/dotnet/System.AppContext.dll
[17.094s] -- Installing: C:/Users/Jorge/Documents/GitHub/ArtekmedRos2/ShellScripts/String_msgs_multiple_functions/install/string_node_manager/lib/string_node_manager/dotnet/System.Buffers.dll
[17.110s] -- Installing: C:/Users/Jorge/Documents/GitHub/ArtekmedRos2/ShellScripts/String_msgs_multiple_functions/install/string_node_manager/lib/string_node_manager/dotnet/System.Collections.Concurrent.dll
[17.125s] -- Installing: C:/Users/Jorge/Documents/GitHub/ArtekmedRos2/ShellScripts/String_msgs_multiple_functions/install/string_node_manager/lib/string_node_manager/dotnet/System.Collections.dll
[17.172s] -- Installing: C:/Users/Jorge/Documents/GitHub/ArtekmedRos2/ShellScripts/String_msgs_multiple_functions/install/string_node_manager/lib/string_node_manager/dotnet/System.Collections.Immutable.dll
[17.203s] -- Installing: C:/Users/Jorge/Documents/GitHub/ArtekmedRos2/ShellScripts/String_msgs_multiple_functions/install/string_node_manager/lib/string_node_manager/dotnet/System.Collections.NonGeneric.dll
[17.219s] -- Installing: C:/Users/Jorge/Documents/GitHub/ArtekmedRos2/ShellScripts/String_msgs_multiple_functions/install/string_node_manager/lib/string_node_manager/dotnet/System.Collections.Specialized.dll
[17.235s] -- Installing: C:/Users/Jorge/Documents/GitHub/ArtekmedRos2/ShellScripts/String_msgs_multiple_functions/install/string_node_manager/lib/string_node_manager/dotnet/System.ComponentModel.Annotations.dll
[17.235s] -- Installing: C:/Users/Jorge/Documents/GitHub/ArtekmedRos2/ShellScripts/String_msgs_multiple_functions/install/string_node_manager/lib/string_node_manager/dotnet/System.ComponentModel.Composition.dll
[17.250s] -- Installing: C:/Users/Jorge/Documents/GitHub/ArtekmedRos2/ShellScripts/String_msgs_multiple_functions/install/string_node_manager/lib/string_node_manager/dotnet/System.ComponentModel.DataAnnotations.dll
[17.282s] -- Installing: C:/Users/Jorge/Documents/GitHub/ArtekmedRos2/ShellScripts/String_msgs_multiple_functions/install/string_node_manager/lib/string_node_manager/dotnet/System.ComponentModel.dll
[17.297s] -- Installing: C:/Users/Jorge/Documents/GitHub/ArtekmedRos2/ShellScripts/String_msgs_multiple_functions/install/string_node_manager/lib/string_node_manager/dotnet/System.ComponentModel.EventBasedAsync.dll
[17.313s] -- Installing: C:/Users/Jorge/Documents/GitHub/ArtekmedRos2/ShellScripts/String_msgs_multiple_functions/install/string_node_manager/lib/string_node_manager/dotnet/System.ComponentModel.Primitives.dll
[17.344s] -- Installing: C:/Users/Jorge/Documents/GitHub/ArtekmedRos2/ShellScripts/String_msgs_multiple_functions/install/string_node_manager/lib/string_node_manager/dotnet/System.ComponentModel.TypeConverter.dll
[17.360s] -- Installing: C:/Users/Jorge/Documents/GitHub/ArtekmedRos2/ShellScripts/String_msgs_multiple_functions/install/string_node_manager/lib/string_node_manager/dotnet/System.Configuration.dll
[17.375s] -- Installing: C:/Users/Jorge/Documents/GitHub/ArtekmedRos2/ShellScripts/String_msgs_multiple_functions/install/string_node_manager/lib/string_node_manager/dotnet/System.Console.dll
[17.391s] -- Installing: C:/Users/Jorge/Documents/GitHub/ArtekmedRos2/ShellScripts/String_msgs_multiple_functions/install/string_node_manager/lib/string_node_manager/dotnet/System.Core.dll
[17.453s] -- Installing: C:/Users/Jorge/Documents/GitHub/ArtekmedRos2/ShellScripts/String_msgs_multiple_functions/install/string_node_manager/lib/string_node_manager/dotnet/System.Data.Common.dll
[17.469s] -- Installing: C:/Users/Jorge/Documents/GitHub/ArtekmedRos2/ShellScripts/String_msgs_multiple_functions/install/string_node_manager/lib/string_node_manager/dotnet/System.Data.dll
[17.485s] -- Installing: C:/Users/Jorge/Documents/GitHub/ArtekmedRos2/ShellScripts/String_msgs_multiple_functions/install/string_node_manager/lib/string_node_manager/dotnet/System.Diagnostics.Contracts.dll
[17.500s] -- Installing: C:/Users/Jorge/Documents/GitHub/ArtekmedRos2/ShellScripts/String_msgs_multiple_functions/install/string_node_manager/lib/string_node_manager/dotnet/System.Diagnostics.Debug.dll
[17.532s] -- Installing: C:/Users/Jorge/Documents/GitHub/ArtekmedRos2/ShellScripts/String_msgs_multiple_functions/install/string_node_manager/lib/string_node_manager/dotnet/System.Diagnostics.DiagnosticSource.dll
[17.547s] -- Installing: C:/Users/Jorge/Documents/GitHub/ArtekmedRos2/ShellScripts/String_msgs_multiple_functions/install/string_node_manager/lib/string_node_manager/dotnet/System.Diagnostics.FileVersionInfo.dll
[17.563s] -- Installing: C:/Users/Jorge/Documents/GitHub/ArtekmedRos2/ShellScripts/String_msgs_multiple_functions/install/string_node_manager/lib/string_node_manager/dotnet/System.Diagnostics.Process.dll
[17.578s] -- Installing: C:/Users/Jorge/Documents/GitHub/ArtekmedRos2/ShellScripts/String_msgs_multiple_functions/install/string_node_manager/lib/string_node_manager/dotnet/System.Diagnostics.StackTrace.dll
[17.594s] -- Installing: C:/Users/Jorge/Documents/GitHub/ArtekmedRos2/ShellScripts/String_msgs_multiple_functions/install/string_node_manager/lib/string_node_manager/dotnet/System.Diagnostics.TextWriterTraceListener.dll
[17.610s] -- Installing: C:/Users/Jorge/Documents/GitHub/ArtekmedRos2/ShellScripts/String_msgs_multiple_functions/install/string_node_manager/lib/string_node_manager/dotnet/System.Diagnostics.Tools.dll
[17.625s] -- Installing: C:/Users/Jorge/Documents/GitHub/ArtekmedRos2/ShellScripts/String_msgs_multiple_functions/install/string_node_manager/lib/string_node_manager/dotnet/System.Diagnostics.TraceSource.dll
[17.641s] -- Installing: C:/Users/Jorge/Documents/GitHub/ArtekmedRos2/ShellScripts/String_msgs_multiple_functions/install/string_node_manager/lib/string_node_manager/dotnet/System.Diagnostics.Tracing.dll
[17.657s] -- Installing: C:/Users/Jorge/Documents/GitHub/ArtekmedRos2/ShellScripts/String_msgs_multiple_functions/install/string_node_manager/lib/string_node_manager/dotnet/System.dll
[17.672s] -- Installing: C:/Users/Jorge/Documents/GitHub/ArtekmedRos2/ShellScripts/String_msgs_multiple_functions/install/string_node_manager/lib/string_node_manager/dotnet/System.Drawing.dll
[17.688s] -- Installing: C:/Users/Jorge/Documents/GitHub/ArtekmedRos2/ShellScripts/String_msgs_multiple_functions/install/string_node_manager/lib/string_node_manager/dotnet/System.Drawing.Primitives.dll
[17.703s] -- Installing: C:/Users/Jorge/Documents/GitHub/ArtekmedRos2/ShellScripts/String_msgs_multiple_functions/install/string_node_manager/lib/string_node_manager/dotnet/System.Dynamic.Runtime.dll
[17.719s] -- Installing: C:/Users/Jorge/Documents/GitHub/ArtekmedRos2/ShellScripts/String_msgs_multiple_functions/install/string_node_manager/lib/string_node_manager/dotnet/System.Globalization.Calendars.dll
[17.719s] -- Installing: C:/Users/Jorge/Documents/GitHub/ArtekmedRos2/ShellScripts/String_msgs_multiple_functions/install/string_node_manager/lib/string_node_manager/dotnet/System.Globalization.dll
[17.735s] -- Installing: C:/Users/Jorge/Documents/GitHub/ArtekmedRos2/ShellScripts/String_msgs_multiple_functions/install/string_node_manager/lib/string_node_manager/dotnet/System.Globalization.Extensions.dll
[17.750s] -- Installing: C:/Users/Jorge/Documents/GitHub/ArtekmedRos2/ShellScripts/String_msgs_multiple_functions/install/string_node_manager/lib/string_node_manager/dotnet/System.IO.Compression.dll
[17.766s] -- Installing: C:/Users/Jorge/Documents/GitHub/ArtekmedRos2/ShellScripts/String_msgs_multiple_functions/install/string_node_manager/lib/string_node_manager/dotnet/System.IO.Compression.FileSystem.dll
[17.782s] -- Installing: C:/Users/Jorge/Documents/GitHub/ArtekmedRos2/ShellScripts/String_msgs_multiple_functions/install/string_node_manager/lib/string_node_manager/dotnet/System.IO.Compression.ZipFile.dll
[17.797s] -- Installing: C:/Users/Jorge/Documents/GitHub/ArtekmedRos2/ShellScripts/String_msgs_multiple_functions/install/string_node_manager/lib/string_node_manager/dotnet/System.IO.dll
[17.813s] -- Installing: C:/Users/Jorge/Documents/GitHub/ArtekmedRos2/ShellScripts/String_msgs_multiple_functions/install/string_node_manager/lib/string_node_manager/dotnet/System.IO.FileSystem.AccessControl.dll
[17.828s] -- Installing: C:/Users/Jorge/Documents/GitHub/ArtekmedRos2/ShellScripts/String_msgs_multiple_functions/install/string_node_manager/lib/string_node_manager/dotnet/System.IO.FileSystem.dll
[17.844s] -- Installing: C:/Users/Jorge/Documents/GitHub/ArtekmedRos2/ShellScripts/String_msgs_multiple_functions/install/string_node_manager/lib/string_node_manager/dotnet/System.IO.FileSystem.DriveInfo.dll
[17.860s] -- Installing: C:/Users/Jorge/Documents/GitHub/ArtekmedRos2/ShellScripts/String_msgs_multiple_functions/install/string_node_manager/lib/string_node_manager/dotnet/System.IO.FileSystem.Primitives.dll
[17.875s] -- Installing: C:/Users/Jorge/Documents/GitHub/ArtekmedRos2/ShellScripts/String_msgs_multiple_functions/install/string_node_manager/lib/string_node_manager/dotnet/System.IO.FileSystem.Watcher.dll
[17.891s] -- Installing: C:/Users/Jorge/Documents/GitHub/ArtekmedRos2/ShellScripts/String_msgs_multiple_functions/install/string_node_manager/lib/string_node_manager/dotnet/System.IO.IsolatedStorage.dll
[17.907s] -- Installing: C:/Users/Jorge/Documents/GitHub/ArtekmedRos2/ShellScripts/String_msgs_multiple_functions/install/string_node_manager/lib/string_node_manager/dotnet/System.IO.MemoryMappedFiles.dll
[17.922s] -- Installing: C:/Users/Jorge/Documents/GitHub/ArtekmedRos2/ShellScripts/String_msgs_multiple_functions/install/string_node_manager/lib/string_node_manager/dotnet/System.IO.Pipes.dll
[17.938s] -- Installing: C:/Users/Jorge/Documents/GitHub/ArtekmedRos2/ShellScripts/String_msgs_multiple_functions/install/string_node_manager/lib/string_node_manager/dotnet/System.IO.UnmanagedMemoryStream.dll
[17.953s] -- Installing: C:/Users/Jorge/Documents/GitHub/ArtekmedRos2/ShellScripts/String_msgs_multiple_functions/install/string_node_manager/lib/string_node_manager/dotnet/System.Linq.dll
[17.985s] -- Installing: C:/Users/Jorge/Documents/GitHub/ArtekmedRos2/ShellScripts/String_msgs_multiple_functions/install/string_node_manager/lib/string_node_manager/dotnet/System.Linq.Expressions.dll
[18.016s] -- Installing: C:/Users/Jorge/Documents/GitHub/ArtekmedRos2/ShellScripts/String_msgs_multiple_functions/install/string_node_manager/lib/string_node_manager/dotnet/System.Linq.Parallel.dll
[18.047s] -- Installing: C:/Users/Jorge/Documents/GitHub/ArtekmedRos2/ShellScripts/String_msgs_multiple_functions/install/string_node_manager/lib/string_node_manager/dotnet/System.Linq.Queryable.dll
[18.063s] -- Installing: C:/Users/Jorge/Documents/GitHub/ArtekmedRos2/ShellScripts/String_msgs_multiple_functions/install/string_node_manager/lib/string_node_manager/dotnet/System.Net.dll
[18.078s] -- Installing: C:/Users/Jorge/Documents/GitHub/ArtekmedRos2/ShellScripts/String_msgs_multiple_functions/install/string_node_manager/lib/string_node_manager/dotnet/System.Net.Http.dll
[18.110s] -- Installing: C:/Users/Jorge/Documents/GitHub/ArtekmedRos2/ShellScripts/String_msgs_multiple_functions/install/string_node_manager/lib/string_node_manager/dotnet/System.Net.HttpListener.dll
[18.125s] -- Installing: C:/Users/Jorge/Documents/GitHub/ArtekmedRos2/ShellScripts/String_msgs_multiple_functions/install/string_node_manager/lib/string_node_manager/dotnet/System.Net.Mail.dll
[18.157s] -- Installing: C:/Users/Jorge/Documents/GitHub/ArtekmedRos2/ShellScripts/String_msgs_multiple_functions/install/string_node_manager/lib/string_node_manager/dotnet/System.Net.NameResolution.dll
[18.172s] -- Installing: C:/Users/Jorge/Documents/GitHub/ArtekmedRos2/ShellScripts/String_msgs_multiple_functions/install/string_node_manager/lib/string_node_manager/dotnet/System.Net.NetworkInformation.dll
[18.188s] -- Installing: C:/Users/Jorge/Documents/GitHub/ArtekmedRos2/ShellScripts/String_msgs_multiple_functions/install/string_node_manager/lib/string_node_manager/dotnet/System.Net.Ping.dll
[18.203s] -- Installing: C:/Users/Jorge/Documents/GitHub/ArtekmedRos2/ShellScripts/String_msgs_multiple_functions/install/string_node_manager/lib/string_node_manager/dotnet/System.Net.Primitives.dll
[18.219s] -- Installing: C:/Users/Jorge/Documents/GitHub/ArtekmedRos2/ShellScripts/String_msgs_multiple_functions/install/string_node_manager/lib/string_node_manager/dotnet/System.Net.Requests.dll
[18.235s] -- Installing: C:/Users/Jorge/Documents/GitHub/ArtekmedRos2/ShellScripts/String_msgs_multiple_functions/install/string_node_manager/lib/string_node_manager/dotnet/System.Net.Security.dll
[18.250s] -- Installing: C:/Users/Jorge/Documents/GitHub/ArtekmedRos2/ShellScripts/String_msgs_multiple_functions/install/string_node_manager/lib/string_node_manager/dotnet/System.Net.ServicePoint.dll
[18.282s] -- Installing: C:/Users/Jorge/Documents/GitHub/ArtekmedRos2/ShellScripts/String_msgs_multiple_functions/install/string_node_manager/lib/string_node_manager/dotnet/System.Net.Sockets.dll
[18.297s] -- Installing: C:/Users/Jorge/Documents/GitHub/ArtekmedRos2/ShellScripts/String_msgs_multiple_functions/install/string_node_manager/lib/string_node_manager/dotnet/System.Net.WebClient.dll
[18.313s] -- Installing: C:/Users/Jorge/Documents/GitHub/ArtekmedRos2/ShellScripts/String_msgs_multiple_functions/install/string_node_manager/lib/string_node_manager/dotnet/System.Net.WebHeaderCollection.dll
[18.328s] -- Installing: C:/Users/Jorge/Documents/GitHub/ArtekmedRos2/ShellScripts/String_msgs_multiple_functions/install/string_node_manager/lib/string_node_manager/dotnet/System.Net.WebProxy.dll
[18.375s] -- Installing: C:/Users/Jorge/Documents/GitHub/ArtekmedRos2/ShellScripts/String_msgs_multiple_functions/install/string_node_manager/lib/string_node_manager/dotnet/System.Net.WebSockets.Client.dll
[18.407s] -- Installing: C:/Users/Jorge/Documents/GitHub/ArtekmedRos2/ShellScripts/String_msgs_multiple_functions/install/string_node_manager/lib/string_node_manager/dotnet/System.Net.WebSockets.dll
[18.422s] -- Installing: C:/Users/Jorge/Documents/GitHub/ArtekmedRos2/ShellScripts/String_msgs_multiple_functions/install/string_node_manager/lib/string_node_manager/dotnet/System.Numerics.dll
[18.438s] -- Installing: C:/Users/Jorge/Documents/GitHub/ArtekmedRos2/ShellScripts/String_msgs_multiple_functions/install/string_node_manager/lib/string_node_manager/dotnet/System.Numerics.Vectors.dll
[18.453s] -- Installing: C:/Users/Jorge/Documents/GitHub/ArtekmedRos2/ShellScripts/String_msgs_multiple_functions/install/string_node_manager/lib/string_node_manager/dotnet/System.ObjectModel.dll
[18.563s] -- Installing: C:/Users/Jorge/Documents/GitHub/ArtekmedRos2/ShellScripts/String_msgs_multiple_functions/install/string_node_manager/lib/string_node_manager/dotnet/System.Private.CoreLib.dll
[18.657s] -- Installing: C:/Users/Jorge/Documents/GitHub/ArtekmedRos2/ShellScripts/String_msgs_multiple_functions/install/string_node_manager/lib/string_node_manager/dotnet/System.Private.DataContractSerialization.dll
[18.688s] -- Installing: C:/Users/Jorge/Documents/GitHub/ArtekmedRos2/ShellScripts/String_msgs_multiple_functions/install/string_node_manager/lib/string_node_manager/dotnet/System.Private.Uri.dll
[18.844s] -- Installing: C:/Users/Jorge/Documents/GitHub/ArtekmedRos2/ShellScripts/String_msgs_multiple_functions/install/string_node_manager/lib/string_node_manager/dotnet/System.Private.Xml.dll
[18.922s] -- Installing: C:/Users/Jorge/Documents/GitHub/ArtekmedRos2/ShellScripts/String_msgs_multiple_functions/install/string_node_manager/lib/string_node_manager/dotnet/System.Private.Xml.Linq.dll
[18.953s] -- Installing: C:/Users/Jorge/Documents/GitHub/ArtekmedRos2/ShellScripts/String_msgs_multiple_functions/install/string_node_manager/lib/string_node_manager/dotnet/System.Reflection.DispatchProxy.dll
[18.969s] -- Installing: C:/Users/Jorge/Documents/GitHub/ArtekmedRos2/ShellScripts/String_msgs_multiple_functions/install/string_node_manager/lib/string_node_manager/dotnet/System.Reflection.dll
[19.000s] -- Installing: C:/Users/Jorge/Documents/GitHub/ArtekmedRos2/ShellScripts/String_msgs_multiple_functions/install/string_node_manager/lib/string_node_manager/dotnet/System.Reflection.Emit.dll
[19.016s] -- Installing: C:/Users/Jorge/Documents/GitHub/ArtekmedRos2/ShellScripts/String_msgs_multiple_functions/install/string_node_manager/lib/string_node_manager/dotnet/System.Reflection.Emit.ILGeneration.dll
[19.032s] -- Installing: C:/Users/Jorge/Documents/GitHub/ArtekmedRos2/ShellScripts/String_msgs_multiple_functions/install/string_node_manager/lib/string_node_manager/dotnet/System.Reflection.Emit.Lightweight.dll
[19.047s] -- Installing: C:/Users/Jorge/Documents/GitHub/ArtekmedRos2/ShellScripts/String_msgs_multiple_functions/install/string_node_manager/lib/string_node_manager/dotnet/System.Reflection.Extensions.dll
[19.063s] -- Installing: C:/Users/Jorge/Documents/GitHub/ArtekmedRos2/ShellScripts/String_msgs_multiple_functions/install/string_node_manager/lib/string_node_manager/dotnet/System.Reflection.Metadata.dll
[19.078s] -- Installing: C:/Users/Jorge/Documents/GitHub/ArtekmedRos2/ShellScripts/String_msgs_multiple_functions/install/string_node_manager/lib/string_node_manager/dotnet/System.Reflection.Primitives.dll
[19.094s] -- Installing: C:/Users/Jorge/Documents/GitHub/ArtekmedRos2/ShellScripts/String_msgs_multiple_functions/install/string_node_manager/lib/string_node_manager/dotnet/System.Reflection.TypeExtensions.dll
[19.110s] -- Installing: C:/Users/Jorge/Documents/GitHub/ArtekmedRos2/ShellScripts/String_msgs_multiple_functions/install/string_node_manager/lib/string_node_manager/dotnet/System.Resources.Reader.dll
[19.125s] -- Installing: C:/Users/Jorge/Documents/GitHub/ArtekmedRos2/ShellScripts/String_msgs_multiple_functions/install/string_node_manager/lib/string_node_manager/dotnet/System.Resources.ResourceManager.dll
[19.141s] -- Installing: C:/Users/Jorge/Documents/GitHub/ArtekmedRos2/ShellScripts/String_msgs_multiple_functions/install/string_node_manager/lib/string_node_manager/dotnet/System.Resources.Writer.dll
[19.157s] -- Installing: C:/Users/Jorge/Documents/GitHub/ArtekmedRos2/ShellScripts/String_msgs_multiple_functions/install/string_node_manager/lib/string_node_manager/dotnet/System.Runtime.CompilerServices.VisualC.dll
[19.172s] -- Installing: C:/Users/Jorge/Documents/GitHub/ArtekmedRos2/ShellScripts/String_msgs_multiple_functions/install/string_node_manager/lib/string_node_manager/dotnet/System.Runtime.dll
[19.188s] -- Installing: C:/Users/Jorge/Documents/GitHub/ArtekmedRos2/ShellScripts/String_msgs_multiple_functions/install/string_node_manager/lib/string_node_manager/dotnet/System.Runtime.Extensions.dll
[19.203s] -- Installing: C:/Users/Jorge/Documents/GitHub/ArtekmedRos2/ShellScripts/String_msgs_multiple_functions/install/string_node_manager/lib/string_node_manager/dotnet/System.Runtime.Handles.dll
[19.219s] -- Installing: C:/Users/Jorge/Documents/GitHub/ArtekmedRos2/ShellScripts/String_msgs_multiple_functions/install/string_node_manager/lib/string_node_manager/dotnet/System.Runtime.InteropServices.dll
[19.235s] -- Installing: C:/Users/Jorge/Documents/GitHub/ArtekmedRos2/ShellScripts/String_msgs_multiple_functions/install/string_node_manager/lib/string_node_manager/dotnet/System.Runtime.InteropServices.RuntimeInformation.dll
[19.235s] -- Installing: C:/Users/Jorge/Documents/GitHub/ArtekmedRos2/ShellScripts/String_msgs_multiple_functions/install/string_node_manager/lib/string_node_manager/dotnet/System.Runtime.InteropServices.WindowsRuntime.dll
[19.250s] -- Installing: C:/Users/Jorge/Documents/GitHub/ArtekmedRos2/ShellScripts/String_msgs_multiple_functions/install/string_node_manager/lib/string_node_manager/dotnet/System.Runtime.Loader.dll
[19.266s] -- Installing: C:/Users/Jorge/Documents/GitHub/ArtekmedRos2/ShellScripts/String_msgs_multiple_functions/install/string_node_manager/lib/string_node_manager/dotnet/System.Runtime.Numerics.dll
[19.297s] -- Installing: C:/Users/Jorge/Documents/GitHub/ArtekmedRos2/ShellScripts/String_msgs_multiple_functions/install/string_node_manager/lib/string_node_manager/dotnet/System.Runtime.Serialization.dll
[19.313s] -- Installing: C:/Users/Jorge/Documents/GitHub/ArtekmedRos2/ShellScripts/String_msgs_multiple_functions/install/string_node_manager/lib/string_node_manager/dotnet/System.Runtime.Serialization.Formatters.dll
[19.328s] -- Installing: C:/Users/Jorge/Documents/GitHub/ArtekmedRos2/ShellScripts/String_msgs_multiple_functions/install/string_node_manager/lib/string_node_manager/dotnet/System.Runtime.Serialization.Json.dll
[19.344s] -- Installing: C:/Users/Jorge/Documents/GitHub/ArtekmedRos2/ShellScripts/String_msgs_multiple_functions/install/string_node_manager/lib/string_node_manager/dotnet/System.Runtime.Serialization.Primitives.dll
[19.344s] -- Installing: C:/Users/Jorge/Documents/GitHub/ArtekmedRos2/ShellScripts/String_msgs_multiple_functions/install/string_node_manager/lib/string_node_manager/dotnet/System.Runtime.Serialization.Xml.dll
[19.360s] -- Installing: C:/Users/Jorge/Documents/GitHub/ArtekmedRos2/ShellScripts/String_msgs_multiple_functions/install/string_node_manager/lib/string_node_manager/dotnet/System.Security.AccessControl.dll
[19.375s] -- Installing: C:/Users/Jorge/Documents/GitHub/ArtekmedRos2/ShellScripts/String_msgs_multiple_functions/install/string_node_manager/lib/string_node_manager/dotnet/System.Security.Claims.dll
[19.391s] -- Installing: C:/Users/Jorge/Documents/GitHub/ArtekmedRos2/ShellScripts/String_msgs_multiple_functions/install/string_node_manager/lib/string_node_manager/dotnet/System.Security.Cryptography.Algorithms.dll
[19.407s] -- Installing: C:/Users/Jorge/Documents/GitHub/ArtekmedRos2/ShellScripts/String_msgs_multiple_functions/install/string_node_manager/lib/string_node_manager/dotnet/System.Security.Cryptography.Cng.dll
[19.422s] -- Installing: C:/Users/Jorge/Documents/GitHub/ArtekmedRos2/ShellScripts/String_msgs_multiple_functions/install/string_node_manager/lib/string_node_manager/dotnet/System.Security.Cryptography.Csp.dll
[19.453s] -- Installing: C:/Users/Jorge/Documents/GitHub/ArtekmedRos2/ShellScripts/String_msgs_multiple_functions/install/string_node_manager/lib/string_node_manager/dotnet/System.Security.Cryptography.Encoding.dll
[19.453s] -- Installing: C:/Users/Jorge/Documents/GitHub/ArtekmedRos2/ShellScripts/String_msgs_multiple_functions/install/string_node_manager/lib/string_node_manager/dotnet/System.Security.Cryptography.OpenSsl.dll
[19.485s] -- Installing: C:/Users/Jorge/Documents/GitHub/ArtekmedRos2/ShellScripts/String_msgs_multiple_functions/install/string_node_manager/lib/string_node_manager/dotnet/System.Security.Cryptography.Primitives.dll
[19.500s] -- Installing: C:/Users/Jorge/Documents/GitHub/ArtekmedRos2/ShellScripts/String_msgs_multiple_functions/install/string_node_manager/lib/string_node_manager/dotnet/System.Security.Cryptography.X509Certificates.dll
[19.500s] -- Installing: C:/Users/Jorge/Documents/GitHub/ArtekmedRos2/ShellScripts/String_msgs_multiple_functions/install/string_node_manager/lib/string_node_manager/dotnet/System.Security.dll
[19.516s] -- Installing: C:/Users/Jorge/Documents/GitHub/ArtekmedRos2/ShellScripts/String_msgs_multiple_functions/install/string_node_manager/lib/string_node_manager/dotnet/System.Security.Principal.dll
[19.532s] -- Installing: C:/Users/Jorge/Documents/GitHub/ArtekmedRos2/ShellScripts/String_msgs_multiple_functions/install/string_node_manager/lib/string_node_manager/dotnet/System.Security.Principal.Windows.dll
[19.547s] -- Installing: C:/Users/Jorge/Documents/GitHub/ArtekmedRos2/ShellScripts/String_msgs_multiple_functions/install/string_node_manager/lib/string_node_manager/dotnet/System.Security.SecureString.dll
[19.563s] -- Installing: C:/Users/Jorge/Documents/GitHub/ArtekmedRos2/ShellScripts/String_msgs_multiple_functions/install/string_node_manager/lib/string_node_manager/dotnet/System.ServiceModel.Web.dll
[19.578s] -- Installing: C:/Users/Jorge/Documents/GitHub/ArtekmedRos2/ShellScripts/String_msgs_multiple_functions/install/string_node_manager/lib/string_node_manager/dotnet/System.ServiceProcess.dll
[19.594s] -- Installing: C:/Users/Jorge/Documents/GitHub/ArtekmedRos2/ShellScripts/String_msgs_multiple_functions/install/string_node_manager/lib/string_node_manager/dotnet/System.Text.Encoding.dll
[19.594s] -- Installing: C:/Users/Jorge/Documents/GitHub/ArtekmedRos2/ShellScripts/String_msgs_multiple_functions/install/string_node_manager/lib/string_node_manager/dotnet/System.Text.Encoding.Extensions.dll
[19.610s] -- Installing: C:/Users/Jorge/Documents/GitHub/ArtekmedRos2/ShellScripts/String_msgs_multiple_functions/install/string_node_manager/lib/string_node_manager/dotnet/System.Text.RegularExpressions.dll
[19.625s] -- Installing: C:/Users/Jorge/Documents/GitHub/ArtekmedRos2/ShellScripts/String_msgs_multiple_functions/install/string_node_manager/lib/string_node_manager/dotnet/System.Threading.dll
[19.641s] -- Installing: C:/Users/Jorge/Documents/GitHub/ArtekmedRos2/ShellScripts/String_msgs_multiple_functions/install/string_node_manager/lib/string_node_manager/dotnet/System.Threading.Overlapped.dll
[19.672s] -- Installing: C:/Users/Jorge/Documents/GitHub/ArtekmedRos2/ShellScripts/String_msgs_multiple_functions/install/string_node_manager/lib/string_node_manager/dotnet/System.Threading.Tasks.Dataflow.dll
[19.688s] -- Installing: C:/Users/Jorge/Documents/GitHub/ArtekmedRos2/ShellScripts/String_msgs_multiple_functions/install/string_node_manager/lib/string_node_manager/dotnet/System.Threading.Tasks.dll
[19.703s] -- Installing: C:/Users/Jorge/Documents/GitHub/ArtekmedRos2/ShellScripts/String_msgs_multiple_functions/install/string_node_manager/lib/string_node_manager/dotnet/System.Threading.Tasks.Extensions.dll
[19.735s] -- Installing: C:/Users/Jorge/Documents/GitHub/ArtekmedRos2/ShellScripts/String_msgs_multiple_functions/install/string_node_manager/lib/string_node_manager/dotnet/System.Threading.Tasks.Parallel.dll
[19.750s] -- Installing: C:/Users/Jorge/Documents/GitHub/ArtekmedRos2/ShellScripts/String_msgs_multiple_functions/install/string_node_manager/lib/string_node_manager/dotnet/System.Threading.Thread.dll
[19.766s] -- Installing: C:/Users/Jorge/Documents/GitHub/ArtekmedRos2/ShellScripts/String_msgs_multiple_functions/install/string_node_manager/lib/string_node_manager/dotnet/System.Threading.ThreadPool.dll
[19.766s] -- Installing: C:/Users/Jorge/Documents/GitHub/ArtekmedRos2/ShellScripts/String_msgs_multiple_functions/install/string_node_manager/lib/string_node_manager/dotnet/System.Threading.Timer.dll
[19.782s] -- Installing: C:/Users/Jorge/Documents/GitHub/ArtekmedRos2/ShellScripts/String_msgs_multiple_functions/install/string_node_manager/lib/string_node_manager/dotnet/System.Transactions.dll
[19.797s] -- Installing: C:/Users/Jorge/Documents/GitHub/ArtekmedRos2/ShellScripts/String_msgs_multiple_functions/install/string_node_manager/lib/string_node_manager/dotnet/System.Transactions.Local.dll
[19.797s] -- Installing: C:/Users/Jorge/Documents/GitHub/ArtekmedRos2/ShellScripts/String_msgs_multiple_functions/install/string_node_manager/lib/string_node_manager/dotnet/System.ValueTuple.dll
[19.813s] -- Installing: C:/Users/Jorge/Documents/GitHub/ArtekmedRos2/ShellScripts/String_msgs_multiple_functions/install/string_node_manager/lib/string_node_manager/dotnet/System.Web.dll
[19.828s] -- Installing: C:/Users/Jorge/Documents/GitHub/ArtekmedRos2/ShellScripts/String_msgs_multiple_functions/install/string_node_manager/lib/string_node_manager/dotnet/System.Web.HttpUtility.dll
[19.844s] -- Installing: C:/Users/Jorge/Documents/GitHub/ArtekmedRos2/ShellScripts/String_msgs_multiple_functions/install/string_node_manager/lib/string_node_manager/dotnet/System.Windows.dll
[19.860s] -- Installing: C:/Users/Jorge/Documents/GitHub/ArtekmedRos2/ShellScripts/String_msgs_multiple_functions/install/string_node_manager/lib/string_node_manager/dotnet/System.Xml.dll
[19.860s] -- Installing: C:/Users/Jorge/Documents/GitHub/ArtekmedRos2/ShellScripts/String_msgs_multiple_functions/install/string_node_manager/lib/string_node_manager/dotnet/System.Xml.Linq.dll
[19.891s] -- Installing: C:/Users/Jorge/Documents/GitHub/ArtekmedRos2/ShellScripts/String_msgs_multiple_functions/install/string_node_manager/lib/string_node_manager/dotnet/System.Xml.ReaderWriter.dll
[19.907s] -- Installing: C:/Users/Jorge/Documents/GitHub/ArtekmedRos2/ShellScripts/String_msgs_multiple_functions/install/string_node_manager/lib/string_node_manager/dotnet/System.Xml.Serialization.dll
[19.922s] -- Installing: C:/Users/Jorge/Documents/GitHub/ArtekmedRos2/ShellScripts/String_msgs_multiple_functions/install/string_node_manager/lib/string_node_manager/dotnet/System.Xml.XDocument.dll
[19.922s] -- Installing: C:/Users/Jorge/Documents/GitHub/ArtekmedRos2/ShellScripts/String_msgs_multiple_functions/install/string_node_manager/lib/string_node_manager/dotnet/System.Xml.XmlDocument.dll
[19.938s] -- Installing: C:/Users/Jorge/Documents/GitHub/ArtekmedRos2/ShellScripts/String_msgs_multiple_functions/install/string_node_manager/lib/string_node_manager/dotnet/System.Xml.XmlSerializer.dll
[19.953s] -- Installing: C:/Users/Jorge/Documents/GitHub/ArtekmedRos2/ShellScripts/String_msgs_multiple_functions/install/string_node_manager/lib/string_node_manager/dotnet/System.Xml.XPath.dll
[19.969s] -- Installing: C:/Users/Jorge/Documents/GitHub/ArtekmedRos2/ShellScripts/String_msgs_multiple_functions/install/string_node_manager/lib/string_node_manager/dotnet/System.Xml.XPath.XDocument.dll
[20.000s] -- Installing: C:/Users/Jorge/Documents/GitHub/ArtekmedRos2/ShellScripts/String_msgs_multiple_functions/install/string_node_manager/lib/string_node_manager/dotnet/ucrtbase.dll
[20.016s] -- Installing: C:/Users/Jorge/Documents/GitHub/ArtekmedRos2/ShellScripts/String_msgs_multiple_functions/install/string_node_manager/lib/string_node_manager/dotnet/WindowsBase.dll
[20.016s] -- Installing: C:/Users/Jorge/Documents/GitHub/ArtekmedRos2/ShellScripts/String_msgs_multiple_functions/install/string_node_manager/lib/string_node_manager/string_node_manager.bat
[20.032s] -- Installing: C:/Users/Jorge/Documents/GitHub/ArtekmedRos2/ShellScripts/String_msgs_multiple_functions/install/string_node_manager/share/ament_index/resource_index/package_run_dependencies/string_node_manager
[20.032s] -- Installing: C:/Users/Jorge/Documents/GitHub/ArtekmedRos2/ShellScripts/String_msgs_multiple_functions/install/string_node_manager/share/ament_index/resource_index/parent_prefix_path/string_node_manager
[20.032s] -- Installing: C:/Users/Jorge/Documents/GitHub/ArtekmedRos2/ShellScripts/String_msgs_multiple_functions/install/string_node_manager/share/string_node_manager/environment/ament_prefix_path.bat
[20.047s] -- Installing: C:/Users/Jorge/Documents/GitHub/ArtekmedRos2/ShellScripts/String_msgs_multiple_functions/install/string_node_manager/share/string_node_manager/environment/ament_prefix_path.dsv
[20.047s] -- Installing: C:/Users/Jorge/Documents/GitHub/ArtekmedRos2/ShellScripts/String_msgs_multiple_functions/install/string_node_manager/share/string_node_manager/environment/path.bat
[20.047s] -- Installing: C:/Users/Jorge/Documents/GitHub/ArtekmedRos2/ShellScripts/String_msgs_multiple_functions/install/string_node_manager/share/string_node_manager/environment/path.dsv
[20.063s] -- Installing: C:/Users/Jorge/Documents/GitHub/ArtekmedRos2/ShellScripts/String_msgs_multiple_functions/install/string_node_manager/share/string_node_manager/local_setup.bat
[20.063s] -- Installing: C:/Users/Jorge/Documents/GitHub/ArtekmedRos2/ShellScripts/String_msgs_multiple_functions/install/string_node_manager/share/string_node_manager/local_setup.dsv
[20.063s] -- Installing: C:/Users/Jorge/Documents/GitHub/ArtekmedRos2/ShellScripts/String_msgs_multiple_functions/install/string_node_manager/share/string_node_manager/package.dsv
[20.078s] -- Installing: C:/Users/Jorge/Documents/GitHub/ArtekmedRos2/ShellScripts/String_msgs_multiple_functions/install/string_node_manager/share/ament_index/resource_index/packages/string_node_manager
[20.078s] -- Installing: C:/Users/Jorge/Documents/GitHub/ArtekmedRos2/ShellScripts/String_msgs_multiple_functions/install/string_node_manager/share/string_node_manager/cmake/string_node_managerConfig.cmake
[20.078s] -- Installing: C:/Users/Jorge/Documents/GitHub/ArtekmedRos2/ShellScripts/String_msgs_multiple_functions/install/string_node_manager/share/string_node_manager/cmake/string_node_managerConfig-version.cmake
[20.078s] -- Installing: C:/Users/Jorge/Documents/GitHub/ArtekmedRos2/ShellScripts/String_msgs_multiple_functions/install/string_node_manager/share/string_node_manager/package.xml
[20.094s] Invoked command in 'C:\Users\Jorge\Documents\GitHub\ArtekmedRos2\ShellScripts\String_msgs_multiple_functions\build\string_node_manager' returned '0': CMAKE_PREFIX_PATH=%CMAKE_PREFIX_PATH%;c:\opt\ros2_dotnet_ws\install\sensor_msgs_py c:\opt\ros\foxy\x64\Scripts\cmake.EXE --install C:\Users\Jorge\Documents\GitHub\ArtekmedRos2\ShellScripts\String_msgs_multiple_functions\build\string_node_manager --config Release
