[0.000000] (-) TimerEvent: {}
[0.000000] (node_manager_trial) JobQueued: {'identifier': 'node_manager_trial', 'dependencies': OrderedDict()}
[0.000000] (node_manager_trial) JobStarted: {'identifier': 'node_manager_trial'}
[0.109000] (-) TimerEvent: {}
[0.234000] (-) TimerEvent: {}
[0.344000] (-) TimerEvent: {}
[0.453000] (-) TimerEvent: {}
[0.562000] (-) TimerEvent: {}
[0.672000] (-) TimerEvent: {}
[0.781000] (-) TimerEvent: {}
[0.890000] (-) TimerEvent: {}
[1.000000] (-) TimerEvent: {}
[1.109000] (-) TimerEvent: {}
[1.219000] (-) TimerEvent: {}
[1.328000] (-) TimerEvent: {}
[1.437000] (-) TimerEvent: {}
[1.547000] (-) TimerEvent: {}
[1.656000] (-) TimerEvent: {}
[1.765000] (-) TimerEvent: {}
[1.875000] (-) TimerEvent: {}
[1.984000] (-) TimerEvent: {}
[2.094000] (-) TimerEvent: {}
[2.203000] (-) TimerEvent: {}
[2.312000] (-) TimerEvent: {}
[2.422000] (-) TimerEvent: {}
[2.531000] (-) TimerEvent: {}
[2.640000] (-) TimerEvent: {}
[2.750000] (-) TimerEvent: {}
[2.859000] (-) TimerEvent: {}
[2.984000] (-) TimerEvent: {}
[3.094000] (-) TimerEvent: {}
[3.203000] (-) TimerEvent: {}
[3.312000] (-) TimerEvent: {}
[3.422000] (-) TimerEvent: {}
[3.437000] (node_manager_trial) Command: {'cmd': ['c:\\opt\\ros\\foxy\\x64\\python.exe', 'setup.py', 'egg_info', '--egg-base', 'C:\\Users\\Jorge\\Documents\\GitHub\\ArtekmedRos2\\Python\\node_manager_trial\\build\\node_manager_trial', 'build', '--build-base', 'C:\\Users\\Jorge\\Documents\\GitHub\\ArtekmedRos2\\Python\\node_manager_trial\\build\\node_manager_trial\\build', 'install', '--prefix', 'C:\\Users\\Jorge\\Documents\\GitHub\\ArtekmedRos2\\Python\\node_manager_trial\\install\\node_manager_trial', '--record', 'C:\\Users\\Jorge\\Documents\\GitHub\\ArtekmedRos2\\Python\\node_manager_trial\\build\\node_manager_trial\\install.log', '--single-version-externally-managed'], 'cwd': 'C:\\Users\\Jorge\\Documents\\GitHub\\ArtekmedRos2\\Python\\node_manager_trial', 'env': {'ALLUSERSPROFILE': 'C:\\ProgramData', 'AMENT_PREFIX_PATH': 'C:\\Users\\Jorge\\Documents\\GitHub\\ArtekmedRos2\\Python\\node_manager_trial\\install\\node_manager_trial;c:\\opt\\ros2_dotnet_ws\\install\\common_interfaces;c:\\opt\\ros2_dotnet_ws\\install\\visualization_msgs;c:\\opt\\ros2_dotnet_ws\\install\\test_msgs;c:\\opt\\ros2_dotnet_ws\\install\\action_msgs;c:\\opt\\ros2_dotnet_ws\\install\\unique_identifier_msgs;c:\\opt\\ros2_dotnet_ws\\install\\trajectory_msgs;c:\\opt\\ros2_dotnet_ws\\install\\test_interface_files;c:\\opt\\ros2_dotnet_ws\\install\\stereo_msgs;c:\\opt\\ros2_dotnet_ws\\install\\std_srvs;c:\\opt\\ros2_dotnet_ws\\install\\shape_msgs;c:\\opt\\ros2_dotnet_ws\\install\\sensor_msgs_py;c:\\opt\\ros2_dotnet_ws\\install\\rcldotnet_examples;c:\\opt\\ros2_dotnet_ws\\install\\sensor_msgs;c:\\opt\\ros2_dotnet_ws\\install\\nav_msgs;c:\\opt\\ros2_dotnet_ws\\install\\diagnostic_msgs;c:\\opt\\ros2_dotnet_ws\\install\\geometry_msgs;c:\\opt\\ros2_dotnet_ws\\install\\actionlib_msgs;c:\\opt\\ros2_dotnet_ws\\install\\std_msgs;c:\\opt\\ros2_dotnet_ws\\install\\statistics_msgs;c:\\opt\\ros2_dotnet_ws\\install\\rosgraph_msgs;c:\\opt\\ros2_dotnet_ws\\install\\composition_interfaces;c:\\opt\\ros2_dotnet_ws\\install\\rcl_interfaces;c:\\opt\\ros2_dotnet_ws\\install\\lifecycle_msgs;c:\\opt\\ros2_dotnet_ws\\install\\builtin_interfaces;c:\\opt\\ros2_dotnet_ws\\install\\rosidl_default_runtime;c:\\opt\\ros2_dotnet_ws\\install\\rosidl_default_generators;c:\\opt\\ros2_dotnet_ws\\install\\rosidl_typesupport_introspection_cpp;c:\\opt\\ros2_dotnet_ws\\install\\rosidl_typesupport_introspection_c;c:\\opt\\ros2_dotnet_ws\\install\\rosidl_generator_dotnet;c:\\opt\\ros2_dotnet_ws\\install\\rosidl_runtime_c;c:\\opt\\ros2_dotnet_ws\\install\\rosidl_generator_cpp;c:\\opt\\ros2_dotnet_ws\\install\\rcldotnet;c:\\opt\\ros2_dotnet_ws\\install\\rosidl_generator_c;c:\\opt\\ros2_dotnet_ws\\install\\rosidl_typesupport_interface;c:\\opt\\ros2_dotnet_ws\\install\\rosidl_runtime_cpp;c:\\opt\\ros2_dotnet_ws\\install\\rcldotnet_common;c:\\opt\\ros2_dotnet_ws\\install\\rosidl_cmake;c:\\opt\\ros2_dotnet_ws\\install\\rosidl_parser;c:\\opt\\ros2_dotnet_ws\\install\\rosidl_adapter;c:\\opt\\ros2_dotnet_ws\\install\\dotnet_cmake_module;c:\\opt\\ros2_dotnet_ws\\install\\ament_cmake_export_assemblies;c:\\opt\\ros\\foxy\\x64', 'APPDATA': 'C:\\Users\\Jorge\\AppData\\Roaming', 'ChocolateyInstall': 'C:\\ProgramData\\chocolatey', 'ChocolateyLastPathUpdate': '132865681271927008', 'CMAKE_PREFIX_PATH': 'c:\\opt\\ros2_dotnet_ws\\install\\common_interfaces;c:\\opt\\ros2_dotnet_ws\\install\\visualization_msgs;c:\\opt\\ros2_dotnet_ws\\install\\test_msgs;c:\\opt\\ros2_dotnet_ws\\install\\action_msgs;c:\\opt\\ros2_dotnet_ws\\install\\unique_identifier_msgs;c:\\opt\\ros2_dotnet_ws\\install\\trajectory_msgs;c:\\opt\\ros2_dotnet_ws\\install\\test_interface_files;c:\\opt\\ros2_dotnet_ws\\install\\stereo_msgs;c:\\opt\\ros2_dotnet_ws\\install\\std_srvs;c:\\opt\\ros2_dotnet_ws\\install\\shape_msgs;c:\\opt\\ros2_dotnet_ws\\install\\rcldotnet_examples;c:\\opt\\ros2_dotnet_ws\\install\\sensor_msgs;c:\\opt\\ros2_dotnet_ws\\install\\nav_msgs;c:\\opt\\ros2_dotnet_ws\\install\\diagnostic_msgs;c:\\opt\\ros2_dotnet_ws\\install\\geometry_msgs;c:\\opt\\ros2_dotnet_ws\\install\\actionlib_msgs;c:\\opt\\ros2_dotnet_ws\\install\\std_msgs;c:\\opt\\ros2_dotnet_ws\\install\\statistics_msgs;c:\\opt\\ros2_dotnet_ws\\install\\rosgraph_msgs;c:\\opt\\ros2_dotnet_ws\\install\\composition_interfaces;c:\\opt\\ros2_dotnet_ws\\install\\rcl_interfaces;c:\\opt\\ros2_dotnet_ws\\install\\lifecycle_msgs;c:\\opt\\ros2_dotnet_ws\\install\\builtin_interfaces;c:\\opt\\ros2_dotnet_ws\\install\\rosidl_default_runtime;c:\\opt\\ros2_dotnet_ws\\install\\rosidl_default_generators;c:\\opt\\ros2_dotnet_ws\\install\\rosidl_typesupport_introspection_cpp;c:\\opt\\ros2_dotnet_ws\\install\\rosidl_typesupport_introspection_c;c:\\opt\\ros2_dotnet_ws\\install\\rosidl_generator_dotnet;c:\\opt\\ros2_dotnet_ws\\install\\rosidl_runtime_c;c:\\opt\\ros2_dotnet_ws\\install\\rosidl_generator_cpp;c:\\opt\\ros2_dotnet_ws\\install\\rcldotnet;c:\\opt\\ros2_dotnet_ws\\install\\rosidl_generator_c;c:\\opt\\ros2_dotnet_ws\\install\\rosidl_typesupport_interface;c:\\opt\\ros2_dotnet_ws\\install\\rosidl_runtime_cpp;c:\\opt\\ros2_dotnet_ws\\install\\rcldotnet_common;c:\\opt\\ros2_dotnet_ws\\install\\rosidl_cmake;c:\\opt\\ros2_dotnet_ws\\install\\rosidl_parser;c:\\opt\\ros2_dotnet_ws\\install\\rosidl_adapter;c:\\opt\\ros2_dotnet_ws\\install\\dotnet_cmake_module;c:\\opt\\ros2_dotnet_ws\\install\\ament_cmake_export_assemblies;C:\\opt\\ros\\foxy\\x64\\tools\\vcpkg\\installed\\x64-windows;c:\\opt\\ros\\foxy\\x64', 'COLCON': '1', 'COLCON_PREFIX_PATH': 'C:\\Users\\Jorge\\Documents\\GitHub\\ArtekmedRos2\\Python\\node_manager_trial\\install\\;c:\\opt\\ros2_dotnet_ws\\install\\;c:\\opt\\ros\\foxy\\x64\\', 'CommonProgramFiles': 'C:\\Program Files\\Common Files', 'CommonProgramFiles(x86)': 'C:\\Program Files (x86)\\Common Files', 'CommonProgramW6432': 'C:\\Program Files\\Common Files', 'COMPUTERNAME': 'LAPTOP-DQCNTER4', 'ComSpec': 'C:\\WINDOWS\\system32\\cmd.exe', 'CONDA_BAT': 'C:\\Users\\Jorge\\anaconda3\\condabin\\conda.bat', 'CONDA_EXE': 'C:\\Users\\Jorge\\anaconda3\\Scripts\\conda.exe', 'CONDA_SHLVL': '0', 'DriverData': 'C:\\Windows\\System32\\Drivers\\DriverData', 'FPS_BROWSER_APP_PROFILE_STRING': 'Internet Explorer', 'FPS_BROWSER_USER_PROFILE_STRING': 'Default', 'git': 'C:\\Program Files\\Git\\cmd', 'GTK_BASEPATH': 'C:\\Program Files (x86)\\GtkSharp\\2.12\\', 'HOMEDRIVE': 'C:', 'HOMEPATH': '\\Users\\Jorge', 'IMFUSION_SDK': 'C:\\Program Files\\ImFusion\\ImFusion Suite\\', 'INTEL_DEV_REDIST': 'C:\\Program Files (x86)\\Common Files\\Intel\\Shared Libraries\\', 'JAVA_HOME': 'C:\\Program Files\\Java\\jdk1.8.0_201', 'LOCALAPPDATA': 'C:\\Users\\Jorge\\AppData\\Local', 'LOGONSERVER': '\\\\LAPTOP-DQCNTER4', 'make': 'C:\\ProgramData\\chocolatey\\bin\\make.exe', 'MIC_LD_LIBRARY_PATH': 'C:\\Program Files (x86)\\Common Files\\Intel\\Shared Libraries\\compiler\\lib\\mic', 'NUMBER_OF_PROCESSORS': '8', 'OneDrive': 'C:\\Users\\Jorge\\OneDrive', 'OneDriveConsumer': 'C:\\Users\\Jorge\\OneDrive', 'OPENCV_DIR': 'C:\\opencv\\opencv_win\\opencv\\build\\x64\\vc15', 'OPENSSL_CONF': 'C:\\Program Files\\OpenSSL-Win64\\bin\\openssl.cfg', 'OS': 'Windows_NT', 'Path': 'c:\\opt\\ros\\foxy\\x64\\;c:\\opt\\ros2_dotnet_ws\\install\\visualization_msgs\\bin;c:\\opt\\ros2_dotnet_ws\\install\\test_msgs\\bin;c:\\opt\\ros2_dotnet_ws\\install\\action_msgs\\bin;c:\\opt\\ros2_dotnet_ws\\install\\unique_identifier_msgs\\bin;c:\\opt\\ros2_dotnet_ws\\install\\trajectory_msgs\\bin;c:\\opt\\ros2_dotnet_ws\\install\\stereo_msgs\\bin;c:\\opt\\ros2_dotnet_ws\\install\\std_srvs\\bin;c:\\opt\\ros2_dotnet_ws\\install\\shape_msgs\\bin;c:\\opt\\ros2_dotnet_ws\\install\\sensor_msgs\\bin;c:\\opt\\ros2_dotnet_ws\\install\\nav_msgs\\bin;c:\\opt\\ros2_dotnet_ws\\install\\diagnostic_msgs\\bin;c:\\opt\\ros2_dotnet_ws\\install\\geometry_msgs\\bin;c:\\opt\\ros2_dotnet_ws\\install\\actionlib_msgs\\bin;c:\\opt\\ros2_dotnet_ws\\install\\std_msgs\\bin;c:\\opt\\ros2_dotnet_ws\\install\\statistics_msgs\\bin;c:\\opt\\ros2_dotnet_ws\\install\\rosgraph_msgs\\bin;c:\\opt\\ros2_dotnet_ws\\install\\composition_interfaces\\bin;c:\\opt\\ros2_dotnet_ws\\install\\rcl_interfaces\\bin;c:\\opt\\ros2_dotnet_ws\\install\\lifecycle_msgs\\bin;c:\\opt\\ros2_dotnet_ws\\install\\builtin_interfaces\\bin;c:\\opt\\ros2_dotnet_ws\\install\\rosidl_typesupport_introspection_cpp\\bin;c:\\opt\\ros2_dotnet_ws\\install\\rosidl_typesupport_introspection_c\\bin;c:\\opt\\ros2_dotnet_ws\\install\\rosidl_runtime_c\\bin;c:\\opt\\ros2_dotnet_ws\\install\\rcldotnet\\bin;c:\\opt\\ros\\foxy\\x64\\opt\\rviz_ogre_vendor\\bin;C:\\opt\\ros\\foxy\\x64\\tools\\vcpkg\\installed\\x64-windows\\bin;C:\\opt\\ros\\foxy\\x64\\tools\\vcpkg;c:\\opt\\ros\\foxy\\x64\\Scripts;c:\\opt\\ros\\foxy\\x64\\bin;C:\\Users\\Jorge\\anaconda3\\condabin;C:\\Python311\\Scripts\\;C:\\Python311\\;C:\\Program Files\\Conan\\conan;C:\\Program Files (x86)\\Common Files\\Oracle\\Java\\javapath;C:\\Program Files (x86)\\Common Files\\Intel\\Shared Libraries\\redist\\intel64\\compiler;C:\\WINDOWS\\system32;C:\\WINDOWS;C:\\WINDOWS\\System32\\Wbem;C:\\WINDOWS\\System32\\WindowsPowerShell\\v1.0\\;C:\\WINDOWS\\System32\\OpenSSH\\;C:\\Program Files\\MATLAB\\R2019a\\bin;C:\\Program Files\\WireGuard\\;C:\\Program Files\\AutoFirma\\AutoFirma;C:\\Program Files\\dotnet\\;C:\\HashiCorp\\Vagrant\\bin;C:\\opencv\\OpenCV-MinGW-Build-OpenCV-4.1.1-x64\\x64\\mingw\\bin;C:\\mingw-w64\\x86_64-8.1.0-posix-seh-rt_v6-rev0;C:\\mingw-w64\\x86_64-8.1.0-posix-seh-rt_v6-rev0\\mingw64\\bin;C:\\opencv\\OpenCV-MinGW-Build-OpenCV-4.1.1-x64\\include;C:\\opencv\\opencv_win\\opencv\\build\\x64\\vc15\\bin;C:\\ProgramData\\chocolatey\\bin;C:\\WINDOWS\\system32;C:\\WINDOWS;C:\\WINDOWS\\System32\\Wbem;C:\\WINDOWS\\System32\\WindowsPowerShell\\v1.0\\;C:\\WINDOWS\\System32\\OpenSSH\\;C:\\Program Files (x86)\\GtkSharp\\2.12\\bin;C:\\Program Files\\Docker\\Docker\\resources\\bin;C:\\Program Files\\Git\\cmd;C:\\Program Files\\nodejs\\;C:\\Users\\Jorge\\AppData\\Roaming\\Python\\Python38\\Scripts;C:\\Program Files\\PowerShell\\7\\;C:\\Users\\Jorge\\AppData\\Local\\Programs\\Python\\Python37\\Scripts\\;C:\\Users\\Jorge\\AppData\\Local\\Programs\\Python\\Python37\\;C:\\Users\\Jorge\\AppData\\Local\\Microsoft\\WindowsApps;C:\\Program Files\\Java\\jre1.8.0_201;C:\\Program Files\\Java\\jdk1.8.0_201;C:\\Program Files\\KlustaViewa\\WinPython-64bit-2.7.6.4\\python-2.7.6.amd64\\Scripts\\klusta.exe;C:\\Users\\Jorge\\anaconda3;C:\\ffmpeg;C:\\Manim\\Manim\\manim;C:\\Users\\Jorge\\AppData\\Local\\atom\\bin;C:\\Users\\Jorge\\.dotnet\\tools;C:\\mingw\\mingw64\\bin;C:\\Users\\Jorge\\anaconda3\\scripts;C:\\Users\\Jorge\\AppData\\Local\\Programs\\Microsoft VS Code\\bin;C:\\Program Files\\CMake\\bin;C:\\Users\\Jorge\\AppData\\Local\\Microsoft\\WindowsApps;C:\\Users\\Jorge\\GDrive\\Universidad\\ai1;C:\\Users\\Jorge\\AppData\\Roaming\\npm;C:\\Users\\Jorge\\AppData\\Local\\Programs\\mongosh\\;C:\\Users\\Jorge\\Downloads\\Json130r2\\Bin\\net20', 'PATHEXT': '.COM;.EXE;.BAT;.CMD;.VBS;.VBE;.JS;.JSE;.WSF;.WSH;.MSC;.PY;.PYW', 'PKG_CONFIG_PATH': 'c:\\opt\\ros\\foxy\\x64\\lib\\pkgconfig', 'POWERSHELL_DISTRIBUTION_CHANNEL': 'MSI:Windows 10 Home', 'PROCESSOR_ARCHITECTURE': 'AMD64', 'PROCESSOR_IDENTIFIER': 'Intel64 Family 6 Model 142 Stepping 12, GenuineIntel', 'PROCESSOR_LEVEL': '6', 'PROCESSOR_REVISION': '8e0c', 'ProgramData': 'C:\\ProgramData', 'ProgramFiles': 'C:\\Program Files', 'ProgramFiles(x86)': 'C:\\Program Files (x86)', 'ProgramW6432': 'C:\\Program Files', 'PROMPT': '$P$G', 'PSModulePath': '%ProgramFiles%\\WindowsPowerShell\\Modules;C:\\WINDOWS\\system32\\WindowsPowerShell\\v1.0\\Modules', 'PUBLIC': 'C:\\Users\\Public', 'PYTHONPATH': 'C:\\Users\\Jorge\\Documents\\GitHub\\ArtekmedRos2\\Python\\node_manager_trial\\install\\node_manager_trial\\Lib\\site-packages;C:\\Users\\Jorge\\Documents\\GitHub\\ArtekmedRos2\\Python\\node_manager_trial\\install\\node_manager_trial\\Lib\\site-packages;c:\\opt\\ros2_dotnet_ws\\install\\visualization_msgs\\Lib\\site-packages;c:\\opt\\ros2_dotnet_ws\\install\\test_msgs\\Lib\\site-packages;c:\\opt\\ros2_dotnet_ws\\install\\action_msgs\\Lib\\site-packages;c:\\opt\\ros2_dotnet_ws\\install\\unique_identifier_msgs\\Lib\\site-packages;c:\\opt\\ros2_dotnet_ws\\install\\trajectory_msgs\\Lib\\site-packages;c:\\opt\\ros2_dotnet_ws\\install\\stereo_msgs\\Lib\\site-packages;c:\\opt\\ros2_dotnet_ws\\install\\std_srvs\\Lib\\site-packages;c:\\opt\\ros2_dotnet_ws\\install\\shape_msgs\\Lib\\site-packages;c:\\opt\\ros2_dotnet_ws\\install\\sensor_msgs_py\\Lib\\site-packages;c:\\opt\\ros2_dotnet_ws\\install\\sensor_msgs\\Lib\\site-packages;c:\\opt\\ros2_dotnet_ws\\install\\nav_msgs\\Lib\\site-packages;c:\\opt\\ros2_dotnet_ws\\install\\diagnostic_msgs\\Lib\\site-packages;c:\\opt\\ros2_dotnet_ws\\install\\geometry_msgs\\Lib\\site-packages;c:\\opt\\ros2_dotnet_ws\\install\\actionlib_msgs\\Lib\\site-packages;c:\\opt\\ros2_dotnet_ws\\install\\std_msgs\\Lib\\site-packages;c:\\opt\\ros2_dotnet_ws\\install\\statistics_msgs\\Lib\\site-packages;c:\\opt\\ros2_dotnet_ws\\install\\rosgraph_msgs\\Lib\\site-packages;c:\\opt\\ros2_dotnet_ws\\install\\composition_interfaces\\Lib\\site-packages;c:\\opt\\ros2_dotnet_ws\\install\\rcl_interfaces\\Lib\\site-packages;c:\\opt\\ros2_dotnet_ws\\install\\lifecycle_msgs\\Lib\\site-packages;c:\\opt\\ros2_dotnet_ws\\install\\builtin_interfaces\\Lib\\site-packages;c:\\opt\\ros2_dotnet_ws\\install\\rosidl_typesupport_introspection_cpp\\Lib\\site-packages;c:\\opt\\ros2_dotnet_ws\\install\\rosidl_typesupport_introspection_c\\Lib\\site-packages;c:\\opt\\ros2_dotnet_ws\\install\\rosidl_generator_dotnet\\Lib\\site-packages;c:\\opt\\ros2_dotnet_ws\\install\\rosidl_generator_cpp\\Lib\\site-packages;c:\\opt\\ros2_dotnet_ws\\install\\rosidl_generator_c\\Lib\\site-packages;c:\\opt\\ros2_dotnet_ws\\install\\rosidl_cmake\\Lib\\site-packages;c:\\opt\\ros2_dotnet_ws\\install\\rosidl_parser\\Lib\\site-packages;c:\\opt\\ros2_dotnet_ws\\install\\rosidl_adapter\\Lib\\site-packages;c:\\opt\\ros\\foxy\\x64\\Lib\\site-packages', 'ROS_DISTRO': 'foxy', 'ROS_ETC_DIR': 'C:\\opt\\ros\\foxy\\x64\\etc\\ros', 'ROS_LOCALHOST_ONLY': '0', 'ROS_PYTHON_VERSION': '3', 'ROS_VERSION': '2', 'SDF_PATH': 'C:\\opt\\ros\\foxy\\x64\\share\\sdformat\\1.6', 'SESSIONNAME': 'Console', 'SystemDrive': 'C:', 'SystemRoot': 'C:\\WINDOWS', 'TEMP': 'C:\\Users\\Jorge\\AppData\\Local\\Temp', 'TMP': 'C:\\Users\\Jorge\\AppData\\Local\\Temp', 'USERDOMAIN': 'LAPTOP-DQCNTER4', 'USERDOMAIN_ROAMINGPROFILE': 'LAPTOP-DQCNTER4', 'USERNAME': 'Jorge', 'USERPROFILE': 'C:\\Users\\Jorge', 'VBOX_MSI_INSTALL_PATH': 'C:\\Program Files\\Oracle\\VirtualBox\\', 'VCPKG_DEFAULT_TRIPLET': 'x64-windows', 'VCPKG_ROOT': 'C:\\opt\\ros\\foxy\\x64\\tools\\vcpkg', 'windir': 'C:\\WINDOWS', 'ZES_ENABLE_SYSMAN': '1'}, 'shell': False}
[3.547000] (-) TimerEvent: {}
[3.656000] (-) TimerEvent: {}
[3.765000] (-) TimerEvent: {}
[3.875000] (-) TimerEvent: {}
[3.984000] (-) TimerEvent: {}
[4.094000] (-) TimerEvent: {}
[4.203000] (-) TimerEvent: {}
[4.312000] (-) TimerEvent: {}
[4.422000] (-) TimerEvent: {}
[4.531000] (-) TimerEvent: {}
[4.640000] (-) TimerEvent: {}
[4.750000] (-) TimerEvent: {}
[4.859000] (-) TimerEvent: {}
[4.969000] (-) TimerEvent: {}
[5.078000] (-) TimerEvent: {}
[5.187000] (-) TimerEvent: {}
[5.297000] (-) TimerEvent: {}
[5.406000] (-) TimerEvent: {}
[5.515000] (-) TimerEvent: {}
[5.625000] (-) TimerEvent: {}
[5.734000] (-) TimerEvent: {}
[5.844000] (-) TimerEvent: {}
[5.953000] (-) TimerEvent: {}
[6.031000] (node_manager_trial) StdoutLine: {'line': b'running egg_info\r\n'}
[6.031000] (node_manager_trial) StdoutLine: {'line': b'writing C:\\Users\\Jorge\\Documents\\GitHub\\ArtekmedRos2\\Python\\node_manager_trial\\build\\node_manager_trial\\node_manager_trial.egg-info\\PKG-INFO\r\n'}
[6.031000] (node_manager_trial) StdoutLine: {'line': b'writing dependency_links to C:\\Users\\Jorge\\Documents\\GitHub\\ArtekmedRos2\\Python\\node_manager_trial\\build\\node_manager_trial\\node_manager_trial.egg-info\\dependency_links.txt\r\n'}
[6.047000] (node_manager_trial) StdoutLine: {'line': b'writing entry points to C:\\Users\\Jorge\\Documents\\GitHub\\ArtekmedRos2\\Python\\node_manager_trial\\build\\node_manager_trial\\node_manager_trial.egg-info\\entry_points.txt\r\n'}
[6.047000] (node_manager_trial) StdoutLine: {'line': b'writing requirements to C:\\Users\\Jorge\\Documents\\GitHub\\ArtekmedRos2\\Python\\node_manager_trial\\build\\node_manager_trial\\node_manager_trial.egg-info\\requires.txt\r\n'}
[6.047000] (node_manager_trial) StdoutLine: {'line': b'writing top-level names to C:\\Users\\Jorge\\Documents\\GitHub\\ArtekmedRos2\\Python\\node_manager_trial\\build\\node_manager_trial\\node_manager_trial.egg-info\\top_level.txt\r\n'}
[6.062000] (-) TimerEvent: {}
[6.156000] (node_manager_trial) StdoutLine: {'line': b"reading manifest file 'C:\\Users\\Jorge\\Documents\\GitHub\\ArtekmedRos2\\Python\\node_manager_trial\\build\\node_manager_trial\\node_manager_trial.egg-info\\SOURCES.txt'\r\n"}
[6.172000] (-) TimerEvent: {}
[6.203000] (node_manager_trial) StdoutLine: {'line': b"writing manifest file 'C:\\Users\\Jorge\\Documents\\GitHub\\ArtekmedRos2\\Python\\node_manager_trial\\build\\node_manager_trial\\node_manager_trial.egg-info\\SOURCES.txt'\r\n"}
[6.203000] (node_manager_trial) StdoutLine: {'line': b'running build\r\n'}
[6.203000] (node_manager_trial) StdoutLine: {'line': b'running build_py\r\n'}
[6.203000] (node_manager_trial) StdoutLine: {'line': b'copying node_manager_trial\\node_manager_trial.py -> C:\\Users\\Jorge\\Documents\\GitHub\\ArtekmedRos2\\Python\\node_manager_trial\\build\\node_manager_trial\\build\\lib\\node_manager_trial\r\n'}
[6.234000] (node_manager_trial) StdoutLine: {'line': b'running install\r\n'}
[6.234000] (node_manager_trial) StdoutLine: {'line': b'running install_lib\r\n'}
[6.250000] (node_manager_trial) StdoutLine: {'line': b'copying C:\\Users\\Jorge\\Documents\\GitHub\\ArtekmedRos2\\Python\\node_manager_trial\\build\\node_manager_trial\\build\\lib\\node_manager_trial\\node_manager_trial.py -> C:\\Users\\Jorge\\Documents\\GitHub\\ArtekmedRos2\\Python\\node_manager_trial\\install\\node_manager_trial\\Lib\\site-packages\\node_manager_trial\r\n'}
[6.265000] (node_manager_trial) StdoutLine: {'line': b"writing byte-compilation script 'C:\\Users\\Jorge\\AppData\\Local\\Temp\\tmpuywhl1_u.py'\r\n"}
[6.265000] (node_manager_trial) StdoutLine: {'line': b'c:\\opt\\ros\\foxy\\x64\\python.exe C:\\Users\\Jorge\\AppData\\Local\\Temp\\tmpuywhl1_u.py\r\n'}
[6.281000] (-) TimerEvent: {}
[6.390000] (-) TimerEvent: {}
[6.500000] (-) TimerEvent: {}
[6.609000] (-) TimerEvent: {}
[6.719000] (-) TimerEvent: {}
[6.719000] (node_manager_trial) StdoutLine: {'line': b'removing C:\\Users\\Jorge\\AppData\\Local\\Temp\\tmpuywhl1_u.py\r\n'}
[6.719000] (node_manager_trial) StdoutLine: {'line': b'running install_data\r\n'}
[6.734000] (node_manager_trial) StdoutLine: {'line': b'running install_egg_info\r\n'}
[6.765000] (node_manager_trial) StdoutLine: {'line': b"removing 'C:\\Users\\Jorge\\Documents\\GitHub\\ArtekmedRos2\\Python\\node_manager_trial\\install\\node_manager_trial\\Lib\\site-packages\\node_manager_trial-0.0.0-py3.8.egg-info' (and everything under it)\r\n"}
[6.781000] (node_manager_trial) StdoutLine: {'line': b'Copying C:\\Users\\Jorge\\Documents\\GitHub\\ArtekmedRos2\\Python\\node_manager_trial\\build\\node_manager_trial\\node_manager_trial.egg-info to C:\\Users\\Jorge\\Documents\\GitHub\\ArtekmedRos2\\Python\\node_manager_trial\\install\\node_manager_trial\\Lib\\site-packages\\node_manager_trial-0.0.0-py3.8.egg-info\r\n'}
[6.828000] (-) TimerEvent: {}
[6.875000] (node_manager_trial) StdoutLine: {'line': b'running install_scripts\r\n'}
[6.937000] (-) TimerEvent: {}
[7.000000] (node_manager_trial) StdoutLine: {'line': b'Installing node_manager_trial-script.py script to C:\\Users\\Jorge\\Documents\\GitHub\\ArtekmedRos2\\Python\\node_manager_trial\\install\\node_manager_trial\\lib\\node_manager_trial\r\n'}
[7.000000] (node_manager_trial) StdoutLine: {'line': b'Installing node_manager_trial.exe script to C:\\Users\\Jorge\\Documents\\GitHub\\ArtekmedRos2\\Python\\node_manager_trial\\install\\node_manager_trial\\lib\\node_manager_trial\r\n'}
[7.015000] (node_manager_trial) StdoutLine: {'line': b"writing list of installed files to 'C:\\Users\\Jorge\\Documents\\GitHub\\ArtekmedRos2\\Python\\node_manager_trial\\build\\node_manager_trial\\install.log'\r\n"}
[7.047000] (-) TimerEvent: {}
[7.109000] (node_manager_trial) CommandEnded: {'returncode': 0}
[7.156000] (-) TimerEvent: {}
[7.281000] (-) TimerEvent: {}
[7.359000] (node_manager_trial) JobEnded: {'identifier': 'node_manager_trial', 'rc': 0}
[7.375000] (-) EventReactorShutdown: {}
