[0.873s] [34mcolcon[0m [1;30mDEBUG[0m [32mCommand line arguments: ['c:\\opt\\ros\\foxy\\x64\\Scripts\\colcon', 'build', '--event-handlers', 'console_direct+'][0m
[0.874s] [34mcolcon[0m [1;30mDEBUG[0m [32mParsed command line arguments: Namespace(ament_cmake_args=None, base_paths=['.'], build_base='build', catkin_cmake_args=None, catkin_skip_building_tests=False, cmake_args=None, cmake_clean_cache=False, cmake_clean_first=False, cmake_force_configure=False, cmake_target=None, cmake_target_skip_unavailable=False, continue_on_error=False, event_handlers=['console_direct+'], executor='parallel', ignore_user_meta=False, install_base='install', log_base=None, log_level=None, main=<bound method BuildVerb.main of <colcon_core.verb.build.BuildVerb object at 0x000002861DF99460>>, merge_install=False, metas=['./colcon.meta'], packages_above=None, packages_above_and_dependencies=None, packages_above_depth=None, packages_end=None, packages_ignore=None, packages_ignore_regex=None, packages_select=None, packages_select_build_failed=False, packages_select_by_dep=None, packages_select_regex=None, packages_select_test_failures=False, packages_skip=None, packages_skip_build_finished=False, packages_skip_by_dep=None, packages_skip_regex=None, packages_skip_test_passed=False, packages_skip_up_to=None, packages_start=None, packages_up_to=None, packages_up_to_regex=None, parallel_workers=8, paths=None, symlink_install=False, test_result_base=None, verb_extension=<colcon_core.verb.build.BuildVerb object at 0x000002861DF99460>, verb_name='build', verb_parser=<colcon_defaults.argument_parser.defaults.DefaultArgumentsDecorator object at 0x000002861DF99910>)[0m
[0.943s] [34mcolcon.colcon_core.package_discovery[0m [1;30mLevel 1[0m discover_packages(colcon_meta) check parameters
[0.944s] [34mcolcon.colcon_core.package_discovery[0m [1;30mLevel 1[0m discover_packages(recursive) check parameters
[0.944s] [34mcolcon.colcon_core.package_discovery[0m [1;30mLevel 1[0m discover_packages(ignore) check parameters
[0.944s] [34mcolcon.colcon_core.package_discovery[0m [1;30mLevel 1[0m discover_packages(path) check parameters
[0.944s] [34mcolcon.colcon_core.package_discovery[0m [1;30mLevel 1[0m discover_packages(colcon_meta) discover
[0.944s] [34mcolcon.colcon_core.package_discovery[0m [1;30mLevel 1[0m discover_packages(recursive) discover
[0.944s] [34mcolcon.colcon_core.package_discovery[0m [1;30mINFO[0m Crawling recursively for packages in 'c:\Users\Jorge\Documents\GitHub\ArtekmedRos2\ShellScripts\string_msgs_multiple_functions_ddl'
[0.944s] [34mcolcon.colcon_core.package_identification[0m [1;30mLevel 1[0m _identify(.) by extensions ['ignore', 'ignore_ament_install']
[0.945s] [34mcolcon.colcon_core.package_identification[0m [1;30mLevel 1[0m _identify(.) by extension 'ignore'
[0.945s] [34mcolcon.colcon_core.package_identification[0m [1;30mLevel 1[0m _identify(.) by extension 'ignore_ament_install'
[0.945s] [34mcolcon.colcon_core.package_identification[0m [1;30mLevel 1[0m _identify(.) by extensions ['colcon_pkg']
[0.945s] [34mcolcon.colcon_core.package_identification[0m [1;30mLevel 1[0m _identify(.) by extension 'colcon_pkg'
[0.945s] [34mcolcon.colcon_core.package_identification[0m [1;30mLevel 1[0m _identify(.) by extensions ['colcon_meta']
[0.945s] [34mcolcon.colcon_core.package_identification[0m [1;30mLevel 1[0m _identify(.) by extension 'colcon_meta'
[0.945s] [34mcolcon.colcon_core.package_identification[0m [1;30mLevel 1[0m _identify(.) by extensions ['ros']
[0.945s] [34mcolcon.colcon_core.package_identification[0m [1;30mLevel 1[0m _identify(.) by extension 'ros'
[0.978s] [34mcolcon.colcon_core.package_identification[0m [1;30mDEBUG[0m [32mPackage '.' with type 'ros.ament_cmake' and name 'string_msgs_multiple_functions_ddl'[0m
[0.978s] [34mcolcon.colcon_core.package_discovery[0m [1;30mLevel 1[0m discover_packages(recursive) using defaults
[0.978s] [34mcolcon.colcon_core.package_discovery[0m [1;30mLevel 1[0m discover_packages(ignore) discover
[0.978s] [34mcolcon.colcon_core.package_discovery[0m [1;30mLevel 1[0m discover_packages(ignore) using defaults
[0.978s] [34mcolcon.colcon_core.package_discovery[0m [1;30mLevel 1[0m discover_packages(path) discover
[0.978s] [34mcolcon.colcon_core.package_discovery[0m [1;30mLevel 1[0m discover_packages(path) using defaults
[1.025s] [34mcolcon.colcon_core.verb[0m [1;30mLevel 5[0m set package 'string_msgs_multiple_functions_ddl' build argument 'cmake_args' from command line to 'None'
[1.025s] [34mcolcon.colcon_core.verb[0m [1;30mLevel 5[0m set package 'string_msgs_multiple_functions_ddl' build argument 'cmake_target' from command line to 'None'
[1.025s] [34mcolcon.colcon_core.verb[0m [1;30mLevel 5[0m set package 'string_msgs_multiple_functions_ddl' build argument 'cmake_target_skip_unavailable' from command line to 'False'
[1.025s] [34mcolcon.colcon_core.verb[0m [1;30mLevel 5[0m set package 'string_msgs_multiple_functions_ddl' build argument 'cmake_clean_cache' from command line to 'False'
[1.025s] [34mcolcon.colcon_core.verb[0m [1;30mLevel 5[0m set package 'string_msgs_multiple_functions_ddl' build argument 'cmake_clean_first' from command line to 'False'
[1.025s] [34mcolcon.colcon_core.verb[0m [1;30mLevel 5[0m set package 'string_msgs_multiple_functions_ddl' build argument 'cmake_force_configure' from command line to 'False'
[1.025s] [34mcolcon.colcon_core.verb[0m [1;30mLevel 5[0m set package 'string_msgs_multiple_functions_ddl' build argument 'ament_cmake_args' from command line to 'None'
[1.026s] [34mcolcon.colcon_core.verb[0m [1;30mLevel 5[0m set package 'string_msgs_multiple_functions_ddl' build argument 'catkin_cmake_args' from command line to 'None'
[1.026s] [34mcolcon.colcon_core.verb[0m [1;30mLevel 5[0m set package 'string_msgs_multiple_functions_ddl' build argument 'catkin_skip_building_tests' from command line to 'False'
[1.026s] [34mcolcon.colcon_core.verb[0m [1;30mDEBUG[0m [32mBuilding package 'string_msgs_multiple_functions_ddl' with the following arguments: {'ament_cmake_args': None, 'build_base': 'c:\\Users\\Jorge\\Documents\\GitHub\\ArtekmedRos2\\ShellScripts\\string_msgs_multiple_functions_ddl\\build\\string_msgs_multiple_functions_ddl', 'catkin_cmake_args': None, 'catkin_skip_building_tests': False, 'cmake_args': None, 'cmake_clean_cache': False, 'cmake_clean_first': False, 'cmake_force_configure': False, 'cmake_target': None, 'cmake_target_skip_unavailable': False, 'install_base': 'c:\\Users\\Jorge\\Documents\\GitHub\\ArtekmedRos2\\ShellScripts\\string_msgs_multiple_functions_ddl\\install\\string_msgs_multiple_functions_ddl', 'merge_install': False, 'path': 'c:\\Users\\Jorge\\Documents\\GitHub\\ArtekmedRos2\\ShellScripts\\string_msgs_multiple_functions_ddl', 'symlink_install': False, 'test_result_base': None}[0m
[1.030s] [34mcolcon.colcon_core.executor[0m [1;30mINFO[0m Executing jobs using 'parallel' executor
[1.059s] [34mcolcon.colcon_parallel_executor.executor.parallel[0m [1;30mDEBUG[0m [32mrun_until_complete[0m
[1.060s] [34mcolcon.colcon_ros.task.ament_cmake.build[0m [1;30mINFO[0m Building ROS package in 'c:\Users\Jorge\Documents\GitHub\ArtekmedRos2\ShellScripts\string_msgs_multiple_functions_ddl' with build type 'ament_cmake'
[1.060s] [34mcolcon.colcon_cmake.task.cmake.build[0m [1;30mINFO[0m Building CMake package in 'c:\Users\Jorge\Documents\GitHub\ArtekmedRos2\ShellScripts\string_msgs_multiple_functions_ddl'
[1.069s] [34mcolcon.colcon_core.plugin_system[0m [1;30mINFO[0m Skipping extension 'colcon_core.shell.sh': Not used on Windows systems
[1.069s] [34mcolcon.colcon_core.shell[0m [1;30mINFO[0m Skip shell extension 'powershell' for command environment: Not usable outside of PowerShell
[1.092s] [34mcolcon.colcon_ros.prefix_path.catkin[0m [1;30mWARNING[0m [33mThe path 'C:\opt\ros\foxy\x64\tools\vcpkg\installed\x64-windows' in the environment variable CMAKE_PREFIX_PATH doesn't exist[0m
[1.170s] [34mcolcon.colcon_core.event_handler.log_command[0m [1;30mDEBUG[0m [32mInvoking command in 'c:\Users\Jorge\Documents\GitHub\ArtekmedRos2\ShellScripts\string_msgs_multiple_functions_ddl\build\string_msgs_multiple_functions_ddl': CMAKE_PREFIX_PATH=%CMAKE_PREFIX_PATH%;c:\opt\ros2_dotnet_ws\install\sensor_msgs_py c:\opt\ros\foxy\x64\Scripts\cmake.EXE c:\Users\Jorge\Documents\GitHub\ArtekmedRos2\ShellScripts\string_msgs_multiple_functions_ddl -DCMAKE_INSTALL_PREFIX=c:\Users\Jorge\Documents\GitHub\ArtekmedRos2\ShellScripts\string_msgs_multiple_functions_ddl\install\string_msgs_multiple_functions_ddl[0m
[3.409s] [34mcolcon.colcon_core.event_handler.log_command[0m [1;30mDEBUG[0m [32mInvoked command in 'c:\Users\Jorge\Documents\GitHub\ArtekmedRos2\ShellScripts\string_msgs_multiple_functions_ddl\build\string_msgs_multiple_functions_ddl' returned '0': CMAKE_PREFIX_PATH=%CMAKE_PREFIX_PATH%;c:\opt\ros2_dotnet_ws\install\sensor_msgs_py c:\opt\ros\foxy\x64\Scripts\cmake.EXE c:\Users\Jorge\Documents\GitHub\ArtekmedRos2\ShellScripts\string_msgs_multiple_functions_ddl -DCMAKE_INSTALL_PREFIX=c:\Users\Jorge\Documents\GitHub\ArtekmedRos2\ShellScripts\string_msgs_multiple_functions_ddl\install\string_msgs_multiple_functions_ddl[0m
[3.411s] [34mcolcon.colcon_core.event_handler.log_command[0m [1;30mDEBUG[0m [32mInvoking command in 'c:\Users\Jorge\Documents\GitHub\ArtekmedRos2\ShellScripts\string_msgs_multiple_functions_ddl\build\string_msgs_multiple_functions_ddl': CL=/MP CMAKE_PREFIX_PATH=%CMAKE_PREFIX_PATH%;c:\opt\ros2_dotnet_ws\install\sensor_msgs_py c:\opt\ros\foxy\x64\Scripts\cmake.EXE --build c:\Users\Jorge\Documents\GitHub\ArtekmedRos2\ShellScripts\string_msgs_multiple_functions_ddl\build\string_msgs_multiple_functions_ddl --config Release[0m
[11.161s] [34mcolcon.colcon_core.event_handler.log_command[0m [1;30mDEBUG[0m [32mInvoked command in 'c:\Users\Jorge\Documents\GitHub\ArtekmedRos2\ShellScripts\string_msgs_multiple_functions_ddl\build\string_msgs_multiple_functions_ddl' returned '0': CL=/MP CMAKE_PREFIX_PATH=%CMAKE_PREFIX_PATH%;c:\opt\ros2_dotnet_ws\install\sensor_msgs_py c:\opt\ros\foxy\x64\Scripts\cmake.EXE --build c:\Users\Jorge\Documents\GitHub\ArtekmedRos2\ShellScripts\string_msgs_multiple_functions_ddl\build\string_msgs_multiple_functions_ddl --config Release[0m
[11.328s] [34mcolcon.colcon_core.event_handler.log_command[0m [1;30mDEBUG[0m [32mInvoking command in 'c:\Users\Jorge\Documents\GitHub\ArtekmedRos2\ShellScripts\string_msgs_multiple_functions_ddl\build\string_msgs_multiple_functions_ddl': CMAKE_PREFIX_PATH=%CMAKE_PREFIX_PATH%;c:\opt\ros2_dotnet_ws\install\sensor_msgs_py c:\opt\ros\foxy\x64\Scripts\cmake.EXE --install c:\Users\Jorge\Documents\GitHub\ArtekmedRos2\ShellScripts\string_msgs_multiple_functions_ddl\build\string_msgs_multiple_functions_ddl --config Release[0m
[11.838s] [34mcolcon.colcon_core.environment[0m [1;30mLevel 1[0m create_environment_scripts_only(string_msgs_multiple_functions_ddl)
[11.842s] [34mcolcon.colcon_core.event_handler.log_command[0m [1;30mDEBUG[0m [32mInvoked command in 'c:\Users\Jorge\Documents\GitHub\ArtekmedRos2\ShellScripts\string_msgs_multiple_functions_ddl\build\string_msgs_multiple_functions_ddl' returned '0': CMAKE_PREFIX_PATH=%CMAKE_PREFIX_PATH%;c:\opt\ros2_dotnet_ws\install\sensor_msgs_py c:\opt\ros\foxy\x64\Scripts\cmake.EXE --install c:\Users\Jorge\Documents\GitHub\ArtekmedRos2\ShellScripts\string_msgs_multiple_functions_ddl\build\string_msgs_multiple_functions_ddl --config Release[0m
[11.862s] [34mcolcon.colcon_core.environment[0m [1;30mLevel 1[0m checking 'c:\Users\Jorge\Documents\GitHub\ArtekmedRos2\ShellScripts\string_msgs_multiple_functions_ddl\install\string_msgs_multiple_functions_ddl' for CMake module files
[11.864s] [34mcolcon.colcon_core.environment[0m [1;30mLevel 1[0m checking 'c:\Users\Jorge\Documents\GitHub\ArtekmedRos2\ShellScripts\string_msgs_multiple_functions_ddl\install\string_msgs_multiple_functions_ddl' for CMake config files
[11.869s] [34mcolcon.colcon_core.shell[0m [1;30mLevel 1[0m create_environment_hook('string_msgs_multiple_functions_ddl', 'cmake_prefix_path')
[11.877s] [34mcolcon.colcon_core.shell[0m [1;30mINFO[0m Creating environment hook 'c:\Users\Jorge\Documents\GitHub\ArtekmedRos2\ShellScripts\string_msgs_multiple_functions_ddl\install\string_msgs_multiple_functions_ddl\share\string_msgs_multiple_functions_ddl\hook\cmake_prefix_path.ps1'
[11.878s] [34mcolcon.colcon_core.shell[0m [1;30mINFO[0m Creating environment hook 'c:\Users\Jorge\Documents\GitHub\ArtekmedRos2\ShellScripts\string_msgs_multiple_functions_ddl\install\string_msgs_multiple_functions_ddl\share\string_msgs_multiple_functions_ddl\hook\cmake_prefix_path.bat'
[11.879s] [34mcolcon.colcon_core.shell[0m [1;30mINFO[0m Creating environment descriptor 'c:\Users\Jorge\Documents\GitHub\ArtekmedRos2\ShellScripts\string_msgs_multiple_functions_ddl\install\string_msgs_multiple_functions_ddl\share\string_msgs_multiple_functions_ddl\hook\cmake_prefix_path.dsv'
[11.880s] [34mcolcon.colcon_core.environment[0m [1;30mLevel 1[0m checking 'c:\Users\Jorge\Documents\GitHub\ArtekmedRos2\ShellScripts\string_msgs_multiple_functions_ddl\install\string_msgs_multiple_functions_ddl\bin'
[11.881s] [34mcolcon.colcon_core.environment[0m [1;30mLevel 1[0m checking 'c:\Users\Jorge\Documents\GitHub\ArtekmedRos2\ShellScripts\string_msgs_multiple_functions_ddl\install\string_msgs_multiple_functions_ddl\bin'
[11.881s] [34mcolcon.colcon_core.environment[0m [1;30mLevel 1[0m checking 'c:\Users\Jorge\Documents\GitHub\ArtekmedRos2\ShellScripts\string_msgs_multiple_functions_ddl\install\string_msgs_multiple_functions_ddl\Scripts'
[11.882s] [34mcolcon.colcon_core.environment[0m [1;30mLevel 1[0m checking 'c:\Users\Jorge\Documents\GitHub\ArtekmedRos2\ShellScripts\string_msgs_multiple_functions_ddl\install\string_msgs_multiple_functions_ddl\lib\pkgconfig\string_msgs_multiple_functions_ddl.pc'
[11.882s] [34mcolcon.colcon_core.environment[0m [1;30mLevel 1[0m checking 'c:\Users\Jorge\Documents\GitHub\ArtekmedRos2\ShellScripts\string_msgs_multiple_functions_ddl\install\string_msgs_multiple_functions_ddl\Lib\site-packages'
[11.892s] [34mcolcon.colcon_core.shell[0m [1;30mINFO[0m Creating package script 'c:\Users\Jorge\Documents\GitHub\ArtekmedRos2\ShellScripts\string_msgs_multiple_functions_ddl\install\string_msgs_multiple_functions_ddl\share\string_msgs_multiple_functions_ddl\package.ps1'
[11.895s] [34mcolcon.colcon_core.shell[0m [1;30mINFO[0m Creating package script 'c:\Users\Jorge\Documents\GitHub\ArtekmedRos2\ShellScripts\string_msgs_multiple_functions_ddl\install\string_msgs_multiple_functions_ddl\share\string_msgs_multiple_functions_ddl\package.bat'
[11.896s] [34mcolcon.colcon_core.shell[0m [1;30mINFO[0m Creating package descriptor 'c:\Users\Jorge\Documents\GitHub\ArtekmedRos2\ShellScripts\string_msgs_multiple_functions_ddl\install\string_msgs_multiple_functions_ddl\share\string_msgs_multiple_functions_ddl\package.dsv'
[11.897s] [34mcolcon.colcon_core.environment[0m [1;30mLevel 1[0m create_file_with_runtime_dependencies(c:\Users\Jorge\Documents\GitHub\ArtekmedRos2\ShellScripts\string_msgs_multiple_functions_ddl\install\string_msgs_multiple_functions_ddl\share\colcon-core\packages\string_msgs_multiple_functions_ddl)
[11.909s] [34mcolcon.colcon_core.environment[0m [1;30mLevel 1[0m create_environment_scripts_only(string_msgs_multiple_functions_ddl)
[11.923s] [34mcolcon.colcon_core.environment[0m [1;30mLevel 1[0m checking 'c:\Users\Jorge\Documents\GitHub\ArtekmedRos2\ShellScripts\string_msgs_multiple_functions_ddl\install\string_msgs_multiple_functions_ddl' for CMake module files
[11.925s] [34mcolcon.colcon_core.environment[0m [1;30mLevel 1[0m checking 'c:\Users\Jorge\Documents\GitHub\ArtekmedRos2\ShellScripts\string_msgs_multiple_functions_ddl\install\string_msgs_multiple_functions_ddl' for CMake config files
[11.927s] [34mcolcon.colcon_core.shell[0m [1;30mLevel 1[0m create_environment_hook('string_msgs_multiple_functions_ddl', 'cmake_prefix_path')
[11.937s] [34mcolcon.colcon_core.shell[0m [1;30mINFO[0m Creating environment hook 'c:\Users\Jorge\Documents\GitHub\ArtekmedRos2\ShellScripts\string_msgs_multiple_functions_ddl\install\string_msgs_multiple_functions_ddl\share\string_msgs_multiple_functions_ddl\hook\cmake_prefix_path.ps1'
[11.939s] [34mcolcon.colcon_core.shell[0m [1;30mINFO[0m Creating environment hook 'c:\Users\Jorge\Documents\GitHub\ArtekmedRos2\ShellScripts\string_msgs_multiple_functions_ddl\install\string_msgs_multiple_functions_ddl\share\string_msgs_multiple_functions_ddl\hook\cmake_prefix_path.bat'
[11.940s] [34mcolcon.colcon_core.shell[0m [1;30mINFO[0m Creating environment descriptor 'c:\Users\Jorge\Documents\GitHub\ArtekmedRos2\ShellScripts\string_msgs_multiple_functions_ddl\install\string_msgs_multiple_functions_ddl\share\string_msgs_multiple_functions_ddl\hook\cmake_prefix_path.dsv'
[11.941s] [34mcolcon.colcon_core.environment[0m [1;30mLevel 1[0m checking 'c:\Users\Jorge\Documents\GitHub\ArtekmedRos2\ShellScripts\string_msgs_multiple_functions_ddl\install\string_msgs_multiple_functions_ddl\bin'
[11.941s] [34mcolcon.colcon_core.environment[0m [1;30mLevel 1[0m checking 'c:\Users\Jorge\Documents\GitHub\ArtekmedRos2\ShellScripts\string_msgs_multiple_functions_ddl\install\string_msgs_multiple_functions_ddl\bin'
[11.941s] [34mcolcon.colcon_core.environment[0m [1;30mLevel 1[0m checking 'c:\Users\Jorge\Documents\GitHub\ArtekmedRos2\ShellScripts\string_msgs_multiple_functions_ddl\install\string_msgs_multiple_functions_ddl\Scripts'
[11.941s] [34mcolcon.colcon_core.environment[0m [1;30mLevel 1[0m checking 'c:\Users\Jorge\Documents\GitHub\ArtekmedRos2\ShellScripts\string_msgs_multiple_functions_ddl\install\string_msgs_multiple_functions_ddl\lib\pkgconfig\string_msgs_multiple_functions_ddl.pc'
[11.941s] [34mcolcon.colcon_core.environment[0m [1;30mLevel 1[0m checking 'c:\Users\Jorge\Documents\GitHub\ArtekmedRos2\ShellScripts\string_msgs_multiple_functions_ddl\install\string_msgs_multiple_functions_ddl\Lib\site-packages'
[11.950s] [34mcolcon.colcon_core.shell[0m [1;30mINFO[0m Creating package script 'c:\Users\Jorge\Documents\GitHub\ArtekmedRos2\ShellScripts\string_msgs_multiple_functions_ddl\install\string_msgs_multiple_functions_ddl\share\string_msgs_multiple_functions_ddl\package.ps1'
[11.952s] [34mcolcon.colcon_core.shell[0m [1;30mINFO[0m Creating package script 'c:\Users\Jorge\Documents\GitHub\ArtekmedRos2\ShellScripts\string_msgs_multiple_functions_ddl\install\string_msgs_multiple_functions_ddl\share\string_msgs_multiple_functions_ddl\package.bat'
[11.953s] [34mcolcon.colcon_core.shell[0m [1;30mINFO[0m Creating package descriptor 'c:\Users\Jorge\Documents\GitHub\ArtekmedRos2\ShellScripts\string_msgs_multiple_functions_ddl\install\string_msgs_multiple_functions_ddl\share\string_msgs_multiple_functions_ddl\package.dsv'
[11.954s] [34mcolcon.colcon_core.environment[0m [1;30mLevel 1[0m create_file_with_runtime_dependencies(c:\Users\Jorge\Documents\GitHub\ArtekmedRos2\ShellScripts\string_msgs_multiple_functions_ddl\install\string_msgs_multiple_functions_ddl\share\colcon-core\packages\string_msgs_multiple_functions_ddl)
[11.955s] [34mcolcon.colcon_parallel_executor.executor.parallel[0m [1;30mDEBUG[0m [32mrun_until_complete finished with '0'[0m
[11.955s] [34mcolcon.colcon_core.event_reactor[0m [1;30mDEBUG[0m [32mjoining thread[0m
[11.978s] [34mcolcon.colcon_core.plugin_system[0m [1;30mINFO[0m Skipping extension 'colcon_notification.desktop_notification.notify2': 'notify2' not found
[11.979s] [34mcolcon.colcon_core.plugin_system[0m [1;30mINFO[0m Skipping extension 'colcon_notification.desktop_notification.notify_send': Not used on non-Linux systems
[11.979s] [34mcolcon.colcon_core.plugin_system[0m [1;30mINFO[0m Skipping extension 'colcon_notification.desktop_notification.terminal_notifier': Not used on non-Darwin systems
[11.979s] [34mcolcon.colcon_notification.desktop_notification[0m [1;30mINFO[0m Sending desktop notification using 'win32'
[11.986s] [34mcolcon.colcon_notification.desktop_notification.win32[0m [1;30mDEBUG[0m [32mFailed to import win32gui: DLL load failed while importing win32gui: The specified procedure could not be found.[0m
[11.986s] [34mcolcon.colcon_core.event_reactor[0m [1;30mDEBUG[0m [32mjoined thread[0m
[11.995s] [34mcolcon.colcon_core.shell[0m [1;30mINFO[0m Creating prefix script 'c:\Users\Jorge\Documents\GitHub\ArtekmedRos2\ShellScripts\string_msgs_multiple_functions_ddl\install\local_setup.ps1'
[11.997s] [34mcolcon.colcon_core.shell[0m [1;30mINFO[0m Creating prefix util module 'c:\Users\Jorge\Documents\GitHub\ArtekmedRos2\ShellScripts\string_msgs_multiple_functions_ddl\install\_local_setup_util_ps1.py'
[12.001s] [34mcolcon.colcon_core.shell[0m [1;30mINFO[0m Creating prefix chain script 'c:\Users\Jorge\Documents\GitHub\ArtekmedRos2\ShellScripts\string_msgs_multiple_functions_ddl\install\setup.ps1'
[12.026s] [34mcolcon.colcon_core.shell[0m [1;30mINFO[0m Creating prefix script 'c:\Users\Jorge\Documents\GitHub\ArtekmedRos2\ShellScripts\string_msgs_multiple_functions_ddl\install\local_setup.bat'
[12.028s] [34mcolcon.colcon_core.shell[0m [1;30mINFO[0m Creating prefix util module 'c:\Users\Jorge\Documents\GitHub\ArtekmedRos2\ShellScripts\string_msgs_multiple_functions_ddl\install\_local_setup_util_bat.py'
[12.029s] [34mcolcon.colcon_core.shell[0m [1;30mINFO[0m Creating prefix chain script 'c:\Users\Jorge\Documents\GitHub\ArtekmedRos2\ShellScripts\string_msgs_multiple_functions_ddl\install\setup.bat'
