[0.000000] (-) TimerEvent: {}
[0.000000] (string_node_manager) JobQueued: {'identifier': 'string_node_manager', 'dependencies': OrderedDict()}
[0.000000] (string_node_manager) JobStarted: {'identifier': 'string_node_manager'}
[0.062000] (string_node_manager) JobProgress: {'identifier': 'string_node_manager', 'progress': 'cmake'}
[0.078000] (string_node_manager) Command: {'cmd': ['c:\\opt\\ros\\foxy\\x64\\Scripts\\cmake.EXE', 'C:\\Users\\Jorge\\Documents\\GitHub\\ArtekmedRos2\\ShellScripts\\String_msgs_multiple_functions', '-DCMAKE_INSTALL_PREFIX=C:\\Users\\Jorge\\Documents\\GitHub\\ArtekmedRos2\\ShellScripts\\String_msgs_multiple_functions\\install\\string_node_manager', '-G', 'Visual Studio 16 2019'], 'cwd': 'C:\\Users\\Jorge\\Documents\\GitHub\\ArtekmedRos2\\ShellScripts\\String_msgs_multiple_functions\\build\\string_node_manager', 'env': OrderedDict([('ALLUSERSPROFILE', 'C:\\ProgramData'), ('AMENT_PREFIX_PATH', 'c:\\opt\\ros\\foxy\\x64'), ('APPDATA', 'C:\\Users\\Jorge\\AppData\\Roaming'), ('ChocolateyInstall', 'C:\\ProgramData\\chocolatey'), ('ChocolateyLastPathUpdate', '132865681271927008'), ('CMAKE_PREFIX_PATH', 'C:\\opt\\ros\\foxy\\x64\\tools\\vcpkg\\installed\\x64-windows;c:\\opt\\ros\\foxy\\x64'), ('COLCON', '1'), ('COLCON_PREFIX_PATH', 'c:\\opt\\ros\\foxy\\x64\\'), ('CommandPromptType', 'Native'), ('CommonProgramFiles', 'C:\\Program Files\\Common Files'), ('CommonProgramFiles(x86)', 'C:\\Program Files (x86)\\Common Files'), ('CommonProgramW6432', 'C:\\Program Files\\Common Files'), ('COMPUTERNAME', 'LAPTOP-DQCNTER4'), ('ComSpec', 'C:\\WINDOWS\\system32\\cmd.exe'), ('CONDA_BAT', 'C:\\Users\\Jorge\\anaconda3\\condabin\\conda.bat'), ('CONDA_EXE', 'C:\\Users\\Jorge\\anaconda3\\Scripts\\conda.exe'), ('CONDA_SHLVL', '0'), ('DevEnvDir', 'C:\\Program Files (x86)\\Microsoft Visual Studio\\2019\\Community\\Common7\\IDE\\'), ('DriverData', 'C:\\Windows\\System32\\Drivers\\DriverData'), ('ExtensionSdkDir', 'C:\\Program Files (x86)\\Microsoft SDKs\\Windows Kits\\10\\ExtensionSDKs'), ('FPS_BROWSER_APP_PROFILE_STRING', 'Internet Explorer'), ('FPS_BROWSER_USER_PROFILE_STRING', 'Default'), ('Framework40Version', 'v4.0'), ('FrameworkDir', 'C:\\Windows\\Microsoft.NET\\Framework64\\'), ('FrameworkDir64', 'C:\\Windows\\Microsoft.NET\\Framework64\\'), ('FrameworkVersion', 'v4.0.30319'), ('FrameworkVersion64', 'v4.0.30319'), ('git', 'C:\\Program Files\\Git\\cmd'), ('GTK_BASEPATH', 'C:\\Program Files (x86)\\GtkSharp\\2.12\\'), ('HOMEDRIVE', 'C:'), ('HOMEPATH', '\\Users\\Jorge'), ('IMFUSION_SDK', 'C:\\Program Files\\ImFusion\\ImFusion Suite\\'), ('INCLUDE', 'C:\\Program Files (x86)\\Microsoft Visual Studio\\2019\\Community\\VC\\Tools\\MSVC\\14.29.30133\\include;C:\\Program Files (x86)\\Windows Kits\\NETFXSDK\\4.8\\include\\um;C:\\Program Files (x86)\\Windows Kits\\10\\include\\10.0.22000.0\\ucrt;C:\\Program Files (x86)\\Windows Kits\\10\\include\\10.0.22000.0\\shared;C:\\Program Files (x86)\\Windows Kits\\10\\include\\10.0.22000.0\\um;C:\\Program Files (x86)\\Windows Kits\\10\\include\\10.0.22000.0\\winrt;C:\\Program Files (x86)\\Windows Kits\\10\\include\\10.0.22000.0\\cppwinrt'), ('INTEL_DEV_REDIST', 'C:\\Program Files (x86)\\Common Files\\Intel\\Shared Libraries\\'), ('JAVA_HOME', 'C:\\Program Files\\Java\\jdk1.8.0_201'), ('LIB', 'C:\\Program Files (x86)\\Microsoft Visual Studio\\2019\\Community\\VC\\Tools\\MSVC\\14.29.30133\\lib\\x64;C:\\Program Files (x86)\\Windows Kits\\NETFXSDK\\4.8\\lib\\um\\x64;C:\\Program Files (x86)\\Windows Kits\\10\\lib\\10.0.22000.0\\ucrt\\x64;C:\\Program Files (x86)\\Windows Kits\\10\\lib\\10.0.22000.0\\um\\x64'), ('LIBPATH', 'C:\\Program Files (x86)\\Microsoft Visual Studio\\2019\\Community\\VC\\Tools\\MSVC\\14.29.30133\\lib\\x64;C:\\Program Files (x86)\\Microsoft Visual Studio\\2019\\Community\\VC\\Tools\\MSVC\\14.29.30133\\lib\\x86\\store\\references;C:\\Program Files (x86)\\Windows Kits\\10\\UnionMetadata\\10.0.22000.0;C:\\Program Files (x86)\\Windows Kits\\10\\References\\10.0.22000.0;C:\\Windows\\Microsoft.NET\\Framework64\\v4.0.30319'), ('LOCALAPPDATA', 'C:\\Users\\Jorge\\AppData\\Local'), ('LOGONSERVER', '\\\\LAPTOP-DQCNTER4'), ('make', 'C:\\ProgramData\\chocolatey\\bin\\make.exe'), ('MIC_LD_LIBRARY_PATH', 'C:\\Program Files (x86)\\Common Files\\Intel\\Shared Libraries\\compiler\\lib\\mic'), ('NETFXSDKDir', 'C:\\Program Files (x86)\\Windows Kits\\NETFXSDK\\4.8\\'), ('NUMBER_OF_PROCESSORS', '8'), ('OneDrive', 'C:\\Users\\Jorge\\OneDrive'), ('OneDriveConsumer', 'C:\\Users\\Jorge\\OneDrive'), ('OPENCV_DIR', 'C:\\opencv\\opencv_win\\opencv\\build\\x64\\vc15'), ('OPENSSL_CONF', 'C:\\Program Files\\OpenSSL-Win64\\bin\\openssl.cfg'), ('OS', 'Windows_NT'), ('Path', 'c:\\opt\\ros\\foxy\\x64\\opt\\rviz_ogre_vendor\\bin;C:\\opt\\ros\\foxy\\x64\\tools\\vcpkg\\installed\\x64-windows\\bin;C:\\opt\\ros\\foxy\\x64\\tools\\vcpkg;c:\\opt\\ros\\foxy\\x64\\Scripts;c:\\opt\\ros\\foxy\\x64\\bin;c:\\opt\\ros\\foxy\\x64\\;C:\\Program Files (x86)\\Microsoft Visual Studio\\2019\\Community\\Common7\\IDE\\\\Extensions\\Microsoft\\IntelliCode\\CLI;C:\\Program Files (x86)\\Microsoft Visual Studio\\2019\\Community\\VC\\Tools\\MSVC\\14.29.30133\\bin\\HostX64\\x64;C:\\Program Files (x86)\\Microsoft Visual Studio\\2019\\Community\\Common7\\IDE\\VC\\VCPackages;C:\\Program Files (x86)\\Microsoft Visual Studio\\2019\\Community\\Common7\\IDE\\CommonExtensions\\Microsoft\\TestWindow;C:\\Program Files (x86)\\Microsoft Visual Studio\\2019\\Community\\Common7\\IDE\\CommonExtensions\\Microsoft\\TeamFoundation\\Team Explorer;C:\\Program Files (x86)\\Microsoft Visual Studio\\2019\\Community\\MSBuild\\Current\\bin\\Roslyn;C:\\Program Files (x86)\\Microsoft Visual Studio\\2019\\Community\\Team Tools\\Performance Tools\\x64;C:\\Program Files (x86)\\Microsoft Visual Studio\\2019\\Community\\Team Tools\\Performance Tools;C:\\Program Files (x86)\\Microsoft Visual Studio\\Shared\\Common\\VSPerfCollectionTools\\vs2019\\\\x64;C:\\Program Files (x86)\\Microsoft Visual Studio\\Shared\\Common\\VSPerfCollectionTools\\vs2019\\;C:\\Program Files (x86)\\Microsoft SDKs\\Windows\\v10.0A\\bin\\NETFX 4.8 Tools\\x64\\;C:\\Program Files (x86)\\Microsoft Visual Studio\\2019\\Community\\Common7\\Tools\\devinit;C:\\Program Files (x86)\\Windows Kits\\10\\bin\\10.0.22000.0\\x64;C:\\Program Files (x86)\\Windows Kits\\10\\bin\\x64;C:\\Program Files (x86)\\Microsoft Visual Studio\\2019\\Community\\\\MSBuild\\Current\\Bin;C:\\Windows\\Microsoft.NET\\Framework64\\v4.0.30319;C:\\Program Files (x86)\\Microsoft Visual Studio\\2019\\Community\\Common7\\IDE\\;C:\\Program Files (x86)\\Microsoft Visual Studio\\2019\\Community\\Common7\\Tools\\;C:\\Users\\Jorge\\anaconda3\\condabin;C:\\Python311\\Scripts\\;C:\\Python311\\;C:\\Program Files\\Conan\\conan;C:\\Program Files (x86)\\Common Files\\Oracle\\Java\\javapath;C:\\Program Files (x86)\\Common Files\\Intel\\Shared Libraries\\redist\\intel64\\compiler;C:\\WINDOWS\\system32;C:\\WINDOWS;C:\\WINDOWS\\System32\\Wbem;C:\\WINDOWS\\System32\\WindowsPowerShell\\v1.0\\;C:\\WINDOWS\\System32\\OpenSSH\\;C:\\Program Files\\MATLAB\\R2019a\\bin;C:\\Program Files\\WireGuard\\;C:\\Program Files\\AutoFirma\\AutoFirma;C:\\Program Files\\dotnet\\;C:\\HashiCorp\\Vagrant\\bin;C:\\opencv\\OpenCV-MinGW-Build-OpenCV-4.1.1-x64\\x64\\mingw\\bin;C:\\mingw-w64\\x86_64-8.1.0-posix-seh-rt_v6-rev0;C:\\mingw-w64\\x86_64-8.1.0-posix-seh-rt_v6-rev0\\mingw64\\bin;C:\\opencv\\OpenCV-MinGW-Build-OpenCV-4.1.1-x64\\include;C:\\opencv\\opencv_win\\opencv\\build\\x64\\vc15\\bin;C:\\ProgramData\\chocolatey\\bin;C:\\WINDOWS\\system32;C:\\WINDOWS;C:\\WINDOWS\\System32\\Wbem;C:\\WINDOWS\\System32\\WindowsPowerShell\\v1.0\\;C:\\WINDOWS\\System32\\OpenSSH\\;C:\\Program Files (x86)\\GtkSharp\\2.12\\bin;C:\\Program Files\\Docker\\Docker\\resources\\bin;C:\\Program Files\\Git\\cmd;C:\\Program Files\\nodejs\\;C:\\Users\\Jorge\\AppData\\Roaming\\Python\\Python38\\Scripts;C:\\Program Files\\PowerShell\\7\\;C:\\Users\\Jorge\\AppData\\Local\\Programs\\Python\\Python37\\Scripts\\;C:\\Users\\Jorge\\AppData\\Local\\Programs\\Python\\Python37\\;C:\\Users\\Jorge\\AppData\\Local\\Microsoft\\WindowsApps;C:\\Program Files\\Java\\jre1.8.0_201;C:\\Program Files\\Java\\jdk1.8.0_201;C:\\Program Files\\KlustaViewa\\WinPython-64bit-2.7.6.4\\python-2.7.6.amd64\\Scripts\\klusta.exe;C:\\Users\\Jorge\\anaconda3;C:\\ffmpeg;C:\\Manim\\Manim\\manim;C:\\Users\\Jorge\\AppData\\Local\\atom\\bin;C:\\Users\\Jorge\\.dotnet\\tools;C:\\mingw\\mingw64\\bin;C:\\Users\\Jorge\\anaconda3\\scripts;C:\\Users\\Jorge\\AppData\\Local\\Programs\\Microsoft VS Code\\bin;C:\\Program Files\\CMake\\bin;C:\\Users\\Jorge\\AppData\\Local\\Microsoft\\WindowsApps;C:\\Users\\Jorge\\GDrive\\Universidad\\ai1;C:\\Users\\Jorge\\AppData\\Roaming\\npm;C:\\Users\\Jorge\\AppData\\Local\\Programs\\mongosh\\;C:\\Users\\Jorge\\Downloads\\Json130r2\\Bin\\net20;C:\\Program Files (x86)\\Microsoft Visual Studio\\2019\\Community\\Common7\\IDE\\VC\\Linux\\bin\\ConnectionManagerExe'), ('PATHEXT', '.COM;.EXE;.BAT;.CMD;.VBS;.VBE;.JS;.JSE;.WSF;.WSH;.MSC;.PY;.PYW'), ('PKG_CONFIG_PATH', 'c:\\opt\\ros\\foxy\\x64\\lib\\pkgconfig'), ('Platform', 'x64'), ('POWERSHELL_DISTRIBUTION_CHANNEL', 'MSI:Windows 10 Home'), ('PROCESSOR_ARCHITECTURE', 'AMD64'), ('PROCESSOR_IDENTIFIER', 'Intel64 Family 6 Model 142 Stepping 12, GenuineIntel'), ('PROCESSOR_LEVEL', '6'), ('PROCESSOR_REVISION', '8e0c'), ('ProgramData', 'C:\\ProgramData'), ('ProgramFiles', 'C:\\Program Files'), ('ProgramFiles(x86)', 'C:\\Program Files (x86)'), ('ProgramW6432', 'C:\\Program Files'), ('PROMPT', '$P$G'), ('PSModulePath', '%ProgramFiles%\\WindowsPowerShell\\Modules;C:\\WINDOWS\\system32\\WindowsPowerShell\\v1.0\\Modules'), ('PUBLIC', 'C:\\Users\\Public'), ('PYTHONPATH', 'c:\\opt\\ros\\foxy\\x64\\Lib\\site-packages'), ('ROS_DISTRO', 'foxy'), ('ROS_ETC_DIR', 'C:\\opt\\ros\\foxy\\x64\\etc\\ros'), ('ROS_LOCALHOST_ONLY', '0'), ('ROS_PYTHON_VERSION', '3'), ('ROS_VERSION', '2'), ('SDF_PATH', 'C:\\opt\\ros\\foxy\\x64\\share\\sdformat\\1.6'), ('SESSIONNAME', 'Console'), ('SystemDrive', 'C:'), ('SystemRoot', 'C:\\WINDOWS'), ('TEMP', 'C:\\Users\\Jorge\\AppData\\Local\\Temp'), ('TMP', 'C:\\Users\\Jorge\\AppData\\Local\\Temp'), ('UCRTVersion', '10.0.22000.0'), ('UniversalCRTSdkDir', 'C:\\Program Files (x86)\\Windows Kits\\10\\'), ('USERDOMAIN', 'LAPTOP-DQCNTER4'), ('USERDOMAIN_ROAMINGPROFILE', 'LAPTOP-DQCNTER4'), ('USERNAME', 'Jorge'), ('USERPROFILE', 'C:\\Users\\Jorge'), ('VBOX_MSI_INSTALL_PATH', 'C:\\Program Files\\Oracle\\VirtualBox\\'), ('VCIDEInstallDir', 'C:\\Program Files (x86)\\Microsoft Visual Studio\\2019\\Community\\Common7\\IDE\\VC\\'), ('VCINSTALLDIR', 'C:\\Program Files (x86)\\Microsoft Visual Studio\\2019\\Community\\VC\\'), ('VCPKG_DEFAULT_TRIPLET', 'x64-windows'), ('VCPKG_ROOT', 'C:\\opt\\ros\\foxy\\x64\\tools\\vcpkg'), ('VCToolsInstallDir', 'C:\\Program Files (x86)\\Microsoft Visual Studio\\2019\\Community\\VC\\Tools\\MSVC\\14.29.30133\\'), ('VCToolsRedistDir', 'C:\\Program Files (x86)\\Microsoft Visual Studio\\2019\\Community\\VC\\Redist\\MSVC\\14.29.30133\\'), ('VCToolsVersion', '14.29.30133'), ('VisualStudioVersion', '16.0'), ('VS160COMNTOOLS', 'C:\\Program Files (x86)\\Microsoft Visual Studio\\2019\\Community\\Common7\\Tools\\'), ('VSCMD_ARG_app_plat', 'Desktop'), ('VSCMD_ARG_HOST_ARCH', 'x64'), ('VSCMD_ARG_TGT_ARCH', 'x64'), ('VSCMD_VER', '16.11.8'), ('VSINSTALLDIR', 'C:\\Program Files (x86)\\Microsoft Visual Studio\\2019\\Community\\'), ('windir', 'C:\\WINDOWS'), ('WindowsLibPath', 'C:\\Program Files (x86)\\Windows Kits\\10\\UnionMetadata\\10.0.22000.0;C:\\Program Files (x86)\\Windows Kits\\10\\References\\10.0.22000.0'), ('WindowsSdkBinPath', 'C:\\Program Files (x86)\\Windows Kits\\10\\bin\\'), ('WindowsSdkDir', 'C:\\Program Files (x86)\\Windows Kits\\10\\'), ('WindowsSDKLibVersion', '10.0.22000.0\\'), ('WindowsSdkVerBinPath', 'C:\\Program Files (x86)\\Windows Kits\\10\\bin\\10.0.22000.0\\'), ('WindowsSDKVersion', '10.0.22000.0\\'), ('WindowsSDK_ExecutablePath_x64', 'C:\\Program Files (x86)\\Microsoft SDKs\\Windows\\v10.0A\\bin\\NETFX 4.8 Tools\\x64\\'), ('WindowsSDK_ExecutablePath_x86', 'C:\\Program Files (x86)\\Microsoft SDKs\\Windows\\v10.0A\\bin\\NETFX 4.8 Tools\\'), ('ZES_ENABLE_SYSMAN', '1'), ('__devinit_path', 'C:\\Program Files (x86)\\Microsoft Visual Studio\\2019\\Community\\Common7\\Tools\\devinit\\devinit.exe'), ('__DOTNET_ADD_64BIT', '1'), ('__DOTNET_PREFERRED_BITNESS', '64'), ('__VSCMD_PREINIT_PATH', 'C:\\Users\\Jorge\\anaconda3\\condabin;C:\\Python311\\Scripts\\;C:\\Python311\\;C:\\Program Files\\Conan\\conan;C:\\Program Files (x86)\\Common Files\\Oracle\\Java\\javapath;C:\\Program Files (x86)\\Common Files\\Intel\\Shared Libraries\\redist\\intel64\\compiler;C:\\WINDOWS\\system32;C:\\WINDOWS;C:\\WINDOWS\\System32\\Wbem;C:\\WINDOWS\\System32\\WindowsPowerShell\\v1.0\\;C:\\WINDOWS\\System32\\OpenSSH\\;C:\\Program Files\\MATLAB\\R2019a\\bin;C:\\Program Files\\WireGuard\\;C:\\Program Files\\AutoFirma\\AutoFirma;C:\\Program Files\\dotnet\\;C:\\HashiCorp\\Vagrant\\bin;C:\\opencv\\OpenCV-MinGW-Build-OpenCV-4.1.1-x64\\x64\\mingw\\bin;C:\\mingw-w64\\x86_64-8.1.0-posix-seh-rt_v6-rev0;C:\\mingw-w64\\x86_64-8.1.0-posix-seh-rt_v6-rev0\\mingw64\\bin;C:\\opencv\\OpenCV-MinGW-Build-OpenCV-4.1.1-x64\\include;C:\\opencv\\opencv_win\\opencv\\build\\x64\\vc15\\bin;C:\\ProgramData\\chocolatey\\bin;C:\\WINDOWS\\system32;C:\\WINDOWS;C:\\WINDOWS\\System32\\Wbem;C:\\WINDOWS\\System32\\WindowsPowerShell\\v1.0\\;C:\\WINDOWS\\System32\\OpenSSH\\;C:\\Program Files (x86)\\GtkSharp\\2.12\\bin;C:\\Program Files\\Docker\\Docker\\resources\\bin;C:\\Program Files\\Git\\cmd;C:\\Program Files\\nodejs\\;C:\\Users\\Jorge\\AppData\\Roaming\\Python\\Python38\\Scripts;C:\\Program Files\\PowerShell\\7\\;C:\\Users\\Jorge\\AppData\\Local\\Programs\\Python\\Python37\\Scripts\\;C:\\Users\\Jorge\\AppData\\Local\\Programs\\Python\\Python37\\;C:\\Users\\Jorge\\AppData\\Local\\Microsoft\\WindowsApps;C:\\Program Files\\Java\\jre1.8.0_201;C:\\Program Files\\Java\\jdk1.8.0_201;C:\\Program Files\\KlustaViewa\\WinPython-64bit-2.7.6.4\\python-2.7.6.amd64\\Scripts\\klusta.exe;C:\\Users\\Jorge\\anaconda3;C:\\ffmpeg;C:\\Manim\\Manim\\manim;C:\\Users\\Jorge\\AppData\\Local\\atom\\bin;C:\\Users\\Jorge\\.dotnet\\tools;C:\\mingw\\mingw64\\bin;C:\\Users\\Jorge\\anaconda3\\scripts;C:\\Users\\Jorge\\AppData\\Local\\Programs\\Microsoft VS Code\\bin;C:\\Program Files\\CMake\\bin;C:\\Users\\Jorge\\AppData\\Local\\Microsoft\\WindowsApps;C:\\Users\\Jorge\\GDrive\\Universidad\\ai1;C:\\Users\\Jorge\\AppData\\Roaming\\npm;C:\\Users\\Jorge\\AppData\\Local\\Programs\\mongosh\\;C:\\Users\\Jorge\\Downloads\\Json130r2\\Bin\\net20'), ('__VSCMD_script_err_count', '0')]), 'shell': False}
[0.093000] (-) TimerEvent: {}
[0.203000] (-) TimerEvent: {}
[0.250000] (string_node_manager) StdoutLine: {'line': b'-- Selecting Windows SDK version 10.0.22000.0 to target Windows 10.0.22621.\n'}
[0.312000] (-) TimerEvent: {}
[0.421000] (-) TimerEvent: {}
[0.531000] (-) TimerEvent: {}
[0.640000] (-) TimerEvent: {}
[0.750000] (-) TimerEvent: {}
[0.859000] (-) TimerEvent: {}
[0.968000] (-) TimerEvent: {}
[1.078000] (-) TimerEvent: {}
[1.187000] (-) TimerEvent: {}
[1.296000] (-) TimerEvent: {}
[1.406000] (-) TimerEvent: {}
[1.515000] (-) TimerEvent: {}
[1.625000] (-) TimerEvent: {}
[1.734000] (-) TimerEvent: {}
[1.843000] (-) TimerEvent: {}
[1.968000] (-) TimerEvent: {}
[2.078000] (-) TimerEvent: {}
[2.187000] (-) TimerEvent: {}
[2.296000] (-) TimerEvent: {}
[2.406000] (-) TimerEvent: {}
[2.437000] (string_node_manager) StdoutLine: {'line': b'-- The C compiler identification is MSVC 19.29.30138.0\n'}
[2.531000] (-) TimerEvent: {}
[2.640000] (-) TimerEvent: {}
[2.750000] (-) TimerEvent: {}
[2.859000] (-) TimerEvent: {}
[2.968000] (-) TimerEvent: {}
[3.078000] (-) TimerEvent: {}
[3.187000] (-) TimerEvent: {}
[3.296000] (-) TimerEvent: {}
[3.406000] (string_node_manager) StdoutLine: {'line': b'-- The CXX compiler identification is MSVC 19.29.30138.0\n'}
[3.406000] (-) TimerEvent: {}
[3.468000] (string_node_manager) StdoutLine: {'line': b'-- Detecting C compiler ABI info\n'}
[3.515000] (-) TimerEvent: {}
[3.625000] (-) TimerEvent: {}
[3.734000] (-) TimerEvent: {}
[3.843000] (-) TimerEvent: {}
[3.953000] (-) TimerEvent: {}
[4.062000] (-) TimerEvent: {}
[4.171000] (-) TimerEvent: {}
[4.281000] (-) TimerEvent: {}
[4.359000] (string_node_manager) StdoutLine: {'line': b'-- Detecting C compiler ABI info - done\n'}
[4.359000] (string_node_manager) StdoutLine: {'line': b'-- Check for working C compiler: C:/Program Files (x86)/Microsoft Visual Studio/2019/Community/VC/Tools/MSVC/14.29.30133/bin/Hostx64/x64/cl.exe - skipped\n'}
[4.359000] (string_node_manager) StdoutLine: {'line': b'-- Detecting C compile features\n'}
[4.359000] (string_node_manager) StdoutLine: {'line': b'-- Detecting C compile features - done\n'}
[4.375000] (string_node_manager) StdoutLine: {'line': b'-- Detecting CXX compiler ABI info\n'}
[4.390000] (-) TimerEvent: {}
[4.500000] (-) TimerEvent: {}
[4.609000] (-) TimerEvent: {}
[4.718000] (-) TimerEvent: {}
[4.828000] (-) TimerEvent: {}
[4.937000] (-) TimerEvent: {}
[5.046000] (-) TimerEvent: {}
[5.156000] (-) TimerEvent: {}
[5.265000] (-) TimerEvent: {}
[5.343000] (string_node_manager) StdoutLine: {'line': b'-- Detecting CXX compiler ABI info - done\n'}
[5.343000] (string_node_manager) StdoutLine: {'line': b'-- Check for working CXX compiler: C:/Program Files (x86)/Microsoft Visual Studio/2019/Community/VC/Tools/MSVC/14.29.30133/bin/Hostx64/x64/cl.exe - skipped\n'}
[5.343000] (string_node_manager) StdoutLine: {'line': b'-- Detecting CXX compile features\n'}
[5.343000] (string_node_manager) StdoutLine: {'line': b'-- Detecting CXX compile features - done\n'}
[5.375000] (-) TimerEvent: {}
[5.421000] (string_node_manager) StdoutLine: {'line': b'-- Found ament_cmake: 0.9.9 (C:/opt/ros/foxy/x64/share/ament_cmake/cmake)\n'}
[5.484000] (-) TimerEvent: {}
[5.593000] (string_node_manager) StdoutLine: {'line': b'-- Found PythonInterp: C:/opt/ros/foxy/x64/python.exe (found suitable version "3.8.3", minimum required is "3") \n'}
[5.593000] (-) TimerEvent: {}
[5.593000] (string_node_manager) StdoutLine: {'line': b'-- Using PYTHON_EXECUTABLE: C:/opt/ros/foxy/x64/python.exe\n'}
[5.703000] (-) TimerEvent: {}
[5.828000] (-) TimerEvent: {}
[5.937000] (-) TimerEvent: {}
[6.046000] (-) TimerEvent: {}
[6.156000] (-) TimerEvent: {}
[6.265000] (-) TimerEvent: {}
[6.375000] (-) TimerEvent: {}
[6.484000] (-) TimerEvent: {}
[6.593000] (-) TimerEvent: {}
[6.703000] (-) TimerEvent: {}
[6.734000] (string_node_manager) StderrLine: {'line': b'CMake Error at CMakeLists.txt:11 (find_package):\n'}
[6.734000] (string_node_manager) StderrLine: {'line': b'  By not providing "Findrcldotnet.cmake" in CMAKE_MODULE_PATH this project\n'}
[6.734000] (string_node_manager) StderrLine: {'line': b'  has asked CMake to find a package configuration file provided by\n'}
[6.734000] (string_node_manager) StderrLine: {'line': b'  "rcldotnet", but CMake did not find one.\n'}
[6.734000] (string_node_manager) StderrLine: {'line': b'\n'}
[6.734000] (string_node_manager) StderrLine: {'line': b'  Could not find a package configuration file provided by "rcldotnet" with\n'}
[6.734000] (string_node_manager) StderrLine: {'line': b'  any of the following names:\n'}
[6.734000] (string_node_manager) StderrLine: {'line': b'\n'}
[6.734000] (string_node_manager) StderrLine: {'line': b'    rcldotnetConfig.cmake\n'}
[6.734000] (string_node_manager) StderrLine: {'line': b'    rcldotnet-config.cmake\n'}
[6.734000] (string_node_manager) StderrLine: {'line': b'\n'}
[6.734000] (string_node_manager) StderrLine: {'line': b'  Add the installation prefix of "rcldotnet" to CMAKE_PREFIX_PATH or set\n'}
[6.734000] (string_node_manager) StderrLine: {'line': b'  "rcldotnet_DIR" to a directory containing one of the above files.  If\n'}
[6.734000] (string_node_manager) StderrLine: {'line': b'  "rcldotnet" provides a separate development package or SDK, be sure it has\n'}
[6.734000] (string_node_manager) StderrLine: {'line': b'  been installed.\n'}
[6.734000] (string_node_manager) StderrLine: {'line': b'\n'}
[6.734000] (string_node_manager) StderrLine: {'line': b'\n'}
[6.734000] (string_node_manager) StdoutLine: {'line': b'-- Configuring incomplete, errors occurred!\n'}
[6.734000] (string_node_manager) StdoutLine: {'line': b'See also "C:/Users/Jorge/Documents/GitHub/ArtekmedRos2/ShellScripts/String_msgs_multiple_functions/build/string_node_manager/CMakeFiles/CMakeOutput.log".\n'}
[6.750000] (string_node_manager) CommandEnded: {'returncode': 1}
[6.796000] (string_node_manager) JobEnded: {'identifier': 'string_node_manager', 'rc': 1}
[6.812000] (-) TimerEvent: {}
[6.812000] (-) EventReactorShutdown: {}
