[0.890s] Invoking command in 'C:\Users\Jorge\Documents\GitHub\Artekmed_ROS2\Python\node_manager_trial': PYTHONPATH=C:\Users\Jorge\Documents\GitHub\Artekmed_ROS2\Python\node_manager_trial\install\node_manager_trial\Lib\site-packages;%PYTHONPATH% c:\opt\ros\foxy\x64\python.exe setup.py egg_info --egg-base C:\Users\Jorge\Documents\GitHub\Artekmed_ROS2\Python\node_manager_trial\build\node_manager_trial build --build-base C:\Users\Jorge\Documents\GitHub\Artekmed_ROS2\Python\node_manager_trial\build\node_manager_trial\build install --prefix C:\Users\Jorge\Documents\GitHub\Artekmed_ROS2\Python\node_manager_trial\install\node_manager_trial --record C:\Users\Jorge\Documents\GitHub\Artekmed_ROS2\Python\node_manager_trial\build\node_manager_trial\install.log --single-version-externally-managed
[1.593s] running egg_info
[1.593s] creating C:\Users\Jorge\Documents\GitHub\Artekmed_ROS2\Python\node_manager_trial\build\node_manager_trial\node_manager_trial.egg-info
[1.593s] writing C:\Users\Jorge\Documents\GitHub\Artekmed_ROS2\Python\node_manager_trial\build\node_manager_trial\node_manager_trial.egg-info\PKG-INFO
[1.593s] writing dependency_links to C:\Users\Jorge\Documents\GitHub\Artekmed_ROS2\Python\node_manager_trial\build\node_manager_trial\node_manager_trial.egg-info\dependency_links.txt
[1.593s] writing entry points to C:\Users\Jorge\Documents\GitHub\Artekmed_ROS2\Python\node_manager_trial\build\node_manager_trial\node_manager_trial.egg-info\entry_points.txt
[1.593s] writing requirements to C:\Users\Jorge\Documents\GitHub\Artekmed_ROS2\Python\node_manager_trial\build\node_manager_trial\node_manager_trial.egg-info\requires.txt
[1.609s] writing top-level names to C:\Users\Jorge\Documents\GitHub\Artekmed_ROS2\Python\node_manager_trial\build\node_manager_trial\node_manager_trial.egg-info\top_level.txt
[1.609s] writing manifest file 'C:\Users\Jorge\Documents\GitHub\Artekmed_ROS2\Python\node_manager_trial\build\node_manager_trial\node_manager_trial.egg-info\SOURCES.txt'
[1.640s] reading manifest file 'C:\Users\Jorge\Documents\GitHub\Artekmed_ROS2\Python\node_manager_trial\build\node_manager_trial\node_manager_trial.egg-info\SOURCES.txt'
[1.640s] writing manifest file 'C:\Users\Jorge\Documents\GitHub\Artekmed_ROS2\Python\node_manager_trial\build\node_manager_trial\node_manager_trial.egg-info\SOURCES.txt'
[1.640s] running build
[1.640s] running build_py
[1.656s] creating C:\Users\Jorge\Documents\GitHub\Artekmed_ROS2\Python\node_manager_trial\build\node_manager_trial\build
[1.656s] creating C:\Users\Jorge\Documents\GitHub\Artekmed_ROS2\Python\node_manager_trial\build\node_manager_trial\build\lib
[1.656s] creating C:\Users\Jorge\Documents\GitHub\Artekmed_ROS2\Python\node_manager_trial\build\node_manager_trial\build\lib\node_manager_trial
[1.656s] copying node_manager_trial\node_manager_trial.py -> C:\Users\Jorge\Documents\GitHub\Artekmed_ROS2\Python\node_manager_trial\build\node_manager_trial\build\lib\node_manager_trial
[1.656s] copying node_manager_trial\__init__.py -> C:\Users\Jorge\Documents\GitHub\Artekmed_ROS2\Python\node_manager_trial\build\node_manager_trial\build\lib\node_manager_trial
[1.656s] running install
[1.656s] running install_lib
[1.672s] creating C:\Users\Jorge\Documents\GitHub\Artekmed_ROS2\Python\node_manager_trial\install\node_manager_trial\Lib\site-packages\node_manager_trial
[1.672s] copying C:\Users\Jorge\Documents\GitHub\Artekmed_ROS2\Python\node_manager_trial\build\node_manager_trial\build\lib\node_manager_trial\node_manager_trial.py -> C:\Users\Jorge\Documents\GitHub\Artekmed_ROS2\Python\node_manager_trial\install\node_manager_trial\Lib\site-packages\node_manager_trial
[1.672s] copying C:\Users\Jorge\Documents\GitHub\Artekmed_ROS2\Python\node_manager_trial\build\node_manager_trial\build\lib\node_manager_trial\__init__.py -> C:\Users\Jorge\Documents\GitHub\Artekmed_ROS2\Python\node_manager_trial\install\node_manager_trial\Lib\site-packages\node_manager_trial
[1.672s] writing byte-compilation script 'C:\Users\Jorge\AppData\Local\Temp\tmpcus98y2m.py'
[1.672s] c:\opt\ros\foxy\x64\python.exe C:\Users\Jorge\AppData\Local\Temp\tmpcus98y2m.py
[1.843s] removing C:\Users\Jorge\AppData\Local\Temp\tmpcus98y2m.py
[1.843s] running install_data
[1.843s] creating C:\Users\Jorge\Documents\GitHub\Artekmed_ROS2\Python\node_manager_trial\install\node_manager_trial\share\ament_index
[1.843s] creating C:\Users\Jorge\Documents\GitHub\Artekmed_ROS2\Python\node_manager_trial\install\node_manager_trial\share\ament_index\resource_index
[1.843s] creating C:\Users\Jorge\Documents\GitHub\Artekmed_ROS2\Python\node_manager_trial\install\node_manager_trial\share\ament_index\resource_index\packages
[1.843s] copying resource\node_manager_trial -> C:\Users\Jorge\Documents\GitHub\Artekmed_ROS2\Python\node_manager_trial\install\node_manager_trial\share\ament_index\resource_index\packages
[1.843s] copying package.xml -> C:\Users\Jorge\Documents\GitHub\Artekmed_ROS2\Python\node_manager_trial\install\node_manager_trial\share\node_manager_trial
[1.843s] running install_egg_info
[1.859s] Copying C:\Users\Jorge\Documents\GitHub\Artekmed_ROS2\Python\node_manager_trial\build\node_manager_trial\node_manager_trial.egg-info to C:\Users\Jorge\Documents\GitHub\Artekmed_ROS2\Python\node_manager_trial\install\node_manager_trial\Lib\site-packages\node_manager_trial-0.0.0-py3.8.egg-info
[1.906s] running install_scripts
[1.953s] Installing node_manager-script.py script to C:\Users\Jorge\Documents\GitHub\Artekmed_ROS2\Python\node_manager_trial\install\node_manager_trial\lib\node_manager_trial
[1.953s] Installing node_manager.exe script to C:\Users\Jorge\Documents\GitHub\Artekmed_ROS2\Python\node_manager_trial\install\node_manager_trial\lib\node_manager_trial
[1.953s] writing list of installed files to 'C:\Users\Jorge\Documents\GitHub\Artekmed_ROS2\Python\node_manager_trial\build\node_manager_trial\install.log'
[1.984s] Invoked command in 'C:\Users\Jorge\Documents\GitHub\Artekmed_ROS2\Python\node_manager_trial' returned '0': PYTHONPATH=C:\Users\Jorge\Documents\GitHub\Artekmed_ROS2\Python\node_manager_trial\install\node_manager_trial\Lib\site-packages;%PYTHONPATH% c:\opt\ros\foxy\x64\python.exe setup.py egg_info --egg-base C:\Users\Jorge\Documents\GitHub\Artekmed_ROS2\Python\node_manager_trial\build\node_manager_trial build --build-base C:\Users\Jorge\Documents\GitHub\Artekmed_ROS2\Python\node_manager_trial\build\node_manager_trial\build install --prefix C:\Users\Jorge\Documents\GitHub\Artekmed_ROS2\Python\node_manager_trial\install\node_manager_trial --record C:\Users\Jorge\Documents\GitHub\Artekmed_ROS2\Python\node_manager_trial\build\node_manager_trial\install.log --single-version-externally-managed
