[3.969s] Invoking command in 'c:\Users\Jorge\Documents\GitHub\ArtekmedRos2\Python\node_manager_trial': PYTHONPATH=c:\Users\Jorge\Documents\GitHub\ArtekmedRos2\Python\node_manager_trial\install\node_manager_trial\Lib\site-packages;%PYTHONPATH% c:\opt\ros\foxy\x64\python.exe setup.py egg_info --egg-base c:\Users\Jorge\Documents\GitHub\ArtekmedRos2\Python\node_manager_trial\build\node_manager_trial build --build-base c:\Users\Jorge\Documents\GitHub\ArtekmedRos2\Python\node_manager_trial\build\node_manager_trial\build install --prefix c:\Users\Jorge\Documents\GitHub\ArtekmedRos2\Python\node_manager_trial\install\node_manager_trial --record c:\Users\Jorge\Documents\GitHub\ArtekmedRos2\Python\node_manager_trial\build\node_manager_trial\install.log --single-version-externally-managed
[6.828s] running egg_info
[6.828s] writing c:\Users\Jorge\Documents\GitHub\ArtekmedRos2\Python\node_manager_trial\build\node_manager_trial\node_manager_trial.egg-info\PKG-INFO
[6.828s] writing dependency_links to c:\Users\Jorge\Documents\GitHub\ArtekmedRos2\Python\node_manager_trial\build\node_manager_trial\node_manager_trial.egg-info\dependency_links.txt
[6.844s] writing entry points to c:\Users\Jorge\Documents\GitHub\ArtekmedRos2\Python\node_manager_trial\build\node_manager_trial\node_manager_trial.egg-info\entry_points.txt
[6.844s] writing requirements to c:\Users\Jorge\Documents\GitHub\ArtekmedRos2\Python\node_manager_trial\build\node_manager_trial\node_manager_trial.egg-info\requires.txt
[6.844s] writing top-level names to c:\Users\Jorge\Documents\GitHub\ArtekmedRos2\Python\node_manager_trial\build\node_manager_trial\node_manager_trial.egg-info\top_level.txt
[6.969s] reading manifest file 'c:\Users\Jorge\Documents\GitHub\ArtekmedRos2\Python\node_manager_trial\build\node_manager_trial\node_manager_trial.egg-info\SOURCES.txt'
[7.000s] writing manifest file 'c:\Users\Jorge\Documents\GitHub\ArtekmedRos2\Python\node_manager_trial\build\node_manager_trial\node_manager_trial.egg-info\SOURCES.txt'
[7.000s] running build
[7.000s] running build_py
[7.016s] copying node_manager_trial\node_manager_trial.py -> c:\Users\Jorge\Documents\GitHub\ArtekmedRos2\Python\node_manager_trial\build\node_manager_trial\build\lib\node_manager_trial
[7.047s] running install
[7.047s] running install_lib
[7.063s] copying c:\Users\Jorge\Documents\GitHub\ArtekmedRos2\Python\node_manager_trial\build\node_manager_trial\build\lib\node_manager_trial\node_manager_trial.py -> c:\Users\Jorge\Documents\GitHub\ArtekmedRos2\Python\node_manager_trial\install\node_manager_trial\Lib\site-packages\node_manager_trial
[7.078s] writing byte-compilation script 'C:\Users\Jorge\AppData\Local\Temp\tmpnizwln83.py'
[7.078s] c:\opt\ros\foxy\x64\python.exe C:\Users\Jorge\AppData\Local\Temp\tmpnizwln83.py
[7.547s] removing C:\Users\Jorge\AppData\Local\Temp\tmpnizwln83.py
[7.547s] running install_data
[7.563s] running install_egg_info
[7.594s] removing 'c:\Users\Jorge\Documents\GitHub\ArtekmedRos2\Python\node_manager_trial\install\node_manager_trial\Lib\site-packages\node_manager_trial-0.0.0-py3.8.egg-info' (and everything under it)
[7.610s] Copying c:\Users\Jorge\Documents\GitHub\ArtekmedRos2\Python\node_manager_trial\build\node_manager_trial\node_manager_trial.egg-info to c:\Users\Jorge\Documents\GitHub\ArtekmedRos2\Python\node_manager_trial\install\node_manager_trial\Lib\site-packages\node_manager_trial-0.0.0-py3.8.egg-info
[7.750s] running install_scripts
[7.875s] Installing node_manager_trial-script.py script to c:\Users\Jorge\Documents\GitHub\ArtekmedRos2\Python\node_manager_trial\install\node_manager_trial\lib\node_manager_trial
[7.875s] Installing node_manager_trial.exe script to c:\Users\Jorge\Documents\GitHub\ArtekmedRos2\Python\node_manager_trial\install\node_manager_trial\lib\node_manager_trial
[7.891s] writing list of installed files to 'c:\Users\Jorge\Documents\GitHub\ArtekmedRos2\Python\node_manager_trial\build\node_manager_trial\install.log'
[8.000s] Invoked command in 'c:\Users\Jorge\Documents\GitHub\ArtekmedRos2\Python\node_manager_trial' returned '0': PYTHONPATH=c:\Users\Jorge\Documents\GitHub\ArtekmedRos2\Python\node_manager_trial\install\node_manager_trial\Lib\site-packages;%PYTHONPATH% c:\opt\ros\foxy\x64\python.exe setup.py egg_info --egg-base c:\Users\Jorge\Documents\GitHub\ArtekmedRos2\Python\node_manager_trial\build\node_manager_trial build --build-base c:\Users\Jorge\Documents\GitHub\ArtekmedRos2\Python\node_manager_trial\build\node_manager_trial\build install --prefix c:\Users\Jorge\Documents\GitHub\ArtekmedRos2\Python\node_manager_trial\install\node_manager_trial --record c:\Users\Jorge\Documents\GitHub\ArtekmedRos2\Python\node_manager_trial\build\node_manager_trial\install.log --single-version-externally-managed
