[0.765s] Invoking command in 'c:\Users\Jorge\Documents\GitHub\ArtekmedRos2\Python\node_manager_trial': PYTHONPATH=c:\Users\Jorge\Documents\GitHub\ArtekmedRos2\Python\node_manager_trial\install\node_manager_trial\Lib\site-packages;%PYTHONPATH% c:\opt\ros\foxy\x64\python.exe setup.py egg_info --egg-base c:\Users\Jorge\Documents\GitHub\ArtekmedRos2\Python\node_manager_trial\build\node_manager_trial build --build-base c:\Users\Jorge\Documents\GitHub\ArtekmedRos2\Python\node_manager_trial\build\node_manager_trial\build install --prefix c:\Users\Jorge\Documents\GitHub\ArtekmedRos2\Python\node_manager_trial\install\node_manager_trial --record c:\Users\Jorge\Documents\GitHub\ArtekmedRos2\Python\node_manager_trial\build\node_manager_trial\install.log --single-version-externally-managed
[1.375s] running egg_info
[1.375s] writing c:\Users\Jorge\Documents\GitHub\ArtekmedRos2\Python\node_manager_trial\build\node_manager_trial\node_manager_trial.egg-info\PKG-INFO
[1.375s] writing dependency_links to c:\Users\Jorge\Documents\GitHub\ArtekmedRos2\Python\node_manager_trial\build\node_manager_trial\node_manager_trial.egg-info\dependency_links.txt
[1.375s] writing entry points to c:\Users\Jorge\Documents\GitHub\ArtekmedRos2\Python\node_manager_trial\build\node_manager_trial\node_manager_trial.egg-info\entry_points.txt
[1.375s] writing requirements to c:\Users\Jorge\Documents\GitHub\ArtekmedRos2\Python\node_manager_trial\build\node_manager_trial\node_manager_trial.egg-info\requires.txt
[1.375s] writing top-level names to c:\Users\Jorge\Documents\GitHub\ArtekmedRos2\Python\node_manager_trial\build\node_manager_trial\node_manager_trial.egg-info\top_level.txt
[1.406s] reading manifest file 'c:\Users\Jorge\Documents\GitHub\ArtekmedRos2\Python\node_manager_trial\build\node_manager_trial\node_manager_trial.egg-info\SOURCES.txt'
[1.422s] writing manifest file 'c:\Users\Jorge\Documents\GitHub\ArtekmedRos2\Python\node_manager_trial\build\node_manager_trial\node_manager_trial.egg-info\SOURCES.txt'
[1.422s] running build
[1.422s] running build_py
[1.422s] copying node_manager_trial\node_manager_trial.py -> c:\Users\Jorge\Documents\GitHub\ArtekmedRos2\Python\node_manager_trial\build\node_manager_trial\build\lib\node_manager_trial
[1.422s] running install
[1.437s] running install_lib
[1.437s] copying c:\Users\Jorge\Documents\GitHub\ArtekmedRos2\Python\node_manager_trial\build\node_manager_trial\build\lib\node_manager_trial\node_manager_trial.py -> c:\Users\Jorge\Documents\GitHub\ArtekmedRos2\Python\node_manager_trial\install\node_manager_trial\Lib\site-packages\node_manager_trial
[1.437s] writing byte-compilation script 'C:\Users\Jorge\AppData\Local\Temp\tmpxjy3dcgv.py'
[1.437s] c:\opt\ros\foxy\x64\python.exe C:\Users\Jorge\AppData\Local\Temp\tmpxjy3dcgv.py
[1.547s] removing C:\Users\Jorge\AppData\Local\Temp\tmpxjy3dcgv.py
[1.547s] running install_data
[1.547s] running install_egg_info
[1.547s] removing 'c:\Users\Jorge\Documents\GitHub\ArtekmedRos2\Python\node_manager_trial\install\node_manager_trial\Lib\site-packages\node_manager_trial-0.0.0-py3.8.egg-info' (and everything under it)
[1.562s] Copying c:\Users\Jorge\Documents\GitHub\ArtekmedRos2\Python\node_manager_trial\build\node_manager_trial\node_manager_trial.egg-info to c:\Users\Jorge\Documents\GitHub\ArtekmedRos2\Python\node_manager_trial\install\node_manager_trial\Lib\site-packages\node_manager_trial-0.0.0-py3.8.egg-info
[1.593s] running install_scripts
[1.640s] Installing node_manager_trial-script.py script to c:\Users\Jorge\Documents\GitHub\ArtekmedRos2\Python\node_manager_trial\install\node_manager_trial\lib\node_manager_trial
[1.640s] Installing node_manager_trial.exe script to c:\Users\Jorge\Documents\GitHub\ArtekmedRos2\Python\node_manager_trial\install\node_manager_trial\lib\node_manager_trial
[1.640s] writing list of installed files to 'c:\Users\Jorge\Documents\GitHub\ArtekmedRos2\Python\node_manager_trial\build\node_manager_trial\install.log'
[1.672s] Invoked command in 'c:\Users\Jorge\Documents\GitHub\ArtekmedRos2\Python\node_manager_trial' returned '0': PYTHONPATH=c:\Users\Jorge\Documents\GitHub\ArtekmedRos2\Python\node_manager_trial\install\node_manager_trial\Lib\site-packages;%PYTHONPATH% c:\opt\ros\foxy\x64\python.exe setup.py egg_info --egg-base c:\Users\Jorge\Documents\GitHub\ArtekmedRos2\Python\node_manager_trial\build\node_manager_trial build --build-base c:\Users\Jorge\Documents\GitHub\ArtekmedRos2\Python\node_manager_trial\build\node_manager_trial\build install --prefix c:\Users\Jorge\Documents\GitHub\ArtekmedRos2\Python\node_manager_trial\install\node_manager_trial --record c:\Users\Jorge\Documents\GitHub\ArtekmedRos2\Python\node_manager_trial\build\node_manager_trial\install.log --single-version-externally-managed
